# JRE version: Java(TM) SE Runtime Environment (8.0_121-b13) (build 1.8.0_121-b13)
# Java VM: Java HotSpot(TM) 64-Bit Server VM (25.121-b13 mixed mode windows-amd64 compressed oops)
Heap:
 PSYoungGen      total 104960K, used 50063K [0x00000000eab00000, 0x00000000f4400000, 0x0000000100000000)
  eden space 91136K, 45% used [0x00000000eab00000,0x00000000ed3265f8,0x00000000f0400000)
  from space 13824K, 64% used [0x00000000f0400000,0x00000000f0cbd7b8,0x00000000f1180000)
  to   space 13824K, 0% used [0x00000000f3680000,0x00000000f3680000,0x00000000f4400000)
 ParOldGen       total 84992K, used 16523K [0x00000000c0000000, 0x00000000c5300000, 0x00000000eab00000)
  object space 84992K, 19% used [0x00000000c0000000,0x00000000c1022d28,0x00000000c5300000)
 Metaspace       used 38377K, capacity 39020K, committed 39128K, reserved 1083392K
  class space    used 5377K, capacity 5603K, committed 5632K, reserved 1048576K
GC Heap History (10 events):
Event: 57.592 GC heap before
{Heap before GC invocations=9 (full 1):
 PSYoungGen      total 60928K, used 57319K [0x00000000eab00000, 0x00000000f0780000, 0x0000000100000000)
  eden space 50176K, 100% used [0x00000000eab00000,0x00000000edc00000,0x00000000edc00000)
  from space 10752K, 66% used [0x00000000edc00000,0x00000000ee2f9e38,0x00000000ee680000)
  to   space 10752K, 0% used [0x00000000efd00000,0x00000000efd00000,0x00000000f0780000)
 ParOldGen       total 65536K, used 9843K [0x00000000c0000000, 0x00000000c4000000, 0x00000000eab00000)
  object space 65536K, 15% used [0x00000000c0000000,0x00000000c099cc70,0x00000000c4000000)
 Metaspace       used 30833K, capacity 31326K, committed 31616K, reserved 1077248K
  class space    used 4255K, capacity 4393K, committed 4480K, reserved 1048576K
Event: 57.625 GC heap after
Heap after GC invocations=9 (full 1):
 PSYoungGen      total 82944K, used 9305K [0x00000000eab00000, 0x00000000f0780000, 0x0000000100000000)
  eden space 72192K, 0% used [0x00000000eab00000,0x00000000eab00000,0x00000000ef180000)
  from space 10752K, 86% used [0x00000000efd00000,0x00000000f0616728,0x00000000f0780000)
  to   space 11264K, 0% used [0x00000000ef180000,0x00000000ef180000,0x00000000efc80000)
 ParOldGen       total 65536K, used 9851K [0x00000000c0000000, 0x00000000c4000000, 0x00000000eab00000)
  object space 65536K, 15% used [0x00000000c0000000,0x00000000c099ec70,0x00000000c4000000)
 Metaspace       used 30833K, capacity 31326K, committed 31616K, reserved 1077248K
  class space    used 4255K, capacity 4393K, committed 4480K, reserved 1048576K
}
Event: 61.743 GC heap before
{Heap before GC invocations=10 (full 1):
 PSYoungGen      total 82944K, used 81497K [0x00000000eab00000, 0x00000000f0780000, 0x0000000100000000)
  eden space 72192K, 100% used [0x00000000eab00000,0x00000000ef180000,0x00000000ef180000)
  from space 10752K, 86% used [0x00000000efd00000,0x00000000f0616728,0x00000000f0780000)
  to   space 11264K, 0% used [0x00000000ef180000,0x00000000ef180000,0x00000000efc80000)
 ParOldGen       total 65536K, used 9851K [0x00000000c0000000, 0x00000000c4000000, 0x00000000eab00000)
  object space 65536K, 15% used [0x00000000c0000000,0x00000000c099ec70,0x00000000c4000000)
 Metaspace       used 34403K, capacity 34914K, committed 35200K, reserved 1079296K
  class space    used 4796K, capacity 4944K, committed 4992K, reserved 1048576K
Event: 61.780 GC heap after
Heap after GC invocations=10 (full 1):
 PSYoungGen      total 83456K, used 11252K [0x00000000eab00000, 0x00000000f1e80000, 0x0000000100000000)
  eden space 72192K, 0% used [0x00000000eab00000,0x00000000eab00000,0x00000000ef180000)
  from space 11264K, 99% used [0x00000000ef180000,0x00000000efc7d040,0x00000000efc80000)
  to   space 13312K, 0% used [0x00000000f1180000,0x00000000f1180000,0x00000000f1e80000)
 ParOldGen       total 65536K, used 11093K [0x00000000c0000000, 0x00000000c4000000, 0x00000000eab00000)
  object space 65536K, 16% used [0x00000000c0000000,0x00000000c0ad5790,0x00000000c4000000)
 Metaspace       used 34403K, capacity 34914K, committed 35200K, reserved 1079296K
  class space    used 4796K, capacity 4944K, committed 4992K, reserved 1048576K
}
Event: 62.127 GC heap before
{Heap before GC invocations=11 (full 1):
 PSYoungGen      total 83456K, used 21990K [0x00000000eab00000, 0x00000000f1e80000, 0x0000000100000000)
  eden space 72192K, 14% used [0x00000000eab00000,0x00000000eb57caa8,0x00000000ef180000)
  from space 11264K, 99% used [0x00000000ef180000,0x00000000efc7d040,0x00000000efc80000)
  to   space 13312K, 0% used [0x00000000f1180000,0x00000000f1180000,0x00000000f1e80000)
 ParOldGen       total 65536K, used 11093K [0x00000000c0000000, 0x00000000c4000000, 0x00000000eab00000)
  object space 65536K, 16% used [0x00000000c0000000,0x00000000c0ad5790,0x00000000c4000000)
 Metaspace       used 34932K, capacity 35352K, committed 35416K, reserved 1079296K
  class space    used 4870K, capacity 4985K, committed 4992K, reserved 1048576K
Event: 62.237 GC heap after
Heap after GC invocations=11 (full 1):
 PSYoungGen      total 104448K, used 10093K [0x00000000eab00000, 0x00000000f3180000, 0x0000000100000000)
  eden space 91136K, 0% used [0x00000000eab00000,0x00000000eab00000,0x00000000f0400000)
  from space 13312K, 75% used [0x00000000f1180000,0x00000000f1b5b528,0x00000000f1e80000)
  to   space 13824K, 0% used [0x00000000f0400000,0x00000000f0400000,0x00000000f1180000)
 ParOldGen       total 65536K, used 11101K [0x00000000c0000000, 0x00000000c4000000, 0x00000000eab00000)
  object space 65536K, 16% used [0x00000000c0000000,0x00000000c0ad7790,0x00000000c4000000)
 Metaspace       used 34932K, capacity 35352K, committed 35416K, reserved 1079296K
  class space    used 4870K, capacity 4985K, committed 4992K, reserved 1048576K
}
Event: 62.237 GC heap before
{Heap before GC invocations=12 (full 2):
 PSYoungGen      total 104448K, used 10093K [0x00000000eab00000, 0x00000000f3180000, 0x0000000100000000)
  eden space 91136K, 0% used [0x00000000eab00000,0x00000000eab00000,0x00000000f0400000)
  from space 13312K, 75% used [0x00000000f1180000,0x00000000f1b5b528,0x00000000f1e80000)
  to   space 13824K, 0% used [0x00000000f0400000,0x00000000f0400000,0x00000000f1180000)
 ParOldGen       total 65536K, used 11101K [0x00000000c0000000, 0x00000000c4000000, 0x00000000eab00000)
  object space 65536K, 16% used [0x00000000c0000000,0x00000000c0ad7790,0x00000000c4000000)
 Metaspace       used 34932K, capacity 35352K, committed 35416K, reserved 1079296K
  class space    used 4870K, capacity 4985K, committed 4992K, reserved 1048576K
Event: 63.422 GC heap after
Heap after GC invocations=12 (full 2):
 PSYoungGen      total 104448K, used 0K [0x00000000eab00000, 0x00000000f3180000, 0x0000000100000000)
  eden space 91136K, 0% used [0x00000000eab00000,0x00000000eab00000,0x00000000f0400000)
  from space 13312K, 0% used [0x00000000f1180000,0x00000000f1180000,0x00000000f1e80000)
  to   space 13824K, 0% used [0x00000000f0400000,0x00000000f0400000,0x00000000f1180000)
 ParOldGen       total 84992K, used 16523K [0x00000000c0000000, 0x00000000c5300000, 0x00000000eab00000)
  object space 84992K, 19% used [0x00000000c0000000,0x00000000c1022d28,0x00000000c5300000)
 Metaspace       used 34932K, capacity 35352K, committed 35416K, reserved 1079296K
  class space    used 4870K, capacity 4985K, committed 4992K, reserved 1048576K
}
Event: 71.290 GC heap before
{Heap before GC invocations=13 (full 2):
 PSYoungGen      total 104448K, used 91136K [0x00000000eab00000, 0x00000000f3180000, 0x0000000100000000)
  eden space 91136K, 100% used [0x00000000eab00000,0x00000000f0400000,0x00000000f0400000)
  from space 13312K, 0% used [0x00000000f1180000,0x00000000f1180000,0x00000000f1e80000)
  to   space 13824K, 0% used [0x00000000f0400000,0x00000000f0400000,0x00000000f1180000)
 ParOldGen       total 84992K, used 16523K [0x00000000c0000000, 0x00000000c5300000, 0x00000000eab00000)
  object space 84992K, 19% used [0x00000000c0000000,0x00000000c1022d28,0x00000000c5300000)
 Metaspace       used 36907K, capacity 37560K, committed 37720K, reserved 1081344K
  class space    used 5213K, capacity 5424K, committed 5504K, reserved 1048576K
Event: 71.604 GC heap after
Heap after GC invocations=13 (full 2):
 PSYoungGen      total 104960K, used 8949K [0x00000000eab00000, 0x00000000f4400000, 0x0000000100000000)
  eden space 91136K, 0% used [0x00000000eab00000,0x00000000eab00000,0x00000000f0400000)
  from space 13824K, 64% used [0x00000000f0400000,0x00000000f0cbd7b8,0x00000000f1180000)
  to   space 13824K, 0% used [0x00000000f3680000,0x00000000f3680000,0x00000000f4400000)
 ParOldGen       total 84992K, used 16523K [0x00000000c0000000, 0x00000000c5300000, 0x00000000eab00000)
  object space 84992K, 19% used [0x00000000c0000000,0x00000000c1022d28,0x00000000c5300000)
 Metaspace       used 36907K, capacity 37560K, committed 37720K, reserved 1081344K
  class space    used 5213K, capacity 5424K, committed 5504K, reserved 1048576K
}

