# JRE version: Java(TM) SE Runtime Environment (8.0_121-b13) (build 1.8.0_121-b13)
# Java VM: Java HotSpot(TM) 64-Bit Server VM (25.121-b13 mixed mode windows-amd64 compressed oops)
Heap:
 PSYoungGen      total 101376K, used 40533K [0x00000000eab00000, 0x00000000f3b00000, 0x0000000100000000)
  eden space 87040K, 36% used [0x00000000eab00000,0x00000000ec9f7ea0,0x00000000f0000000)
  from space 14336K, 61% used [0x00000000f0000000,0x00000000f089d7b8,0x00000000f0e00000)
  to   space 13824K, 0% used [0x00000000f2d80000,0x00000000f2d80000,0x00000000f3b00000)
 ParOldGen       total 91648K, used 18317K [0x00000000c0000000, 0x00000000c5980000, 0x00000000eab00000)
  object space 91648K, 19% used [0x00000000c0000000,0x00000000c11e36a0,0x00000000c5980000)
 Metaspace       used 38244K, capacity 38946K, committed 39128K, reserved 1083392K
  class space    used 5365K, capacity 5564K, committed 5632K, reserved 1048576K
GC Heap History (10 events):
Event: 11.994 GC heap before
{Heap before GC invocations=9 (full 1):
 PSYoungGen      total 58368K, used 54731K [0x00000000eab00000, 0x00000000f0380000, 0x0000000100000000)
  eden space 47616K, 100% used [0x00000000eab00000,0x00000000ed980000,0x00000000ed980000)
  from space 10752K, 66% used [0x00000000ed980000,0x00000000ee072c20,0x00000000ee400000)
  to   space 10752K, 0% used [0x00000000ef900000,0x00000000ef900000,0x00000000f0380000)
 ParOldGen       total 66560K, used 9650K [0x00000000c0000000, 0x00000000c4100000, 0x00000000eab00000)
  object space 66560K, 14% used [0x00000000c0000000,0x00000000c096ca50,0x00000000c4100000)
 Metaspace       used 30664K, capacity 31102K, committed 31360K, reserved 1077248K
  class space    used 4221K, capacity 4361K, committed 4480K, reserved 1048576K
Event: 12.020 GC heap after
Heap after GC invocations=9 (full 1):
 PSYoungGen      total 79360K, used 8999K [0x00000000eab00000, 0x00000000f0580000, 0x0000000100000000)
  eden space 68608K, 0% used [0x00000000eab00000,0x00000000eab00000,0x00000000eee00000)
  from space 10752K, 83% used [0x00000000ef900000,0x00000000f01c9d00,0x00000000f0380000)
  to   space 11264K, 0% used [0x00000000eee00000,0x00000000eee00000,0x00000000ef900000)
 ParOldGen       total 66560K, used 9722K [0x00000000c0000000, 0x00000000c4100000, 0x00000000eab00000)
  object space 66560K, 14% used [0x00000000c0000000,0x00000000c097ea60,0x00000000c4100000)
 Metaspace       used 30664K, capacity 31102K, committed 31360K, reserved 1077248K
  class space    used 4221K, capacity 4361K, committed 4480K, reserved 1048576K
}
Event: 13.149 GC heap before
{Heap before GC invocations=10 (full 1):
 PSYoungGen      total 79360K, used 77607K [0x00000000eab00000, 0x00000000f0580000, 0x0000000100000000)
  eden space 68608K, 100% used [0x00000000eab00000,0x00000000eee00000,0x00000000eee00000)
  from space 10752K, 83% used [0x00000000ef900000,0x00000000f01c9d00,0x00000000f0380000)
  to   space 11264K, 0% used [0x00000000eee00000,0x00000000eee00000,0x00000000ef900000)
 ParOldGen       total 66560K, used 9722K [0x00000000c0000000, 0x00000000c4100000, 0x00000000eab00000)
  object space 66560K, 14% used [0x00000000c0000000,0x00000000c097ea60,0x00000000c4100000)
 Metaspace       used 34211K, capacity 34690K, committed 34944K, reserved 1079296K
  class space    used 4764K, capacity 4912K, committed 4992K, reserved 1048576K
Event: 13.165 GC heap after
Heap after GC invocations=10 (full 1):
 PSYoungGen      total 79872K, used 11236K [0x00000000eab00000, 0x00000000f1a80000, 0x0000000100000000)
  eden space 68608K, 0% used [0x00000000eab00000,0x00000000eab00000,0x00000000eee00000)
  from space 11264K, 99% used [0x00000000eee00000,0x00000000ef8f9030,0x00000000ef900000)
  to   space 12800K, 0% used [0x00000000f0e00000,0x00000000f0e00000,0x00000000f1a80000)
 ParOldGen       total 66560K, used 10682K [0x00000000c0000000, 0x00000000c4100000, 0x00000000eab00000)
  object space 66560K, 16% used [0x00000000c0000000,0x00000000c0a6eb10,0x00000000c4100000)
 Metaspace       used 34211K, capacity 34690K, committed 34944K, reserved 1079296K
  class space    used 4764K, capacity 4912K, committed 4992K, reserved 1048576K
}
Event: 13.385 GC heap before
{Heap before GC invocations=11 (full 1):
 PSYoungGen      total 79872K, used 25508K [0x00000000eab00000, 0x00000000f1a80000, 0x0000000100000000)
  eden space 68608K, 20% used [0x00000000eab00000,0x00000000eb8f0240,0x00000000eee00000)
  from space 11264K, 99% used [0x00000000eee00000,0x00000000ef8f9030,0x00000000ef900000)
  to   space 12800K, 0% used [0x00000000f0e00000,0x00000000f0e00000,0x00000000f1a80000)
 ParOldGen       total 66560K, used 10682K [0x00000000c0000000, 0x00000000c4100000, 0x00000000eab00000)
  object space 66560K, 16% used [0x00000000c0000000,0x00000000c0a6eb10,0x00000000c4100000)
 Metaspace       used 34917K, capacity 35352K, committed 35416K, reserved 1079296K
  class space    used 4865K, capacity 4985K, committed 4992K, reserved 1048576K
Event: 13.401 GC heap after
Heap after GC invocations=11 (full 1):
 PSYoungGen      total 99840K, used 11894K [0x00000000eab00000, 0x00000000f2580000, 0x0000000100000000)
  eden space 87040K, 0% used [0x00000000eab00000,0x00000000eab00000,0x00000000f0000000)
  from space 12800K, 92% used [0x00000000f0e00000,0x00000000f199d990,0x00000000f1a80000)
  to   space 14336K, 0% used [0x00000000f0000000,0x00000000f0000000,0x00000000f0e00000)
 ParOldGen       total 66560K, used 10690K [0x00000000c0000000, 0x00000000c4100000, 0x00000000eab00000)
  object space 66560K, 16% used [0x00000000c0000000,0x00000000c0a70b10,0x00000000c4100000)
 Metaspace       used 34917K, capacity 35352K, committed 35416K, reserved 1079296K
  class space    used 4865K, capacity 4985K, committed 4992K, reserved 1048576K
}
Event: 13.401 GC heap before
{Heap before GC invocations=12 (full 2):
 PSYoungGen      total 99840K, used 11894K [0x00000000eab00000, 0x00000000f2580000, 0x0000000100000000)
  eden space 87040K, 0% used [0x00000000eab00000,0x00000000eab00000,0x00000000f0000000)
  from space 12800K, 92% used [0x00000000f0e00000,0x00000000f199d990,0x00000000f1a80000)
  to   space 14336K, 0% used [0x00000000f0000000,0x00000000f0000000,0x00000000f0e00000)
 ParOldGen       total 66560K, used 10690K [0x00000000c0000000, 0x00000000c4100000, 0x00000000eab00000)
  object space 66560K, 16% used [0x00000000c0000000,0x00000000c0a70b10,0x00000000c4100000)
 Metaspace       used 34917K, capacity 35352K, committed 35416K, reserved 1079296K
  class space    used 4865K, capacity 4985K, committed 4992K, reserved 1048576K
Event: 13.510 GC heap after
Heap after GC invocations=12 (full 2):
 PSYoungGen      total 99840K, used 0K [0x00000000eab00000, 0x00000000f2580000, 0x0000000100000000)
  eden space 87040K, 0% used [0x00000000eab00000,0x00000000eab00000,0x00000000f0000000)
  from space 12800K, 0% used [0x00000000f0e00000,0x00000000f0e00000,0x00000000f1a80000)
  to   space 14336K, 0% used [0x00000000f0000000,0x00000000f0000000,0x00000000f0e00000)
 ParOldGen       total 91648K, used 18317K [0x00000000c0000000, 0x00000000c5980000, 0x00000000eab00000)
  object space 91648K, 19% used [0x00000000c0000000,0x00000000c11e36a0,0x00000000c5980000)
 Metaspace       used 34917K, capacity 35352K, committed 35416K, reserved 1079296K
  class space    used 4865K, capacity 4985K, committed 4992K, reserved 1048576K
}
Event: 14.654 GC heap before
{Heap before GC invocations=13 (full 2):
 PSYoungGen      total 99840K, used 87040K [0x00000000eab00000, 0x00000000f2580000, 0x0000000100000000)
  eden space 87040K, 100% used [0x00000000eab00000,0x00000000f0000000,0x00000000f0000000)
  from space 12800K, 0% used [0x00000000f0e00000,0x00000000f0e00000,0x00000000f1a80000)
  to   space 14336K, 0% used [0x00000000f0000000,0x00000000f0000000,0x00000000f0e00000)
 ParOldGen       total 91648K, used 18317K [0x00000000c0000000, 0x00000000c5980000, 0x00000000eab00000)
  object space 91648K, 19% used [0x00000000c0000000,0x00000000c11e36a0,0x00000000c5980000)
 Metaspace       used 36806K, capacity 37462K, committed 37720K, reserved 1081344K
  class space    used 5195K, capacity 5390K, committed 5504K, reserved 1048576K
Event: 14.669 GC heap after
Heap after GC invocations=13 (full 2):
 PSYoungGen      total 101376K, used 8821K [0x00000000eab00000, 0x00000000f3b00000, 0x0000000100000000)
  eden space 87040K, 0% used [0x00000000eab00000,0x00000000eab00000,0x00000000f0000000)
  from space 14336K, 61% used [0x00000000f0000000,0x00000000f089d7b8,0x00000000f0e00000)
  to   space 13824K, 0% used [0x00000000f2d80000,0x00000000f2d80000,0x00000000f3b00000)
 ParOldGen       total 91648K, used 18317K [0x00000000c0000000, 0x00000000c5980000, 0x00000000eab00000)
  object space 91648K, 19% used [0x00000000c0000000,0x00000000c11e36a0,0x00000000c5980000)
 Metaspace       used 36806K, capacity 37462K, committed 37720K, reserved 1081344K
  class space    used 5195K, capacity 5390K, committed 5504K, reserved 1048576K
}

