# JRE version: Java(TM) SE Runtime Environment (8.0_121-b13) (build 1.8.0_121-b13)
# Java VM: Java HotSpot(TM) 64-Bit Server VM (25.121-b13 mixed mode windows-amd64 compressed oops)
Heap:
 PSYoungGen      total 229376K, used 168765K [0x00000000f0000000, 0x0000000100000000, 0x0000000100000000)
  eden space 196608K, 79% used [0x00000000f0000000,0x00000000f97fc928,0x00000000fc000000)
  from space 32768K, 40% used [0x00000000fc000000,0x00000000fccd2b10,0x00000000fe000000)
  to   space 32768K, 0% used [0x00000000fe000000,0x00000000fe000000,0x0000000100000000)
 ParOldGen       total 524288K, used 32K [0x00000000d0000000, 0x00000000f0000000, 0x00000000f0000000)
  object space 524288K, 0% used [0x00000000d0000000,0x00000000d0008000,0x00000000f0000000)
 Metaspace       used 19967K, capacity 20394K, committed 20480K, reserved 1073152K
  class space    used 2351K, capacity 2504K, committed 2560K, reserved 1048576K
GC Heap History (6 events):
Event: 2.871 GC heap before
{Heap before GC invocations=1 (full 0):
 PSYoungGen      total 229376K, used 196608K [0x00000000f0000000, 0x0000000100000000, 0x0000000100000000)
  eden space 196608K, 100% used [0x00000000f0000000,0x00000000fc000000,0x00000000fc000000)
  from space 32768K, 0% used [0x00000000fe000000,0x00000000fe000000,0x0000000100000000)
  to   space 32768K, 0% used [0x00000000fc000000,0x00000000fc000000,0x00000000fe000000)
 ParOldGen       total 524288K, used 0K [0x00000000d0000000, 0x00000000f0000000, 0x00000000f0000000)
  object space 524288K, 0% used [0x00000000d0000000,0x00000000d0000000,0x00000000f0000000)
 Metaspace       used 10644K, capacity 10756K, committed 10880K, reserved 1058816K
  class space    used 1092K, capacity 1131K, committed 1152K, reserved 1048576K
Event: 2.882 GC heap after
Heap after GC invocations=1 (full 0):
 PSYoungGen      total 229376K, used 9450K [0x00000000f0000000, 0x0000000100000000, 0x0000000100000000)
  eden space 196608K, 0% used [0x00000000f0000000,0x00000000f0000000,0x00000000fc000000)
  from space 32768K, 28% used [0x00000000fc000000,0x00000000fc93a9b0,0x00000000fe000000)
  to   space 32768K, 0% used [0x00000000fe000000,0x00000000fe000000,0x0000000100000000)
 ParOldGen       total 524288K, used 16K [0x00000000d0000000, 0x00000000f0000000, 0x00000000f0000000)
  object space 524288K, 0% used [0x00000000d0000000,0x00000000d0004000,0x00000000f0000000)
 Metaspace       used 10644K, capacity 10756K, committed 10880K, reserved 1058816K
  class space    used 1092K, capacity 1131K, committed 1152K, reserved 1048576K
}
Event: 4.968 GC heap before
{Heap before GC invocations=2 (full 0):
 PSYoungGen      total 229376K, used 206058K [0x00000000f0000000, 0x0000000100000000, 0x0000000100000000)
  eden space 196608K, 100% used [0x00000000f0000000,0x00000000fc000000,0x00000000fc000000)
  from space 32768K, 28% used [0x00000000fc000000,0x00000000fc93a9b0,0x00000000fe000000)
  to   space 32768K, 0% used [0x00000000fe000000,0x00000000fe000000,0x0000000100000000)
 ParOldGen       total 524288K, used 16K [0x00000000d0000000, 0x00000000f0000000, 0x00000000f0000000)
  object space 524288K, 0% used [0x00000000d0000000,0x00000000d0004000,0x00000000f0000000)
 Metaspace       used 14743K, capacity 15102K, committed 15360K, reserved 1062912K
  class space    used 1656K, capacity 1776K, committed 1792K, reserved 1048576K
Event: 4.982 GC heap after
Heap after GC invocations=2 (full 0):
 PSYoungGen      total 229376K, used 11900K [0x00000000f0000000, 0x0000000100000000, 0x0000000100000000)
  eden space 196608K, 0% used [0x00000000f0000000,0x00000000f0000000,0x00000000fc000000)
  from space 32768K, 36% used [0x00000000fe000000,0x00000000feb9f098,0x0000000100000000)
  to   space 32768K, 0% used [0x00000000fc000000,0x00000000fc000000,0x00000000fe000000)
 ParOldGen       total 524288K, used 24K [0x00000000d0000000, 0x00000000f0000000, 0x00000000f0000000)
  object space 524288K, 0% used [0x00000000d0000000,0x00000000d0006000,0x00000000f0000000)
 Metaspace       used 14743K, capacity 15102K, committed 15360K, reserved 1062912K
  class space    used 1656K, capacity 1776K, committed 1792K, reserved 1048576K
}
Event: 6.238 GC heap before
{Heap before GC invocations=3 (full 0):
 PSYoungGen      total 229376K, used 208508K [0x00000000f0000000, 0x0000000100000000, 0x0000000100000000)
  eden space 196608K, 100% used [0x00000000f0000000,0x00000000fc000000,0x00000000fc000000)
  from space 32768K, 36% used [0x00000000fe000000,0x00000000feb9f098,0x0000000100000000)
  to   space 32768K, 0% used [0x00000000fc000000,0x00000000fc000000,0x00000000fe000000)
 ParOldGen       total 524288K, used 24K [0x00000000d0000000, 0x00000000f0000000, 0x00000000f0000000)
  object space 524288K, 0% used [0x00000000d0000000,0x00000000d0006000,0x00000000f0000000)
 Metaspace       used 17201K, capacity 17570K, committed 17792K, reserved 1064960K
  class space    used 1988K, capacity 2103K, committed 2176K, reserved 1048576K
Event: 6.254 GC heap after
Heap after GC invocations=3 (full 0):
 PSYoungGen      total 229376K, used 13130K [0x00000000f0000000, 0x0000000100000000, 0x0000000100000000)
  eden space 196608K, 0% used [0x00000000f0000000,0x00000000f0000000,0x00000000fc000000)
  from space 32768K, 40% used [0x00000000fc000000,0x00000000fccd2b10,0x00000000fe000000)
  to   space 32768K, 0% used [0x00000000fe000000,0x00000000fe000000,0x0000000100000000)
 ParOldGen       total 524288K, used 32K [0x00000000d0000000, 0x00000000f0000000, 0x00000000f0000000)
  object space 524288K, 0% used [0x00000000d0000000,0x00000000d0008000,0x00000000f0000000)
 Metaspace       used 17201K, capacity 17570K, committed 17792K, reserved 1064960K
  class space    used 1988K, capacity 2103K, committed 2176K, reserved 1048576K
}

