# JRE version: Java(TM) SE Runtime Environment (8.0_121-b13) (build 1.8.0_121-b13)
# Java VM: Java HotSpot(TM) 64-Bit Server VM (25.121-b13 mixed mode windows-amd64 compressed oops)
Heap:
 PSYoungGen      total 50176K, used 33414K [0x00000000eab00000, 0x00000000ee700000, 0x0000000100000000)
  eden space 39936K, 71% used [0x00000000eab00000,0x00000000ec6d2f18,0x00000000ed200000)
  from space 10240K, 48% used [0x00000000edd00000,0x00000000ee1ceb00,0x00000000ee700000)
  to   space 10752K, 0% used [0x00000000ed200000,0x00000000ed200000,0x00000000edc80000)
 ParOldGen       total 75264K, used 9706K [0x00000000c0000000, 0x00000000c4980000, 0x00000000eab00000)
  object space 75264K, 12% used [0x00000000c0000000,0x00000000c097a940,0x00000000c4980000)
 Metaspace       used 28647K, capacity 29208K, committed 29312K, reserved 1075200K
  class space    used 4002K, capacity 4162K, committed 4224K, reserved 1048576K
GC Heap History (10 events):
Event: 4.764 GC heap before
{Heap before GC invocations=3 (full 0):
 PSYoungGen      total 38400K, used 38377K [0x00000000eab00000, 0x00000000ed580000, 0x0000000100000000)
  eden space 33280K, 100% used [0x00000000eab00000,0x00000000ecb80000,0x00000000ecb80000)
  from space 5120K, 99% used [0x00000000ed080000,0x00000000ed57a620,0x00000000ed580000)
  to   space 5120K, 0% used [0x00000000ecb80000,0x00000000ecb80000,0x00000000ed080000)
 ParOldGen       total 87552K, used 719K [0x00000000c0000000, 0x00000000c5580000, 0x00000000eab00000)
  object space 87552K, 0% used [0x00000000c0000000,0x00000000c00b3d28,0x00000000c5580000)
 Metaspace       used 15761K, capacity 16100K, committed 16256K, reserved 1062912K
  class space    used 2249K, capacity 2378K, committed 2432K, reserved 1048576K
Event: 4.780 GC heap after
Heap after GC invocations=3 (full 0):
 PSYoungGen      total 38400K, used 5099K [0x00000000eab00000, 0x00000000ed580000, 0x0000000100000000)
  eden space 33280K, 0% used [0x00000000eab00000,0x00000000eab00000,0x00000000ecb80000)
  from space 5120K, 99% used [0x00000000ecb80000,0x00000000ed07aee8,0x00000000ed080000)
  to   space 5120K, 0% used [0x00000000ed080000,0x00000000ed080000,0x00000000ed580000)
 ParOldGen       total 87552K, used 3225K [0x00000000c0000000, 0x00000000c5580000, 0x00000000eab00000)
  object space 87552K, 3% used [0x00000000c0000000,0x00000000c0326510,0x00000000c5580000)
 Metaspace       used 15761K, capacity 16100K, committed 16256K, reserved 1062912K
  class space    used 2249K, capacity 2378K, committed 2432K, reserved 1048576K
}
Event: 6.143 GC heap before
{Heap before GC invocations=4 (full 0):
 PSYoungGen      total 38400K, used 33621K [0x00000000eab00000, 0x00000000ed580000, 0x0000000100000000)
  eden space 33280K, 85% used [0x00000000eab00000,0x00000000ec6da5d8,0x00000000ecb80000)
  from space 5120K, 99% used [0x00000000ecb80000,0x00000000ed07aee8,0x00000000ed080000)
  to   space 5120K, 0% used [0x00000000ed080000,0x00000000ed080000,0x00000000ed580000)
 ParOldGen       total 87552K, used 3225K [0x00000000c0000000, 0x00000000c5580000, 0x00000000eab00000)
  object space 87552K, 3% used [0x00000000c0000000,0x00000000c0326510,0x00000000c5580000)
 Metaspace       used 20809K, capacity 21098K, committed 21248K, reserved 1067008K
  class space    used 2827K, capacity 2956K, committed 3072K, reserved 1048576K
Event: 6.155 GC heap after
Heap after GC invocations=4 (full 0):
 PSYoungGen      total 38400K, used 5115K [0x00000000eab00000, 0x00000000ed580000, 0x0000000100000000)
  eden space 33280K, 0% used [0x00000000eab00000,0x00000000eab00000,0x00000000ecb80000)
  from space 5120K, 99% used [0x00000000ed080000,0x00000000ed57efd0,0x00000000ed580000)
  to   space 5120K, 0% used [0x00000000ecb80000,0x00000000ecb80000,0x00000000ed080000)
 ParOldGen       total 87552K, used 7973K [0x00000000c0000000, 0x00000000c5580000, 0x00000000eab00000)
  object space 87552K, 9% used [0x00000000c0000000,0x00000000c07c94e0,0x00000000c5580000)
 Metaspace       used 20809K, capacity 21098K, committed 21248K, reserved 1067008K
  class space    used 2827K, capacity 2956K, committed 3072K, reserved 1048576K
}
Event: 6.155 GC heap before
{Heap before GC invocations=5 (full 1):
 PSYoungGen      total 38400K, used 5115K [0x00000000eab00000, 0x00000000ed580000, 0x0000000100000000)
  eden space 33280K, 0% used [0x00000000eab00000,0x00000000eab00000,0x00000000ecb80000)
  from space 5120K, 99% used [0x00000000ed080000,0x00000000ed57efd0,0x00000000ed580000)
  to   space 5120K, 0% used [0x00000000ecb80000,0x00000000ecb80000,0x00000000ed080000)
 ParOldGen       total 87552K, used 7973K [0x00000000c0000000, 0x00000000c5580000, 0x00000000eab00000)
  object space 87552K, 9% used [0x00000000c0000000,0x00000000c07c94e0,0x00000000c5580000)
 Metaspace       used 20809K, capacity 21098K, committed 21248K, reserved 1067008K
  class space    used 2827K, capacity 2956K, committed 3072K, reserved 1048576K
Event: 6.357 GC heap after
Heap after GC invocations=5 (full 1):
 PSYoungGen      total 38400K, used 0K [0x00000000eab00000, 0x00000000ed580000, 0x0000000100000000)
  eden space 33280K, 0% used [0x00000000eab00000,0x00000000eab00000,0x00000000ecb80000)
  from space 5120K, 0% used [0x00000000ed080000,0x00000000ed080000,0x00000000ed580000)
  to   space 5120K, 0% used [0x00000000ecb80000,0x00000000ecb80000,0x00000000ed080000)
 ParOldGen       total 75264K, used 9698K [0x00000000c0000000, 0x00000000c4980000, 0x00000000eab00000)
  object space 75264K, 12% used [0x00000000c0000000,0x00000000c0978940,0x00000000c4980000)
 Metaspace       used 20809K, capacity 21098K, committed 21248K, reserved 1067008K
  class space    used 2827K, capacity 2956K, committed 3072K, reserved 1048576K
}
Event: 7.486 GC heap before
{Heap before GC invocations=6 (full 1):
 PSYoungGen      total 38400K, used 33280K [0x00000000eab00000, 0x00000000ed580000, 0x0000000100000000)
  eden space 33280K, 100% used [0x00000000eab00000,0x00000000ecb80000,0x00000000ecb80000)
  from space 5120K, 0% used [0x00000000ed080000,0x00000000ed080000,0x00000000ed580000)
  to   space 5120K, 0% used [0x00000000ecb80000,0x00000000ecb80000,0x00000000ed080000)
 ParOldGen       total 75264K, used 9698K [0x00000000c0000000, 0x00000000c4980000, 0x00000000eab00000)
  object space 75264K, 12% used [0x00000000c0000000,0x00000000c0978940,0x00000000c4980000)
 Metaspace       used 23919K, capacity 24252K, committed 24448K, reserved 1071104K
  class space    used 3301K, capacity 3409K, committed 3456K, reserved 1048576K
Event: 7.496 GC heap after
Heap after GC invocations=6 (full 1):
 PSYoungGen      total 38400K, used 4364K [0x00000000eab00000, 0x00000000ee800000, 0x0000000100000000)
  eden space 33280K, 0% used [0x00000000eab00000,0x00000000eab00000,0x00000000ecb80000)
  from space 5120K, 85% used [0x00000000ecb80000,0x00000000ecfc30c8,0x00000000ed080000)
  to   space 11264K, 0% used [0x00000000edd00000,0x00000000edd00000,0x00000000ee800000)
 ParOldGen       total 75264K, used 9706K [0x00000000c0000000, 0x00000000c4980000, 0x00000000eab00000)
  object space 75264K, 12% used [0x00000000c0000000,0x00000000c097a940,0x00000000c4980000)
 Metaspace       used 23919K, capacity 24252K, committed 24448K, reserved 1071104K
  class space    used 3301K, capacity 3409K, committed 3456K, reserved 1048576K
}
Event: 8.673 GC heap before
{Heap before GC invocations=7 (full 1):
 PSYoungGen      total 38400K, used 37644K [0x00000000eab00000, 0x00000000ee800000, 0x0000000100000000)
  eden space 33280K, 100% used [0x00000000eab00000,0x00000000ecb80000,0x00000000ecb80000)
  from space 5120K, 85% used [0x00000000ecb80000,0x00000000ecfc30c8,0x00000000ed080000)
  to   space 11264K, 0% used [0x00000000edd00000,0x00000000edd00000,0x00000000ee800000)
 ParOldGen       total 75264K, used 9706K [0x00000000c0000000, 0x00000000c4980000, 0x00000000eab00000)
  object space 75264K, 12% used [0x00000000c0000000,0x00000000c097a940,0x00000000c4980000)
 Metaspace       used 25729K, capacity 26158K, committed 26368K, reserved 1071104K
  class space    used 3630K, capacity 3741K, committed 3840K, reserved 1048576K
Event: 8.682 GC heap after
Heap after GC invocations=7 (full 1):
 PSYoungGen      total 50176K, used 4922K [0x00000000eab00000, 0x00000000ee700000, 0x0000000100000000)
  eden space 39936K, 0% used [0x00000000eab00000,0x00000000eab00000,0x00000000ed200000)
  from space 10240K, 48% used [0x00000000edd00000,0x00000000ee1ceb00,0x00000000ee700000)
  to   space 10752K, 0% used [0x00000000ed200000,0x00000000ed200000,0x00000000edc80000)
 ParOldGen       total 75264K, used 9706K [0x00000000c0000000, 0x00000000c4980000, 0x00000000eab00000)
  object space 75264K, 12% used [0x00000000c0000000,0x00000000c097a940,0x00000000c4980000)
 Metaspace       used 25729K, capacity 26158K, committed 26368K, reserved 1071104K
  class space    used 3630K, capacity 3741K, committed 3840K, reserved 1048576K
}

