# JRE version: Java(TM) SE Runtime Environment (8.0_121-b13) (build 1.8.0_121-b13)
# Java VM: Java HotSpot(TM) 64-Bit Server VM (25.121-b13 mixed mode windows-amd64 compressed oops)
Heap:
 PSYoungGen      total 122368K, used 52461K [0x00000000d5580000, 0x00000000de280000, 0x0000000100000000)
  eden space 109056K, 38% used [0x00000000d5580000,0x00000000d7e83280,0x00000000dc000000)
  from space 13312K, 78% used [0x00000000dc000000,0x00000000dca38488,0x00000000dcd00000)
  to   space 13312K, 0% used [0x00000000dcd00000,0x00000000dcd00000,0x00000000dda00000)
 ParOldGen       total 83968K, used 19043K [0x0000000080000000, 0x0000000085200000, 0x00000000d5580000)
  object space 83968K, 22% used [0x0000000080000000,0x0000000081298ec8,0x0000000085200000)
 Metaspace       used 38638K, capacity 39484K, committed 39768K, reserved 1083392K
  class space    used 5421K, capacity 5635K, committed 5760K, reserved 1048576K
GC Heap History (10 events):
Event: 11.139 GC heap before
{Heap before GC invocations=9 (full 1):
 PSYoungGen      total 60416K, used 56621K [0x00000000d5580000, 0x00000000db400000, 0x0000000100000000)
  eden space 49664K, 100% used [0x00000000d5580000,0x00000000d8600000,0x00000000d8600000)
  from space 10752K, 64% used [0x00000000d8600000,0x00000000d8ccb5c0,0x00000000d9080000)
  to   space 10240K, 0% used [0x00000000daa00000,0x00000000daa00000,0x00000000db400000)
 ParOldGen       total 65536K, used 9677K [0x0000000080000000, 0x0000000084000000, 0x00000000d5580000)
  object space 65536K, 14% used [0x0000000080000000,0x0000000080973720,0x0000000084000000)
 Metaspace       used 30111K, capacity 30632K, committed 30720K, reserved 1075200K
  class space    used 4153K, capacity 4296K, committed 4352K, reserved 1048576K
Event: 11.160 GC heap after
Heap after GC invocations=9 (full 1):
 PSYoungGen      total 85504K, used 9086K [0x00000000d5580000, 0x00000000db800000, 0x0000000100000000)
  eden space 75264K, 0% used [0x00000000d5580000,0x00000000d5580000,0x00000000d9f00000)
  from space 10240K, 88% used [0x00000000daa00000,0x00000000db2df8d8,0x00000000db400000)
  to   space 11264K, 0% used [0x00000000d9f00000,0x00000000d9f00000,0x00000000daa00000)
 ParOldGen       total 65536K, used 9757K [0x0000000080000000, 0x0000000084000000, 0x00000000d5580000)
  object space 65536K, 14% used [0x0000000080000000,0x0000000080987730,0x0000000084000000)
 Metaspace       used 30111K, capacity 30632K, committed 30720K, reserved 1075200K
  class space    used 4153K, capacity 4296K, committed 4352K, reserved 1048576K
}
Event: 12.900 GC heap before
{Heap before GC invocations=10 (full 1):
 PSYoungGen      total 85504K, used 84350K [0x00000000d5580000, 0x00000000db800000, 0x0000000100000000)
  eden space 75264K, 100% used [0x00000000d5580000,0x00000000d9f00000,0x00000000d9f00000)
  from space 10240K, 88% used [0x00000000daa00000,0x00000000db2df8d8,0x00000000db400000)
  to   space 11264K, 0% used [0x00000000d9f00000,0x00000000d9f00000,0x00000000daa00000)
 ParOldGen       total 65536K, used 9757K [0x0000000080000000, 0x0000000084000000, 0x00000000d5580000)
  object space 65536K, 14% used [0x0000000080000000,0x0000000080987730,0x0000000084000000)
 Metaspace       used 33992K, capacity 34482K, committed 34816K, reserved 1079296K
  class space    used 4741K, capacity 4848K, committed 4864K, reserved 1048576K
Event: 13.009 GC heap after
Heap after GC invocations=10 (full 1):
 PSYoungGen      total 86528K, used 11252K [0x00000000d5580000, 0x00000000dda00000, 0x0000000100000000)
  eden space 75264K, 0% used [0x00000000d5580000,0x00000000d5580000,0x00000000d9f00000)
  from space 11264K, 99% used [0x00000000d9f00000,0x00000000da9fd020,0x00000000daa00000)
  to   space 13312K, 0% used [0x00000000dcd00000,0x00000000dcd00000,0x00000000dda00000)
 ParOldGen       total 65536K, used 11567K [0x0000000080000000, 0x0000000084000000, 0x00000000d5580000)
  object space 65536K, 17% used [0x0000000080000000,0x0000000080b4bf20,0x0000000084000000)
 Metaspace       used 33992K, capacity 34482K, committed 34816K, reserved 1079296K
  class space    used 4741K, capacity 4848K, committed 4864K, reserved 1048576K
}
Event: 13.308 GC heap before
{Heap before GC invocations=11 (full 1):
 PSYoungGen      total 86528K, used 26909K [0x00000000d5580000, 0x00000000dda00000, 0x0000000100000000)
  eden space 75264K, 20% used [0x00000000d5580000,0x00000000d64ca750,0x00000000d9f00000)
  from space 11264K, 99% used [0x00000000d9f00000,0x00000000da9fd020,0x00000000daa00000)
  to   space 13312K, 0% used [0x00000000dcd00000,0x00000000dcd00000,0x00000000dda00000)
 ParOldGen       total 65536K, used 11567K [0x0000000080000000, 0x0000000084000000, 0x00000000d5580000)
  object space 65536K, 17% used [0x0000000080000000,0x0000000080b4bf20,0x0000000084000000)
 Metaspace       used 34808K, capacity 35336K, committed 35416K, reserved 1079296K
  class space    used 4860K, capacity 4985K, committed 4992K, reserved 1048576K
Event: 13.469 GC heap after
Heap after GC invocations=11 (full 1):
 PSYoungGen      total 122368K, used 9290K [0x00000000d5580000, 0x00000000de280000, 0x0000000100000000)
  eden space 109056K, 0% used [0x00000000d5580000,0x00000000d5580000,0x00000000dc000000)
  from space 13312K, 69% used [0x00000000dcd00000,0x00000000dd612be8,0x00000000dda00000)
  to   space 13312K, 0% used [0x00000000dc000000,0x00000000dc000000,0x00000000dcd00000)
 ParOldGen       total 65536K, used 14922K [0x0000000080000000, 0x0000000084000000, 0x00000000d5580000)
  object space 65536K, 22% used [0x0000000080000000,0x0000000080e92a20,0x0000000084000000)
 Metaspace       used 34808K, capacity 35336K, committed 35416K, reserved 1079296K
  class space    used 4860K, capacity 4985K, committed 4992K, reserved 1048576K
}
Event: 13.469 GC heap before
{Heap before GC invocations=12 (full 2):
 PSYoungGen      total 122368K, used 9290K [0x00000000d5580000, 0x00000000de280000, 0x0000000100000000)
  eden space 109056K, 0% used [0x00000000d5580000,0x00000000d5580000,0x00000000dc000000)
  from space 13312K, 69% used [0x00000000dcd00000,0x00000000dd612be8,0x00000000dda00000)
  to   space 13312K, 0% used [0x00000000dc000000,0x00000000dc000000,0x00000000dcd00000)
 ParOldGen       total 65536K, used 14922K [0x0000000080000000, 0x0000000084000000, 0x00000000d5580000)
  object space 65536K, 22% used [0x0000000080000000,0x0000000080e92a20,0x0000000084000000)
 Metaspace       used 34808K, capacity 35336K, committed 35416K, reserved 1079296K
  class space    used 4860K, capacity 4985K, committed 4992K, reserved 1048576K
Event: 13.722 GC heap after
Heap after GC invocations=12 (full 2):
 PSYoungGen      total 122368K, used 0K [0x00000000d5580000, 0x00000000de280000, 0x0000000100000000)
  eden space 109056K, 0% used [0x00000000d5580000,0x00000000d5580000,0x00000000dc000000)
  from space 13312K, 0% used [0x00000000dcd00000,0x00000000dcd00000,0x00000000dda00000)
  to   space 13312K, 0% used [0x00000000dc000000,0x00000000dc000000,0x00000000dcd00000)
 ParOldGen       total 83968K, used 19035K [0x0000000080000000, 0x0000000085200000, 0x00000000d5580000)
  object space 83968K, 22% used [0x0000000080000000,0x0000000081296ec8,0x0000000085200000)
 Metaspace       used 34808K, capacity 35336K, committed 35416K, reserved 1079296K
  class space    used 4860K, capacity 4985K, committed 4992K, reserved 1048576K
}
Event: 15.168 GC heap before
{Heap before GC invocations=13 (full 2):
 PSYoungGen      total 122368K, used 109056K [0x00000000d5580000, 0x00000000de280000, 0x0000000100000000)
  eden space 109056K, 100% used [0x00000000d5580000,0x00000000dc000000,0x00000000dc000000)
  from space 13312K, 0% used [0x00000000dcd00000,0x00000000dcd00000,0x00000000dda00000)
  to   space 13312K, 0% used [0x00000000dc000000,0x00000000dc000000,0x00000000dcd00000)
 ParOldGen       total 83968K, used 19035K [0x0000000080000000, 0x0000000085200000, 0x00000000d5580000)
  object space 83968K, 22% used [0x0000000080000000,0x0000000081296ec8,0x0000000085200000)
 Metaspace       used 37476K, capacity 38162K, committed 38232K, reserved 1081344K
  class space    used 5308K, capacity 5500K, committed 5504K, reserved 1048576K
Event: 15.196 GC heap after
Heap after GC invocations=13 (full 2):
 PSYoungGen      total 122368K, used 10465K [0x00000000d5580000, 0x00000000de280000, 0x0000000100000000)
  eden space 109056K, 0% used [0x00000000d5580000,0x00000000d5580000,0x00000000dc000000)
  from space 13312K, 78% used [0x00000000dc000000,0x00000000dca38488,0x00000000dcd00000)
  to   space 13312K, 0% used [0x00000000dcd00000,0x00000000dcd00000,0x00000000dda00000)
 ParOldGen       total 83968K, used 19043K [0x0000000080000000, 0x0000000085200000, 0x00000000d5580000)
  object space 83968K, 22% used [0x0000000080000000,0x0000000081298ec8,0x0000000085200000)
 Metaspace       used 37476K, capacity 38162K, committed 38232K, reserved 1081344K
  class space    used 5308K, capacity 5500K, committed 5504K, reserved 1048576K
}

