# JRE version: Java(TM) SE Runtime Environment (8.0_121-b13) (build 1.8.0_121-b13)
# Java VM: Java HotSpot(TM) 64-Bit Server VM (25.121-b13 mixed mode windows-amd64 compressed oops)
Heap:
 PSYoungGen      total 120832K, used 8233K [0x00000000d5580000, 0x00000000e2280000, 0x0000000100000000)
  eden space 109056K, 7% used [0x00000000d5580000,0x00000000d5d8a590,0x00000000dc000000)
  from space 11776K, 0% used [0x00000000e1700000,0x00000000e1700000,0x00000000e2280000)
  to   space 9728K, 0% used [0x00000000dc000000,0x00000000dc000000,0x00000000dc980000)
 ParOldGen       total 57856K, used 16939K [0x0000000080000000, 0x0000000083880000, 0x00000000d5580000)
  object space 57856K, 29% used [0x0000000080000000,0x000000008108adb8,0x0000000083880000)
 Metaspace       used 35256K, capacity 35858K, committed 36056K, reserved 1081344K
  class space    used 4932K, capacity 5114K, committed 5120K, reserved 1048576K
GC Heap History (10 events):
Event: 20.287 GC heap before
{Heap before GC invocations=6 (full 1):
 PSYoungGen      total 67072K, used 61952K [0x00000000d5580000, 0x00000000da080000, 0x0000000100000000)
  eden space 61952K, 100% used [0x00000000d5580000,0x00000000d9200000,0x00000000d9200000)
  from space 5120K, 0% used [0x00000000d9700000,0x00000000d9700000,0x00000000d9c00000)
  to   space 5120K, 0% used [0x00000000d9200000,0x00000000d9200000,0x00000000d9700000)
 ParOldGen       total 57856K, used 9635K [0x0000000080000000, 0x0000000083880000, 0x00000000d5580000)
  object space 57856K, 16% used [0x0000000080000000,0x0000000080968fd8,0x0000000083880000)
 Metaspace       used 25551K, capacity 25944K, committed 26112K, reserved 1071104K
  class space    used 3599K, capacity 3736K, committed 3840K, reserved 1048576K
Event: 20.348 GC heap after
Heap after GC invocations=6 (full 1):
 PSYoungGen      total 67072K, used 5105K [0x00000000d5580000, 0x00000000dd400000, 0x0000000100000000)
  eden space 61952K, 0% used [0x00000000d5580000,0x00000000d5580000,0x00000000d9200000)
  from space 5120K, 99% used [0x00000000d9200000,0x00000000d96fc5f0,0x00000000d9700000)
  to   space 10240K, 0% used [0x00000000dca00000,0x00000000dca00000,0x00000000dd400000)
 ParOldGen       total 57856K, used 11626K [0x0000000080000000, 0x0000000083880000, 0x00000000d5580000)
  object space 57856K, 20% used [0x0000000080000000,0x0000000080b5a9b8,0x0000000083880000)
 Metaspace       used 25551K, capacity 25944K, committed 26112K, reserved 1071104K
  class space    used 3599K, capacity 3736K, committed 3840K, reserved 1048576K
}
Event: 25.771 GC heap before
{Heap before GC invocations=7 (full 1):
 PSYoungGen      total 67072K, used 67057K [0x00000000d5580000, 0x00000000dd400000, 0x0000000100000000)
  eden space 61952K, 100% used [0x00000000d5580000,0x00000000d9200000,0x00000000d9200000)
  from space 5120K, 99% used [0x00000000d9200000,0x00000000d96fc5f0,0x00000000d9700000)
  to   space 10240K, 0% used [0x00000000dca00000,0x00000000dca00000,0x00000000dd400000)
 ParOldGen       total 57856K, used 11626K [0x0000000080000000, 0x0000000083880000, 0x00000000d5580000)
  object space 57856K, 20% used [0x0000000080000000,0x0000000080b5a9b8,0x0000000083880000)
 Metaspace       used 29005K, capacity 29528K, committed 29824K, reserved 1075200K
  class space    used 4017K, capacity 4162K, committed 4224K, reserved 1048576K
Event: 25.832 GC heap after
Heap after GC invocations=7 (full 1):
 PSYoungGen      total 118272K, used 7053K [0x00000000d5580000, 0x00000000dd300000, 0x0000000100000000)
  eden space 109056K, 0% used [0x00000000d5580000,0x00000000d5580000,0x00000000dc000000)
  from space 9216K, 76% used [0x00000000dca00000,0x00000000dd0e35c0,0x00000000dd300000)
  to   space 9728K, 0% used [0x00000000dc000000,0x00000000dc000000,0x00000000dc980000)
 ParOldGen       total 57856K, used 11634K [0x0000000080000000, 0x0000000083880000, 0x00000000d5580000)
  object space 57856K, 20% used [0x0000000080000000,0x0000000080b5c9b8,0x0000000083880000)
 Metaspace       used 29005K, capacity 29528K, committed 29824K, reserved 1075200K
  class space    used 4017K, capacity 4162K, committed 4224K, reserved 1048576K
}
Event: 33.476 GC heap before
{Heap before GC invocations=8 (full 1):
 PSYoungGen      total 118272K, used 116109K [0x00000000d5580000, 0x00000000dd300000, 0x0000000100000000)
  eden space 109056K, 100% used [0x00000000d5580000,0x00000000dc000000,0x00000000dc000000)
  from space 9216K, 76% used [0x00000000dca00000,0x00000000dd0e35c0,0x00000000dd300000)
  to   space 9728K, 0% used [0x00000000dc000000,0x00000000dc000000,0x00000000dc980000)
 ParOldGen       total 57856K, used 11634K [0x0000000080000000, 0x0000000083880000, 0x00000000d5580000)
  object space 57856K, 20% used [0x0000000080000000,0x0000000080b5c9b8,0x0000000083880000)
 Metaspace       used 33590K, capacity 34032K, committed 34304K, reserved 1079296K
  class space    used 4653K, capacity 4783K, committed 4864K, reserved 1048576K
Event: 33.667 GC heap after
Heap after GC invocations=8 (full 1):
 PSYoungGen      total 118784K, used 9707K [0x00000000d5580000, 0x00000000e2280000, 0x0000000100000000)
  eden space 109056K, 0% used [0x00000000d5580000,0x00000000d5580000,0x00000000dc000000)
  from space 9728K, 99% used [0x00000000dc000000,0x00000000dc97adb0,0x00000000dc980000)
  to   space 11776K, 0% used [0x00000000e1700000,0x00000000e1700000,0x00000000e2280000)
 ParOldGen       total 57856K, used 13078K [0x0000000080000000, 0x0000000083880000, 0x00000000d5580000)
  object space 57856K, 22% used [0x0000000080000000,0x0000000080cc5af0,0x0000000083880000)
 Metaspace       used 33590K, capacity 34032K, committed 34304K, reserved 1079296K
  class space    used 4653K, capacity 4783K, committed 4864K, reserved 1048576K
}
Event: 34.773 GC heap before
{Heap before GC invocations=9 (full 1):
 PSYoungGen      total 118784K, used 37093K [0x00000000d5580000, 0x00000000e2280000, 0x0000000100000000)
  eden space 109056K, 25% used [0x00000000d5580000,0x00000000d703e870,0x00000000dc000000)
  from space 9728K, 99% used [0x00000000dc000000,0x00000000dc97adb0,0x00000000dc980000)
  to   space 11776K, 0% used [0x00000000e1700000,0x00000000e1700000,0x00000000e2280000)
 ParOldGen       total 57856K, used 13078K [0x0000000080000000, 0x0000000083880000, 0x00000000d5580000)
  object space 57856K, 22% used [0x0000000080000000,0x0000000080cc5af0,0x0000000083880000)
 Metaspace       used 34912K, capacity 35340K, committed 35416K, reserved 1079296K
  class space    used 4865K, capacity 4985K, committed 4992K, reserved 1048576K
Event: 34.805 GC heap after
Heap after GC invocations=9 (full 1):
 PSYoungGen      total 120832K, used 10545K [0x00000000d5580000, 0x00000000e2280000, 0x0000000100000000)
  eden space 109056K, 0% used [0x00000000d5580000,0x00000000d5580000,0x00000000dc000000)
  from space 11776K, 89% used [0x00000000e1700000,0x00000000e214c548,0x00000000e2280000)
  to   space 9728K, 0% used [0x00000000dc000000,0x00000000dc000000,0x00000000dc980000)
 ParOldGen       total 57856K, used 13150K [0x0000000080000000, 0x0000000083880000, 0x00000000d5580000)
  object space 57856K, 22% used [0x0000000080000000,0x0000000080cd7b00,0x0000000083880000)
 Metaspace       used 34912K, capacity 35340K, committed 35416K, reserved 1079296K
  class space    used 4865K, capacity 4985K, committed 4992K, reserved 1048576K
}
Event: 34.805 GC heap before
{Heap before GC invocations=10 (full 2):
 PSYoungGen      total 120832K, used 10545K [0x00000000d5580000, 0x00000000e2280000, 0x0000000100000000)
  eden space 109056K, 0% used [0x00000000d5580000,0x00000000d5580000,0x00000000dc000000)
  from space 11776K, 89% used [0x00000000e1700000,0x00000000e214c548,0x00000000e2280000)
  to   space 9728K, 0% used [0x00000000dc000000,0x00000000dc000000,0x00000000dc980000)
 ParOldGen       total 57856K, used 13150K [0x0000000080000000, 0x0000000083880000, 0x00000000d5580000)
  object space 57856K, 22% used [0x0000000080000000,0x0000000080cd7b00,0x0000000083880000)
 Metaspace       used 34912K, capacity 35340K, committed 35416K, reserved 1079296K
  class space    used 4865K, capacity 4985K, committed 4992K, reserved 1048576K
Event: 34.957 GC heap after
Heap after GC invocations=10 (full 2):
 PSYoungGen      total 120832K, used 0K [0x00000000d5580000, 0x00000000e2280000, 0x0000000100000000)
  eden space 109056K, 0% used [0x00000000d5580000,0x00000000d5580000,0x00000000dc000000)
  from space 11776K, 0% used [0x00000000e1700000,0x00000000e1700000,0x00000000e2280000)
  to   space 9728K, 0% used [0x00000000dc000000,0x00000000dc000000,0x00000000dc980000)
 ParOldGen       total 57856K, used 16939K [0x0000000080000000, 0x0000000083880000, 0x00000000d5580000)
  object space 57856K, 29% used [0x0000000080000000,0x000000008108adb8,0x0000000083880000)
 Metaspace       used 34912K, capacity 35340K, committed 35416K, reserved 1079296K
  class space    used 4865K, capacity 4985K, committed 4992K, reserved 1048576K
}

