# JRE version: Java(TM) SE Runtime Environment (8.0_121-b13) (build 1.8.0_121-b13)
# Java VM: Java HotSpot(TM) 64-Bit Server VM (25.121-b13 mixed mode windows-amd64 compressed oops)
Heap:
 PSYoungGen      total 217088K, used 130592K [0x00000000eab00000, 0x00000000fce80000, 0x0000000100000000)
  eden space 204800K, 57% used [0x00000000eab00000,0x00000000f1e90358,0x00000000f7300000)
  from space 12288K, 99% used [0x00000000f8d00000,0x00000000f98f8010,0x00000000f9900000)
  to   space 26624K, 0% used [0x00000000f7300000,0x00000000f7300000,0x00000000f8d00000)
 ParOldGen       total 83968K, used 47739K [0x00000000c0000000, 0x00000000c5200000, 0x00000000eab00000)
  object space 83968K, 56% used [0x00000000c0000000,0x00000000c2e9eed8,0x00000000c5200000)
 Metaspace       used 43186K, capacity 45932K, committed 46040K, reserved 1089536K
  class space    used 6006K, capacity 6319K, committed 6400K, reserved 1048576K
GC Heap History (10 events):
Event: 30.425 GC heap before
{Heap before GC invocations=8 (full 1):
 PSYoungGen      total 130048K, used 122743K [0x00000000eab00000, 0x00000000f3680000, 0x0000000100000000)
  eden space 121344K, 94% used [0x00000000eab00000,0x00000000f1b7c388,0x00000000f2180000)
  from space 8704K, 86% used [0x00000000f2e00000,0x00000000f3561c40,0x00000000f3680000)
  to   space 10752K, 0% used [0x00000000f2180000,0x00000000f2180000,0x00000000f2c00000)
 ParOldGen       total 53248K, used 12246K [0x00000000c0000000, 0x00000000c3400000, 0x00000000eab00000)
  object space 53248K, 22% used [0x00000000c0000000,0x00000000c0bf5a10,0x00000000c3400000)
 Metaspace       used 34883K, capacity 35340K, committed 35416K, reserved 1079296K
  class space    used 4871K, capacity 4985K, committed 4992K, reserved 1048576K
Event: 30.517 GC heap after
Heap after GC invocations=8 (full 1):
 PSYoungGen      total 132096K, used 10731K [0x00000000eab00000, 0x00000000f9c80000, 0x0000000100000000)
  eden space 121344K, 0% used [0x00000000eab00000,0x00000000eab00000,0x00000000f2180000)
  from space 10752K, 99% used [0x00000000f2180000,0x00000000f2bfad48,0x00000000f2c00000)
  to   space 13312K, 0% used [0x00000000f8f80000,0x00000000f8f80000,0x00000000f9c80000)
 ParOldGen       total 53248K, used 14962K [0x00000000c0000000, 0x00000000c3400000, 0x00000000eab00000)
  object space 53248K, 28% used [0x00000000c0000000,0x00000000c0e9c8f0,0x00000000c3400000)
 Metaspace       used 34883K, capacity 35340K, committed 35416K, reserved 1079296K
  class space    used 4871K, capacity 4985K, committed 4992K, reserved 1048576K
}
Event: 30.518 GC heap before
{Heap before GC invocations=9 (full 2):
 PSYoungGen      total 132096K, used 10731K [0x00000000eab00000, 0x00000000f9c80000, 0x0000000100000000)
  eden space 121344K, 0% used [0x00000000eab00000,0x00000000eab00000,0x00000000f2180000)
  from space 10752K, 99% used [0x00000000f2180000,0x00000000f2bfad48,0x00000000f2c00000)
  to   space 13312K, 0% used [0x00000000f8f80000,0x00000000f8f80000,0x00000000f9c80000)
 ParOldGen       total 53248K, used 14962K [0x00000000c0000000, 0x00000000c3400000, 0x00000000eab00000)
  object space 53248K, 28% used [0x00000000c0000000,0x00000000c0e9c8f0,0x00000000c3400000)
 Metaspace       used 34883K, capacity 35340K, committed 35416K, reserved 1079296K
  class space    used 4871K, capacity 4985K, committed 4992K, reserved 1048576K
Event: 30.974 GC heap after
Heap after GC invocations=9 (full 2):
 PSYoungGen      total 132096K, used 0K [0x00000000eab00000, 0x00000000f9c80000, 0x0000000100000000)
  eden space 121344K, 0% used [0x00000000eab00000,0x00000000eab00000,0x00000000f2180000)
  from space 10752K, 0% used [0x00000000f2180000,0x00000000f2180000,0x00000000f2c00000)
  to   space 13312K, 0% used [0x00000000f8f80000,0x00000000f8f80000,0x00000000f9c80000)
 ParOldGen       total 83968K, used 19629K [0x00000000c0000000, 0x00000000c5200000, 0x00000000eab00000)
  object space 83968K, 23% used [0x00000000c0000000,0x00000000c132b478,0x00000000c5200000)
 Metaspace       used 34883K, capacity 35340K, committed 35416K, reserved 1079296K
  class space    used 4871K, capacity 4985K, committed 4992K, reserved 1048576K
}
Event: 42.437 GC heap before
{Heap before GC invocations=10 (full 2):
 PSYoungGen      total 132096K, used 121344K [0x00000000eab00000, 0x00000000f9c80000, 0x0000000100000000)
  eden space 121344K, 100% used [0x00000000eab00000,0x00000000f2180000,0x00000000f2180000)
  from space 10752K, 0% used [0x00000000f2180000,0x00000000f2180000,0x00000000f2c00000)
  to   space 13312K, 0% used [0x00000000f8f80000,0x00000000f8f80000,0x00000000f9c80000)
 ParOldGen       total 83968K, used 19629K [0x00000000c0000000, 0x00000000c5200000, 0x00000000eab00000)
  object space 83968K, 23% used [0x00000000c0000000,0x00000000c132b478,0x00000000c5200000)
 Metaspace       used 38227K, capacity 38882K, committed 39128K, reserved 1083392K
  class space    used 5371K, capacity 5566K, committed 5632K, reserved 1048576K
Event: 42.494 GC heap after
Heap after GC invocations=10 (full 2):
 PSYoungGen      total 181760K, used 11736K [0x00000000eab00000, 0x00000000f9b00000, 0x0000000100000000)
  eden space 169984K, 0% used [0x00000000eab00000,0x00000000eab00000,0x00000000f5100000)
  from space 11776K, 99% used [0x00000000f8f80000,0x00000000f9af6380,0x00000000f9b00000)
  to   space 14336K, 0% used [0x00000000f7f00000,0x00000000f7f00000,0x00000000f8d00000)
 ParOldGen       total 83968K, used 19629K [0x00000000c0000000, 0x00000000c5200000, 0x00000000eab00000)
  object space 83968K, 23% used [0x00000000c0000000,0x00000000c132b478,0x00000000c5200000)
 Metaspace       used 38227K, capacity 38882K, committed 39128K, reserved 1083392K
  class space    used 5371K, capacity 5566K, committed 5632K, reserved 1048576K
}
Event: 104.783 GC heap before
{Heap before GC invocations=11 (full 2):
 PSYoungGen      total 181760K, used 181720K [0x00000000eab00000, 0x00000000f9b00000, 0x0000000100000000)
  eden space 169984K, 100% used [0x00000000eab00000,0x00000000f5100000,0x00000000f5100000)
  from space 11776K, 99% used [0x00000000f8f80000,0x00000000f9af6380,0x00000000f9b00000)
  to   space 14336K, 0% used [0x00000000f7f00000,0x00000000f7f00000,0x00000000f8d00000)
 ParOldGen       total 83968K, used 19629K [0x00000000c0000000, 0x00000000c5200000, 0x00000000eab00000)
  object space 83968K, 23% used [0x00000000c0000000,0x00000000c132b478,0x00000000c5200000)
 Metaspace       used 40214K, capacity 42168K, committed 42328K, reserved 1085440K
  class space    used 5596K, capacity 5901K, committed 6016K, reserved 1048576K
Event: 104.831 GC heap after
Heap after GC invocations=11 (full 2):
 PSYoungGen      total 219136K, used 14304K [0x00000000eab00000, 0x00000000f9900000, 0x0000000100000000)
  eden space 204800K, 0% used [0x00000000eab00000,0x00000000eab00000,0x00000000f7300000)
  from space 14336K, 99% used [0x00000000f7f00000,0x00000000f8cf8010,0x00000000f8d00000)
  to   space 12288K, 0% used [0x00000000f8d00000,0x00000000f8d00000,0x00000000f9900000)
 ParOldGen       total 83968K, used 27726K [0x00000000c0000000, 0x00000000c5200000, 0x00000000eab00000)
  object space 83968K, 33% used [0x00000000c0000000,0x00000000c1b138d8,0x00000000c5200000)
 Metaspace       used 40214K, capacity 42168K, committed 42328K, reserved 1085440K
  class space    used 5596K, capacity 5901K, committed 6016K, reserved 1048576K
}
Event: 129.521 GC heap before
{Heap before GC invocations=12 (full 2):
 PSYoungGen      total 219136K, used 219104K [0x00000000eab00000, 0x00000000f9900000, 0x0000000100000000)
  eden space 204800K, 100% used [0x00000000eab00000,0x00000000f7300000,0x00000000f7300000)
  from space 14336K, 99% used [0x00000000f7f00000,0x00000000f8cf8010,0x00000000f8d00000)
  to   space 12288K, 0% used [0x00000000f8d00000,0x00000000f8d00000,0x00000000f9900000)
 ParOldGen       total 83968K, used 27726K [0x00000000c0000000, 0x00000000c5200000, 0x00000000eab00000)
  object space 83968K, 33% used [0x00000000c0000000,0x00000000c1b138d8,0x00000000c5200000)
 Metaspace       used 42867K, capacity 45632K, committed 45784K, reserved 1089536K
  class space    used 5979K, capacity 6285K, committed 6400K, reserved 1048576K
Event: 129.713 GC heap after
Heap after GC invocations=12 (full 2):
 PSYoungGen      total 217088K, used 12256K [0x00000000eab00000, 0x00000000fce80000, 0x0000000100000000)
  eden space 204800K, 0% used [0x00000000eab00000,0x00000000eab00000,0x00000000f7300000)
  from space 12288K, 99% used [0x00000000f8d00000,0x00000000f98f8010,0x00000000f9900000)
  to   space 26624K, 0% used [0x00000000f7300000,0x00000000f7300000,0x00000000f8d00000)
 ParOldGen       total 83968K, used 47739K [0x00000000c0000000, 0x00000000c5200000, 0x00000000eab00000)
  object space 83968K, 56% used [0x00000000c0000000,0x00000000c2e9eed8,0x00000000c5200000)
 Metaspace       used 42867K, capacity 45632K, committed 45784K, reserved 1089536K
  class space    used 5979K, capacity 6285K, committed 6400K, reserved 1048576K
}

