# JRE version: Java(TM) SE Runtime Environment (8.0_121-b13) (build 1.8.0_121-b13)
# Java VM: Java HotSpot(TM) 64-Bit Server VM (25.121-b13 mixed mode windows-amd64 compressed oops)
Heap:
 PSYoungGen      total 192000K, used 61351K [0x00000000d5580000, 0x00000000e2b00000, 0x0000000100000000)
  eden space 169472K, 25% used [0x00000000d5580000,0x00000000d800a320,0x00000000dfb00000)
  from space 22528K, 78% used [0x00000000e1280000,0x00000000e23df978,0x00000000e2880000)
  to   space 24064K, 0% used [0x00000000dfb00000,0x00000000dfb00000,0x00000000e1280000)
 ParOldGen       total 91648K, used 43389K [0x0000000080000000, 0x0000000085980000, 0x00000000d5580000)
  object space 91648K, 47% used [0x0000000080000000,0x0000000082a5f408,0x0000000085980000)
 Metaspace       used 42845K, capacity 45618K, committed 45784K, reserved 1089536K
  class space    used 5996K, capacity 6318K, committed 6400K, reserved 1048576K
GC Heap History (10 events):
Event: 11.672 GC heap before
{Heap before GC invocations=12 (full 2):
 PSYoungGen      total 109056K, used 12737K [0x00000000d5580000, 0x00000000dd880000, 0x0000000100000000)
  eden space 95744K, 0% used [0x00000000d5580000,0x00000000d5580000,0x00000000db300000)
  from space 13312K, 95% used [0x00000000dc180000,0x00000000dcdf0558,0x00000000dce80000)
  to   space 14848K, 0% used [0x00000000db300000,0x00000000db300000,0x00000000dc180000)
 ParOldGen       total 65536K, used 11206K [0x0000000080000000, 0x0000000084000000, 0x00000000d5580000)
  object space 65536K, 17% used [0x0000000080000000,0x0000000080af1810,0x0000000084000000)
 Metaspace       used 34783K, capacity 35288K, committed 35416K, reserved 1079296K
  class space    used 4856K, capacity 4985K, committed 4992K, reserved 1048576K
Event: 11.818 GC heap after
Heap after GC invocations=12 (full 2):
 PSYoungGen      total 109056K, used 0K [0x00000000d5580000, 0x00000000dd880000, 0x0000000100000000)
  eden space 95744K, 0% used [0x00000000d5580000,0x00000000d5580000,0x00000000db300000)
  from space 13312K, 0% used [0x00000000dc180000,0x00000000dc180000,0x00000000dce80000)
  to   space 14848K, 0% used [0x00000000db300000,0x00000000db300000,0x00000000dc180000)
 ParOldGen       total 91648K, used 19143K [0x0000000080000000, 0x0000000085980000, 0x00000000d5580000)
  object space 91648K, 20% used [0x0000000080000000,0x00000000812b1c08,0x0000000085980000)
 Metaspace       used 34783K, capacity 35288K, committed 35416K, reserved 1079296K
  class space    used 4856K, capacity 4985K, committed 4992K, reserved 1048576K
}
Event: 13.204 GC heap before
{Heap before GC invocations=13 (full 2):
 PSYoungGen      total 109056K, used 95744K [0x00000000d5580000, 0x00000000dd880000, 0x0000000100000000)
  eden space 95744K, 100% used [0x00000000d5580000,0x00000000db300000,0x00000000db300000)
  from space 13312K, 0% used [0x00000000dc180000,0x00000000dc180000,0x00000000dce80000)
  to   space 14848K, 0% used [0x00000000db300000,0x00000000db300000,0x00000000dc180000)
 ParOldGen       total 91648K, used 19143K [0x0000000080000000, 0x0000000085980000, 0x00000000d5580000)
  object space 91648K, 20% used [0x0000000080000000,0x00000000812b1c08,0x0000000085980000)
 Metaspace       used 36801K, capacity 37496K, committed 37720K, reserved 1081344K
  class space    used 5206K, capacity 5402K, committed 5504K, reserved 1048576K
Event: 13.221 GC heap after
Heap after GC invocations=13 (full 2):
 PSYoungGen      total 110592K, used 9461K [0x00000000d5580000, 0x00000000df100000, 0x0000000100000000)
  eden space 95744K, 0% used [0x00000000d5580000,0x00000000d5580000,0x00000000db300000)
  from space 14848K, 63% used [0x00000000db300000,0x00000000dbc3d7b8,0x00000000dc180000)
  to   space 14336K, 0% used [0x00000000de300000,0x00000000de300000,0x00000000df100000)
 ParOldGen       total 91648K, used 19151K [0x0000000080000000, 0x0000000085980000, 0x00000000d5580000)
  object space 91648K, 20% used [0x0000000080000000,0x00000000812b3c08,0x0000000085980000)
 Metaspace       used 36801K, capacity 37496K, committed 37720K, reserved 1081344K
  class space    used 5206K, capacity 5402K, committed 5504K, reserved 1048576K
}
Event: 15.961 GC heap before
{Heap before GC invocations=14 (full 2):
 PSYoungGen      total 110592K, used 105205K [0x00000000d5580000, 0x00000000df100000, 0x0000000100000000)
  eden space 95744K, 100% used [0x00000000d5580000,0x00000000db300000,0x00000000db300000)
  from space 14848K, 63% used [0x00000000db300000,0x00000000dbc3d7b8,0x00000000dc180000)
  to   space 14336K, 0% used [0x00000000de300000,0x00000000de300000,0x00000000df100000)
 ParOldGen       total 91648K, used 19151K [0x0000000080000000, 0x0000000085980000, 0x00000000d5580000)
  object space 91648K, 20% used [0x0000000080000000,0x00000000812b3c08,0x0000000085980000)
 Metaspace       used 39147K, capacity 40216K, committed 40536K, reserved 1083392K
  class space    used 5463K, capacity 5684K, committed 5760K, reserved 1048576K
Event: 15.988 GC heap after
Heap after GC invocations=14 (full 2):
 PSYoungGen      total 142336K, used 14304K [0x00000000d5580000, 0x00000000df400000, 0x0000000100000000)
  eden space 128000K, 0% used [0x00000000d5580000,0x00000000d5580000,0x00000000dd280000)
  from space 14336K, 99% used [0x00000000de300000,0x00000000df0f8010,0x00000000df100000)
  to   space 16896K, 0% used [0x00000000dd280000,0x00000000dd280000,0x00000000de300000)
 ParOldGen       total 91648K, used 20935K [0x0000000080000000, 0x0000000085980000, 0x00000000d5580000)
  object space 91648K, 22% used [0x0000000080000000,0x0000000081471ec0,0x0000000085980000)
 Metaspace       used 39147K, capacity 40216K, committed 40536K, reserved 1083392K
  class space    used 5463K, capacity 5684K, committed 5760K, reserved 1048576K
}
Event: 18.004 GC heap before
{Heap before GC invocations=15 (full 2):
 PSYoungGen      total 142336K, used 142304K [0x00000000d5580000, 0x00000000df400000, 0x0000000100000000)
  eden space 128000K, 100% used [0x00000000d5580000,0x00000000dd280000,0x00000000dd280000)
  from space 14336K, 99% used [0x00000000de300000,0x00000000df0f8010,0x00000000df100000)
  to   space 16896K, 0% used [0x00000000dd280000,0x00000000dd280000,0x00000000de300000)
 ParOldGen       total 91648K, used 20935K [0x0000000080000000, 0x0000000085980000, 0x00000000d5580000)
  object space 91648K, 22% used [0x0000000080000000,0x0000000081471ec0,0x0000000085980000)
 Metaspace       used 40403K, capacity 42702K, committed 42840K, reserved 1085440K
  class space    used 5635K, capacity 5942K, committed 6016K, reserved 1048576K
Event: 18.044 GC heap after
Heap after GC invocations=15 (full 2):
 PSYoungGen      total 144896K, used 16864K [0x00000000d5580000, 0x00000000e2880000, 0x0000000100000000)
  eden space 128000K, 0% used [0x00000000d5580000,0x00000000d5580000,0x00000000dd280000)
  from space 16896K, 99% used [0x00000000dd280000,0x00000000de2f8010,0x00000000de300000)
  to   space 22528K, 0% used [0x00000000e1280000,0x00000000e1280000,0x00000000e2880000)
 ParOldGen       total 91648K, used 30060K [0x0000000080000000, 0x0000000085980000, 0x00000000d5580000)
  object space 91648K, 32% used [0x0000000080000000,0x0000000081d5b0f8,0x0000000085980000)
 Metaspace       used 40403K, capacity 42702K, committed 42840K, reserved 1085440K
  class space    used 5635K, capacity 5942K, committed 6016K, reserved 1048576K
}
Event: 20.066 GC heap before
{Heap before GC invocations=16 (full 2):
 PSYoungGen      total 144896K, used 144864K [0x00000000d5580000, 0x00000000e2880000, 0x0000000100000000)
  eden space 128000K, 100% used [0x00000000d5580000,0x00000000dd280000,0x00000000dd280000)
  from space 16896K, 99% used [0x00000000dd280000,0x00000000de2f8010,0x00000000de300000)
  to   space 22528K, 0% used [0x00000000e1280000,0x00000000e1280000,0x00000000e2880000)
 ParOldGen       total 91648K, used 30060K [0x0000000080000000, 0x0000000085980000, 0x00000000d5580000)
  object space 91648K, 32% used [0x0000000080000000,0x0000000081d5b0f8,0x0000000085980000)
 Metaspace       used 42303K, capacity 45052K, committed 45144K, reserved 1087488K
  class space    used 5914K, capacity 6245K, committed 6272K, reserved 1048576K
Event: 20.105 GC heap after
Heap after GC invocations=16 (full 2):
 PSYoungGen      total 192000K, used 17790K [0x00000000d5580000, 0x00000000e2b00000, 0x0000000100000000)
  eden space 169472K, 0% used [0x00000000d5580000,0x00000000d5580000,0x00000000dfb00000)
  from space 22528K, 78% used [0x00000000e1280000,0x00000000e23df978,0x00000000e2880000)
  to   space 24064K, 0% used [0x00000000dfb00000,0x00000000dfb00000,0x00000000e1280000)
 ParOldGen       total 91648K, used 43389K [0x0000000080000000, 0x0000000085980000, 0x00000000d5580000)
  object space 91648K, 47% used [0x0000000080000000,0x0000000082a5f408,0x0000000085980000)
 Metaspace       used 42303K, capacity 45052K, committed 45144K, reserved 1087488K
  class space    used 5914K, capacity 6245K, committed 6272K, reserved 1048576K
}

