# JRE version: Java(TM) SE Runtime Environment (8.0_121-b13) (build 1.8.0_121-b13)
# Java VM: Java HotSpot(TM) 64-Bit Server VM (25.121-b13 mixed mode windows-amd64 compressed oops)
Heap:
 PSYoungGen      total 257536K, used 83083K [0x00000000d5580000, 0x00000000e9e00000, 0x0000000100000000)
  eden space 235008K, 35% used [0x00000000d5580000,0x00000000da6a2fe8,0x00000000e3b00000)
  from space 22528K, 0% used [0x00000000e3b00000,0x00000000e3b00000,0x00000000e5100000)
  to   space 28672K, 0% used [0x00000000e8200000,0x00000000e8200000,0x00000000e9e00000)
 ParOldGen       total 151040K, used 51947K [0x0000000080000000, 0x0000000089380000, 0x00000000d5580000)
  object space 151040K, 34% used [0x0000000080000000,0x00000000832bae10,0x0000000089380000)
 Metaspace       used 45255K, capacity 48712K, committed 48984K, reserved 1091584K
  class space    used 6202K, capacity 6665K, committed 6784K, reserved 1048576K
GC Heap History (10 events):
Event: 87.555 GC heap before
{Heap before GC invocations=16 (full 2):
 PSYoungGen      total 158208K, used 158192K [0x00000000d5580000, 0x00000000e3e80000, 0x0000000100000000)
  eden space 140800K, 100% used [0x00000000d5580000,0x00000000ddf00000,0x00000000ddf00000)
  from space 17408K, 99% used [0x00000000ddf00000,0x00000000deffc010,0x00000000df000000)
  to   space 23552K, 0% used [0x00000000e2780000,0x00000000e2780000,0x00000000e3e80000)
 ParOldGen       total 88576K, used 31333K [0x0000000080000000, 0x0000000085680000, 0x00000000d5580000)
  object space 88576K, 35% used [0x0000000080000000,0x0000000081e996a8,0x0000000085680000)
 Metaspace       used 43264K, capacity 46184K, committed 46424K, reserved 1089536K
  class space    used 6044K, capacity 6415K, committed 6528K, reserved 1048576K
Event: 87.616 GC heap after
Heap after GC invocations=16 (full 2):
 PSYoungGen      total 205824K, used 16751K [0x00000000d5580000, 0x00000000e3b00000, 0x0000000100000000)
  eden space 185856K, 0% used [0x00000000d5580000,0x00000000d5580000,0x00000000e0b00000)
  from space 19968K, 83% used [0x00000000e2780000,0x00000000e37dbeb0,0x00000000e3b00000)
  to   space 24576K, 0% used [0x00000000e0b00000,0x00000000e0b00000,0x00000000e2300000)
 ParOldGen       total 88576K, used 42504K [0x0000000080000000, 0x0000000085680000, 0x00000000d5580000)
  object space 88576K, 47% used [0x0000000080000000,0x0000000082982030,0x0000000085680000)
 Metaspace       used 43264K, capacity 46184K, committed 46424K, reserved 1089536K
  class space    used 6044K, capacity 6415K, committed 6528K, reserved 1048576K
}
Event: 90.345 GC heap before
{Heap before GC invocations=17 (full 2):
 PSYoungGen      total 205824K, used 202607K [0x00000000d5580000, 0x00000000e3b00000, 0x0000000100000000)
  eden space 185856K, 100% used [0x00000000d5580000,0x00000000e0b00000,0x00000000e0b00000)
  from space 19968K, 83% used [0x00000000e2780000,0x00000000e37dbeb0,0x00000000e3b00000)
  to   space 24576K, 0% used [0x00000000e0b00000,0x00000000e0b00000,0x00000000e2300000)
 ParOldGen       total 88576K, used 42504K [0x0000000080000000, 0x0000000085680000, 0x00000000d5580000)
  object space 88576K, 47% used [0x0000000080000000,0x0000000082982030,0x0000000085680000)
 Metaspace       used 44110K, capacity 47470K, committed 47576K, reserved 1089536K
  class space    used 6134K, capacity 6576K, committed 6656K, reserved 1048576K
Event: 90.380 GC heap after
Heap after GC invocations=17 (full 2):
 PSYoungGen      total 210432K, used 13040K [0x00000000d5580000, 0x00000000e7200000, 0x0000000100000000)
  eden space 185856K, 0% used [0x00000000d5580000,0x00000000d5580000,0x00000000e0b00000)
  from space 24576K, 53% used [0x00000000e0b00000,0x00000000e17bc030,0x00000000e2300000)
  to   space 24064K, 0% used [0x00000000e5a80000,0x00000000e5a80000,0x00000000e7200000)
 ParOldGen       total 88576K, used 57118K [0x0000000080000000, 0x0000000085680000, 0x00000000d5580000)
  object space 88576K, 64% used [0x0000000080000000,0x00000000837c78b0,0x0000000085680000)
 Metaspace       used 44110K, capacity 47470K, committed 47576K, reserved 1089536K
  class space    used 6134K, capacity 6576K, committed 6656K, reserved 1048576K
}
Event: 402.960 GC heap before
{Heap before GC invocations=18 (full 2):
 PSYoungGen      total 210432K, used 198896K [0x00000000d5580000, 0x00000000e7200000, 0x0000000100000000)
  eden space 185856K, 100% used [0x00000000d5580000,0x00000000e0b00000,0x00000000e0b00000)
  from space 24576K, 53% used [0x00000000e0b00000,0x00000000e17bc030,0x00000000e2300000)
  to   space 24064K, 0% used [0x00000000e5a80000,0x00000000e5a80000,0x00000000e7200000)
 ParOldGen       total 88576K, used 57118K [0x0000000080000000, 0x0000000085680000, 0x00000000d5580000)
  object space 88576K, 64% used [0x0000000080000000,0x00000000837c78b0,0x0000000085680000)
 Metaspace       used 44427K, capacity 47884K, committed 48088K, reserved 1091584K
  class space    used 6147K, capacity 6591K, committed 6656K, reserved 1048576K
Event: 403.034 GC heap after
Heap after GC invocations=18 (full 2):
 PSYoungGen      total 247808K, used 11904K [0x00000000d5580000, 0x00000000e6700000, 0x0000000100000000)
  eden space 235008K, 0% used [0x00000000d5580000,0x00000000d5580000,0x00000000e3b00000)
  from space 12800K, 93% used [0x00000000e5a80000,0x00000000e6620060,0x00000000e6700000)
  to   space 22528K, 0% used [0x00000000e3b00000,0x00000000e3b00000,0x00000000e5100000)
 ParOldGen       total 88576K, used 68970K [0x0000000080000000, 0x0000000085680000, 0x00000000d5580000)
  object space 88576K, 77% used [0x0000000080000000,0x000000008435a880,0x0000000085680000)
 Metaspace       used 44427K, capacity 47884K, committed 48088K, reserved 1091584K
  class space    used 6147K, capacity 6591K, committed 6656K, reserved 1048576K
}
Event: 406.889 GC heap before
{Heap before GC invocations=19 (full 2):
 PSYoungGen      total 247808K, used 246912K [0x00000000d5580000, 0x00000000e6700000, 0x0000000100000000)
  eden space 235008K, 100% used [0x00000000d5580000,0x00000000e3b00000,0x00000000e3b00000)
  from space 12800K, 93% used [0x00000000e5a80000,0x00000000e6620060,0x00000000e6700000)
  to   space 22528K, 0% used [0x00000000e3b00000,0x00000000e3b00000,0x00000000e5100000)
 ParOldGen       total 88576K, used 68970K [0x0000000080000000, 0x0000000085680000, 0x00000000d5580000)
  object space 88576K, 77% used [0x0000000080000000,0x000000008435a880,0x0000000085680000)
 Metaspace       used 44813K, capacity 48268K, committed 48344K, reserved 1091584K
  class space    used 6149K, capacity 6591K, committed 6656K, reserved 1048576K
Event: 406.962 GC heap after
Heap after GC invocations=19 (full 2):
 PSYoungGen      total 257536K, used 22512K [0x00000000d5580000, 0x00000000e9e00000, 0x0000000100000000)
  eden space 235008K, 0% used [0x00000000d5580000,0x00000000d5580000,0x00000000e3b00000)
  from space 22528K, 99% used [0x00000000e3b00000,0x00000000e50fc050,0x00000000e5100000)
  to   space 28672K, 0% used [0x00000000e8200000,0x00000000e8200000,0x00000000e9e00000)
 ParOldGen       total 88576K, used 76533K [0x0000000080000000, 0x0000000085680000, 0x00000000d5580000)
  object space 88576K, 86% used [0x0000000080000000,0x0000000084abd5c0,0x0000000085680000)
 Metaspace       used 44813K, capacity 48268K, committed 48344K, reserved 1091584K
  class space    used 6149K, capacity 6591K, committed 6656K, reserved 1048576K
}
Event: 406.962 GC heap before
{Heap before GC invocations=20 (full 3):
 PSYoungGen      total 257536K, used 22512K [0x00000000d5580000, 0x00000000e9e00000, 0x0000000100000000)
  eden space 235008K, 0% used [0x00000000d5580000,0x00000000d5580000,0x00000000e3b00000)
  from space 22528K, 99% used [0x00000000e3b00000,0x00000000e50fc050,0x00000000e5100000)
  to   space 28672K, 0% used [0x00000000e8200000,0x00000000e8200000,0x00000000e9e00000)
 ParOldGen       total 88576K, used 76533K [0x0000000080000000, 0x0000000085680000, 0x00000000d5580000)
  object space 88576K, 86% used [0x0000000080000000,0x0000000084abd5c0,0x0000000085680000)
 Metaspace       used 44813K, capacity 48268K, committed 48344K, reserved 1091584K
  class space    used 6149K, capacity 6591K, committed 6656K, reserved 1048576K
Event: 407.452 GC heap after
Heap after GC invocations=20 (full 3):
 PSYoungGen      total 257536K, used 0K [0x00000000d5580000, 0x00000000e9e00000, 0x0000000100000000)
  eden space 235008K, 0% used [0x00000000d5580000,0x00000000d5580000,0x00000000e3b00000)
  from space 22528K, 0% used [0x00000000e3b00000,0x00000000e3b00000,0x00000000e5100000)
  to   space 28672K, 0% used [0x00000000e8200000,0x00000000e8200000,0x00000000e9e00000)
 ParOldGen       total 151040K, used 51947K [0x0000000080000000, 0x0000000089380000, 0x00000000d5580000)
  object space 151040K, 34% used [0x0000000080000000,0x00000000832bae10,0x0000000089380000)
 Metaspace       used 44813K, capacity 48268K, committed 48344K, reserved 1091584K
  class space    used 6149K, capacity 6591K, committed 6656K, reserved 1048576K
}

