# JRE version: Java(TM) SE Runtime Environment (8.0_121-b13) (build 1.8.0_121-b13)
# Java VM: Java HotSpot(TM) 64-Bit Server VM (25.121-b13 mixed mode windows-amd64 compressed oops)
Heap:
 PSYoungGen      total 182272K, used 78749K [0x00000000eab00000, 0x00000000f8380000, 0x0000000100000000)
  eden space 168960K, 46% used [0x00000000eab00000,0x00000000ef7e74f8,0x00000000f5000000)
  from space 13312K, 0% used [0x00000000f5e00000,0x00000000f5e00000,0x00000000f6b00000)
  to   space 14336K, 0% used [0x00000000f5000000,0x00000000f5000000,0x00000000f5e00000)
 ParOldGen       total 82944K, used 18162K [0x00000000c0000000, 0x00000000c5100000, 0x00000000eab00000)
  object space 82944K, 21% used [0x00000000c0000000,0x00000000c11bca98,0x00000000c5100000)
 Metaspace       used 36559K, capacity 37256K, committed 37336K, reserved 1081344K
  class space    used 5156K, capacity 5366K, committed 5376K, reserved 1048576K
GC Heap History (10 events):
Event: 9.693 GC heap before
{Heap before GC invocations=6 (full 1):
 PSYoungGen      total 71680K, used 66560K [0x00000000eab00000, 0x00000000ef600000, 0x0000000100000000)
  eden space 66560K, 100% used [0x00000000eab00000,0x00000000eec00000,0x00000000eec00000)
  from space 5120K, 0% used [0x00000000ef100000,0x00000000ef100000,0x00000000ef600000)
  to   space 5120K, 0% used [0x00000000eec00000,0x00000000eec00000,0x00000000ef100000)
 ParOldGen       total 61440K, used 9627K [0x00000000c0000000, 0x00000000c3c00000, 0x00000000eab00000)
  object space 61440K, 15% used [0x00000000c0000000,0x00000000c0966d30,0x00000000c3c00000)
 Metaspace       used 25739K, capacity 26162K, committed 26368K, reserved 1071104K
  class space    used 3628K, capacity 3741K, committed 3840K, reserved 1048576K
Event: 9.711 GC heap after
Heap after GC invocations=6 (full 1):
 PSYoungGen      total 71680K, used 5112K [0x00000000eab00000, 0x00000000f2800000, 0x0000000100000000)
  eden space 66560K, 0% used [0x00000000eab00000,0x00000000eab00000,0x00000000eec00000)
  from space 5120K, 99% used [0x00000000eec00000,0x00000000ef0fe358,0x00000000ef100000)
  to   space 10752K, 0% used [0x00000000f1d80000,0x00000000f1d80000,0x00000000f2800000)
 ParOldGen       total 61440K, used 12254K [0x00000000c0000000, 0x00000000c3c00000, 0x00000000eab00000)
  object space 61440K, 19% used [0x00000000c0000000,0x00000000c0bf7b10,0x00000000c3c00000)
 Metaspace       used 25739K, capacity 26162K, committed 26368K, reserved 1071104K
  class space    used 3628K, capacity 3741K, committed 3840K, reserved 1048576K
}
Event: 12.840 GC heap before
{Heap before GC invocations=7 (full 1):
 PSYoungGen      total 71680K, used 71672K [0x00000000eab00000, 0x00000000f2800000, 0x0000000100000000)
  eden space 66560K, 100% used [0x00000000eab00000,0x00000000eec00000,0x00000000eec00000)
  from space 5120K, 99% used [0x00000000eec00000,0x00000000ef0fe358,0x00000000ef100000)
  to   space 10752K, 0% used [0x00000000f1d80000,0x00000000f1d80000,0x00000000f2800000)
 ParOldGen       total 61440K, used 12254K [0x00000000c0000000, 0x00000000c3c00000, 0x00000000eab00000)
  object space 61440K, 19% used [0x00000000c0000000,0x00000000c0bf7b10,0x00000000c3c00000)
 Metaspace       used 29076K, capacity 29532K, committed 29824K, reserved 1075200K
  class space    used 4010K, capacity 4162K, committed 4224K, reserved 1048576K
Event: 12.861 GC heap after
Heap after GC invocations=7 (full 1):
 PSYoungGen      total 113152K, used 7483K [0x00000000eab00000, 0x00000000f2580000, 0x0000000100000000)
  eden space 104960K, 0% used [0x00000000eab00000,0x00000000eab00000,0x00000000f1180000)
  from space 8192K, 91% used [0x00000000f1d80000,0x00000000f24cec50,0x00000000f2580000)
  to   space 10240K, 0% used [0x00000000f1180000,0x00000000f1180000,0x00000000f1b80000)
 ParOldGen       total 61440K, used 12262K [0x00000000c0000000, 0x00000000c3c00000, 0x00000000eab00000)
  object space 61440K, 19% used [0x00000000c0000000,0x00000000c0bf9b10,0x00000000c3c00000)
 Metaspace       used 29076K, capacity 29532K, committed 29824K, reserved 1075200K
  class space    used 4010K, capacity 4162K, committed 4224K, reserved 1048576K
}
Event: 16.136 GC heap before
{Heap before GC invocations=8 (full 1):
 PSYoungGen      total 113152K, used 112443K [0x00000000eab00000, 0x00000000f2580000, 0x0000000100000000)
  eden space 104960K, 100% used [0x00000000eab00000,0x00000000f1180000,0x00000000f1180000)
  from space 8192K, 91% used [0x00000000f1d80000,0x00000000f24cec50,0x00000000f2580000)
  to   space 10240K, 0% used [0x00000000f1180000,0x00000000f1180000,0x00000000f1b80000)
 ParOldGen       total 61440K, used 12262K [0x00000000c0000000, 0x00000000c3c00000, 0x00000000eab00000)
  object space 61440K, 19% used [0x00000000c0000000,0x00000000c0bf9b10,0x00000000c3c00000)
 Metaspace       used 34380K, capacity 34912K, committed 35200K, reserved 1079296K
  class space    used 4800K, capacity 4946K, committed 4992K, reserved 1048576K
Event: 16.194 GC heap after
Heap after GC invocations=8 (full 1):
 PSYoungGen      total 115200K, used 10208K [0x00000000eab00000, 0x00000000f6b00000, 0x0000000100000000)
  eden space 104960K, 0% used [0x00000000eab00000,0x00000000eab00000,0x00000000f1180000)
  from space 10240K, 99% used [0x00000000f1180000,0x00000000f1b78030,0x00000000f1b80000)
  to   space 13312K, 0% used [0x00000000f5e00000,0x00000000f5e00000,0x00000000f6b00000)
 ParOldGen       total 61440K, used 15889K [0x00000000c0000000, 0x00000000c3c00000, 0x00000000eab00000)
  object space 61440K, 25% used [0x00000000c0000000,0x00000000c0f844b0,0x00000000c3c00000)
 Metaspace       used 34380K, capacity 34912K, committed 35200K, reserved 1079296K
  class space    used 4800K, capacity 4946K, committed 4992K, reserved 1048576K
}
Event: 16.495 GC heap before
{Heap before GC invocations=9 (full 1):
 PSYoungGen      total 115200K, used 19911K [0x00000000eab00000, 0x00000000f6b00000, 0x0000000100000000)
  eden space 104960K, 9% used [0x00000000eab00000,0x00000000eb479f90,0x00000000f1180000)
  from space 10240K, 99% used [0x00000000f1180000,0x00000000f1b78030,0x00000000f1b80000)
  to   space 13312K, 0% used [0x00000000f5e00000,0x00000000f5e00000,0x00000000f6b00000)
 ParOldGen       total 61440K, used 15889K [0x00000000c0000000, 0x00000000c3c00000, 0x00000000eab00000)
  object space 61440K, 25% used [0x00000000c0000000,0x00000000c0f844b0,0x00000000c3c00000)
 Metaspace       used 34866K, capacity 35344K, committed 35416K, reserved 1079296K
  class space    used 4868K, capacity 4985K, committed 4992K, reserved 1048576K
Event: 16.531 GC heap after
Heap after GC invocations=9 (full 1):
 PSYoungGen      total 182272K, used 11089K [0x00000000eab00000, 0x00000000f8380000, 0x0000000100000000)
  eden space 168960K, 0% used [0x00000000eab00000,0x00000000eab00000,0x00000000f5000000)
  from space 13312K, 83% used [0x00000000f5e00000,0x00000000f68d4568,0x00000000f6b00000)
  to   space 14336K, 0% used [0x00000000f5000000,0x00000000f5000000,0x00000000f5e00000)
 ParOldGen       total 61440K, used 15897K [0x00000000c0000000, 0x00000000c3c00000, 0x00000000eab00000)
  object space 61440K, 25% used [0x00000000c0000000,0x00000000c0f864b0,0x00000000c3c00000)
 Metaspace       used 34866K, capacity 35344K, committed 35416K, reserved 1079296K
  class space    used 4868K, capacity 4985K, committed 4992K, reserved 1048576K
}
Event: 16.531 GC heap before
{Heap before GC invocations=10 (full 2):
 PSYoungGen      total 182272K, used 11089K [0x00000000eab00000, 0x00000000f8380000, 0x0000000100000000)
  eden space 168960K, 0% used [0x00000000eab00000,0x00000000eab00000,0x00000000f5000000)
  from space 13312K, 83% used [0x00000000f5e00000,0x00000000f68d4568,0x00000000f6b00000)
  to   space 14336K, 0% used [0x00000000f5000000,0x00000000f5000000,0x00000000f5e00000)
 ParOldGen       total 61440K, used 15897K [0x00000000c0000000, 0x00000000c3c00000, 0x00000000eab00000)
  object space 61440K, 25% used [0x00000000c0000000,0x00000000c0f864b0,0x00000000c3c00000)
 Metaspace       used 34866K, capacity 35344K, committed 35416K, reserved 1079296K
  class space    used 4868K, capacity 4985K, committed 4992K, reserved 1048576K
Event: 16.717 GC heap after
Heap after GC invocations=10 (full 2):
 PSYoungGen      total 182272K, used 0K [0x00000000eab00000, 0x00000000f8380000, 0x0000000100000000)
  eden space 168960K, 0% used [0x00000000eab00000,0x00000000eab00000,0x00000000f5000000)
  from space 13312K, 0% used [0x00000000f5e00000,0x00000000f5e00000,0x00000000f6b00000)
  to   space 14336K, 0% used [0x00000000f5000000,0x00000000f5000000,0x00000000f5e00000)
 ParOldGen       total 82944K, used 18162K [0x00000000c0000000, 0x00000000c5100000, 0x00000000eab00000)
  object space 82944K, 21% used [0x00000000c0000000,0x00000000c11bca98,0x00000000c5100000)
 Metaspace       used 34866K, capacity 35344K, committed 35416K, reserved 1079296K
  class space    used 4868K, capacity 4985K, committed 4992K, reserved 1048576K
}

