# JRE version: Java(TM) SE Runtime Environment (8.0_121-b13) (build 1.8.0_121-b13)
# Java VM: Java HotSpot(TM) 64-Bit Server VM (25.121-b13 mixed mode windows-amd64 compressed oops)
Heap:
 PSYoungGen      total 134144K, used 100545K [0x00000000eab00000, 0x00000000f5c80000, 0x0000000100000000)
  eden space 115200K, 77% used [0x00000000eab00000,0x00000000f01ae918,0x00000000f1b80000)
  from space 18944K, 62% used [0x00000000f1b80000,0x00000000f2701ed0,0x00000000f2e00000)
  to   space 18944K, 0% used [0x00000000f4a00000,0x00000000f4a00000,0x00000000f5c80000)
 ParOldGen       total 103936K, used 43964K [0x00000000c0000000, 0x00000000c6580000, 0x00000000eab00000)
  object space 103936K, 42% used [0x00000000c0000000,0x00000000c2aef1b0,0x00000000c6580000)
 Metaspace       used 48840K, capacity 51900K, committed 52096K, reserved 1093632K
  class space    used 6620K, capacity 6992K, committed 7040K, reserved 1048576K
GC Heap History (10 events):
Event: 10.032 GC heap before
{Heap before GC invocations=11 (full 2):
 PSYoungGen      total 91136K, used 9175K [0x00000000eab00000, 0x00000000f2d80000, 0x0000000100000000)
  eden space 79360K, 0% used [0x00000000eab00000,0x00000000eab00000,0x00000000ef880000)
  from space 11776K, 77% used [0x00000000ef880000,0x00000000f0175db8,0x00000000f0400000)
  to   space 12288K, 0% used [0x00000000f2180000,0x00000000f2180000,0x00000000f2d80000)
 ParOldGen       total 64512K, used 13393K [0x00000000c0000000, 0x00000000c3f00000, 0x00000000eab00000)
  object space 64512K, 20% used [0x00000000c0000000,0x00000000c0d144f8,0x00000000c3f00000)
 Metaspace       used 34695K, capacity 35264K, committed 35416K, reserved 1079296K
  class space    used 4844K, capacity 4999K, committed 5120K, reserved 1048576K
Event: 10.215 GC heap after
Heap after GC invocations=11 (full 2):
 PSYoungGen      total 91136K, used 0K [0x00000000eab00000, 0x00000000f2d80000, 0x0000000100000000)
  eden space 79360K, 0% used [0x00000000eab00000,0x00000000eab00000,0x00000000ef880000)
  from space 11776K, 0% used [0x00000000ef880000,0x00000000ef880000,0x00000000f0400000)
  to   space 12288K, 0% used [0x00000000f2180000,0x00000000f2180000,0x00000000f2d80000)
 ParOldGen       total 103936K, used 18956K [0x00000000c0000000, 0x00000000c6580000, 0x00000000eab00000)
  object space 103936K, 18% used [0x00000000c0000000,0x00000000c12830b8,0x00000000c6580000)
 Metaspace       used 34695K, capacity 35264K, committed 35416K, reserved 1079296K
  class space    used 4844K, capacity 4999K, committed 5120K, reserved 1048576K
}
Event: 11.087 GC heap before
{Heap before GC invocations=12 (full 2):
 PSYoungGen      total 91136K, used 79360K [0x00000000eab00000, 0x00000000f2d80000, 0x0000000100000000)
  eden space 79360K, 100% used [0x00000000eab00000,0x00000000ef880000,0x00000000ef880000)
  from space 11776K, 0% used [0x00000000ef880000,0x00000000ef880000,0x00000000f0400000)
  to   space 12288K, 0% used [0x00000000f2180000,0x00000000f2180000,0x00000000f2d80000)
 ParOldGen       total 103936K, used 18956K [0x00000000c0000000, 0x00000000c6580000, 0x00000000eab00000)
  object space 103936K, 18% used [0x00000000c0000000,0x00000000c12830b8,0x00000000c6580000)
 Metaspace       used 36590K, capacity 37208K, committed 37376K, reserved 1081344K
  class space    used 5155K, capacity 5347K, committed 5376K, reserved 1048576K
Event: 11.104 GC heap after
Heap after GC invocations=12 (full 2):
 PSYoungGen      total 105984K, used 7981K [0x00000000eab00000, 0x00000000f2980000, 0x0000000100000000)
  eden space 97792K, 0% used [0x00000000eab00000,0x00000000eab00000,0x00000000f0a80000)
  from space 8192K, 97% used [0x00000000f2180000,0x00000000f294b440,0x00000000f2980000)
  to   space 11776K, 0% used [0x00000000f1280000,0x00000000f1280000,0x00000000f1e00000)
 ParOldGen       total 103936K, used 18964K [0x00000000c0000000, 0x00000000c6580000, 0x00000000eab00000)
  object space 103936K, 18% used [0x00000000c0000000,0x00000000c12850b8,0x00000000c6580000)
 Metaspace       used 36590K, capacity 37208K, committed 37376K, reserved 1081344K
  class space    used 5155K, capacity 5347K, committed 5376K, reserved 1048576K
}
Event: 13.170 GC heap before
{Heap before GC invocations=13 (full 2):
 PSYoungGen      total 105984K, used 105773K [0x00000000eab00000, 0x00000000f2980000, 0x0000000100000000)
  eden space 97792K, 100% used [0x00000000eab00000,0x00000000f0a80000,0x00000000f0a80000)
  from space 8192K, 97% used [0x00000000f2180000,0x00000000f294b440,0x00000000f2980000)
  to   space 11776K, 0% used [0x00000000f1280000,0x00000000f1280000,0x00000000f1e00000)
 ParOldGen       total 103936K, used 18964K [0x00000000c0000000, 0x00000000c6580000, 0x00000000eab00000)
  object space 103936K, 18% used [0x00000000c0000000,0x00000000c12850b8,0x00000000c6580000)
 Metaspace       used 39169K, capacity 40246K, committed 40320K, reserved 1083392K
  class space    used 5488K, capacity 5718K, committed 5760K, reserved 1048576K
Event: 13.188 GC heap after
Heap after GC invocations=13 (full 2):
 PSYoungGen      total 117760K, used 11776K [0x00000000eab00000, 0x00000000f3c80000, 0x0000000100000000)
  eden space 105984K, 0% used [0x00000000eab00000,0x00000000eab00000,0x00000000f1280000)
  from space 11776K, 100% used [0x00000000f1280000,0x00000000f1e00000,0x00000000f1e00000)
  to   space 14848K, 0% used [0x00000000f2e00000,0x00000000f2e00000,0x00000000f3c80000)
 ParOldGen       total 103936K, used 23390K [0x00000000c0000000, 0x00000000c6580000, 0x00000000eab00000)
  object space 103936K, 22% used [0x00000000c0000000,0x00000000c16d79a8,0x00000000c6580000)
 Metaspace       used 39169K, capacity 40246K, committed 40320K, reserved 1083392K
  class space    used 5488K, capacity 5718K, committed 5760K, reserved 1048576K
}
Event: 14.956 GC heap before
{Heap before GC invocations=14 (full 2):
 PSYoungGen      total 117760K, used 117760K [0x00000000eab00000, 0x00000000f3c80000, 0x0000000100000000)
  eden space 105984K, 100% used [0x00000000eab00000,0x00000000f1280000,0x00000000f1280000)
  from space 11776K, 100% used [0x00000000f1280000,0x00000000f1e00000,0x00000000f1e00000)
  to   space 14848K, 0% used [0x00000000f2e00000,0x00000000f2e00000,0x00000000f3c80000)
 ParOldGen       total 103936K, used 23390K [0x00000000c0000000, 0x00000000c6580000, 0x00000000eab00000)
  object space 103936K, 22% used [0x00000000c0000000,0x00000000c16d79a8,0x00000000c6580000)
 Metaspace       used 40308K, capacity 42374K, committed 42624K, reserved 1085440K
  class space    used 5632K, capacity 5919K, committed 6016K, reserved 1048576K
Event: 14.986 GC heap after
Heap after GC invocations=14 (full 2):
 PSYoungGen      total 130048K, used 14832K [0x00000000eab00000, 0x00000000f4f00000, 0x0000000100000000)
  eden space 115200K, 0% used [0x00000000eab00000,0x00000000eab00000,0x00000000f1b80000)
  from space 14848K, 99% used [0x00000000f2e00000,0x00000000f3c7c030,0x00000000f3c80000)
  to   space 18944K, 0% used [0x00000000f1b80000,0x00000000f1b80000,0x00000000f2e00000)
 ParOldGen       total 103936K, used 29499K [0x00000000c0000000, 0x00000000c6580000, 0x00000000eab00000)
  object space 103936K, 28% used [0x00000000c0000000,0x00000000c1ccec40,0x00000000c6580000)
 Metaspace       used 40308K, capacity 42374K, committed 42624K, reserved 1085440K
  class space    used 5632K, capacity 5919K, committed 6016K, reserved 1048576K
}
Event: 16.803 GC heap before
{Heap before GC invocations=15 (full 2):
 PSYoungGen      total 130048K, used 130032K [0x00000000eab00000, 0x00000000f4f00000, 0x0000000100000000)
  eden space 115200K, 100% used [0x00000000eab00000,0x00000000f1b80000,0x00000000f1b80000)
  from space 14848K, 99% used [0x00000000f2e00000,0x00000000f3c7c030,0x00000000f3c80000)
  to   space 18944K, 0% used [0x00000000f1b80000,0x00000000f1b80000,0x00000000f2e00000)
 ParOldGen       total 103936K, used 29499K [0x00000000c0000000, 0x00000000c6580000, 0x00000000eab00000)
  object space 103936K, 28% used [0x00000000c0000000,0x00000000c1ccec40,0x00000000c6580000)
 Metaspace       used 41371K, capacity 44262K, committed 44544K, reserved 1087488K
  class space    used 5768K, capacity 6086K, committed 6144K, reserved 1048576K
Event: 16.848 GC heap after
Heap after GC invocations=15 (full 2):
 PSYoungGen      total 134144K, used 11783K [0x00000000eab00000, 0x00000000f5c80000, 0x0000000100000000)
  eden space 115200K, 0% used [0x00000000eab00000,0x00000000eab00000,0x00000000f1b80000)
  from space 18944K, 62% used [0x00000000f1b80000,0x00000000f2701ed0,0x00000000f2e00000)
  to   space 18944K, 0% used [0x00000000f4a00000,0x00000000f4a00000,0x00000000f5c80000)
 ParOldGen       total 103936K, used 43964K [0x00000000c0000000, 0x00000000c6580000, 0x00000000eab00000)
  object space 103936K, 42% used [0x00000000c0000000,0x00000000c2aef1b0,0x00000000c6580000)
 Metaspace       used 41371K, capacity 44262K, committed 44544K, reserved 1087488K
  class space    used 5768K, capacity 6086K, committed 6144K, reserved 1048576K
}

