# JRE version: Java(TM) SE Runtime Environment (8.0_121-b13) (build 1.8.0_121-b13)
# Java VM: Java HotSpot(TM) 64-Bit Server VM (25.121-b13 mixed mode windows-amd64 compressed oops)
Heap:
 PSYoungGen      total 145408K, used 33312K [0x00000000d5e00000, 0x00000000e4680000, 0x0000000100000000)
  eden space 132096K, 25% used [0x00000000d5e00000,0x00000000d7e88258,0x00000000ddf00000)
  from space 13312K, 0% used [0x00000000ddf00000,0x00000000ddf00000,0x00000000dec00000)
  to   space 13312K, 0% used [0x00000000e3980000,0x00000000e3980000,0x00000000e4680000)
 ParOldGen       total 77312K, used 25146K [0x0000000081a00000, 0x0000000086580000, 0x00000000d5e00000)
  object space 77312K, 32% used [0x0000000081a00000,0x000000008328eb60,0x0000000086580000)
 Metaspace       used 23488K, capacity 24314K, committed 24576K, reserved 1071104K
  class space    used 3209K, capacity 3520K, committed 3584K, reserved 1048576K
GC Heap History (10 events):
Event: 6.142 GC heap before
{Heap before GC invocations=6 (full 0):
 PSYoungGen      total 38400K, used 38350K [0x00000000d5e00000, 0x00000000db600000, 0x0000000100000000)
  eden space 33280K, 99% used [0x00000000d5e00000,0x00000000d7e797d8,0x00000000d7e80000)
  from space 5120K, 99% used [0x00000000d7e80000,0x00000000d837a100,0x00000000d8380000)
  to   space 11776K, 0% used [0x00000000daa80000,0x00000000daa80000,0x00000000db600000)
 ParOldGen       total 87552K, used 18386K [0x0000000081a00000, 0x0000000086f80000, 0x00000000d5e00000)
  object space 87552K, 21% used [0x0000000081a00000,0x0000000082bf4800,0x0000000086f80000)
 Metaspace       used 15272K, capacity 15812K, committed 15872K, reserved 1062912K
  class space    used 1847K, capacity 2039K, committed 2048K, reserved 1048576K
Event: 6.159 GC heap after
Heap after GC invocations=6 (full 0):
 PSYoungGen      total 78336K, used 7021K [0x00000000d5e00000, 0x00000000db600000, 0x0000000100000000)
  eden space 66560K, 0% used [0x00000000d5e00000,0x00000000d5e00000,0x00000000d9f00000)
  from space 11776K, 59% used [0x00000000daa80000,0x00000000db15b730,0x00000000db600000)
  to   space 11776K, 0% used [0x00000000d9f00000,0x00000000d9f00000,0x00000000daa80000)
 ParOldGen       total 87552K, used 18394K [0x0000000081a00000, 0x0000000086f80000, 0x00000000d5e00000)
  object space 87552K, 21% used [0x0000000081a00000,0x0000000082bf6800,0x0000000086f80000)
 Metaspace       used 15272K, capacity 15812K, committed 15872K, reserved 1062912K
  class space    used 1847K, capacity 2039K, committed 2048K, reserved 1048576K
}
Event: 6.686 GC heap before
{Heap before GC invocations=7 (full 0):
 PSYoungGen      total 78336K, used 73581K [0x00000000d5e00000, 0x00000000db600000, 0x0000000100000000)
  eden space 66560K, 100% used [0x00000000d5e00000,0x00000000d9f00000,0x00000000d9f00000)
  from space 11776K, 59% used [0x00000000daa80000,0x00000000db15b730,0x00000000db600000)
  to   space 11776K, 0% used [0x00000000d9f00000,0x00000000d9f00000,0x00000000daa80000)
 ParOldGen       total 87552K, used 18394K [0x0000000081a00000, 0x0000000086f80000, 0x00000000d5e00000)
  object space 87552K, 21% used [0x0000000081a00000,0x0000000082bf6800,0x0000000086f80000)
 Metaspace       used 15632K, capacity 16212K, committed 16256K, reserved 1062912K
  class space    used 1905K, capacity 2146K, committed 2176K, reserved 1048576K
Event: 6.716 GC heap after
Heap after GC invocations=7 (full 0):
 PSYoungGen      total 78336K, used 4991K [0x00000000d5e00000, 0x00000000df800000, 0x0000000100000000)
  eden space 66560K, 0% used [0x00000000d5e00000,0x00000000d5e00000,0x00000000d9f00000)
  from space 11776K, 42% used [0x00000000d9f00000,0x00000000da3dffc8,0x00000000daa80000)
  to   space 12288K, 0% used [0x00000000dec00000,0x00000000dec00000,0x00000000df800000)
 ParOldGen       total 87552K, used 21130K [0x0000000081a00000, 0x0000000086f80000, 0x00000000d5e00000)
  object space 87552K, 24% used [0x0000000081a00000,0x0000000082ea2938,0x0000000086f80000)
 Metaspace       used 15632K, capacity 16212K, committed 16256K, reserved 1062912K
  class space    used 1905K, capacity 2146K, committed 2176K, reserved 1048576K
}
Event: 9.854 GC heap before
{Heap before GC invocations=8 (full 0):
 PSYoungGen      total 78336K, used 71551K [0x00000000d5e00000, 0x00000000df800000, 0x0000000100000000)
  eden space 66560K, 100% used [0x00000000d5e00000,0x00000000d9f00000,0x00000000d9f00000)
  from space 11776K, 42% used [0x00000000d9f00000,0x00000000da3dffc8,0x00000000daa80000)
  to   space 12288K, 0% used [0x00000000dec00000,0x00000000dec00000,0x00000000df800000)
 ParOldGen       total 87552K, used 21130K [0x0000000081a00000, 0x0000000086f80000, 0x00000000d5e00000)
  object space 87552K, 24% used [0x0000000081a00000,0x0000000082ea2938,0x0000000086f80000)
 Metaspace       used 20121K, capacity 20862K, committed 20992K, reserved 1067008K
  class space    used 2665K, capacity 2963K, committed 3072K, reserved 1048576K
Event: 9.882 GC heap after
Heap after GC invocations=8 (full 0):
 PSYoungGen      total 144384K, used 11326K [0x00000000d5e00000, 0x00000000dfa00000, 0x0000000100000000)
  eden space 132096K, 0% used [0x00000000d5e00000,0x00000000d5e00000,0x00000000ddf00000)
  from space 12288K, 92% used [0x00000000dec00000,0x00000000df70f9b0,0x00000000df800000)
  to   space 13312K, 0% used [0x00000000ddf00000,0x00000000ddf00000,0x00000000dec00000)
 ParOldGen       total 87552K, used 22414K [0x0000000081a00000, 0x0000000086f80000, 0x00000000d5e00000)
  object space 87552K, 25% used [0x0000000081a00000,0x0000000082fe3a48,0x0000000086f80000)
 Metaspace       used 20121K, capacity 20862K, committed 20992K, reserved 1067008K
  class space    used 2665K, capacity 2963K, committed 3072K, reserved 1048576K
}
Event: 10.029 GC heap before
{Heap before GC invocations=9 (full 0):
 PSYoungGen      total 144384K, used 18766K [0x00000000d5e00000, 0x00000000dfa00000, 0x0000000100000000)
  eden space 132096K, 5% used [0x00000000d5e00000,0x00000000d6543f18,0x00000000ddf00000)
  from space 12288K, 92% used [0x00000000dec00000,0x00000000df70f9b0,0x00000000df800000)
  to   space 13312K, 0% used [0x00000000ddf00000,0x00000000ddf00000,0x00000000dec00000)
 ParOldGen       total 87552K, used 22414K [0x0000000081a00000, 0x0000000086f80000, 0x00000000d5e00000)
  object space 87552K, 25% used [0x0000000081a00000,0x0000000082fe3a48,0x0000000086f80000)
 Metaspace       used 20526K, capacity 21182K, committed 21248K, reserved 1067008K
  class space    used 2738K, capacity 3027K, committed 3072K, reserved 1048576K
Event: 10.040 GC heap after
Heap after GC invocations=9 (full 0):
 PSYoungGen      total 145408K, used 4919K [0x00000000d5e00000, 0x00000000e4680000, 0x0000000100000000)
  eden space 132096K, 0% used [0x00000000d5e00000,0x00000000d5e00000,0x00000000ddf00000)
  from space 13312K, 36% used [0x00000000ddf00000,0x00000000de3cdf98,0x00000000dec00000)
  to   space 13312K, 0% used [0x00000000e3980000,0x00000000e3980000,0x00000000e4680000)
 ParOldGen       total 87552K, used 24695K [0x0000000081a00000, 0x0000000086f80000, 0x00000000d5e00000)
  object space 87552K, 28% used [0x0000000081a00000,0x000000008321dd90,0x0000000086f80000)
 Metaspace       used 20526K, capacity 21182K, committed 21248K, reserved 1067008K
  class space    used 2738K, capacity 3027K, committed 3072K, reserved 1048576K
}
Event: 10.041 GC heap before
{Heap before GC invocations=10 (full 1):
 PSYoungGen      total 145408K, used 4919K [0x00000000d5e00000, 0x00000000e4680000, 0x0000000100000000)
  eden space 132096K, 0% used [0x00000000d5e00000,0x00000000d5e00000,0x00000000ddf00000)
  from space 13312K, 36% used [0x00000000ddf00000,0x00000000de3cdf98,0x00000000dec00000)
  to   space 13312K, 0% used [0x00000000e3980000,0x00000000e3980000,0x00000000e4680000)
 ParOldGen       total 87552K, used 24695K [0x0000000081a00000, 0x0000000086f80000, 0x00000000d5e00000)
  object space 87552K, 28% used [0x0000000081a00000,0x000000008321dd90,0x0000000086f80000)
 Metaspace       used 20526K, capacity 21182K, committed 21248K, reserved 1067008K
  class space    used 2738K, capacity 3027K, committed 3072K, reserved 1048576K
Event: 10.261 GC heap after
Heap after GC invocations=10 (full 1):
 PSYoungGen      total 145408K, used 0K [0x00000000d5e00000, 0x00000000e4680000, 0x0000000100000000)
  eden space 132096K, 0% used [0x00000000d5e00000,0x00000000d5e00000,0x00000000ddf00000)
  from space 13312K, 0% used [0x00000000ddf00000,0x00000000ddf00000,0x00000000dec00000)
  to   space 13312K, 0% used [0x00000000e3980000,0x00000000e3980000,0x00000000e4680000)
 ParOldGen       total 77312K, used 25146K [0x0000000081a00000, 0x0000000086580000, 0x00000000d5e00000)
  object space 77312K, 32% used [0x0000000081a00000,0x000000008328eb60,0x0000000086580000)
 Metaspace       used 20526K, capacity 21182K, committed 21248K, reserved 1067008K
  class space    used 2738K, capacity 3027K, committed 3072K, reserved 1048576K
}

