# JRE version: Java(TM) SE Runtime Environment (8.0_121-b13) (build 1.8.0_121-b13)
# Java VM: Java HotSpot(TM) 64-Bit Server VM (25.121-b13 mixed mode windows-amd64 compressed oops)
Heap:
 PSYoungGen      total 189952K, used 85450K [0x00000000d5580000, 0x00000000e2380000, 0x0000000100000000)
  eden space 177664K, 48% used [0x00000000d5580000,0x00000000da8f29d0,0x00000000e0300000)
  from space 12288K, 0% used [0x00000000e0f80000,0x00000000e0f80000,0x00000000e1b80000)
  to   space 12800K, 0% used [0x00000000e0300000,0x00000000e0300000,0x00000000e0f80000)
 ParOldGen       total 84480K, used 16864K [0x0000000080000000, 0x0000000085280000, 0x00000000d5580000)
  object space 84480K, 19% used [0x0000000080000000,0x0000000081078398,0x0000000085280000)
 Metaspace       used 36708K, capacity 37376K, committed 37720K, reserved 1081344K
  class space    used 5189K, capacity 5389K, committed 5504K, reserved 1048576K
GC Heap History (10 events):
Event: 11.033 GC heap before
{Heap before GC invocations=6 (full 1):
 PSYoungGen      total 71680K, used 66560K [0x00000000d5580000, 0x00000000da080000, 0x0000000100000000)
  eden space 66560K, 100% used [0x00000000d5580000,0x00000000d9680000,0x00000000d9680000)
  from space 5120K, 0% used [0x00000000d9b80000,0x00000000d9b80000,0x00000000da080000)
  to   space 5120K, 0% used [0x00000000d9680000,0x00000000d9680000,0x00000000d9b80000)
 ParOldGen       total 58880K, used 9545K [0x0000000080000000, 0x0000000083980000, 0x00000000d5580000)
  object space 58880K, 16% used [0x0000000080000000,0x0000000080952658,0x0000000083980000)
 Metaspace       used 25681K, capacity 26090K, committed 26368K, reserved 1071104K
  class space    used 3622K, capacity 3741K, committed 3840K, reserved 1048576K
Event: 11.054 GC heap after
Heap after GC invocations=6 (full 1):
 PSYoungGen      total 71680K, used 5116K [0x00000000d5580000, 0x00000000dd700000, 0x0000000100000000)
  eden space 66560K, 0% used [0x00000000d5580000,0x00000000d5580000,0x00000000d9680000)
  from space 5120K, 99% used [0x00000000d9680000,0x00000000d9b7f358,0x00000000d9b80000)
  to   space 10752K, 0% used [0x00000000dcc80000,0x00000000dcc80000,0x00000000dd700000)
 ParOldGen       total 58880K, used 12188K [0x0000000080000000, 0x0000000083980000, 0x00000000d5580000)
  object space 58880K, 20% used [0x0000000080000000,0x0000000080be7000,0x0000000083980000)
 Metaspace       used 25681K, capacity 26090K, committed 26368K, reserved 1071104K
  class space    used 3622K, capacity 3741K, committed 3840K, reserved 1048576K
}
Event: 13.581 GC heap before
{Heap before GC invocations=7 (full 1):
 PSYoungGen      total 71680K, used 71676K [0x00000000d5580000, 0x00000000dd700000, 0x0000000100000000)
  eden space 66560K, 100% used [0x00000000d5580000,0x00000000d9680000,0x00000000d9680000)
  from space 5120K, 99% used [0x00000000d9680000,0x00000000d9b7f358,0x00000000d9b80000)
  to   space 10752K, 0% used [0x00000000dcc80000,0x00000000dcc80000,0x00000000dd700000)
 ParOldGen       total 58880K, used 12188K [0x0000000080000000, 0x0000000083980000, 0x00000000d5580000)
  object space 58880K, 20% used [0x0000000080000000,0x0000000080be7000,0x0000000083980000)
 Metaspace       used 28991K, capacity 29460K, committed 29568K, reserved 1075200K
  class space    used 4008K, capacity 4162K, committed 4224K, reserved 1048576K
Event: 13.619 GC heap after
Heap after GC invocations=7 (full 1):
 PSYoungGen      total 118784K, used 7355K [0x00000000d5580000, 0x00000000dd500000, 0x0000000100000000)
  eden space 110080K, 0% used [0x00000000d5580000,0x00000000d5580000,0x00000000dc100000)
  from space 8704K, 84% used [0x00000000dcc80000,0x00000000dd3aec50,0x00000000dd500000)
  to   space 10240K, 0% used [0x00000000dc100000,0x00000000dc100000,0x00000000dcb00000)
 ParOldGen       total 58880K, used 12196K [0x0000000080000000, 0x0000000083980000, 0x00000000d5580000)
  object space 58880K, 20% used [0x0000000080000000,0x0000000080be9000,0x0000000083980000)
 Metaspace       used 28991K, capacity 29460K, committed 29568K, reserved 1075200K
  class space    used 4008K, capacity 4162K, committed 4224K, reserved 1048576K
}
Event: 17.027 GC heap before
{Heap before GC invocations=8 (full 1):
 PSYoungGen      total 118784K, used 117435K [0x00000000d5580000, 0x00000000dd500000, 0x0000000100000000)
  eden space 110080K, 100% used [0x00000000d5580000,0x00000000dc100000,0x00000000dc100000)
  from space 8704K, 84% used [0x00000000dcc80000,0x00000000dd3aec50,0x00000000dd500000)
  to   space 10240K, 0% used [0x00000000dc100000,0x00000000dc100000,0x00000000dcb00000)
 ParOldGen       total 58880K, used 12196K [0x0000000080000000, 0x0000000083980000, 0x00000000d5580000)
  object space 58880K, 20% used [0x0000000080000000,0x0000000080be9000,0x0000000083980000)
 Metaspace       used 34056K, capacity 34578K, committed 34944K, reserved 1079296K
  class space    used 4747K, capacity 4880K, committed 4992K, reserved 1048576K
Event: 17.052 GC heap after
Heap after GC invocations=8 (full 1):
 PSYoungGen      total 120320K, used 10233K [0x00000000d5580000, 0x00000000e1b80000, 0x0000000100000000)
  eden space 110080K, 0% used [0x00000000d5580000,0x00000000d5580000,0x00000000dc100000)
  from space 10240K, 99% used [0x00000000dc100000,0x00000000dcafe638,0x00000000dcb00000)
  to   space 12288K, 0% used [0x00000000e0f80000,0x00000000e0f80000,0x00000000e1b80000)
 ParOldGen       total 58880K, used 14018K [0x0000000080000000, 0x0000000083980000, 0x00000000d5580000)
  object space 58880K, 23% used [0x0000000080000000,0x0000000080db0958,0x0000000083980000)
 Metaspace       used 34056K, capacity 34578K, committed 34944K, reserved 1079296K
  class space    used 4747K, capacity 4880K, committed 4992K, reserved 1048576K
}
Event: 17.702 GC heap before
{Heap before GC invocations=9 (full 1):
 PSYoungGen      total 120320K, used 26129K [0x00000000d5580000, 0x00000000e1b80000, 0x0000000100000000)
  eden space 110080K, 14% used [0x00000000d5580000,0x00000000d6505f40,0x00000000dc100000)
  from space 10240K, 99% used [0x00000000dc100000,0x00000000dcafe638,0x00000000dcb00000)
  to   space 12288K, 0% used [0x00000000e0f80000,0x00000000e0f80000,0x00000000e1b80000)
 ParOldGen       total 58880K, used 14018K [0x0000000080000000, 0x0000000083980000, 0x00000000d5580000)
  object space 58880K, 23% used [0x0000000080000000,0x0000000080db0958,0x0000000083980000)
 Metaspace       used 34847K, capacity 35336K, committed 35416K, reserved 1079296K
  class space    used 4866K, capacity 4985K, committed 4992K, reserved 1048576K
Event: 17.726 GC heap after
Heap after GC invocations=9 (full 1):
 PSYoungGen      total 189952K, used 10465K [0x00000000d5580000, 0x00000000e2380000, 0x0000000100000000)
  eden space 177664K, 0% used [0x00000000d5580000,0x00000000d5580000,0x00000000e0300000)
  from space 12288K, 85% used [0x00000000e0f80000,0x00000000e19b8558,0x00000000e1b80000)
  to   space 12800K, 0% used [0x00000000e0300000,0x00000000e0300000,0x00000000e0f80000)
 ParOldGen       total 58880K, used 14026K [0x0000000080000000, 0x0000000083980000, 0x00000000d5580000)
  object space 58880K, 23% used [0x0000000080000000,0x0000000080db2958,0x0000000083980000)
 Metaspace       used 34847K, capacity 35336K, committed 35416K, reserved 1079296K
  class space    used 4866K, capacity 4985K, committed 4992K, reserved 1048576K
}
Event: 17.726 GC heap before
{Heap before GC invocations=10 (full 2):
 PSYoungGen      total 189952K, used 10465K [0x00000000d5580000, 0x00000000e2380000, 0x0000000100000000)
  eden space 177664K, 0% used [0x00000000d5580000,0x00000000d5580000,0x00000000e0300000)
  from space 12288K, 85% used [0x00000000e0f80000,0x00000000e19b8558,0x00000000e1b80000)
  to   space 12800K, 0% used [0x00000000e0300000,0x00000000e0300000,0x00000000e0f80000)
 ParOldGen       total 58880K, used 14026K [0x0000000080000000, 0x0000000083980000, 0x00000000d5580000)
  object space 58880K, 23% used [0x0000000080000000,0x0000000080db2958,0x0000000083980000)
 Metaspace       used 34847K, capacity 35336K, committed 35416K, reserved 1079296K
  class space    used 4866K, capacity 4985K, committed 4992K, reserved 1048576K
Event: 17.915 GC heap after
Heap after GC invocations=10 (full 2):
 PSYoungGen      total 189952K, used 0K [0x00000000d5580000, 0x00000000e2380000, 0x0000000100000000)
  eden space 177664K, 0% used [0x00000000d5580000,0x00000000d5580000,0x00000000e0300000)
  from space 12288K, 0% used [0x00000000e0f80000,0x00000000e0f80000,0x00000000e1b80000)
  to   space 12800K, 0% used [0x00000000e0300000,0x00000000e0300000,0x00000000e0f80000)
 ParOldGen       total 84480K, used 16864K [0x0000000080000000, 0x0000000085280000, 0x00000000d5580000)
  object space 84480K, 19% used [0x0000000080000000,0x0000000081078398,0x0000000085280000)
 Metaspace       used 34847K, capacity 35336K, committed 35416K, reserved 1079296K
  class space    used 4866K, capacity 4985K, committed 4992K, reserved 1048576K
}

