# JRE version: Java(TM) SE Runtime Environment (8.0_121-b13) (build 1.8.0_121-b13)
# Java VM: Java HotSpot(TM) 64-Bit Server VM (25.121-b13 mixed mode windows-amd64 compressed oops)
Heap:
 PSYoungGen      total 114688K, used 88826K [0x00000000eab00000, 0x00000000f2800000, 0x0000000100000000)
  eden space 107008K, 83% used [0x00000000eab00000,0x00000000f01be868,0x00000000f1380000)
  from space 7680K, 0% used [0x00000000f2080000,0x00000000f2080000,0x00000000f2800000)
  to   space 10240K, 0% used [0x00000000f1400000,0x00000000f1400000,0x00000000f1e00000)
 ParOldGen       total 82944K, used 21063K [0x00000000c0000000, 0x00000000c5100000, 0x00000000eab00000)
  object space 82944K, 25% used [0x00000000c0000000,0x00000000c1491c18,0x00000000c5100000)
 Metaspace       used 36700K, capacity 37398K, committed 37720K, reserved 1081344K
  class space    used 5191K, capacity 5390K, committed 5504K, reserved 1048576K
GC Heap History (10 events):
Event: 8.941 GC heap before
{Heap before GC invocations=6 (full 1):
 PSYoungGen      total 71680K, used 66560K [0x00000000eab00000, 0x00000000ef600000, 0x0000000100000000)
  eden space 66560K, 100% used [0x00000000eab00000,0x00000000eec00000,0x00000000eec00000)
  from space 5120K, 0% used [0x00000000ef100000,0x00000000ef100000,0x00000000ef600000)
  to   space 5120K, 0% used [0x00000000eec00000,0x00000000eec00000,0x00000000ef100000)
 ParOldGen       total 59904K, used 9698K [0x00000000c0000000, 0x00000000c3a80000, 0x00000000eab00000)
  object space 59904K, 16% used [0x00000000c0000000,0x00000000c09789c0,0x00000000c3a80000)
 Metaspace       used 25703K, capacity 26106K, committed 26368K, reserved 1071104K
  class space    used 3622K, capacity 3741K, committed 3840K, reserved 1048576K
Event: 8.959 GC heap after
Heap after GC invocations=6 (full 1):
 PSYoungGen      total 71680K, used 5099K [0x00000000eab00000, 0x00000000f2b00000, 0x0000000100000000)
  eden space 66560K, 0% used [0x00000000eab00000,0x00000000eab00000,0x00000000eec00000)
  from space 5120K, 99% used [0x00000000eec00000,0x00000000ef0faf40,0x00000000ef100000)
  to   space 10752K, 0% used [0x00000000f2080000,0x00000000f2080000,0x00000000f2b00000)
 ParOldGen       total 59904K, used 12267K [0x00000000c0000000, 0x00000000c3a80000, 0x00000000eab00000)
  object space 59904K, 20% used [0x00000000c0000000,0x00000000c0bface0,0x00000000c3a80000)
 Metaspace       used 25703K, capacity 26106K, committed 26368K, reserved 1071104K
  class space    used 3622K, capacity 3741K, committed 3840K, reserved 1048576K
}
Event: 11.015 GC heap before
{Heap before GC invocations=7 (full 1):
 PSYoungGen      total 71680K, used 71659K [0x00000000eab00000, 0x00000000f2b00000, 0x0000000100000000)
  eden space 66560K, 100% used [0x00000000eab00000,0x00000000eec00000,0x00000000eec00000)
  from space 5120K, 99% used [0x00000000eec00000,0x00000000ef0faf40,0x00000000ef100000)
  to   space 10752K, 0% used [0x00000000f2080000,0x00000000f2080000,0x00000000f2b00000)
 ParOldGen       total 59904K, used 12267K [0x00000000c0000000, 0x00000000c3a80000, 0x00000000eab00000)
  object space 59904K, 20% used [0x00000000c0000000,0x00000000c0bface0,0x00000000c3a80000)
 Metaspace       used 29068K, capacity 29540K, committed 29824K, reserved 1075200K
  class space    used 4010K, capacity 4162K, committed 4224K, reserved 1048576K
Event: 11.028 GC heap after
Heap after GC invocations=7 (full 1):
 PSYoungGen      total 114688K, used 7325K [0x00000000eab00000, 0x00000000f2800000, 0x0000000100000000)
  eden space 107008K, 0% used [0x00000000eab00000,0x00000000eab00000,0x00000000f1380000)
  from space 7680K, 95% used [0x00000000f2080000,0x00000000f27a75d0,0x00000000f2800000)
  to   space 10240K, 0% used [0x00000000f1400000,0x00000000f1400000,0x00000000f1e00000)
 ParOldGen       total 59904K, used 12275K [0x00000000c0000000, 0x00000000c3a80000, 0x00000000eab00000)
  object space 59904K, 20% used [0x00000000c0000000,0x00000000c0bfcce0,0x00000000c3a80000)
 Metaspace       used 29068K, capacity 29540K, committed 29824K, reserved 1075200K
  class space    used 4010K, capacity 4162K, committed 4224K, reserved 1048576K
}
Event: 13.765 GC heap before
{Heap before GC invocations=8 (full 1):
 PSYoungGen      total 114688K, used 114333K [0x00000000eab00000, 0x00000000f2800000, 0x0000000100000000)
  eden space 107008K, 100% used [0x00000000eab00000,0x00000000f1380000,0x00000000f1380000)
  from space 7680K, 95% used [0x00000000f2080000,0x00000000f27a75d0,0x00000000f2800000)
  to   space 10240K, 0% used [0x00000000f1400000,0x00000000f1400000,0x00000000f1e00000)
 ParOldGen       total 59904K, used 12275K [0x00000000c0000000, 0x00000000c3a80000, 0x00000000eab00000)
  object space 59904K, 20% used [0x00000000c0000000,0x00000000c0bfcce0,0x00000000c3a80000)
 Metaspace       used 34547K, capacity 35154K, committed 35416K, reserved 1079296K
  class space    used 4818K, capacity 4984K, committed 4992K, reserved 1048576K
Event: 13.792 GC heap after
Heap after GC invocations=8 (full 1):
 PSYoungGen      total 117248K, used 10208K [0x00000000eab00000, 0x00000000f2800000, 0x0000000100000000)
  eden space 107008K, 0% used [0x00000000eab00000,0x00000000eab00000,0x00000000f1380000)
  from space 10240K, 99% used [0x00000000f1400000,0x00000000f1df8010,0x00000000f1e00000)
  to   space 7680K, 0% used [0x00000000f2080000,0x00000000f2080000,0x00000000f2800000)
 ParOldGen       total 59904K, used 16276K [0x00000000c0000000, 0x00000000c3a80000, 0x00000000eab00000)
  object space 59904K, 27% used [0x00000000c0000000,0x00000000c0fe51b0,0x00000000c3a80000)
 Metaspace       used 34547K, capacity 35154K, committed 35416K, reserved 1079296K
  class space    used 4818K, capacity 4984K, committed 4992K, reserved 1048576K
}
Event: 13.883 GC heap before
{Heap before GC invocations=9 (full 1):
 PSYoungGen      total 117248K, used 16247K [0x00000000eab00000, 0x00000000f2800000, 0x0000000100000000)
  eden space 107008K, 5% used [0x00000000eab00000,0x00000000eb0e5cb0,0x00000000f1380000)
  from space 10240K, 99% used [0x00000000f1400000,0x00000000f1df8010,0x00000000f1e00000)
  to   space 7680K, 0% used [0x00000000f2080000,0x00000000f2080000,0x00000000f2800000)
 ParOldGen       total 59904K, used 16276K [0x00000000c0000000, 0x00000000c3a80000, 0x00000000eab00000)
  object space 59904K, 27% used [0x00000000c0000000,0x00000000c0fe51b0,0x00000000c3a80000)
 Metaspace       used 34840K, capacity 35352K, committed 35416K, reserved 1079296K
  class space    used 4862K, capacity 4985K, committed 4992K, reserved 1048576K
Event: 13.896 GC heap after
Heap after GC invocations=9 (full 1):
 PSYoungGen      total 114688K, used 7668K [0x00000000eab00000, 0x00000000f2800000, 0x0000000100000000)
  eden space 107008K, 0% used [0x00000000eab00000,0x00000000eab00000,0x00000000f1380000)
  from space 7680K, 99% used [0x00000000f2080000,0x00000000f27fd020,0x00000000f2800000)
  to   space 10240K, 0% used [0x00000000f1400000,0x00000000f1400000,0x00000000f1e00000)
 ParOldGen       total 59904K, used 19474K [0x00000000c0000000, 0x00000000c3a80000, 0x00000000eab00000)
  object space 59904K, 32% used [0x00000000c0000000,0x00000000c1304a70,0x00000000c3a80000)
 Metaspace       used 34840K, capacity 35352K, committed 35416K, reserved 1079296K
  class space    used 4862K, capacity 4985K, committed 4992K, reserved 1048576K
}
Event: 13.896 GC heap before
{Heap before GC invocations=10 (full 2):
 PSYoungGen      total 114688K, used 7668K [0x00000000eab00000, 0x00000000f2800000, 0x0000000100000000)
  eden space 107008K, 0% used [0x00000000eab00000,0x00000000eab00000,0x00000000f1380000)
  from space 7680K, 99% used [0x00000000f2080000,0x00000000f27fd020,0x00000000f2800000)
  to   space 10240K, 0% used [0x00000000f1400000,0x00000000f1400000,0x00000000f1e00000)
 ParOldGen       total 59904K, used 19474K [0x00000000c0000000, 0x00000000c3a80000, 0x00000000eab00000)
  object space 59904K, 32% used [0x00000000c0000000,0x00000000c1304a70,0x00000000c3a80000)
 Metaspace       used 34840K, capacity 35352K, committed 35416K, reserved 1079296K
  class space    used 4862K, capacity 4985K, committed 4992K, reserved 1048576K
Event: 14.021 GC heap after
Heap after GC invocations=10 (full 2):
 PSYoungGen      total 114688K, used 0K [0x00000000eab00000, 0x00000000f2800000, 0x0000000100000000)
  eden space 107008K, 0% used [0x00000000eab00000,0x00000000eab00000,0x00000000f1380000)
  from space 7680K, 0% used [0x00000000f2080000,0x00000000f2080000,0x00000000f2800000)
  to   space 10240K, 0% used [0x00000000f1400000,0x00000000f1400000,0x00000000f1e00000)
 ParOldGen       total 82944K, used 21063K [0x00000000c0000000, 0x00000000c5100000, 0x00000000eab00000)
  object space 82944K, 25% used [0x00000000c0000000,0x00000000c1491c18,0x00000000c5100000)
 Metaspace       used 34840K, capacity 35352K, committed 35416K, reserved 1079296K
  class space    used 4862K, capacity 4985K, committed 4992K, reserved 1048576K
}

