# JRE version: Java(TM) SE Runtime Environment (8.0_121-b13) (build 1.8.0_121-b13)
# Java VM: Java HotSpot(TM) 64-Bit Server VM (25.121-b13 mixed mode windows-amd64 compressed oops)
Heap:
 PSYoungGen      total 527360K, used 97965K [0x00000000d5e00000, 0x00000000fcc00000, 0x0000000100000000)
  eden space 488448K, 18% used [0x00000000d5e00000,0x00000000db42f380,0x00000000f3b00000)
  from space 38912K, 24% used [0x00000000f7800000,0x00000000f817c248,0x00000000f9e00000)
  to   space 62464K, 0% used [0x00000000f3b00000,0x00000000f3b00000,0x00000000f7800000)
 ParOldGen       total 118784K, used 118437K [0x0000000081a00000, 0x0000000088e00000, 0x00000000d5e00000)
  object space 118784K, 99% used [0x0000000081a00000,0x0000000088da9678,0x0000000088e00000)
 Metaspace       used 31724K, capacity 32418K, committed 32640K, reserved 1079296K
  class space    used 3428K, capacity 3681K, committed 3712K, reserved 1048576K
GC Heap History (10 events):
Event: 11.689 GC heap before
{Heap before GC invocations=10 (full 0):
 PSYoungGen      total 285184K, used 138854K [0x00000000d5e00000, 0x00000000f2c00000, 0x0000000100000000)
  eden space 258560K, 44% used [0x00000000d5e00000,0x00000000dce0a838,0x00000000e5a80000)
  from space 26624K, 90% used [0x00000000e5a80000,0x00000000e720f0e0,0x00000000e7480000)
  to   space 29696K, 0% used [0x00000000f0f00000,0x00000000f0f00000,0x00000000f2c00000)
 ParOldGen       total 87552K, used 30817K [0x0000000081a00000, 0x0000000086f80000, 0x00000000d5e00000)
  object space 87552K, 35% used [0x0000000081a00000,0x0000000083818760,0x0000000086f80000)
 Metaspace       used 20831K, capacity 21180K, committed 21248K, reserved 1069056K
  class space    used 2347K, capacity 2494K, committed 2560K, reserved 1048576K
Event: 11.825 GC heap after
Heap after GC invocations=10 (full 0):
 PSYoungGen      total 442368K, used 7718K [0x00000000d5e00000, 0x00000000f2b00000, 0x0000000100000000)
  eden space 413696K, 0% used [0x00000000d5e00000,0x00000000d5e00000,0x00000000ef200000)
  from space 28672K, 26% used [0x00000000f0f00000,0x00000000f1689a70,0x00000000f2b00000)
  to   space 29184K, 0% used [0x00000000ef200000,0x00000000ef200000,0x00000000f0e80000)
 ParOldGen       total 87552K, used 48897K [0x0000000081a00000, 0x0000000086f80000, 0x00000000d5e00000)
  object space 87552K, 55% used [0x0000000081a00000,0x00000000849c0760,0x0000000086f80000)
 Metaspace       used 20831K, capacity 21180K, committed 21248K, reserved 1069056K
  class space    used 2347K, capacity 2494K, committed 2560K, reserved 1048576K
}
Event: 11.825 GC heap before
{Heap before GC invocations=11 (full 1):
 PSYoungGen      total 442368K, used 7718K [0x00000000d5e00000, 0x00000000f2b00000, 0x0000000100000000)
  eden space 413696K, 0% used [0x00000000d5e00000,0x00000000d5e00000,0x00000000ef200000)
  from space 28672K, 26% used [0x00000000f0f00000,0x00000000f1689a70,0x00000000f2b00000)
  to   space 29184K, 0% used [0x00000000ef200000,0x00000000ef200000,0x00000000f0e80000)
 ParOldGen       total 87552K, used 48897K [0x0000000081a00000, 0x0000000086f80000, 0x00000000d5e00000)
  object space 87552K, 55% used [0x0000000081a00000,0x00000000849c0760,0x0000000086f80000)
 Metaspace       used 20831K, capacity 21180K, committed 21248K, reserved 1069056K
  class space    used 2347K, capacity 2494K, committed 2560K, reserved 1048576K
Event: 12.751 GC heap after
Heap after GC invocations=11 (full 1):
 PSYoungGen      total 442368K, used 0K [0x00000000d5e00000, 0x00000000f2b00000, 0x0000000100000000)
  eden space 413696K, 0% used [0x00000000d5e00000,0x00000000d5e00000,0x00000000ef200000)
  from space 28672K, 0% used [0x00000000f0f00000,0x00000000f0f00000,0x00000000f2b00000)
  to   space 29184K, 0% used [0x00000000ef200000,0x00000000ef200000,0x00000000f0e80000)
 ParOldGen       total 118784K, used 52365K [0x0000000081a00000, 0x0000000088e00000, 0x00000000d5e00000)
  object space 118784K, 44% used [0x0000000081a00000,0x0000000084d23540,0x0000000088e00000)
 Metaspace       used 20831K, capacity 21180K, committed 21248K, reserved 1069056K
  class space    used 2347K, capacity 2494K, committed 2560K, reserved 1048576K
}
Event: 21.749 GC heap before
{Heap before GC invocations=12 (full 1):
 PSYoungGen      total 442368K, used 413696K [0x00000000d5e00000, 0x00000000f2b00000, 0x0000000100000000)
  eden space 413696K, 100% used [0x00000000d5e00000,0x00000000ef200000,0x00000000ef200000)
  from space 28672K, 0% used [0x00000000f0f00000,0x00000000f0f00000,0x00000000f2b00000)
  to   space 29184K, 0% used [0x00000000ef200000,0x00000000ef200000,0x00000000f0e80000)
 ParOldGen       total 118784K, used 52365K [0x0000000081a00000, 0x0000000088e00000, 0x00000000d5e00000)
  object space 118784K, 44% used [0x0000000081a00000,0x0000000084d23540,0x0000000088e00000)
 Metaspace       used 28315K, capacity 28744K, committed 28928K, reserved 1075200K
  class space    used 3148K, capacity 3314K, committed 3328K, reserved 1048576K
Event: 21.947 GC heap after
Heap after GC invocations=12 (full 1):
 PSYoungGen      total 442880K, used 29172K [0x00000000d5e00000, 0x00000000f9e00000, 0x0000000100000000)
  eden space 413696K, 0% used [0x00000000d5e00000,0x00000000d5e00000,0x00000000ef200000)
  from space 29184K, 99% used [0x00000000ef200000,0x00000000f0e7d0f8,0x00000000f0e80000)
  to   space 38912K, 0% used [0x00000000f7800000,0x00000000f7800000,0x00000000f9e00000)
 ParOldGen       total 118784K, used 66722K [0x0000000081a00000, 0x0000000088e00000, 0x00000000d5e00000)
  object space 118784K, 56% used [0x0000000081a00000,0x0000000085b28ab0,0x0000000088e00000)
 Metaspace       used 28315K, capacity 28744K, committed 28928K, reserved 1075200K
  class space    used 3148K, capacity 3314K, committed 3328K, reserved 1048576K
}
Event: 28.828 GC heap before
{Heap before GC invocations=13 (full 1):
 PSYoungGen      total 442880K, used 442868K [0x00000000d5e00000, 0x00000000f9e00000, 0x0000000100000000)
  eden space 413696K, 100% used [0x00000000d5e00000,0x00000000ef200000,0x00000000ef200000)
  from space 29184K, 99% used [0x00000000ef200000,0x00000000f0e7d0f8,0x00000000f0e80000)
  to   space 38912K, 0% used [0x00000000f7800000,0x00000000f7800000,0x00000000f9e00000)
 ParOldGen       total 118784K, used 66722K [0x0000000081a00000, 0x0000000088e00000, 0x00000000d5e00000)
  object space 118784K, 56% used [0x0000000081a00000,0x0000000085b28ab0,0x0000000088e00000)
 Metaspace       used 28624K, capacity 29120K, committed 29312K, reserved 1075200K
  class space    used 3161K, capacity 3334K, committed 3456K, reserved 1048576K
Event: 29.168 GC heap after
Heap after GC invocations=13 (full 1):
 PSYoungGen      total 527360K, used 38912K [0x00000000d5e00000, 0x00000000fcc00000, 0x0000000100000000)
  eden space 488448K, 0% used [0x00000000d5e00000,0x00000000d5e00000,0x00000000f3b00000)
  from space 38912K, 100% used [0x00000000f7800000,0x00000000f9e00000,0x00000000f9e00000)
  to   space 62464K, 0% used [0x00000000f3b00000,0x00000000f3b00000,0x00000000f7800000)
 ParOldGen       total 118784K, used 113402K [0x0000000081a00000, 0x0000000088e00000, 0x00000000d5e00000)
  object space 118784K, 95% used [0x0000000081a00000,0x00000000888be998,0x0000000088e00000)
 Metaspace       used 28624K, capacity 29120K, committed 29312K, reserved 1075200K
  class space    used 3161K, capacity 3334K, committed 3456K, reserved 1048576K
}
Event: 29.169 GC heap before
{Heap before GC invocations=14 (full 2):
 PSYoungGen      total 527360K, used 38912K [0x00000000d5e00000, 0x00000000fcc00000, 0x0000000100000000)
  eden space 488448K, 0% used [0x00000000d5e00000,0x00000000d5e00000,0x00000000f3b00000)
  from space 38912K, 100% used [0x00000000f7800000,0x00000000f9e00000,0x00000000f9e00000)
  to   space 62464K, 0% used [0x00000000f3b00000,0x00000000f3b00000,0x00000000f7800000)
 ParOldGen       total 118784K, used 113402K [0x0000000081a00000, 0x0000000088e00000, 0x00000000d5e00000)
  object space 118784K, 95% used [0x0000000081a00000,0x00000000888be998,0x0000000088e00000)
 Metaspace       used 28624K, capacity 29120K, committed 29312K, reserved 1075200K
  class space    used 3161K, capacity 3334K, committed 3456K, reserved 1048576K
Event: 30.704 GC heap after
Heap after GC invocations=14 (full 2):
 PSYoungGen      total 527360K, used 9712K [0x00000000d5e00000, 0x00000000fcc00000, 0x0000000100000000)
  eden space 488448K, 0% used [0x00000000d5e00000,0x00000000d5e00000,0x00000000f3b00000)
  from space 38912K, 24% used [0x00000000f7800000,0x00000000f817c248,0x00000000f9e00000)
  to   space 62464K, 0% used [0x00000000f3b00000,0x00000000f3b00000,0x00000000f7800000)
 ParOldGen       total 118784K, used 118437K [0x0000000081a00000, 0x0000000088e00000, 0x00000000d5e00000)
  object space 118784K, 99% used [0x0000000081a00000,0x0000000088da9678,0x0000000088e00000)
 Metaspace       used 28624K, capacity 29120K, committed 29312K, reserved 1075200K
  class space    used 3161K, capacity 3334K, committed 3456K, reserved 1048576K
}

