# JRE version: Java(TM) SE Runtime Environment (8.0_121-b13) (build 1.8.0_121-b13)
# Java VM: Java HotSpot(TM) 64-Bit Server VM (25.121-b13 mixed mode windows-amd64 compressed oops)
Heap:
 PSYoungGen      total 169984K, used 68429K [0x00000000d5580000, 0x00000000e3700000, 0x0000000100000000)
  eden space 151552K, 36% used [0x00000000d5580000,0x00000000d8c00cc0,0x00000000de980000)
  from space 18432K, 68% used [0x00000000de980000,0x00000000df5d2ab0,0x00000000dfb80000)
  to   space 18944K, 0% used [0x00000000e2480000,0x00000000e2480000,0x00000000e3700000)
 ParOldGen       total 102400K, used 62707K [0x0000000080000000, 0x0000000086400000, 0x00000000d5580000)
  object space 102400K, 61% used [0x0000000080000000,0x0000000083d3cc48,0x0000000086400000)
 Metaspace       used 47132K, capacity 50472K, committed 50520K, reserved 1093632K
  class space    used 6504K, capacity 6996K, committed 7040K, reserved 1048576K
GC Heap History (10 events):
Event: 13.111 GC heap before
{Heap before GC invocations=13 (full 2):
 PSYoungGen      total 105984K, used 105956K [0x00000000d5580000, 0x00000000dd400000, 0x0000000100000000)
  eden space 98304K, 100% used [0x00000000d5580000,0x00000000db580000,0x00000000db580000)
  from space 7680K, 99% used [0x00000000dcc80000,0x00000000dd3f9228,0x00000000dd400000)
  to   space 12288K, 0% used [0x00000000dbc00000,0x00000000dbc00000,0x00000000dc800000)
 ParOldGen       total 102400K, used 19743K [0x0000000080000000, 0x0000000086400000, 0x00000000d5580000)
  object space 102400K, 19% used [0x0000000080000000,0x0000000081347c28,0x0000000086400000)
 Metaspace       used 40292K, capacity 41314K, committed 41560K, reserved 1085440K
  class space    used 5615K, capacity 5925K, committed 6016K, reserved 1048576K
Event: 13.138 GC heap after
Heap after GC invocations=13 (full 2):
 PSYoungGen      total 117248K, used 12256K [0x00000000d5580000, 0x00000000de900000, 0x0000000100000000)
  eden space 104960K, 0% used [0x00000000d5580000,0x00000000d5580000,0x00000000dbc00000)
  from space 12288K, 99% used [0x00000000dbc00000,0x00000000dc7f8010,0x00000000dc800000)
  to   space 14336K, 0% used [0x00000000ddb00000,0x00000000ddb00000,0x00000000de900000)
 ParOldGen       total 102400K, used 21258K [0x0000000080000000, 0x0000000086400000, 0x00000000d5580000)
  object space 102400K, 20% used [0x0000000080000000,0x00000000814c2810,0x0000000086400000)
 Metaspace       used 40292K, capacity 41314K, committed 41560K, reserved 1085440K
  class space    used 5615K, capacity 5925K, committed 6016K, reserved 1048576K
}
Event: 15.315 GC heap before
{Heap before GC invocations=14 (full 2):
 PSYoungGen      total 117248K, used 117216K [0x00000000d5580000, 0x00000000de900000, 0x0000000100000000)
  eden space 104960K, 100% used [0x00000000d5580000,0x00000000dbc00000,0x00000000dbc00000)
  from space 12288K, 99% used [0x00000000dbc00000,0x00000000dc7f8010,0x00000000dc800000)
  to   space 14336K, 0% used [0x00000000ddb00000,0x00000000ddb00000,0x00000000de900000)
 ParOldGen       total 102400K, used 21258K [0x0000000080000000, 0x0000000086400000, 0x00000000d5580000)
  object space 102400K, 20% used [0x0000000080000000,0x00000000814c2810,0x0000000086400000)
 Metaspace       used 41574K, capacity 43412K, committed 43480K, reserved 1087488K
  class space    used 5752K, capacity 6109K, committed 6144K, reserved 1048576K
Event: 15.361 GC heap after
Heap after GC invocations=14 (full 2):
 PSYoungGen      total 131584K, used 14304K [0x00000000d5580000, 0x00000000dfc80000, 0x0000000100000000)
  eden space 117248K, 0% used [0x00000000d5580000,0x00000000d5580000,0x00000000dc800000)
  from space 14336K, 99% used [0x00000000ddb00000,0x00000000de8f8010,0x00000000de900000)
  to   space 19456K, 0% used [0x00000000dc800000,0x00000000dc800000,0x00000000ddb00000)
 ParOldGen       total 102400K, used 29493K [0x0000000080000000, 0x0000000086400000, 0x00000000d5580000)
  object space 102400K, 28% used [0x0000000080000000,0x0000000081ccd530,0x0000000086400000)
 Metaspace       used 41574K, capacity 43412K, committed 43480K, reserved 1087488K
  class space    used 5752K, capacity 6109K, committed 6144K, reserved 1048576K
}
Event: 17.171 GC heap before
{Heap before GC invocations=15 (full 2):
 PSYoungGen      total 131584K, used 131552K [0x00000000d5580000, 0x00000000dfc80000, 0x0000000100000000)
  eden space 117248K, 100% used [0x00000000d5580000,0x00000000dc800000,0x00000000dc800000)
  from space 14336K, 99% used [0x00000000ddb00000,0x00000000de8f8010,0x00000000de900000)
  to   space 19456K, 0% used [0x00000000dc800000,0x00000000dc800000,0x00000000ddb00000)
 ParOldGen       total 102400K, used 29493K [0x0000000080000000, 0x0000000086400000, 0x00000000d5580000)
  object space 102400K, 28% used [0x0000000080000000,0x0000000081ccd530,0x0000000086400000)
 Metaspace       used 42604K, capacity 45456K, committed 45784K, reserved 1089536K
  class space    used 5883K, capacity 6300K, committed 6400K, reserved 1048576K
Event: 17.240 GC heap after
Heap after GC invocations=15 (full 2):
 PSYoungGen      total 136704K, used 10768K [0x00000000d5580000, 0x00000000e1000000, 0x0000000100000000)
  eden space 117248K, 0% used [0x00000000d5580000,0x00000000d5580000,0x00000000dc800000)
  from space 19456K, 55% used [0x00000000dc800000,0x00000000dd284030,0x00000000ddb00000)
  to   space 18944K, 0% used [0x00000000dfd80000,0x00000000dfd80000,0x00000000e1000000)
 ParOldGen       total 102400K, used 43716K [0x0000000080000000, 0x0000000086400000, 0x00000000d5580000)
  object space 102400K, 42% used [0x0000000080000000,0x0000000082ab1138,0x0000000086400000)
 Metaspace       used 42604K, capacity 45456K, committed 45784K, reserved 1089536K
  class space    used 5883K, capacity 6300K, committed 6400K, reserved 1048576K
}
Event: 19.354 GC heap before
{Heap before GC invocations=16 (full 2):
 PSYoungGen      total 136704K, used 128016K [0x00000000d5580000, 0x00000000e1000000, 0x0000000100000000)
  eden space 117248K, 100% used [0x00000000d5580000,0x00000000dc800000,0x00000000dc800000)
  from space 19456K, 55% used [0x00000000dc800000,0x00000000dd284030,0x00000000ddb00000)
  to   space 18944K, 0% used [0x00000000dfd80000,0x00000000dfd80000,0x00000000e1000000)
 ParOldGen       total 102400K, used 43716K [0x0000000080000000, 0x0000000086400000, 0x00000000d5580000)
  object space 102400K, 42% used [0x0000000080000000,0x0000000082ab1138,0x0000000086400000)
 Metaspace       used 46388K, capacity 49444K, committed 49624K, reserved 1091584K
  class space    used 6422K, capacity 6843K, committed 6912K, reserved 1048576K
Event: 19.384 GC heap after
Heap after GC invocations=16 (full 2):
 PSYoungGen      total 167936K, used 11199K [0x00000000d5580000, 0x00000000e0d80000, 0x0000000100000000)
  eden space 151552K, 0% used [0x00000000d5580000,0x00000000d5580000,0x00000000de980000)
  from space 16384K, 68% used [0x00000000dfd80000,0x00000000e086fc20,0x00000000e0d80000)
  to   space 18432K, 0% used [0x00000000de980000,0x00000000de980000,0x00000000dfb80000)
 ParOldGen       total 102400K, used 53953K [0x0000000080000000, 0x0000000086400000, 0x00000000d5580000)
  object space 102400K, 52% used [0x0000000080000000,0x00000000834b0670,0x0000000086400000)
 Metaspace       used 46388K, capacity 49444K, committed 49624K, reserved 1091584K
  class space    used 6422K, capacity 6843K, committed 6912K, reserved 1048576K
}
Event: 21.856 GC heap before
{Heap before GC invocations=17 (full 2):
 PSYoungGen      total 167936K, used 162751K [0x00000000d5580000, 0x00000000e0d80000, 0x0000000100000000)
  eden space 151552K, 100% used [0x00000000d5580000,0x00000000de980000,0x00000000de980000)
  from space 16384K, 68% used [0x00000000dfd80000,0x00000000e086fc20,0x00000000e0d80000)
  to   space 18432K, 0% used [0x00000000de980000,0x00000000de980000,0x00000000dfb80000)
 ParOldGen       total 102400K, used 53953K [0x0000000080000000, 0x0000000086400000, 0x00000000d5580000)
  object space 102400K, 52% used [0x0000000080000000,0x00000000834b0670,0x0000000086400000)
 Metaspace       used 46892K, capacity 50070K, committed 50136K, reserved 1093632K
  class space    used 6453K, capacity 6902K, committed 6912K, reserved 1048576K
Event: 21.884 GC heap after
Heap after GC invocations=17 (full 2):
 PSYoungGen      total 169984K, used 12618K [0x00000000d5580000, 0x00000000e3700000, 0x0000000100000000)
  eden space 151552K, 0% used [0x00000000d5580000,0x00000000d5580000,0x00000000de980000)
  from space 18432K, 68% used [0x00000000de980000,0x00000000df5d2ab0,0x00000000dfb80000)
  to   space 18944K, 0% used [0x00000000e2480000,0x00000000e2480000,0x00000000e3700000)
 ParOldGen       total 102400K, used 62707K [0x0000000080000000, 0x0000000086400000, 0x00000000d5580000)
  object space 102400K, 61% used [0x0000000080000000,0x0000000083d3cc48,0x0000000086400000)
 Metaspace       used 46892K, capacity 50070K, committed 50136K, reserved 1093632K
  class space    used 6453K, capacity 6902K, committed 6912K, reserved 1048576K
}

