# JRE version: Java(TM) SE Runtime Environment (8.0_121-b13) (build 1.8.0_121-b13)
# Java VM: Java HotSpot(TM) 64-Bit Server VM (25.121-b13 mixed mode windows-amd64 compressed oops)
Heap:
 PSYoungGen      total 76800K, used 12872K [0x00000000d5e00000, 0x00000000db700000, 0x0000000100000000)
  eden space 64512K, 1% used [0x00000000d5e00000,0x00000000d5f2eeb8,0x00000000d9d00000)
  from space 12288K, 94% used [0x00000000d9d00000,0x00000000da863448,0x00000000da900000)
  to   space 10240K, 0% used [0x00000000da900000,0x00000000da900000,0x00000000db300000)
 ParOldGen       total 87552K, used 13255K [0x0000000081a00000, 0x0000000086f80000, 0x00000000d5e00000)
  object space 87552K, 15% used [0x0000000081a00000,0x00000000826f1c28,0x0000000086f80000)
 Metaspace       used 17856K, capacity 18278K, committed 18304K, reserved 1064960K
  class space    used 2017K, capacity 2167K, committed 2176K, reserved 1048576K
GC Heap History (10 events):
Event: 7.128 GC heap before
{Heap before GC invocations=3 (full 0):
 PSYoungGen      total 38400K, used 38399K [0x00000000d5e00000, 0x00000000d8880000, 0x0000000100000000)
  eden space 33280K, 100% used [0x00000000d5e00000,0x00000000d7e80000,0x00000000d7e80000)
  from space 5120K, 99% used [0x00000000d8380000,0x00000000d887ffb0,0x00000000d8880000)
  to   space 5120K, 0% used [0x00000000d7e80000,0x00000000d7e80000,0x00000000d8380000)
 ParOldGen       total 87552K, used 1978K [0x0000000081a00000, 0x0000000086f80000, 0x00000000d5e00000)
  object space 87552K, 2% used [0x0000000081a00000,0x0000000081beeba8,0x0000000086f80000)
 Metaspace       used 14690K, capacity 15054K, committed 15232K, reserved 1062912K
  class space    used 1789K, capacity 1901K, committed 1920K, reserved 1048576K
Event: 7.141 GC heap after
Heap after GC invocations=3 (full 0):
 PSYoungGen      total 38400K, used 5104K [0x00000000d5e00000, 0x00000000d8880000, 0x0000000100000000)
  eden space 33280K, 0% used [0x00000000d5e00000,0x00000000d5e00000,0x00000000d7e80000)
  from space 5120K, 99% used [0x00000000d7e80000,0x00000000d837c030,0x00000000d8380000)
  to   space 5120K, 0% used [0x00000000d8380000,0x00000000d8380000,0x00000000d8880000)
 ParOldGen       total 87552K, used 3661K [0x0000000081a00000, 0x0000000086f80000, 0x00000000d5e00000)
  object space 87552K, 4% used [0x0000000081a00000,0x0000000081d93418,0x0000000086f80000)
 Metaspace       used 14690K, capacity 15054K, committed 15232K, reserved 1062912K
  class space    used 1789K, capacity 1901K, committed 1920K, reserved 1048576K
}
Event: 8.955 GC heap before
{Heap before GC invocations=4 (full 0):
 PSYoungGen      total 38400K, used 38384K [0x00000000d5e00000, 0x00000000d8880000, 0x0000000100000000)
  eden space 33280K, 100% used [0x00000000d5e00000,0x00000000d7e80000,0x00000000d7e80000)
  from space 5120K, 99% used [0x00000000d7e80000,0x00000000d837c030,0x00000000d8380000)
  to   space 5120K, 0% used [0x00000000d8380000,0x00000000d8380000,0x00000000d8880000)
 ParOldGen       total 87552K, used 3661K [0x0000000081a00000, 0x0000000086f80000, 0x00000000d5e00000)
  object space 87552K, 4% used [0x0000000081a00000,0x0000000081d93418,0x0000000086f80000)
 Metaspace       used 16707K, capacity 17120K, committed 17280K, reserved 1064960K
  class space    used 1953K, capacity 2102K, committed 2176K, reserved 1048576K
Event: 8.990 GC heap after
Heap after GC invocations=4 (full 0):
 PSYoungGen      total 38400K, used 5096K [0x00000000d5e00000, 0x00000000da900000, 0x0000000100000000)
  eden space 33280K, 0% used [0x00000000d5e00000,0x00000000d5e00000,0x00000000d7e80000)
  from space 5120K, 99% used [0x00000000d8380000,0x00000000d887a0e0,0x00000000d8880000)
  to   space 5120K, 0% used [0x00000000d7e80000,0x00000000d7e80000,0x00000000d8380000)
 ParOldGen       total 87552K, used 7549K [0x0000000081a00000, 0x0000000086f80000, 0x00000000d5e00000)
  object space 87552K, 8% used [0x0000000081a00000,0x000000008215f418,0x0000000086f80000)
 Metaspace       used 16707K, capacity 17120K, committed 17280K, reserved 1064960K
  class space    used 1953K, capacity 2102K, committed 2176K, reserved 1048576K
}
Event: 10.274 GC heap before
{Heap before GC invocations=5 (full 0):
 PSYoungGen      total 38400K, used 38376K [0x00000000d5e00000, 0x00000000da900000, 0x0000000100000000)
  eden space 33280K, 100% used [0x00000000d5e00000,0x00000000d7e80000,0x00000000d7e80000)
  from space 5120K, 99% used [0x00000000d8380000,0x00000000d887a0e0,0x00000000d8880000)
  to   space 5120K, 0% used [0x00000000d7e80000,0x00000000d7e80000,0x00000000d8380000)
 ParOldGen       total 87552K, used 7549K [0x0000000081a00000, 0x0000000086f80000, 0x00000000d5e00000)
  object space 87552K, 8% used [0x0000000081a00000,0x000000008215f418,0x0000000086f80000)
 Metaspace       used 16741K, capacity 17120K, committed 17280K, reserved 1064960K
  class space    used 1953K, capacity 2102K, committed 2176K, reserved 1048576K
Event: 10.317 GC heap after
Heap after GC invocations=5 (full 0):
 PSYoungGen      total 38400K, used 5092K [0x00000000d5e00000, 0x00000000db300000, 0x0000000100000000)
  eden space 33280K, 0% used [0x00000000d5e00000,0x00000000d5e00000,0x00000000d7e80000)
  from space 5120K, 99% used [0x00000000d7e80000,0x00000000d83790e0,0x00000000d8380000)
  to   space 10240K, 0% used [0x00000000da900000,0x00000000da900000,0x00000000db300000)
 ParOldGen       total 87552K, used 9829K [0x0000000081a00000, 0x0000000086f80000, 0x00000000d5e00000)
  object space 87552K, 11% used [0x0000000081a00000,0x0000000082399438,0x0000000086f80000)
 Metaspace       used 16741K, capacity 17120K, committed 17280K, reserved 1064960K
  class space    used 1953K, capacity 2102K, committed 2176K, reserved 1048576K
}
Event: 12.033 GC heap before
{Heap before GC invocations=6 (full 0):
 PSYoungGen      total 38400K, used 38372K [0x00000000d5e00000, 0x00000000db300000, 0x0000000100000000)
  eden space 33280K, 100% used [0x00000000d5e00000,0x00000000d7e80000,0x00000000d7e80000)
  from space 5120K, 99% used [0x00000000d7e80000,0x00000000d83790e0,0x00000000d8380000)
  to   space 10240K, 0% used [0x00000000da900000,0x00000000da900000,0x00000000db300000)
 ParOldGen       total 87552K, used 9829K [0x0000000081a00000, 0x0000000086f80000, 0x00000000d5e00000)
  object space 87552K, 11% used [0x0000000081a00000,0x0000000082399438,0x0000000086f80000)
 Metaspace       used 17075K, capacity 17504K, committed 17792K, reserved 1064960K
  class space    used 1961K, capacity 2102K, committed 2176K, reserved 1048576K
Event: 12.066 GC heap after
Heap after GC invocations=6 (full 0):
 PSYoungGen      total 74752K, used 10212K [0x00000000d5e00000, 0x00000000db700000, 0x0000000100000000)
  eden space 64512K, 0% used [0x00000000d5e00000,0x00000000d5e00000,0x00000000d9d00000)
  from space 10240K, 99% used [0x00000000da900000,0x00000000db2f90c0,0x00000000db300000)
  to   space 12288K, 0% used [0x00000000d9d00000,0x00000000d9d00000,0x00000000da900000)
 ParOldGen       total 87552K, used 10330K [0x0000000081a00000, 0x0000000086f80000, 0x00000000d5e00000)
  object space 87552K, 11% used [0x0000000081a00000,0x0000000082416a78,0x0000000086f80000)
 Metaspace       used 17075K, capacity 17504K, committed 17792K, reserved 1064960K
  class space    used 1961K, capacity 2102K, committed 2176K, reserved 1048576K
}
Event: 13.952 GC heap before
{Heap before GC invocations=7 (full 0):
 PSYoungGen      total 74752K, used 74724K [0x00000000d5e00000, 0x00000000db700000, 0x0000000100000000)
  eden space 64512K, 100% used [0x00000000d5e00000,0x00000000d9d00000,0x00000000d9d00000)
  from space 10240K, 99% used [0x00000000da900000,0x00000000db2f90c0,0x00000000db300000)
  to   space 12288K, 0% used [0x00000000d9d00000,0x00000000d9d00000,0x00000000da900000)
 ParOldGen       total 87552K, used 10330K [0x0000000081a00000, 0x0000000086f80000, 0x00000000d5e00000)
  object space 87552K, 11% used [0x0000000081a00000,0x0000000082416a78,0x0000000086f80000)
 Metaspace       used 17856K, capacity 18278K, committed 18304K, reserved 1064960K
  class space    used 2017K, capacity 2167K, committed 2176K, reserved 1048576K
Event: 14.001 GC heap after
Heap after GC invocations=7 (full 0):
 PSYoungGen      total 76800K, used 11661K [0x00000000d5e00000, 0x00000000db700000, 0x0000000100000000)
  eden space 64512K, 0% used [0x00000000d5e00000,0x00000000d5e00000,0x00000000d9d00000)
  from space 12288K, 94% used [0x00000000d9d00000,0x00000000da863448,0x00000000da900000)
  to   space 10240K, 0% used [0x00000000da900000,0x00000000da900000,0x00000000db300000)
 ParOldGen       total 87552K, used 13255K [0x0000000081a00000, 0x0000000086f80000, 0x00000000d5e00000)
  object space 87552K, 15% used [0x0000000081a00000,0x00000000826f1c28,0x0000000086f80000)
 Metaspace       used 17856K, capacity 18278K, committed 18304K, reserved 1064960K
  class space    used 2017K, capacity 2167K, committed 2176K, reserved 1048576K
}

