# JRE version: Java(TM) SE Runtime Environment (8.0_121-b13) (build 1.8.0_121-b13)
# Java VM: Java HotSpot(TM) 64-Bit Server VM (25.121-b13 mixed mode windows-amd64 compressed oops)
Heap:
 PSYoungGen      total 242176K, used 32455K [0x00000000d5e00000, 0x00000000e6880000, 0x0000000100000000)
  eden space 211456K, 3% used [0x00000000d5e00000,0x00000000d6623c38,0x00000000e2c80000)
  from space 30720K, 78% used [0x00000000e2c80000,0x00000000e440e2b8,0x00000000e4a80000)
  to   space 20480K, 0% used [0x00000000e5480000,0x00000000e5480000,0x00000000e6880000)
 ParOldGen       total 87552K, used 60494K [0x0000000081a00000, 0x0000000086f80000, 0x00000000d5e00000)
  object space 87552K, 69% used [0x0000000081a00000,0x0000000085513b88,0x0000000086f80000)
 Metaspace       used 26006K, capacity 26410K, committed 26624K, reserved 1073152K
  class space    used 2876K, capacity 3043K, committed 3072K, reserved 1048576K
GC Heap History (10 events):
Event: 8.754 GC heap before
{Heap before GC invocations=10 (full 0):
 PSYoungGen      total 145408K, used 145408K [0x00000000d5e00000, 0x00000000e7280000, 0x0000000100000000)
  eden space 132096K, 100% used [0x00000000d5e00000,0x00000000ddf00000,0x00000000ddf00000)
  from space 13312K, 100% used [0x00000000ddf00000,0x00000000dec00000,0x00000000dec00000)
  to   space 30720K, 0% used [0x00000000e5480000,0x00000000e5480000,0x00000000e7280000)
 ParOldGen       total 87552K, used 44829K [0x0000000081a00000, 0x0000000086f80000, 0x00000000d5e00000)
  object space 87552K, 51% used [0x0000000081a00000,0x00000000845c7708,0x0000000086f80000)
 Metaspace       used 18403K, capacity 18832K, committed 18944K, reserved 1067008K
  class space    used 2039K, capacity 2202K, committed 2304K, reserved 1048576K
Event: 8.801 GC heap after
Heap after GC invocations=10 (full 0):
 PSYoungGen      total 231936K, used 3415K [0x00000000d5e00000, 0x00000000e6880000, 0x0000000100000000)
  eden space 211456K, 0% used [0x00000000d5e00000,0x00000000d5e00000,0x00000000e2c80000)
  from space 20480K, 16% used [0x00000000e5480000,0x00000000e57d5fe8,0x00000000e6880000)
  to   space 30720K, 0% used [0x00000000e2c80000,0x00000000e2c80000,0x00000000e4a80000)
 ParOldGen       total 87552K, used 57341K [0x0000000081a00000, 0x0000000086f80000, 0x00000000d5e00000)
  object space 87552K, 65% used [0x0000000081a00000,0x00000000851ff708,0x0000000086f80000)
 Metaspace       used 18403K, capacity 18832K, committed 18944K, reserved 1067008K
  class space    used 2039K, capacity 2202K, committed 2304K, reserved 1048576K
}
Event: 10.599 GC heap before
{Heap before GC invocations=11 (full 0):
 PSYoungGen      total 231936K, used 214871K [0x00000000d5e00000, 0x00000000e6880000, 0x0000000100000000)
  eden space 211456K, 100% used [0x00000000d5e00000,0x00000000e2c80000,0x00000000e2c80000)
  from space 20480K, 16% used [0x00000000e5480000,0x00000000e57d5fe8,0x00000000e6880000)
  to   space 30720K, 0% used [0x00000000e2c80000,0x00000000e2c80000,0x00000000e4a80000)
 ParOldGen       total 87552K, used 57341K [0x0000000081a00000, 0x0000000086f80000, 0x00000000d5e00000)
  object space 87552K, 65% used [0x0000000081a00000,0x00000000851ff708,0x0000000086f80000)
 Metaspace       used 20298K, capacity 20730K, committed 20864K, reserved 1067008K
  class space    used 2223K, capacity 2364K, committed 2432K, reserved 1048576K
Event: 10.636 GC heap after
Heap after GC invocations=11 (full 0):
 PSYoungGen      total 242176K, used 5749K [0x00000000d5e00000, 0x00000000e6880000, 0x0000000100000000)
  eden space 211456K, 0% used [0x00000000d5e00000,0x00000000d5e00000,0x00000000e2c80000)
  from space 30720K, 18% used [0x00000000e2c80000,0x00000000e321d590,0x00000000e4a80000)
  to   space 20480K, 0% used [0x00000000e5480000,0x00000000e5480000,0x00000000e6880000)
 ParOldGen       total 87552K, used 60669K [0x0000000081a00000, 0x0000000086f80000, 0x00000000d5e00000)
  object space 87552K, 69% used [0x0000000081a00000,0x000000008553f708,0x0000000086f80000)
 Metaspace       used 20298K, capacity 20730K, committed 20864K, reserved 1067008K
  class space    used 2223K, capacity 2364K, committed 2432K, reserved 1048576K
}
Event: 10.671 GC heap before
{Heap before GC invocations=12 (full 0):
 PSYoungGen      total 242176K, used 9930K [0x00000000d5e00000, 0x00000000e6880000, 0x0000000100000000)
  eden space 211456K, 1% used [0x00000000d5e00000,0x00000000d6215328,0x00000000e2c80000)
  from space 30720K, 18% used [0x00000000e2c80000,0x00000000e321d590,0x00000000e4a80000)
  to   space 20480K, 0% used [0x00000000e5480000,0x00000000e5480000,0x00000000e6880000)
 ParOldGen       total 87552K, used 60669K [0x0000000081a00000, 0x0000000086f80000, 0x00000000d5e00000)
  object space 87552K, 69% used [0x0000000081a00000,0x000000008553f708,0x0000000086f80000)
 Metaspace       used 20574K, capacity 21060K, committed 21248K, reserved 1069056K
  class space    used 2271K, capacity 2434K, committed 2560K, reserved 1048576K
Event: 10.682 GC heap after
Heap after GC invocations=12 (full 0):
 PSYoungGen      total 231936K, used 208K [0x00000000d5e00000, 0x00000000e6880000, 0x0000000100000000)
  eden space 211456K, 0% used [0x00000000d5e00000,0x00000000d5e00000,0x00000000e2c80000)
  from space 20480K, 1% used [0x00000000e5480000,0x00000000e54b4010,0x00000000e6880000)
  to   space 30720K, 0% used [0x00000000e2c80000,0x00000000e2c80000,0x00000000e4a80000)
 ParOldGen       total 87552K, used 65667K [0x0000000081a00000, 0x0000000086f80000, 0x00000000d5e00000)
  object space 87552K, 75% used [0x0000000081a00000,0x0000000085a20c08,0x0000000086f80000)
 Metaspace       used 20574K, capacity 21060K, committed 21248K, reserved 1069056K
  class space    used 2271K, capacity 2434K, committed 2560K, reserved 1048576K
}
Event: 10.682 GC heap before
{Heap before GC invocations=13 (full 1):
 PSYoungGen      total 231936K, used 208K [0x00000000d5e00000, 0x00000000e6880000, 0x0000000100000000)
  eden space 211456K, 0% used [0x00000000d5e00000,0x00000000d5e00000,0x00000000e2c80000)
  from space 20480K, 1% used [0x00000000e5480000,0x00000000e54b4010,0x00000000e6880000)
  to   space 30720K, 0% used [0x00000000e2c80000,0x00000000e2c80000,0x00000000e4a80000)
 ParOldGen       total 87552K, used 65667K [0x0000000081a00000, 0x0000000086f80000, 0x00000000d5e00000)
  object space 87552K, 75% used [0x0000000081a00000,0x0000000085a20c08,0x0000000086f80000)
 Metaspace       used 20574K, capacity 21060K, committed 21248K, reserved 1069056K
  class space    used 2271K, capacity 2434K, committed 2560K, reserved 1048576K
Event: 10.967 GC heap after
Heap after GC invocations=13 (full 1):
 PSYoungGen      total 231936K, used 0K [0x00000000d5e00000, 0x00000000e6880000, 0x0000000100000000)
  eden space 211456K, 0% used [0x00000000d5e00000,0x00000000d5e00000,0x00000000e2c80000)
  from space 20480K, 0% used [0x00000000e5480000,0x00000000e5480000,0x00000000e6880000)
  to   space 30720K, 0% used [0x00000000e2c80000,0x00000000e2c80000,0x00000000e4a80000)
 ParOldGen       total 87552K, used 60486K [0x0000000081a00000, 0x0000000086f80000, 0x00000000d5e00000)
  object space 87552K, 69% used [0x0000000081a00000,0x0000000085511b88,0x0000000086f80000)
 Metaspace       used 20574K, capacity 21060K, committed 21248K, reserved 1069056K
  class space    used 2271K, capacity 2434K, committed 2560K, reserved 1048576K
}
Event: 13.351 GC heap before
{Heap before GC invocations=14 (full 1):
 PSYoungGen      total 231936K, used 211456K [0x00000000d5e00000, 0x00000000e6880000, 0x0000000100000000)
  eden space 211456K, 100% used [0x00000000d5e00000,0x00000000e2c80000,0x00000000e2c80000)
  from space 20480K, 0% used [0x00000000e5480000,0x00000000e5480000,0x00000000e6880000)
  to   space 30720K, 0% used [0x00000000e2c80000,0x00000000e2c80000,0x00000000e4a80000)
 ParOldGen       total 87552K, used 60486K [0x0000000081a00000, 0x0000000086f80000, 0x00000000d5e00000)
  object space 87552K, 69% used [0x0000000081a00000,0x0000000085511b88,0x0000000086f80000)
 Metaspace       used 26002K, capacity 26410K, committed 26624K, reserved 1073152K
  class space    used 2876K, capacity 3043K, committed 3072K, reserved 1048576K
Event: 13.480 GC heap after
Heap after GC invocations=14 (full 1):
 PSYoungGen      total 242176K, used 24120K [0x00000000d5e00000, 0x00000000e6880000, 0x0000000100000000)
  eden space 211456K, 0% used [0x00000000d5e00000,0x00000000d5e00000,0x00000000e2c80000)
  from space 30720K, 78% used [0x00000000e2c80000,0x00000000e440e2b8,0x00000000e4a80000)
  to   space 20480K, 0% used [0x00000000e5480000,0x00000000e5480000,0x00000000e6880000)
 ParOldGen       total 87552K, used 60494K [0x0000000081a00000, 0x0000000086f80000, 0x00000000d5e00000)
  object space 87552K, 69% used [0x0000000081a00000,0x0000000085513b88,0x0000000086f80000)
 Metaspace       used 26002K, capacity 26410K, committed 26624K, reserved 1073152K
  class space    used 2876K, capacity 3043K, committed 3072K, reserved 1048576K
}

