# JRE version: Java(TM) SE Runtime Environment (8.0_121-b13) (build 1.8.0_121-b13)
# Java VM: Java HotSpot(TM) 64-Bit Server VM (25.121-b13 mixed mode windows-amd64 compressed oops)
Heap:
 PSYoungGen      total 71680K, used 29905K [0x00000000d5580000, 0x00000000da080000, 0x0000000100000000)
  eden space 66560K, 44% used [0x00000000d5580000,0x00000000d72b4448,0x00000000d9680000)
  from space 5120K, 0% used [0x00000000d9b80000,0x00000000d9b80000,0x00000000da080000)
  to   space 5120K, 0% used [0x00000000d9680000,0x00000000d9680000,0x00000000d9b80000)
 ParOldGen       total 60928K, used 17818K [0x0000000080000000, 0x0000000083b80000, 0x00000000d5580000)
  object space 60928K, 29% used [0x0000000080000000,0x00000000811668f8,0x0000000083b80000)
 Metaspace       used 36364K, capacity 36832K, committed 36992K, reserved 1081344K
  class space    used 4832K, capacity 4961K, committed 4992K, reserved 1048576K
GC Heap History (10 events):
Event: 22.367 GC heap before
{Heap before GC invocations=6 (full 1):
 PSYoungGen      total 71680K, used 66560K [0x00000000d5580000, 0x00000000da080000, 0x0000000100000000)
  eden space 66560K, 100% used [0x00000000d5580000,0x00000000d9680000,0x00000000d9680000)
  from space 5120K, 0% used [0x00000000d9b80000,0x00000000d9b80000,0x00000000da080000)
  to   space 5120K, 0% used [0x00000000d9680000,0x00000000d9680000,0x00000000d9b80000)
 ParOldGen       total 60928K, used 9285K [0x0000000080000000, 0x0000000083b80000, 0x00000000d5580000)
  object space 60928K, 15% used [0x0000000080000000,0x0000000080911440,0x0000000083b80000)
 Metaspace       used 27547K, capacity 27970K, committed 28160K, reserved 1073152K
  class space    used 3653K, capacity 3782K, committed 3840K, reserved 1048576K
Event: 22.381 GC heap after
Heap after GC invocations=6 (full 1):
 PSYoungGen      total 71680K, used 5120K [0x00000000d5580000, 0x00000000da080000, 0x0000000100000000)
  eden space 66560K, 0% used [0x00000000d5580000,0x00000000d5580000,0x00000000d9680000)
  from space 5120K, 100% used [0x00000000d9680000,0x00000000d9b80000,0x00000000d9b80000)
  to   space 5120K, 0% used [0x00000000d9b80000,0x00000000d9b80000,0x00000000da080000)
 ParOldGen       total 60928K, used 11023K [0x0000000080000000, 0x0000000083b80000, 0x00000000d5580000)
  object space 60928K, 18% used [0x0000000080000000,0x0000000080ac3fe0,0x0000000083b80000)
 Metaspace       used 27547K, capacity 27970K, committed 28160K, reserved 1073152K
  class space    used 3653K, capacity 3782K, committed 3840K, reserved 1048576K
}
Event: 29.031 GC heap before
{Heap before GC invocations=7 (full 1):
 PSYoungGen      total 71680K, used 71680K [0x00000000d5580000, 0x00000000da080000, 0x0000000100000000)
  eden space 66560K, 100% used [0x00000000d5580000,0x00000000d9680000,0x00000000d9680000)
  from space 5120K, 100% used [0x00000000d9680000,0x00000000d9b80000,0x00000000d9b80000)
  to   space 5120K, 0% used [0x00000000d9b80000,0x00000000d9b80000,0x00000000da080000)
 ParOldGen       total 60928K, used 11023K [0x0000000080000000, 0x0000000083b80000, 0x00000000d5580000)
  object space 60928K, 18% used [0x0000000080000000,0x0000000080ac3fe0,0x0000000083b80000)
 Metaspace       used 32967K, capacity 33560K, committed 33792K, reserved 1079296K
  class space    used 4425K, capacity 4576K, committed 4608K, reserved 1048576K
Event: 29.051 GC heap after
Heap after GC invocations=7 (full 1):
 PSYoungGen      total 71680K, used 5104K [0x00000000d5580000, 0x00000000da080000, 0x0000000100000000)
  eden space 66560K, 0% used [0x00000000d5580000,0x00000000d5580000,0x00000000d9680000)
  from space 5120K, 99% used [0x00000000d9b80000,0x00000000da07c010,0x00000000da080000)
  to   space 5120K, 0% used [0x00000000d9680000,0x00000000d9680000,0x00000000d9b80000)
 ParOldGen       total 60928K, used 16863K [0x0000000080000000, 0x0000000083b80000, 0x00000000d5580000)
  object space 60928K, 27% used [0x0000000080000000,0x0000000081077c50,0x0000000083b80000)
 Metaspace       used 32967K, capacity 33560K, committed 33792K, reserved 1079296K
  class space    used 4425K, capacity 4576K, committed 4608K, reserved 1048576K
}
Event: 32.024 GC heap before
{Heap before GC invocations=8 (full 1):
 PSYoungGen      total 71680K, used 71664K [0x00000000d5580000, 0x00000000da080000, 0x0000000100000000)
  eden space 66560K, 100% used [0x00000000d5580000,0x00000000d9680000,0x00000000d9680000)
  from space 5120K, 99% used [0x00000000d9b80000,0x00000000da07c010,0x00000000da080000)
  to   space 5120K, 0% used [0x00000000d9680000,0x00000000d9680000,0x00000000d9b80000)
 ParOldGen       total 60928K, used 16863K [0x0000000080000000, 0x0000000083b80000, 0x00000000d5580000)
  object space 60928K, 27% used [0x0000000080000000,0x0000000081077c50,0x0000000083b80000)
 Metaspace       used 34388K, capacity 34892K, committed 35072K, reserved 1079296K
  class space    used 4569K, capacity 4742K, committed 4864K, reserved 1048576K
Event: 32.046 GC heap after
Heap after GC invocations=8 (full 1):
 PSYoungGen      total 71680K, used 5088K [0x00000000d5580000, 0x00000000da080000, 0x0000000100000000)
  eden space 66560K, 0% used [0x00000000d5580000,0x00000000d5580000,0x00000000d9680000)
  from space 5120K, 99% used [0x00000000d9680000,0x00000000d9b78020,0x00000000d9b80000)
  to   space 5120K, 0% used [0x00000000d9b80000,0x00000000d9b80000,0x00000000da080000)
 ParOldGen       total 60928K, used 22170K [0x0000000080000000, 0x0000000083b80000, 0x00000000d5580000)
  object space 60928K, 36% used [0x0000000080000000,0x00000000815a6918,0x0000000083b80000)
 Metaspace       used 34388K, capacity 34892K, committed 35072K, reserved 1079296K
  class space    used 4569K, capacity 4742K, committed 4864K, reserved 1048576K
}
Event: 32.169 GC heap before
{Heap before GC invocations=9 (full 1):
 PSYoungGen      total 71680K, used 12226K [0x00000000d5580000, 0x00000000da080000, 0x0000000100000000)
  eden space 66560K, 10% used [0x00000000d5580000,0x00000000d5c78bb0,0x00000000d9680000)
  from space 5120K, 99% used [0x00000000d9680000,0x00000000d9b78020,0x00000000d9b80000)
  to   space 5120K, 0% used [0x00000000d9b80000,0x00000000d9b80000,0x00000000da080000)
 ParOldGen       total 60928K, used 22170K [0x0000000080000000, 0x0000000083b80000, 0x00000000d5580000)
  object space 60928K, 36% used [0x0000000080000000,0x00000000815a6918,0x0000000083b80000)
 Metaspace       used 34851K, capacity 35372K, committed 35416K, reserved 1079296K
  class space    used 4647K, capacity 4838K, committed 4864K, reserved 1048576K
Event: 32.177 GC heap after
Heap after GC invocations=9 (full 1):
 PSYoungGen      total 71680K, used 5120K [0x00000000d5580000, 0x00000000da080000, 0x0000000100000000)
  eden space 66560K, 0% used [0x00000000d5580000,0x00000000d5580000,0x00000000d9680000)
  from space 5120K, 100% used [0x00000000d9b80000,0x00000000da080000,0x00000000da080000)
  to   space 5120K, 0% used [0x00000000d9680000,0x00000000d9680000,0x00000000d9b80000)
 ParOldGen       total 60928K, used 22564K [0x0000000080000000, 0x0000000083b80000, 0x00000000d5580000)
  object space 60928K, 37% used [0x0000000080000000,0x00000000816091d8,0x0000000083b80000)
 Metaspace       used 34851K, capacity 35372K, committed 35416K, reserved 1079296K
  class space    used 4647K, capacity 4838K, committed 4864K, reserved 1048576K
}
Event: 32.177 GC heap before
{Heap before GC invocations=10 (full 2):
 PSYoungGen      total 71680K, used 5120K [0x00000000d5580000, 0x00000000da080000, 0x0000000100000000)
  eden space 66560K, 0% used [0x00000000d5580000,0x00000000d5580000,0x00000000d9680000)
  from space 5120K, 100% used [0x00000000d9b80000,0x00000000da080000,0x00000000da080000)
  to   space 5120K, 0% used [0x00000000d9680000,0x00000000d9680000,0x00000000d9b80000)
 ParOldGen       total 60928K, used 22564K [0x0000000080000000, 0x0000000083b80000, 0x00000000d5580000)
  object space 60928K, 37% used [0x0000000080000000,0x00000000816091d8,0x0000000083b80000)
 Metaspace       used 34851K, capacity 35372K, committed 35416K, reserved 1079296K
  class space    used 4647K, capacity 4838K, committed 4864K, reserved 1048576K
Event: 32.316 GC heap after
Heap after GC invocations=10 (full 2):
 PSYoungGen      total 71680K, used 0K [0x00000000d5580000, 0x00000000da080000, 0x0000000100000000)
  eden space 66560K, 0% used [0x00000000d5580000,0x00000000d5580000,0x00000000d9680000)
  from space 5120K, 0% used [0x00000000d9b80000,0x00000000d9b80000,0x00000000da080000)
  to   space 5120K, 0% used [0x00000000d9680000,0x00000000d9680000,0x00000000d9b80000)
 ParOldGen       total 60928K, used 17818K [0x0000000080000000, 0x0000000083b80000, 0x00000000d5580000)
  object space 60928K, 29% used [0x0000000080000000,0x00000000811668f8,0x0000000083b80000)
 Metaspace       used 34781K, capacity 35252K, committed 35416K, reserved 1079296K
  class space    used 4631K, capacity 4798K, committed 4864K, reserved 1048576K
}

