# JRE version: Java(TM) SE Runtime Environment (8.0_121-b13) (build 1.8.0_121-b13)
# Java VM: Java HotSpot(TM) 64-Bit Server VM (25.121-b13 mixed mode windows-amd64 compressed oops)
Heap:
 PSYoungGen      total 141312K, used 24267K [0x00000000d5580000, 0x00000000e2280000, 0x0000000100000000)
  eden space 121856K, 3% used [0x00000000d5580000,0x00000000d5a36ea0,0x00000000dcc80000)
  from space 19456K, 99% used [0x00000000dcc80000,0x00000000ddf7c010,0x00000000ddf80000)
  to   space 25088K, 0% used [0x00000000e0a00000,0x00000000e0a00000,0x00000000e2280000)
 ParOldGen       total 102400K, used 33132K [0x0000000080000000, 0x0000000086400000, 0x00000000d5580000)
  object space 102400K, 32% used [0x0000000080000000,0x000000008205b158,0x0000000086400000)
 Metaspace       used 42666K, capacity 45548K, committed 45784K, reserved 1089536K
  class space    used 5882K, capacity 6264K, committed 6360K, reserved 1048576K
GC Heap History (10 events):
Event: 9.691 GC heap before
{Heap before GC invocations=11 (full 2):
 PSYoungGen      total 90624K, used 12276K [0x00000000d5580000, 0x00000000dd900000, 0x0000000100000000)
  eden space 78336K, 0% used [0x00000000d5580000,0x00000000d5580000,0x00000000da200000)
  from space 12288K, 99% used [0x00000000da200000,0x00000000dadfd218,0x00000000dae00000)
  to   space 14336K, 0% used [0x00000000dcb00000,0x00000000dcb00000,0x00000000dd900000)
 ParOldGen       total 65536K, used 10749K [0x0000000080000000, 0x0000000084000000, 0x00000000d5580000)
  object space 65536K, 16% used [0x0000000080000000,0x0000000080a7f730,0x0000000084000000)
 Metaspace       used 34557K, capacity 35204K, committed 35416K, reserved 1079296K
  class space    used 4719K, capacity 4879K, committed 4952K, reserved 1048576K
Event: 9.815 GC heap after
Heap after GC invocations=11 (full 2):
 PSYoungGen      total 90624K, used 0K [0x00000000d5580000, 0x00000000dd900000, 0x0000000100000000)
  eden space 78336K, 0% used [0x00000000d5580000,0x00000000d5580000,0x00000000da200000)
  from space 12288K, 0% used [0x00000000da200000,0x00000000da200000,0x00000000dae00000)
  to   space 14336K, 0% used [0x00000000dcb00000,0x00000000dcb00000,0x00000000dd900000)
 ParOldGen       total 102400K, used 19714K [0x0000000080000000, 0x0000000086400000, 0x00000000d5580000)
  object space 102400K, 19% used [0x0000000080000000,0x00000000813408b0,0x0000000086400000)
 Metaspace       used 34557K, capacity 35204K, committed 35416K, reserved 1079296K
  class space    used 4719K, capacity 4879K, committed 4952K, reserved 1048576K
}
Event: 11.066 GC heap before
{Heap before GC invocations=12 (full 2):
 PSYoungGen      total 90624K, used 78336K [0x00000000d5580000, 0x00000000dd900000, 0x0000000100000000)
  eden space 78336K, 100% used [0x00000000d5580000,0x00000000da200000,0x00000000da200000)
  from space 12288K, 0% used [0x00000000da200000,0x00000000da200000,0x00000000dae00000)
  to   space 14336K, 0% used [0x00000000dcb00000,0x00000000dcb00000,0x00000000dd900000)
 ParOldGen       total 102400K, used 19714K [0x0000000080000000, 0x0000000086400000, 0x00000000d5580000)
  object space 102400K, 19% used [0x0000000080000000,0x00000000813408b0,0x0000000086400000)
 Metaspace       used 37872K, capacity 38582K, committed 38872K, reserved 1083392K
  class space    used 5246K, capacity 5465K, committed 5592K, reserved 1048576K
Event: 11.079 GC heap after
Heap after GC invocations=12 (full 2):
 PSYoungGen      total 105984K, used 7631K [0x00000000d5580000, 0x00000000dd280000, 0x0000000100000000)
  eden space 98304K, 0% used [0x00000000d5580000,0x00000000d5580000,0x00000000db580000)
  from space 7680K, 99% used [0x00000000dcb00000,0x00000000dd273e10,0x00000000dd280000)
  to   space 13824K, 0% used [0x00000000db780000,0x00000000db780000,0x00000000dc500000)
 ParOldGen       total 102400K, used 19722K [0x0000000080000000, 0x0000000086400000, 0x00000000d5580000)
  object space 102400K, 19% used [0x0000000080000000,0x00000000813428b0,0x0000000086400000)
 Metaspace       used 37872K, capacity 38582K, committed 38872K, reserved 1083392K
  class space    used 5246K, capacity 5465K, committed 5592K, reserved 1048576K
}
Event: 12.397 GC heap before
{Heap before GC invocations=13 (full 2):
 PSYoungGen      total 105984K, used 105935K [0x00000000d5580000, 0x00000000dd280000, 0x0000000100000000)
  eden space 98304K, 100% used [0x00000000d5580000,0x00000000db580000,0x00000000db580000)
  from space 7680K, 99% used [0x00000000dcb00000,0x00000000dd273e10,0x00000000dd280000)
  to   space 13824K, 0% used [0x00000000db780000,0x00000000db780000,0x00000000dc500000)
 ParOldGen       total 102400K, used 19722K [0x0000000080000000, 0x0000000086400000, 0x00000000d5580000)
  object space 102400K, 19% used [0x0000000080000000,0x00000000813428b0,0x0000000086400000)
 Metaspace       used 40265K, capacity 41194K, committed 41304K, reserved 1085440K
  class space    used 5606K, capacity 5881K, committed 5976K, reserved 1048576K
Event: 12.428 GC heap after
Heap after GC invocations=13 (full 2):
 PSYoungGen      total 114176K, used 13602K [0x00000000d5580000, 0x00000000dee80000, 0x0000000100000000)
  eden space 100352K, 0% used [0x00000000d5580000,0x00000000d5580000,0x00000000db780000)
  from space 13824K, 98% used [0x00000000db780000,0x00000000dc4c8bc8,0x00000000dc500000)
  to   space 15360K, 0% used [0x00000000ddf80000,0x00000000ddf80000,0x00000000dee80000)
 ParOldGen       total 102400K, used 19730K [0x0000000080000000, 0x0000000086400000, 0x00000000d5580000)
  object space 102400K, 19% used [0x0000000080000000,0x00000000813448b0,0x0000000086400000)
 Metaspace       used 40265K, capacity 41194K, committed 41304K, reserved 1085440K
  class space    used 5606K, capacity 5881K, committed 5976K, reserved 1048576K
}
Event: 14.773 GC heap before
{Heap before GC invocations=14 (full 2):
 PSYoungGen      total 114176K, used 113954K [0x00000000d5580000, 0x00000000dee80000, 0x0000000100000000)
  eden space 100352K, 100% used [0x00000000d5580000,0x00000000db780000,0x00000000db780000)
  from space 13824K, 98% used [0x00000000db780000,0x00000000dc4c8bc8,0x00000000dc500000)
  to   space 15360K, 0% used [0x00000000ddf80000,0x00000000ddf80000,0x00000000dee80000)
 ParOldGen       total 102400K, used 19730K [0x0000000080000000, 0x0000000086400000, 0x00000000d5580000)
  object space 102400K, 19% used [0x0000000080000000,0x00000000813448b0,0x0000000086400000)
 Metaspace       used 41500K, capacity 43288K, committed 43480K, reserved 1087488K
  class space    used 5744K, capacity 6065K, committed 6104K, reserved 1048576K
Event: 14.799 GC heap after
Heap after GC invocations=14 (full 2):
 PSYoungGen      total 137216K, used 15360K [0x00000000d5580000, 0x00000000df800000, 0x0000000100000000)
  eden space 121856K, 0% used [0x00000000d5580000,0x00000000d5580000,0x00000000dcc80000)
  from space 15360K, 100% used [0x00000000ddf80000,0x00000000dee80000,0x00000000dee80000)
  to   space 19456K, 0% used [0x00000000dcc80000,0x00000000dcc80000,0x00000000ddf80000)
 ParOldGen       total 102400K, used 25603K [0x0000000080000000, 0x0000000086400000, 0x00000000d5580000)
  object space 102400K, 25% used [0x0000000080000000,0x0000000081900ed8,0x0000000086400000)
 Metaspace       used 41500K, capacity 43288K, committed 43480K, reserved 1087488K
  class space    used 5744K, capacity 6065K, committed 6104K, reserved 1048576K
}
Event: 17.904 GC heap before
{Heap before GC invocations=15 (full 2):
 PSYoungGen      total 137216K, used 137216K [0x00000000d5580000, 0x00000000df800000, 0x0000000100000000)
  eden space 121856K, 100% used [0x00000000d5580000,0x00000000dcc80000,0x00000000dcc80000)
  from space 15360K, 100% used [0x00000000ddf80000,0x00000000dee80000,0x00000000dee80000)
  to   space 19456K, 0% used [0x00000000dcc80000,0x00000000dcc80000,0x00000000ddf80000)
 ParOldGen       total 102400K, used 25603K [0x0000000080000000, 0x0000000086400000, 0x00000000d5580000)
  object space 102400K, 25% used [0x0000000080000000,0x0000000081900ed8,0x0000000086400000)
 Metaspace       used 42665K, capacity 45548K, committed 45784K, reserved 1089536K
  class space    used 5882K, capacity 6264K, committed 6360K, reserved 1048576K
Event: 18.011 GC heap after
Heap after GC invocations=15 (full 2):
 PSYoungGen      total 141312K, used 19440K [0x00000000d5580000, 0x00000000e2280000, 0x0000000100000000)
  eden space 121856K, 0% used [0x00000000d5580000,0x00000000d5580000,0x00000000dcc80000)
  from space 19456K, 99% used [0x00000000dcc80000,0x00000000ddf7c010,0x00000000ddf80000)
  to   space 25088K, 0% used [0x00000000e0a00000,0x00000000e0a00000,0x00000000e2280000)
 ParOldGen       total 102400K, used 33132K [0x0000000080000000, 0x0000000086400000, 0x00000000d5580000)
  object space 102400K, 32% used [0x0000000080000000,0x000000008205b158,0x0000000086400000)
 Metaspace       used 42665K, capacity 45548K, committed 45784K, reserved 1089536K
  class space    used 5882K, capacity 6264K, committed 6360K, reserved 1048576K
}

