# JRE version: Java(TM) SE Runtime Environment (8.0_121-b13) (build 1.8.0_121-b13)
# Java VM: Java HotSpot(TM) 64-Bit Server VM (25.121-b13 mixed mode windows-amd64 compressed oops)
Heap:
 PSYoungGen      total 66048K, used 38854K [0x00000000d5580000, 0x00000000dcb80000, 0x0000000100000000)
  eden space 55296K, 50% used [0x00000000d5580000,0x00000000d70f8ba0,0x00000000d8b80000)
  from space 10752K, 99% used [0x00000000d8b80000,0x00000000d95f8e28,0x00000000d9600000)
  to   space 12800K, 0% used [0x00000000dbf00000,0x00000000dbf00000,0x00000000dcb80000)
 ParOldGen       total 59904K, used 9982K [0x0000000080000000, 0x0000000083a80000, 0x00000000d5580000)
  object space 59904K, 16% used [0x0000000080000000,0x00000000809bf9f8,0x0000000083a80000)
 Metaspace       used 33736K, capacity 34444K, committed 34816K, reserved 1079296K
  class space    used 4555K, capacity 4752K, committed 4864K, reserved 1048576K
GC Heap History (10 events):
Event: 11.797 GC heap before
{Heap before GC invocations=4 (full 0):
 PSYoungGen      total 38400K, used 36420K [0x00000000d5580000, 0x00000000d8000000, 0x0000000100000000)
  eden space 33280K, 94% used [0x00000000d5580000,0x00000000d7411a38,0x00000000d7600000)
  from space 5120K, 99% used [0x00000000d7600000,0x00000000d7aff5f8,0x00000000d7b00000)
  to   space 5120K, 0% used [0x00000000d7b00000,0x00000000d7b00000,0x00000000d8000000)
 ParOldGen       total 87552K, used 3442K [0x0000000080000000, 0x0000000085580000, 0x00000000d5580000)
  object space 87552K, 3% used [0x0000000080000000,0x000000008035ca68,0x0000000085580000)
 Metaspace       used 20767K, capacity 21174K, committed 21248K, reserved 1067008K
  class space    used 2870K, capacity 3047K, committed 3072K, reserved 1048576K
Event: 11.807 GC heap after
Heap after GC invocations=4 (full 0):
 PSYoungGen      total 38400K, used 5116K [0x00000000d5580000, 0x00000000d8000000, 0x0000000100000000)
  eden space 33280K, 0% used [0x00000000d5580000,0x00000000d5580000,0x00000000d7600000)
  from space 5120K, 99% used [0x00000000d7b00000,0x00000000d7fff000,0x00000000d8000000)
  to   space 5120K, 0% used [0x00000000d7600000,0x00000000d7600000,0x00000000d7b00000)
 ParOldGen       total 87552K, used 8183K [0x0000000080000000, 0x0000000085580000, 0x00000000d5580000)
  object space 87552K, 9% used [0x0000000080000000,0x00000000807fdc50,0x0000000085580000)
 Metaspace       used 20767K, capacity 21174K, committed 21248K, reserved 1067008K
  class space    used 2870K, capacity 3047K, committed 3072K, reserved 1048576K
}
Event: 11.807 GC heap before
{Heap before GC invocations=5 (full 1):
 PSYoungGen      total 38400K, used 5116K [0x00000000d5580000, 0x00000000d8000000, 0x0000000100000000)
  eden space 33280K, 0% used [0x00000000d5580000,0x00000000d5580000,0x00000000d7600000)
  from space 5120K, 99% used [0x00000000d7b00000,0x00000000d7fff000,0x00000000d8000000)
  to   space 5120K, 0% used [0x00000000d7600000,0x00000000d7600000,0x00000000d7b00000)
 ParOldGen       total 87552K, used 8183K [0x0000000080000000, 0x0000000085580000, 0x00000000d5580000)
  object space 87552K, 9% used [0x0000000080000000,0x00000000807fdc50,0x0000000085580000)
 Metaspace       used 20767K, capacity 21174K, committed 21248K, reserved 1067008K
  class space    used 2870K, capacity 3047K, committed 3072K, reserved 1048576K
Event: 11.853 GC heap after
Heap after GC invocations=5 (full 1):
 PSYoungGen      total 38400K, used 0K [0x00000000d5580000, 0x00000000d8000000, 0x0000000100000000)
  eden space 33280K, 0% used [0x00000000d5580000,0x00000000d5580000,0x00000000d7600000)
  from space 5120K, 0% used [0x00000000d7b00000,0x00000000d7b00000,0x00000000d8000000)
  to   space 5120K, 0% used [0x00000000d7600000,0x00000000d7600000,0x00000000d7b00000)
 ParOldGen       total 59904K, used 9704K [0x0000000080000000, 0x0000000083a80000, 0x00000000d5580000)
  object space 59904K, 16% used [0x0000000080000000,0x000000008097a3a8,0x0000000083a80000)
 Metaspace       used 20767K, capacity 21174K, committed 21248K, reserved 1067008K
  class space    used 2870K, capacity 3047K, committed 3072K, reserved 1048576K
}
Event: 12.822 GC heap before
{Heap before GC invocations=6 (full 1):
 PSYoungGen      total 38400K, used 33280K [0x00000000d5580000, 0x00000000d8000000, 0x0000000100000000)
  eden space 33280K, 100% used [0x00000000d5580000,0x00000000d7600000,0x00000000d7600000)
  from space 5120K, 0% used [0x00000000d7b00000,0x00000000d7b00000,0x00000000d8000000)
  to   space 5120K, 0% used [0x00000000d7600000,0x00000000d7600000,0x00000000d7b00000)
 ParOldGen       total 59904K, used 9704K [0x0000000080000000, 0x0000000083a80000, 0x00000000d5580000)
  object space 59904K, 16% used [0x0000000080000000,0x000000008097a3a8,0x0000000083a80000)
 Metaspace       used 23550K, capacity 23980K, committed 24320K, reserved 1071104K
  class space    used 3296K, capacity 3468K, committed 3584K, reserved 1048576K
Event: 12.825 GC heap after
Heap after GC invocations=6 (full 1):
 PSYoungGen      total 38400K, used 3373K [0x00000000d5580000, 0x00000000da100000, 0x0000000100000000)
  eden space 33280K, 0% used [0x00000000d5580000,0x00000000d5580000,0x00000000d7600000)
  from space 5120K, 65% used [0x00000000d7600000,0x00000000d794b700,0x00000000d7b00000)
  to   space 11264K, 0% used [0x00000000d9600000,0x00000000d9600000,0x00000000da100000)
 ParOldGen       total 59904K, used 9712K [0x0000000080000000, 0x0000000083a80000, 0x00000000d5580000)
  object space 59904K, 16% used [0x0000000080000000,0x000000008097c3a8,0x0000000083a80000)
 Metaspace       used 23550K, capacity 23980K, committed 24320K, reserved 1071104K
  class space    used 3296K, capacity 3468K, committed 3584K, reserved 1048576K
}
Event: 13.723 GC heap before
{Heap before GC invocations=7 (full 1):
 PSYoungGen      total 38400K, used 36653K [0x00000000d5580000, 0x00000000da100000, 0x0000000100000000)
  eden space 33280K, 100% used [0x00000000d5580000,0x00000000d7600000,0x00000000d7600000)
  from space 5120K, 65% used [0x00000000d7600000,0x00000000d794b700,0x00000000d7b00000)
  to   space 11264K, 0% used [0x00000000d9600000,0x00000000d9600000,0x00000000da100000)
 ParOldGen       total 59904K, used 9712K [0x0000000080000000, 0x0000000083a80000, 0x00000000d5580000)
  object space 59904K, 16% used [0x0000000080000000,0x000000008097c3a8,0x0000000083a80000)
 Metaspace       used 26103K, capacity 26668K, committed 26880K, reserved 1073152K
  class space    used 3581K, capacity 3785K, committed 3840K, reserved 1048576K
Event: 13.737 GC heap after
Heap after GC invocations=7 (full 1):
 PSYoungGen      total 66560K, used 5250K [0x00000000d5580000, 0x00000000da200000, 0x0000000100000000)
  eden space 55296K, 0% used [0x00000000d5580000,0x00000000d5580000,0x00000000d8b80000)
  from space 11264K, 46% used [0x00000000d9600000,0x00000000d9b20a28,0x00000000da100000)
  to   space 10752K, 0% used [0x00000000d8b80000,0x00000000d8b80000,0x00000000d9600000)
 ParOldGen       total 59904K, used 9720K [0x0000000080000000, 0x0000000083a80000, 0x00000000d5580000)
  object space 59904K, 16% used [0x0000000080000000,0x000000008097e3a8,0x0000000083a80000)
 Metaspace       used 26103K, capacity 26668K, committed 26880K, reserved 1073152K
  class space    used 3581K, capacity 3785K, committed 3840K, reserved 1048576K
}
Event: 15.758 GC heap before
{Heap before GC invocations=8 (full 1):
 PSYoungGen      total 66560K, used 60546K [0x00000000d5580000, 0x00000000da200000, 0x0000000100000000)
  eden space 55296K, 100% used [0x00000000d5580000,0x00000000d8b80000,0x00000000d8b80000)
  from space 11264K, 46% used [0x00000000d9600000,0x00000000d9b20a28,0x00000000da100000)
  to   space 10752K, 0% used [0x00000000d8b80000,0x00000000d8b80000,0x00000000d9600000)
 ParOldGen       total 59904K, used 9720K [0x0000000080000000, 0x0000000083a80000, 0x00000000d5580000)
  object space 59904K, 16% used [0x0000000080000000,0x000000008097e3a8,0x0000000083a80000)
 Metaspace       used 31085K, capacity 31740K, committed 31872K, reserved 1077248K
  class space    used 4250K, capacity 4426K, committed 4480K, reserved 1048576K
Event: 15.784 GC heap after
Heap after GC invocations=8 (full 1):
 PSYoungGen      total 66048K, used 10723K [0x00000000d5580000, 0x00000000dcb80000, 0x0000000100000000)
  eden space 55296K, 0% used [0x00000000d5580000,0x00000000d5580000,0x00000000d8b80000)
  from space 10752K, 99% used [0x00000000d8b80000,0x00000000d95f8e28,0x00000000d9600000)
  to   space 12800K, 0% used [0x00000000dbf00000,0x00000000dbf00000,0x00000000dcb80000)
 ParOldGen       total 59904K, used 9982K [0x0000000080000000, 0x0000000083a80000, 0x00000000d5580000)
  object space 59904K, 16% used [0x0000000080000000,0x00000000809bf9f8,0x0000000083a80000)
 Metaspace       used 31085K, capacity 31740K, committed 31872K, reserved 1077248K
  class space    used 4250K, capacity 4426K, committed 4480K, reserved 1048576K
}

