# JRE version: Java(TM) SE Runtime Environment (8.0_121-b13) (build 1.8.0_121-b13)
# Java VM: Java HotSpot(TM) 64-Bit Server VM (25.121-b13 mixed mode windows-amd64 compressed oops)
Heap:
 PSYoungGen      total 145920K, used 52152K [0x00000000d5580000, 0x00000000e2100000, 0x0000000100000000)
  eden space 123904K, 24% used [0x00000000d5580000,0x00000000d72f2068,0x00000000dce80000)
  from space 22016K, 99% used [0x00000000e0b80000,0x00000000e20fc020,0x00000000e2100000)
  to   space 16896K, 0% used [0x00000000dce80000,0x00000000dce80000,0x00000000ddf00000)
 ParOldGen       total 93696K, used 35433K [0x0000000080000000, 0x0000000085b80000, 0x00000000d5580000)
  object space 93696K, 37% used [0x0000000080000000,0x000000008229a538,0x0000000085b80000)
 Metaspace       used 42505K, capacity 45390K, committed 45568K, reserved 1089536K
  class space    used 5918K, capacity 6282K, committed 6400K, reserved 1048576K
GC Heap History (10 events):
Event: 15.616 GC heap before
{Heap before GC invocations=12 (full 2):
 PSYoungGen      total 105984K, used 12433K [0x00000000d5580000, 0x00000000dd200000, 0x0000000100000000)
  eden space 92672K, 0% used [0x00000000d5580000,0x00000000d5580000,0x00000000db000000)
  from space 13312K, 93% used [0x00000000dbe00000,0x00000000dca24568,0x00000000dcb00000)
  to   space 14336K, 0% used [0x00000000db000000,0x00000000db000000,0x00000000dbe00000)
 ParOldGen       total 66560K, used 11264K [0x0000000080000000, 0x0000000084100000, 0x00000000d5580000)
  object space 66560K, 16% used [0x0000000080000000,0x0000000080b00240,0x0000000084100000)
 Metaspace       used 34782K, capacity 35256K, committed 35416K, reserved 1079296K
  class space    used 4851K, capacity 5019K, committed 5120K, reserved 1048576K
Event: 15.822 GC heap after
Heap after GC invocations=12 (full 2):
 PSYoungGen      total 105984K, used 0K [0x00000000d5580000, 0x00000000dd200000, 0x0000000100000000)
  eden space 92672K, 0% used [0x00000000d5580000,0x00000000d5580000,0x00000000db000000)
  from space 13312K, 0% used [0x00000000dbe00000,0x00000000dbe00000,0x00000000dcb00000)
  to   space 14336K, 0% used [0x00000000db000000,0x00000000db000000,0x00000000dbe00000)
 ParOldGen       total 93696K, used 18896K [0x0000000080000000, 0x0000000085b80000, 0x00000000d5580000)
  object space 93696K, 20% used [0x0000000080000000,0x00000000812743e8,0x0000000085b80000)
 Metaspace       used 34782K, capacity 35256K, committed 35416K, reserved 1079296K
  class space    used 4851K, capacity 5019K, committed 5120K, reserved 1048576K
}
Event: 17.135 GC heap before
{Heap before GC invocations=13 (full 2):
 PSYoungGen      total 105984K, used 92672K [0x00000000d5580000, 0x00000000dd200000, 0x0000000100000000)
  eden space 92672K, 100% used [0x00000000d5580000,0x00000000db000000,0x00000000db000000)
  from space 13312K, 0% used [0x00000000dbe00000,0x00000000dbe00000,0x00000000dcb00000)
  to   space 14336K, 0% used [0x00000000db000000,0x00000000db000000,0x00000000dbe00000)
 ParOldGen       total 93696K, used 18896K [0x0000000080000000, 0x0000000085b80000, 0x00000000d5580000)
  object space 93696K, 20% used [0x0000000080000000,0x00000000812743e8,0x0000000085b80000)
 Metaspace       used 36887K, capacity 37468K, committed 37760K, reserved 1081344K
  class space    used 5214K, capacity 5393K, committed 5504K, reserved 1048576K
Event: 17.155 GC heap after
Heap after GC invocations=13 (full 2):
 PSYoungGen      total 107008K, used 9301K [0x00000000d5580000, 0x00000000ded00000, 0x0000000100000000)
  eden space 92672K, 0% used [0x00000000d5580000,0x00000000d5580000,0x00000000db000000)
  from space 14336K, 64% used [0x00000000db000000,0x00000000db9157b8,0x00000000dbe00000)
  to   space 14336K, 0% used [0x00000000ddf00000,0x00000000ddf00000,0x00000000ded00000)
 ParOldGen       total 93696K, used 18904K [0x0000000080000000, 0x0000000085b80000, 0x00000000d5580000)
  object space 93696K, 20% used [0x0000000080000000,0x00000000812763e8,0x0000000085b80000)
 Metaspace       used 36887K, capacity 37468K, committed 37760K, reserved 1081344K
  class space    used 5214K, capacity 5393K, committed 5504K, reserved 1048576K
}
Event: 19.752 GC heap before
{Heap before GC invocations=14 (full 2):
 PSYoungGen      total 107008K, used 101973K [0x00000000d5580000, 0x00000000ded00000, 0x0000000100000000)
  eden space 92672K, 100% used [0x00000000d5580000,0x00000000db000000,0x00000000db000000)
  from space 14336K, 64% used [0x00000000db000000,0x00000000db9157b8,0x00000000dbe00000)
  to   space 14336K, 0% used [0x00000000ddf00000,0x00000000ddf00000,0x00000000ded00000)
 ParOldGen       total 93696K, used 18904K [0x0000000080000000, 0x0000000085b80000, 0x00000000d5580000)
  object space 93696K, 20% used [0x0000000080000000,0x00000000812763e8,0x0000000085b80000)
 Metaspace       used 39174K, capacity 40156K, committed 40320K, reserved 1083392K
  class space    used 5485K, capacity 5711K, committed 5760K, reserved 1048576K
Event: 19.781 GC heap after
Heap after GC invocations=14 (full 2):
 PSYoungGen      total 138240K, used 14304K [0x00000000d5580000, 0x00000000df000000, 0x0000000100000000)
  eden space 123904K, 0% used [0x00000000d5580000,0x00000000d5580000,0x00000000dce80000)
  from space 14336K, 99% used [0x00000000ddf00000,0x00000000decf8010,0x00000000ded00000)
  to   space 16896K, 0% used [0x00000000dce80000,0x00000000dce80000,0x00000000ddf00000)
 ParOldGen       total 93696K, used 20575K [0x0000000080000000, 0x0000000085b80000, 0x00000000d5580000)
  object space 93696K, 21% used [0x0000000080000000,0x0000000081417fc8,0x0000000085b80000)
 Metaspace       used 39174K, capacity 40156K, committed 40320K, reserved 1083392K
  class space    used 5485K, capacity 5711K, committed 5760K, reserved 1048576K
}
Event: 22.389 GC heap before
{Heap before GC invocations=15 (full 2):
 PSYoungGen      total 138240K, used 138208K [0x00000000d5580000, 0x00000000df000000, 0x0000000100000000)
  eden space 123904K, 100% used [0x00000000d5580000,0x00000000dce80000,0x00000000dce80000)
  from space 14336K, 99% used [0x00000000ddf00000,0x00000000decf8010,0x00000000ded00000)
  to   space 16896K, 0% used [0x00000000dce80000,0x00000000dce80000,0x00000000ddf00000)
 ParOldGen       total 93696K, used 20575K [0x0000000080000000, 0x0000000085b80000, 0x00000000d5580000)
  object space 93696K, 21% used [0x0000000080000000,0x0000000081417fc8,0x0000000085b80000)
 Metaspace       used 40404K, capacity 42574K, committed 42880K, reserved 1085440K
  class space    used 5632K, capacity 5924K, committed 6016K, reserved 1048576K
Event: 22.421 GC heap after
Heap after GC invocations=15 (full 2):
 PSYoungGen      total 140800K, used 16880K [0x00000000d5580000, 0x00000000e2100000, 0x0000000100000000)
  eden space 123904K, 0% used [0x00000000d5580000,0x00000000d5580000,0x00000000dce80000)
  from space 16896K, 99% used [0x00000000dce80000,0x00000000ddefc020,0x00000000ddf00000)
  to   space 22016K, 0% used [0x00000000e0b80000,0x00000000e0b80000,0x00000000e2100000)
 ParOldGen       total 93696K, used 28751K [0x0000000080000000, 0x0000000085b80000, 0x00000000d5580000)
  object space 93696K, 30% used [0x0000000080000000,0x0000000081c13f08,0x0000000085b80000)
 Metaspace       used 40404K, capacity 42574K, committed 42880K, reserved 1085440K
  class space    used 5632K, capacity 5924K, committed 6016K, reserved 1048576K
}
Event: 25.134 GC heap before
{Heap before GC invocations=16 (full 2):
 PSYoungGen      total 140800K, used 140784K [0x00000000d5580000, 0x00000000e2100000, 0x0000000100000000)
  eden space 123904K, 100% used [0x00000000d5580000,0x00000000dce80000,0x00000000dce80000)
  from space 16896K, 99% used [0x00000000dce80000,0x00000000ddefc020,0x00000000ddf00000)
  to   space 22016K, 0% used [0x00000000e0b80000,0x00000000e0b80000,0x00000000e2100000)
 ParOldGen       total 93696K, used 28751K [0x0000000080000000, 0x0000000085b80000, 0x00000000d5580000)
  object space 93696K, 30% used [0x0000000080000000,0x0000000081c13f08,0x0000000085b80000)
 Metaspace       used 41917K, capacity 44704K, committed 44928K, reserved 1087488K
  class space    used 5842K, capacity 6189K, committed 6272K, reserved 1048576K
Event: 25.199 GC heap after
Heap after GC invocations=16 (full 2):
 PSYoungGen      total 145920K, used 22000K [0x00000000d5580000, 0x00000000e2100000, 0x0000000100000000)
  eden space 123904K, 0% used [0x00000000d5580000,0x00000000d5580000,0x00000000dce80000)
  from space 22016K, 99% used [0x00000000e0b80000,0x00000000e20fc020,0x00000000e2100000)
  to   space 16896K, 0% used [0x00000000dce80000,0x00000000dce80000,0x00000000ddf00000)
 ParOldGen       total 93696K, used 35433K [0x0000000080000000, 0x0000000085b80000, 0x00000000d5580000)
  object space 93696K, 37% used [0x0000000080000000,0x000000008229a538,0x0000000085b80000)
 Metaspace       used 41917K, capacity 44704K, committed 44928K, reserved 1087488K
  class space    used 5842K, capacity 6189K, committed 6272K, reserved 1048576K
}

