# JRE version: Java(TM) SE Runtime Environment (8.0_121-b13) (build 1.8.0_121-b13)
# Java VM: Java HotSpot(TM) 64-Bit Server VM (25.121-b13 mixed mode windows-amd64 compressed oops)
Heap:
 PSYoungGen      total 535040K, used 206385K [0x00000000d5e00000, 0x0000000100000000, 0x0000000100000000)
  eden space 473088K, 33% used [0x00000000d5e00000,0x00000000df9d6f60,0x00000000f2c00000)
  from space 61952K, 75% used [0x00000000f2c00000,0x00000000f59b54d8,0x00000000f6880000)
  to   space 67072K, 0% used [0x00000000fbe80000,0x00000000fbe80000,0x0000000100000000)
 ParOldGen       total 246784K, used 127155K [0x0000000081a00000, 0x0000000090b00000, 0x00000000d5e00000)
  object space 246784K, 51% used [0x0000000081a00000,0x000000008962ce68,0x0000000090b00000)
 Metaspace       used 34453K, capacity 35140K, committed 35456K, reserved 1081344K
  class space    used 3607K, capacity 3842K, committed 3968K, reserved 1048576K
GC Heap History (10 events):
Event: 14.359 GC heap before
{Heap before GC invocations=11 (full 1):
 PSYoungGen      total 439296K, used 7930K [0x00000000d5e00000, 0x00000000f2800000, 0x0000000100000000)
  eden space 411648K, 0% used [0x00000000d5e00000,0x00000000d5e00000,0x00000000ef000000)
  from space 27648K, 28% used [0x00000000f0d00000,0x00000000f14bea80,0x00000000f2800000)
  to   space 28672K, 0% used [0x00000000ef000000,0x00000000ef000000,0x00000000f0c00000)
 ParOldGen       total 87552K, used 49907K [0x0000000081a00000, 0x0000000086f80000, 0x00000000d5e00000)
  object space 87552K, 57% used [0x0000000081a00000,0x0000000084abccb0,0x0000000086f80000)
 Metaspace       used 20749K, capacity 21176K, committed 21248K, reserved 1069056K
  class space    used 2342K, capacity 2494K, committed 2560K, reserved 1048576K
Event: 15.318 GC heap after
Heap after GC invocations=11 (full 1):
 PSYoungGen      total 439296K, used 0K [0x00000000d5e00000, 0x00000000f2800000, 0x0000000100000000)
  eden space 411648K, 0% used [0x00000000d5e00000,0x00000000d5e00000,0x00000000ef000000)
  from space 27648K, 0% used [0x00000000f0d00000,0x00000000f0d00000,0x00000000f2800000)
  to   space 28672K, 0% used [0x00000000ef000000,0x00000000ef000000,0x00000000f0c00000)
 ParOldGen       total 121856K, used 52245K [0x0000000081a00000, 0x0000000089100000, 0x00000000d5e00000)
  object space 121856K, 42% used [0x0000000081a00000,0x0000000084d05568,0x0000000089100000)
 Metaspace       used 20749K, capacity 21176K, committed 21248K, reserved 1069056K
  class space    used 2342K, capacity 2494K, committed 2560K, reserved 1048576K
}
Event: 24.852 GC heap before
{Heap before GC invocations=12 (full 1):
 PSYoungGen      total 439296K, used 411648K [0x00000000d5e00000, 0x00000000f2800000, 0x0000000100000000)
  eden space 411648K, 100% used [0x00000000d5e00000,0x00000000ef000000,0x00000000ef000000)
  from space 27648K, 0% used [0x00000000f0d00000,0x00000000f0d00000,0x00000000f2800000)
  to   space 28672K, 0% used [0x00000000ef000000,0x00000000ef000000,0x00000000f0c00000)
 ParOldGen       total 121856K, used 52245K [0x0000000081a00000, 0x0000000089100000, 0x00000000d5e00000)
  object space 121856K, 42% used [0x0000000081a00000,0x0000000084d05568,0x0000000089100000)
 Metaspace       used 28263K, capacity 28740K, committed 28928K, reserved 1075200K
  class space    used 3151K, capacity 3314K, committed 3328K, reserved 1048576K
Event: 25.142 GC heap after
Heap after GC invocations=12 (full 1):
 PSYoungGen      total 440320K, used 28662K [0x00000000d5e00000, 0x00000000f8e00000, 0x0000000100000000)
  eden space 411648K, 0% used [0x00000000d5e00000,0x00000000d5e00000,0x00000000ef000000)
  from space 28672K, 99% used [0x00000000ef000000,0x00000000f0bfda18,0x00000000f0c00000)
  to   space 38400K, 0% used [0x00000000f6880000,0x00000000f6880000,0x00000000f8e00000)
 ParOldGen       total 121856K, used 65708K [0x0000000081a00000, 0x0000000089100000, 0x00000000d5e00000)
  object space 121856K, 53% used [0x0000000081a00000,0x0000000085a2b0f0,0x0000000089100000)
 Metaspace       used 28263K, capacity 28740K, committed 28928K, reserved 1075200K
  class space    used 3151K, capacity 3314K, committed 3328K, reserved 1048576K
}
Event: 35.001 GC heap before
{Heap before GC invocations=13 (full 1):
 PSYoungGen      total 440320K, used 440310K [0x00000000d5e00000, 0x00000000f8e00000, 0x0000000100000000)
  eden space 411648K, 100% used [0x00000000d5e00000,0x00000000ef000000,0x00000000ef000000)
  from space 28672K, 99% used [0x00000000ef000000,0x00000000f0bfda18,0x00000000f0c00000)
  to   space 38400K, 0% used [0x00000000f6880000,0x00000000f6880000,0x00000000f8e00000)
 ParOldGen       total 121856K, used 65708K [0x0000000081a00000, 0x0000000089100000, 0x00000000d5e00000)
  object space 121856K, 53% used [0x0000000081a00000,0x0000000085a2b0f0,0x0000000089100000)
 Metaspace       used 28586K, capacity 29116K, committed 29312K, reserved 1075200K
  class space    used 3163K, capacity 3334K, committed 3456K, reserved 1048576K
Event: 35.235 GC heap after
Heap after GC invocations=13 (full 1):
 PSYoungGen      total 511488K, used 38400K [0x00000000d5e00000, 0x00000000fb800000, 0x0000000100000000)
  eden space 473088K, 0% used [0x00000000d5e00000,0x00000000d5e00000,0x00000000f2c00000)
  from space 38400K, 100% used [0x00000000f6880000,0x00000000f8e00000,0x00000000f8e00000)
  to   space 61952K, 0% used [0x00000000f2c00000,0x00000000f2c00000,0x00000000f6880000)
 ParOldGen       total 121856K, used 113389K [0x0000000081a00000, 0x0000000089100000, 0x00000000d5e00000)
  object space 121856K, 93% used [0x0000000081a00000,0x00000000888bb578,0x0000000089100000)
 Metaspace       used 28586K, capacity 29116K, committed 29312K, reserved 1075200K
  class space    used 3163K, capacity 3334K, committed 3456K, reserved 1048576K
}
Event: 35.235 GC heap before
{Heap before GC invocations=14 (full 2):
 PSYoungGen      total 511488K, used 38400K [0x00000000d5e00000, 0x00000000fb800000, 0x0000000100000000)
  eden space 473088K, 0% used [0x00000000d5e00000,0x00000000d5e00000,0x00000000f2c00000)
  from space 38400K, 100% used [0x00000000f6880000,0x00000000f8e00000,0x00000000f8e00000)
  to   space 61952K, 0% used [0x00000000f2c00000,0x00000000f2c00000,0x00000000f6880000)
 ParOldGen       total 121856K, used 113389K [0x0000000081a00000, 0x0000000089100000, 0x00000000d5e00000)
  object space 121856K, 93% used [0x0000000081a00000,0x00000000888bb578,0x0000000089100000)
 Metaspace       used 28586K, capacity 29116K, committed 29312K, reserved 1075200K
  class space    used 3163K, capacity 3334K, committed 3456K, reserved 1048576K
Event: 37.084 GC heap after
Heap after GC invocations=14 (full 2):
 PSYoungGen      total 511488K, used 6646K [0x00000000d5e00000, 0x00000000fb800000, 0x0000000100000000)
  eden space 473088K, 0% used [0x00000000d5e00000,0x00000000d5e00000,0x00000000f2c00000)
  from space 38400K, 17% used [0x00000000f6880000,0x00000000f6efdb68,0x00000000f8e00000)
  to   space 61952K, 0% used [0x00000000f2c00000,0x00000000f2c00000,0x00000000f6880000)
 ParOldGen       total 246784K, used 121699K [0x0000000081a00000, 0x0000000090b00000, 0x00000000d5e00000)
  object space 246784K, 49% used [0x0000000081a00000,0x00000000890d8e68,0x0000000090b00000)
 Metaspace       used 28586K, capacity 29116K, committed 29312K, reserved 1075200K
  class space    used 3163K, capacity 3334K, committed 3456K, reserved 1048576K
}
Event: 45.082 GC heap before
{Heap before GC invocations=15 (full 2):
 PSYoungGen      total 511488K, used 479734K [0x00000000d5e00000, 0x00000000fb800000, 0x0000000100000000)
  eden space 473088K, 100% used [0x00000000d5e00000,0x00000000f2c00000,0x00000000f2c00000)
  from space 38400K, 17% used [0x00000000f6880000,0x00000000f6efdb68,0x00000000f8e00000)
  to   space 61952K, 0% used [0x00000000f2c00000,0x00000000f2c00000,0x00000000f6880000)
 ParOldGen       total 246784K, used 121699K [0x0000000081a00000, 0x0000000090b00000, 0x00000000d5e00000)
  object space 246784K, 49% used [0x0000000081a00000,0x00000000890d8e68,0x0000000090b00000)
 Metaspace       used 34373K, capacity 35076K, committed 35456K, reserved 1081344K
  class space    used 3604K, capacity 3842K, committed 3968K, reserved 1048576K
Event: 45.450 GC heap after
Heap after GC invocations=15 (full 2):
 PSYoungGen      total 535040K, used 46805K [0x00000000d5e00000, 0x0000000100000000, 0x0000000100000000)
  eden space 473088K, 0% used [0x00000000d5e00000,0x00000000d5e00000,0x00000000f2c00000)
  from space 61952K, 75% used [0x00000000f2c00000,0x00000000f59b54d8,0x00000000f6880000)
  to   space 67072K, 0% used [0x00000000fbe80000,0x00000000fbe80000,0x0000000100000000)
 ParOldGen       total 246784K, used 127155K [0x0000000081a00000, 0x0000000090b00000, 0x00000000d5e00000)
  object space 246784K, 51% used [0x0000000081a00000,0x000000008962ce68,0x0000000090b00000)
 Metaspace       used 34373K, capacity 35076K, committed 35456K, reserved 1081344K
  class space    used 3604K, capacity 3842K, committed 3968K, reserved 1048576K
}

