# JRE version: Java(TM) SE Runtime Environment (8.0_121-b13) (build 1.8.0_121-b13)
# Java VM: Java HotSpot(TM) 64-Bit Server VM (25.121-b13 mixed mode windows-amd64 compressed oops)
Heap:
 PSYoungGen      total 245248K, used 85548K [0x00000000d5580000, 0x00000000e6880000, 0x0000000100000000)
  eden space 216576K, 35% used [0x00000000d5580000,0x00000000da10d9f8,0x00000000e2900000)
  from space 28672K, 28% used [0x00000000e4480000,0x00000000e4c7d710,0x00000000e6080000)
  to   space 28160K, 0% used [0x00000000e2900000,0x00000000e2900000,0x00000000e4480000)
 ParOldGen       total 101888K, used 80054K [0x0000000080000000, 0x0000000086380000, 0x00000000d5580000)
  object space 101888K, 78% used [0x0000000080000000,0x0000000084e2dae8,0x0000000086380000)
 Metaspace       used 47836K, capacity 51198K, committed 51416K, reserved 1093632K
  class space    used 6607K, capacity 7098K, committed 7128K, reserved 1048576K
GC Heap History (10 events):
Event: 21.618 GC heap before
{Heap before GC invocations=14 (full 2):
 PSYoungGen      total 114176K, used 114135K [0x00000000d5580000, 0x00000000df400000, 0x0000000100000000)
  eden space 100352K, 100% used [0x00000000d5580000,0x00000000db780000,0x00000000db780000)
  from space 13824K, 99% used [0x00000000db780000,0x00000000dc4f5ca8,0x00000000dc500000)
  to   space 15360K, 0% used [0x00000000de500000,0x00000000de500000,0x00000000df400000)
 ParOldGen       total 101888K, used 19865K [0x0000000080000000, 0x0000000086380000, 0x00000000d5580000)
  object space 101888K, 19% used [0x0000000080000000,0x00000000813667c8,0x0000000086380000)
 Metaspace       used 41562K, capacity 43376K, committed 43480K, reserved 1087488K
  class space    used 5752K, capacity 6077K, committed 6104K, reserved 1048576K
Event: 21.657 GC heap after
Heap after GC invocations=14 (full 2):
 PSYoungGen      total 142336K, used 15344K [0x00000000d5580000, 0x00000000dfc80000, 0x0000000100000000)
  eden space 126976K, 0% used [0x00000000d5580000,0x00000000d5580000,0x00000000dd180000)
  from space 15360K, 99% used [0x00000000de500000,0x00000000df3fc020,0x00000000df400000)
  to   space 19968K, 0% used [0x00000000dd180000,0x00000000dd180000,0x00000000de500000)
 ParOldGen       total 101888K, used 26466K [0x0000000080000000, 0x0000000086380000, 0x00000000d5580000)
  object space 101888K, 25% used [0x0000000080000000,0x00000000819d8a88,0x0000000086380000)
 Metaspace       used 41562K, capacity 43376K, committed 43480K, reserved 1087488K
  class space    used 5752K, capacity 6077K, committed 6104K, reserved 1048576K
}
Event: 25.262 GC heap before
{Heap before GC invocations=15 (full 2):
 PSYoungGen      total 142336K, used 142320K [0x00000000d5580000, 0x00000000dfc80000, 0x0000000100000000)
  eden space 126976K, 100% used [0x00000000d5580000,0x00000000dd180000,0x00000000dd180000)
  from space 15360K, 99% used [0x00000000de500000,0x00000000df3fc020,0x00000000df400000)
  to   space 19968K, 0% used [0x00000000dd180000,0x00000000dd180000,0x00000000de500000)
 ParOldGen       total 101888K, used 26466K [0x0000000080000000, 0x0000000086380000, 0x00000000d5580000)
  object space 101888K, 25% used [0x0000000080000000,0x00000000819d8a88,0x0000000086380000)
 Metaspace       used 42614K, capacity 45420K, committed 45528K, reserved 1089536K
  class space    used 5884K, capacity 6268K, committed 6360K, reserved 1048576K
Event: 25.316 GC heap after
Heap after GC invocations=15 (full 2):
 PSYoungGen      total 146944K, used 19952K [0x00000000d5580000, 0x00000000e2880000, 0x0000000100000000)
  eden space 126976K, 0% used [0x00000000d5580000,0x00000000d5580000,0x00000000dd180000)
  from space 19968K, 99% used [0x00000000dd180000,0x00000000de4fc030,0x00000000de500000)
  to   space 25088K, 0% used [0x00000000e1000000,0x00000000e1000000,0x00000000e2880000)
 ParOldGen       total 101888K, used 32871K [0x0000000080000000, 0x0000000086380000, 0x00000000d5580000)
  object space 101888K, 32% used [0x0000000080000000,0x0000000082019e18,0x0000000086380000)
 Metaspace       used 42614K, capacity 45420K, committed 45528K, reserved 1089536K
  class space    used 5884K, capacity 6268K, committed 6360K, reserved 1048576K
}
Event: 28.726 GC heap before
{Heap before GC invocations=16 (full 2):
 PSYoungGen      total 146944K, used 146928K [0x00000000d5580000, 0x00000000e2880000, 0x0000000100000000)
  eden space 126976K, 100% used [0x00000000d5580000,0x00000000dd180000,0x00000000dd180000)
  from space 19968K, 99% used [0x00000000dd180000,0x00000000de4fc030,0x00000000de500000)
  to   space 25088K, 0% used [0x00000000e1000000,0x00000000e1000000,0x00000000e2880000)
 ParOldGen       total 101888K, used 32871K [0x0000000080000000, 0x0000000086380000, 0x00000000d5580000)
  object space 101888K, 32% used [0x0000000080000000,0x0000000082019e18,0x0000000086380000)
 Metaspace       used 46632K, capacity 49812K, committed 50008K, reserved 1091584K
  class space    used 6442K, capacity 6890K, committed 7000K, reserved 1048576K
Event: 28.821 GC heap after
Heap after GC invocations=16 (full 2):
 PSYoungGen      total 188416K, used 22669K [0x00000000d5580000, 0x00000000e3100000, 0x0000000100000000)
  eden space 163328K, 0% used [0x00000000d5580000,0x00000000d5580000,0x00000000df500000)
  from space 25088K, 90% used [0x00000000e1000000,0x00000000e2623790,0x00000000e2880000)
  to   space 27648K, 0% used [0x00000000df500000,0x00000000df500000,0x00000000e1000000)
 ParOldGen       total 101888K, used 41870K [0x0000000080000000, 0x0000000086380000, 0x00000000d5580000)
  object space 101888K, 41% used [0x0000000080000000,0x00000000828e3a40,0x0000000086380000)
 Metaspace       used 46632K, capacity 49812K, committed 50008K, reserved 1091584K
  class space    used 6442K, capacity 6890K, committed 7000K, reserved 1048576K
}
Event: 34.531 GC heap before
{Heap before GC invocations=17 (full 2):
 PSYoungGen      total 188416K, used 185997K [0x00000000d5580000, 0x00000000e3100000, 0x0000000100000000)
  eden space 163328K, 100% used [0x00000000d5580000,0x00000000df500000,0x00000000df500000)
  from space 25088K, 90% used [0x00000000e1000000,0x00000000e2623790,0x00000000e2880000)
  to   space 27648K, 0% used [0x00000000df500000,0x00000000df500000,0x00000000e1000000)
 ParOldGen       total 101888K, used 41870K [0x0000000080000000, 0x0000000086380000, 0x00000000d5580000)
  object space 101888K, 41% used [0x0000000080000000,0x00000000828e3a40,0x0000000086380000)
 Metaspace       used 46908K, capacity 50130K, committed 50264K, reserved 1093632K
  class space    used 6454K, capacity 6902K, committed 7000K, reserved 1048576K
Event: 34.597 GC heap after
Heap after GC invocations=17 (full 2):
 PSYoungGen      total 190976K, used 18537K [0x00000000d5580000, 0x00000000e6080000, 0x0000000100000000)
  eden space 163328K, 0% used [0x00000000d5580000,0x00000000d5580000,0x00000000df500000)
  from space 27648K, 67% used [0x00000000df500000,0x00000000e071a688,0x00000000e1000000)
  to   space 28672K, 0% used [0x00000000e4480000,0x00000000e4480000,0x00000000e6080000)
 ParOldGen       total 101888K, used 61573K [0x0000000080000000, 0x0000000086380000, 0x00000000d5580000)
  object space 101888K, 60% used [0x0000000080000000,0x0000000083c217c0,0x0000000086380000)
 Metaspace       used 46908K, capacity 50130K, committed 50264K, reserved 1093632K
  class space    used 6454K, capacity 6902K, committed 7000K, reserved 1048576K
}
Event: 37.087 GC heap before
{Heap before GC invocations=18 (full 2):
 PSYoungGen      total 190976K, used 181865K [0x00000000d5580000, 0x00000000e6080000, 0x0000000100000000)
  eden space 163328K, 100% used [0x00000000d5580000,0x00000000df500000,0x00000000df500000)
  from space 27648K, 67% used [0x00000000df500000,0x00000000e071a688,0x00000000e1000000)
  to   space 28672K, 0% used [0x00000000e4480000,0x00000000e4480000,0x00000000e6080000)
 ParOldGen       total 101888K, used 61573K [0x0000000080000000, 0x0000000086380000, 0x00000000d5580000)
  object space 101888K, 60% used [0x0000000080000000,0x0000000083c217c0,0x0000000086380000)
 Metaspace       used 47763K, capacity 51102K, committed 51160K, reserved 1093632K
  class space    used 6598K, capacity 7082K, committed 7128K, reserved 1048576K
Event: 37.208 GC heap after
Heap after GC invocations=18 (full 2):
 PSYoungGen      total 245248K, used 8181K [0x00000000d5580000, 0x00000000e6880000, 0x0000000100000000)
  eden space 216576K, 0% used [0x00000000d5580000,0x00000000d5580000,0x00000000e2900000)
  from space 28672K, 28% used [0x00000000e4480000,0x00000000e4c7d710,0x00000000e6080000)
  to   space 28160K, 0% used [0x00000000e2900000,0x00000000e2900000,0x00000000e4480000)
 ParOldGen       total 101888K, used 80054K [0x0000000080000000, 0x0000000086380000, 0x00000000d5580000)
  object space 101888K, 78% used [0x0000000080000000,0x0000000084e2dae8,0x0000000086380000)
 Metaspace       used 47763K, capacity 51102K, committed 51160K, reserved 1093632K
  class space    used 6598K, capacity 7082K, committed 7128K, reserved 1048576K
}

