# JRE version: Java(TM) SE Runtime Environment (8.0_121-b13) (build 1.8.0_121-b13)
# Java VM: Java HotSpot(TM) 64-Bit Server VM (25.121-b13 mixed mode windows-amd64 compressed oops)
Heap:
 PSYoungGen      total 49664K, used 17912K [0x00000000d5580000, 0x00000000d9b80000, 0x0000000100000000)
  eden space 38912K, 38% used [0x00000000d5580000,0x00000000d64046e8,0x00000000d7b80000)
  from space 10752K, 28% used [0x00000000d8680000,0x00000000d8979bf0,0x00000000d9100000)
  to   space 11264K, 0% used [0x00000000d7b80000,0x00000000d7b80000,0x00000000d8680000)
 ParOldGen       total 61952K, used 19715K [0x0000000080000000, 0x0000000083c80000, 0x00000000d5580000)
  object space 61952K, 31% used [0x0000000080000000,0x0000000081340c78,0x0000000083c80000)
 Metaspace       used 37523K, capacity 38360K, committed 38528K, reserved 1083392K
  class space    used 5013K, capacity 5185K, committed 5248K, reserved 1048576K
GC Heap History (10 events):
Event: 11.463 GC heap before
{Heap before GC invocations=10 (full 1):
 PSYoungGen      total 32256K, used 32244K [0x00000000d5580000, 0x00000000da200000, 0x0000000100000000)
  eden space 27136K, 100% used [0x00000000d5580000,0x00000000d7000000,0x00000000d7000000)
  from space 5120K, 99% used [0x00000000d7b00000,0x00000000d7ffd030,0x00000000d8000000)
  to   space 11264K, 0% used [0x00000000d7000000,0x00000000d7000000,0x00000000d7b00000)
 ParOldGen       total 61952K, used 15774K [0x0000000080000000, 0x0000000083c80000, 0x00000000d5580000)
  object space 61952K, 25% used [0x0000000080000000,0x0000000080f67a30,0x0000000083c80000)
 Metaspace       used 31249K, capacity 31998K, committed 32128K, reserved 1077248K
  class space    used 4265K, capacity 4456K, committed 4480K, reserved 1048576K
Event: 11.477 GC heap after
Heap after GC invocations=10 (full 1):
 PSYoungGen      total 38400K, used 4208K [0x00000000d5580000, 0x00000000d9180000, 0x0000000100000000)
  eden space 27136K, 0% used [0x00000000d5580000,0x00000000d5580000,0x00000000d7000000)
  from space 11264K, 37% used [0x00000000d7000000,0x00000000d741c010,0x00000000d7b00000)
  to   space 11264K, 0% used [0x00000000d8680000,0x00000000d8680000,0x00000000d9180000)
 ParOldGen       total 61952K, used 18146K [0x0000000080000000, 0x0000000083c80000, 0x00000000d5580000)
  object space 61952K, 29% used [0x0000000080000000,0x00000000811b8950,0x0000000083c80000)
 Metaspace       used 31249K, capacity 31998K, committed 32128K, reserved 1077248K
  class space    used 4265K, capacity 4456K, committed 4480K, reserved 1048576K
}
Event: 12.193 GC heap before
{Heap before GC invocations=11 (full 1):
 PSYoungGen      total 38400K, used 31344K [0x00000000d5580000, 0x00000000d9180000, 0x0000000100000000)
  eden space 27136K, 100% used [0x00000000d5580000,0x00000000d7000000,0x00000000d7000000)
  from space 11264K, 37% used [0x00000000d7000000,0x00000000d741c010,0x00000000d7b00000)
  to   space 11264K, 0% used [0x00000000d8680000,0x00000000d8680000,0x00000000d9180000)
 ParOldGen       total 61952K, used 18146K [0x0000000080000000, 0x0000000083c80000, 0x00000000d5580000)
  object space 61952K, 29% used [0x0000000080000000,0x00000000811b8950,0x0000000083c80000)
 Metaspace       used 32196K, capacity 32810K, committed 33024K, reserved 1077248K
  class space    used 4380K, capacity 4554K, committed 4608K, reserved 1048576K
Event: 12.203 GC heap after
Heap after GC invocations=11 (full 1):
 PSYoungGen      total 49152K, used 4774K [0x00000000d5580000, 0x00000000d9100000, 0x0000000100000000)
  eden space 38400K, 0% used [0x00000000d5580000,0x00000000d5580000,0x00000000d7b00000)
  from space 10752K, 44% used [0x00000000d8680000,0x00000000d8b29940,0x00000000d9100000)
  to   space 11264K, 0% used [0x00000000d7b00000,0x00000000d7b00000,0x00000000d8600000)
 ParOldGen       total 61952K, used 20873K [0x0000000080000000, 0x0000000083c80000, 0x00000000d5580000)
  object space 61952K, 33% used [0x0000000080000000,0x00000000814626d8,0x0000000083c80000)
 Metaspace       used 32196K, capacity 32810K, committed 33024K, reserved 1077248K
  class space    used 4380K, capacity 4554K, committed 4608K, reserved 1048576K
}
Event: 12.736 GC heap before
{Heap before GC invocations=12 (full 1):
 PSYoungGen      total 49152K, used 26655K [0x00000000d5580000, 0x00000000d9100000, 0x0000000100000000)
  eden space 38400K, 56% used [0x00000000d5580000,0x00000000d6ade490,0x00000000d7b00000)
  from space 10752K, 44% used [0x00000000d8680000,0x00000000d8b29940,0x00000000d9100000)
  to   space 11264K, 0% used [0x00000000d7b00000,0x00000000d7b00000,0x00000000d8600000)
 ParOldGen       total 61952K, used 20873K [0x0000000080000000, 0x0000000083c80000, 0x00000000d5580000)
  object space 61952K, 33% used [0x0000000080000000,0x00000000814626d8,0x0000000083c80000)
 Metaspace       used 34617K, capacity 35310K, committed 35416K, reserved 1079296K
  class space    used 4594K, capacity 4788K, committed 4864K, reserved 1048576K
Event: 12.745 GC heap after
Heap after GC invocations=12 (full 1):
 PSYoungGen      total 49664K, used 3313K [0x00000000d5580000, 0x00000000d9100000, 0x0000000100000000)
  eden space 38400K, 0% used [0x00000000d5580000,0x00000000d5580000,0x00000000d7b00000)
  from space 11264K, 29% used [0x00000000d7b00000,0x00000000d7e3c680,0x00000000d8600000)
  to   space 10752K, 0% used [0x00000000d8680000,0x00000000d8680000,0x00000000d9100000)
 ParOldGen       total 61952K, used 24797K [0x0000000080000000, 0x0000000083c80000, 0x00000000d5580000)
  object space 61952K, 40% used [0x0000000080000000,0x0000000081837758,0x0000000083c80000)
 Metaspace       used 34617K, capacity 35310K, committed 35416K, reserved 1079296K
  class space    used 4594K, capacity 4788K, committed 4864K, reserved 1048576K
}
Event: 12.745 GC heap before
{Heap before GC invocations=13 (full 2):
 PSYoungGen      total 49664K, used 3313K [0x00000000d5580000, 0x00000000d9100000, 0x0000000100000000)
  eden space 38400K, 0% used [0x00000000d5580000,0x00000000d5580000,0x00000000d7b00000)
  from space 11264K, 29% used [0x00000000d7b00000,0x00000000d7e3c680,0x00000000d8600000)
  to   space 10752K, 0% used [0x00000000d8680000,0x00000000d8680000,0x00000000d9100000)
 ParOldGen       total 61952K, used 24797K [0x0000000080000000, 0x0000000083c80000, 0x00000000d5580000)
  object space 61952K, 40% used [0x0000000080000000,0x0000000081837758,0x0000000083c80000)
 Metaspace       used 34617K, capacity 35310K, committed 35416K, reserved 1079296K
  class space    used 4594K, capacity 4788K, committed 4864K, reserved 1048576K
Event: 12.880 GC heap after
Heap after GC invocations=13 (full 2):
 PSYoungGen      total 49664K, used 0K [0x00000000d5580000, 0x00000000d9100000, 0x0000000100000000)
  eden space 38400K, 0% used [0x00000000d5580000,0x00000000d5580000,0x00000000d7b00000)
  from space 11264K, 0% used [0x00000000d7b00000,0x00000000d7b00000,0x00000000d8600000)
  to   space 10752K, 0% used [0x00000000d8680000,0x00000000d8680000,0x00000000d9100000)
 ParOldGen       total 61952K, used 19707K [0x0000000080000000, 0x0000000083c80000, 0x00000000d5580000)
  object space 61952K, 31% used [0x0000000080000000,0x000000008133ec78,0x0000000083c80000)
 Metaspace       used 34617K, capacity 35310K, committed 35416K, reserved 1079296K
  class space    used 4594K, capacity 4788K, committed 4864K, reserved 1048576K
}
Event: 13.929 GC heap before
{Heap before GC invocations=14 (full 2):
 PSYoungGen      total 49664K, used 38400K [0x00000000d5580000, 0x00000000d9100000, 0x0000000100000000)
  eden space 38400K, 100% used [0x00000000d5580000,0x00000000d7b00000,0x00000000d7b00000)
  from space 11264K, 0% used [0x00000000d7b00000,0x00000000d7b00000,0x00000000d8600000)
  to   space 10752K, 0% used [0x00000000d8680000,0x00000000d8680000,0x00000000d9100000)
 ParOldGen       total 61952K, used 19707K [0x0000000080000000, 0x0000000083c80000, 0x00000000d5580000)
  object space 61952K, 31% used [0x0000000080000000,0x000000008133ec78,0x0000000083c80000)
 Metaspace       used 37417K, capacity 38168K, committed 38272K, reserved 1083392K
  class space    used 5004K, capacity 5185K, committed 5248K, reserved 1048576K
Event: 13.936 GC heap after
Heap after GC invocations=14 (full 2):
 PSYoungGen      total 49664K, used 3046K [0x00000000d5580000, 0x00000000d9b80000, 0x0000000100000000)
  eden space 38912K, 0% used [0x00000000d5580000,0x00000000d5580000,0x00000000d7b80000)
  from space 10752K, 28% used [0x00000000d8680000,0x00000000d8979bf0,0x00000000d9100000)
  to   space 11264K, 0% used [0x00000000d7b80000,0x00000000d7b80000,0x00000000d8680000)
 ParOldGen       total 61952K, used 19715K [0x0000000080000000, 0x0000000083c80000, 0x00000000d5580000)
  object space 61952K, 31% used [0x0000000080000000,0x0000000081340c78,0x0000000083c80000)
 Metaspace       used 37417K, capacity 38168K, committed 38272K, reserved 1083392K
  class space    used 5004K, capacity 5185K, committed 5248K, reserved 1048576K
}

