# JRE version: Java(TM) SE Runtime Environment (8.0_121-b13) (build 1.8.0_121-b13)
# Java VM: Java HotSpot(TM) 64-Bit Server VM (25.121-b13 mixed mode windows-amd64 compressed oops)
Heap:
 PSYoungGen      total 115712K, used 72421K [0x00000000eab00000, 0x00000000f3580000, 0x0000000100000000)
  eden space 102400K, 70% used [0x00000000eab00000,0x00000000ef1b9538,0x00000000f0f00000)
  from space 13312K, 0% used [0x00000000f1c00000,0x00000000f1c00000,0x00000000f2900000)
  to   space 13312K, 0% used [0x00000000f0f00000,0x00000000f0f00000,0x00000000f1c00000)
 ParOldGen       total 88064K, used 18428K [0x00000000c0000000, 0x00000000c5600000, 0x00000000eab00000)
  object space 88064K, 20% used [0x00000000c0000000,0x00000000c11ff2c0,0x00000000c5600000)
 Metaspace       used 36432K, capacity 36994K, committed 37080K, reserved 1081344K
  class space    used 5129K, capacity 5297K, committed 5376K, reserved 1048576K
GC Heap History (10 events):
Event: 15.771 GC heap before
{Heap before GC invocations=8 (full 1):
 PSYoungGen      total 58880K, used 53014K [0x00000000eab00000, 0x00000000ef380000, 0x0000000100000000)
  eden space 48128K, 100% used [0x00000000eab00000,0x00000000eda00000,0x00000000eda00000)
  from space 10752K, 45% used [0x00000000ee480000,0x00000000ee945b00,0x00000000eef00000)
  to   space 10752K, 0% used [0x00000000eda00000,0x00000000eda00000,0x00000000ee480000)
 ParOldGen       total 67072K, used 9750K [0x00000000c0000000, 0x00000000c4180000, 0x00000000eab00000)
  object space 67072K, 14% used [0x00000000c0000000,0x00000000c0985a88,0x00000000c4180000)
 Metaspace       used 28917K, capacity 29476K, committed 29568K, reserved 1075200K
  class space    used 4019K, capacity 4162K, committed 4224K, reserved 1048576K
Event: 15.782 GC heap after
Heap after GC invocations=8 (full 1):
 PSYoungGen      total 58880K, used 6857K [0x00000000eab00000, 0x00000000f0980000, 0x0000000100000000)
  eden space 48128K, 0% used [0x00000000eab00000,0x00000000eab00000,0x00000000eda00000)
  from space 10752K, 63% used [0x00000000eda00000,0x00000000ee0b25b0,0x00000000ee480000)
  to   space 10240K, 0% used [0x00000000eff80000,0x00000000eff80000,0x00000000f0980000)
 ParOldGen       total 67072K, used 9822K [0x00000000c0000000, 0x00000000c4180000, 0x00000000eab00000)
  object space 67072K, 14% used [0x00000000c0000000,0x00000000c0997a98,0x00000000c4180000)
 Metaspace       used 28917K, capacity 29476K, committed 29568K, reserved 1075200K
  class space    used 4019K, capacity 4162K, committed 4224K, reserved 1048576K
}
Event: 17.648 GC heap before
{Heap before GC invocations=9 (full 1):
 PSYoungGen      total 58880K, used 54985K [0x00000000eab00000, 0x00000000f0980000, 0x0000000100000000)
  eden space 48128K, 100% used [0x00000000eab00000,0x00000000eda00000,0x00000000eda00000)
  from space 10752K, 63% used [0x00000000eda00000,0x00000000ee0b25b0,0x00000000ee480000)
  to   space 10240K, 0% used [0x00000000eff80000,0x00000000eff80000,0x00000000f0980000)
 ParOldGen       total 67072K, used 9822K [0x00000000c0000000, 0x00000000c4180000, 0x00000000eab00000)
  object space 67072K, 14% used [0x00000000c0000000,0x00000000c0997a98,0x00000000c4180000)
 Metaspace       used 30633K, capacity 31102K, committed 31360K, reserved 1077248K
  class space    used 4219K, capacity 4361K, committed 4480K, reserved 1048576K
Event: 17.670 GC heap after
Heap after GC invocations=9 (full 1):
 PSYoungGen      total 85504K, used 9284K [0x00000000eab00000, 0x00000000f0c80000, 0x0000000100000000)
  eden space 75264K, 0% used [0x00000000eab00000,0x00000000eab00000,0x00000000ef480000)
  from space 10240K, 90% used [0x00000000eff80000,0x00000000f0891208,0x00000000f0980000)
  to   space 11264K, 0% used [0x00000000ef480000,0x00000000ef480000,0x00000000eff80000)
 ParOldGen       total 67072K, used 9830K [0x00000000c0000000, 0x00000000c4180000, 0x00000000eab00000)
  object space 67072K, 14% used [0x00000000c0000000,0x00000000c0999a98,0x00000000c4180000)
 Metaspace       used 30633K, capacity 31102K, committed 31360K, reserved 1077248K
  class space    used 4219K, capacity 4361K, committed 4480K, reserved 1048576K
}
Event: 19.882 GC heap before
{Heap before GC invocations=10 (full 1):
 PSYoungGen      total 85504K, used 84548K [0x00000000eab00000, 0x00000000f0c80000, 0x0000000100000000)
  eden space 75264K, 100% used [0x00000000eab00000,0x00000000ef480000,0x00000000ef480000)
  from space 10240K, 90% used [0x00000000eff80000,0x00000000f0891208,0x00000000f0980000)
  to   space 11264K, 0% used [0x00000000ef480000,0x00000000ef480000,0x00000000eff80000)
 ParOldGen       total 67072K, used 9830K [0x00000000c0000000, 0x00000000c4180000, 0x00000000eab00000)
  object space 67072K, 14% used [0x00000000c0000000,0x00000000c0999a98,0x00000000c4180000)
 Metaspace       used 34496K, capacity 35090K, committed 35200K, reserved 1079296K
  class space    used 4814K, capacity 4984K, committed 4992K, reserved 1048576K
Event: 19.901 GC heap after
Heap after GC invocations=10 (full 1):
 PSYoungGen      total 86528K, used 11248K [0x00000000eab00000, 0x00000000f2900000, 0x0000000100000000)
  eden space 75264K, 0% used [0x00000000eab00000,0x00000000eab00000,0x00000000ef480000)
  from space 11264K, 99% used [0x00000000ef480000,0x00000000eff7c020,0x00000000eff80000)
  to   space 13312K, 0% used [0x00000000f1c00000,0x00000000f1c00000,0x00000000f2900000)
 ParOldGen       total 67072K, used 11619K [0x00000000c0000000, 0x00000000c4180000, 0x00000000eab00000)
  object space 67072K, 17% used [0x00000000c0000000,0x00000000c0b58f80,0x00000000c4180000)
 Metaspace       used 34496K, capacity 35090K, committed 35200K, reserved 1079296K
  class space    used 4814K, capacity 4984K, committed 4992K, reserved 1048576K
}
Event: 20.012 GC heap before
{Heap before GC invocations=11 (full 1):
 PSYoungGen      total 86528K, used 19864K [0x00000000eab00000, 0x00000000f2900000, 0x0000000100000000)
  eden space 75264K, 11% used [0x00000000eab00000,0x00000000eb36a0d0,0x00000000ef480000)
  from space 11264K, 99% used [0x00000000ef480000,0x00000000eff7c020,0x00000000eff80000)
  to   space 13312K, 0% used [0x00000000f1c00000,0x00000000f1c00000,0x00000000f2900000)
 ParOldGen       total 67072K, used 11619K [0x00000000c0000000, 0x00000000c4180000, 0x00000000eab00000)
  object space 67072K, 17% used [0x00000000c0000000,0x00000000c0b58f80,0x00000000c4180000)
 Metaspace       used 34899K, capacity 35352K, committed 35416K, reserved 1079296K
  class space    used 4870K, capacity 4985K, committed 4992K, reserved 1048576K
Event: 20.030 GC heap after
Heap after GC invocations=11 (full 1):
 PSYoungGen      total 115712K, used 8624K [0x00000000eab00000, 0x00000000f3580000, 0x0000000100000000)
  eden space 102400K, 0% used [0x00000000eab00000,0x00000000eab00000,0x00000000f0f00000)
  from space 13312K, 64% used [0x00000000f1c00000,0x00000000f246c010,0x00000000f2900000)
  to   space 13312K, 0% used [0x00000000f0f00000,0x00000000f0f00000,0x00000000f1c00000)
 ParOldGen       total 67072K, used 14984K [0x00000000c0000000, 0x00000000c4180000, 0x00000000eab00000)
  object space 67072K, 22% used [0x00000000c0000000,0x00000000c0ea2170,0x00000000c4180000)
 Metaspace       used 34899K, capacity 35352K, committed 35416K, reserved 1079296K
  class space    used 4870K, capacity 4985K, committed 4992K, reserved 1048576K
}
Event: 20.030 GC heap before
{Heap before GC invocations=12 (full 2):
 PSYoungGen      total 115712K, used 8624K [0x00000000eab00000, 0x00000000f3580000, 0x0000000100000000)
  eden space 102400K, 0% used [0x00000000eab00000,0x00000000eab00000,0x00000000f0f00000)
  from space 13312K, 64% used [0x00000000f1c00000,0x00000000f246c010,0x00000000f2900000)
  to   space 13312K, 0% used [0x00000000f0f00000,0x00000000f0f00000,0x00000000f1c00000)
 ParOldGen       total 67072K, used 14984K [0x00000000c0000000, 0x00000000c4180000, 0x00000000eab00000)
  object space 67072K, 22% used [0x00000000c0000000,0x00000000c0ea2170,0x00000000c4180000)
 Metaspace       used 34899K, capacity 35352K, committed 35416K, reserved 1079296K
  class space    used 4870K, capacity 4985K, committed 4992K, reserved 1048576K
Event: 20.183 GC heap after
Heap after GC invocations=12 (full 2):
 PSYoungGen      total 115712K, used 0K [0x00000000eab00000, 0x00000000f3580000, 0x0000000100000000)
  eden space 102400K, 0% used [0x00000000eab00000,0x00000000eab00000,0x00000000f0f00000)
  from space 13312K, 0% used [0x00000000f1c00000,0x00000000f1c00000,0x00000000f2900000)
  to   space 13312K, 0% used [0x00000000f0f00000,0x00000000f0f00000,0x00000000f1c00000)
 ParOldGen       total 88064K, used 18428K [0x00000000c0000000, 0x00000000c5600000, 0x00000000eab00000)
  object space 88064K, 20% used [0x00000000c0000000,0x00000000c11ff2c0,0x00000000c5600000)
 Metaspace       used 34899K, capacity 35352K, committed 35416K, reserved 1079296K
  class space    used 4870K, capacity 4985K, committed 4992K, reserved 1048576K
}

