# JRE version: Java(TM) SE Runtime Environment (8.0_121-b13) (build 1.8.0_121-b13)
# Java VM: Java HotSpot(TM) 64-Bit Server VM (25.121-b13 mixed mode windows-amd64 compressed oops)
Heap:
 PSYoungGen      total 193024K, used 120496K [0x00000000d5580000, 0x00000000e2300000, 0x0000000100000000)
  eden space 180736K, 61% used [0x00000000d5580000,0x00000000dc2402b8,0x00000000e0600000)
  from space 12288K, 74% used [0x00000000e1700000,0x00000000e1fec030,0x00000000e2300000)
  to   space 14848K, 0% used [0x00000000e0600000,0x00000000e0600000,0x00000000e1480000)
 ParOldGen       total 57344K, used 38078K [0x0000000080000000, 0x0000000083800000, 0x00000000d5580000)
  object space 57344K, 66% used [0x0000000080000000,0x000000008252fa70,0x0000000083800000)
 Metaspace       used 43068K, capacity 45808K, committed 46040K, reserved 1089536K
  class space    used 6004K, capacity 6319K, committed 6400K, reserved 1048576K
GC Heap History (10 events):
Event: 65.385 GC heap before
{Heap before GC invocations=14 (full 2):
 PSYoungGen      total 87552K, used 786K [0x00000000d5580000, 0x00000000db780000, 0x0000000100000000)
  eden space 77824K, 0% used [0x00000000d5580000,0x00000000d5580000,0x00000000da180000)
  from space 9728K, 8% used [0x00000000dab80000,0x00000000dac44940,0x00000000db500000)
  to   space 10240K, 0% used [0x00000000da180000,0x00000000da180000,0x00000000dab80000)
 ParOldGen       total 48640K, used 19035K [0x0000000080000000, 0x0000000082f80000, 0x00000000d5580000)
  object space 48640K, 39% used [0x0000000080000000,0x0000000081296df0,0x0000000082f80000)
 Metaspace       used 34902K, capacity 35344K, committed 35416K, reserved 1079296K
  class space    used 4867K, capacity 4985K, committed 4992K, reserved 1048576K
Event: 65.690 GC heap after
Heap after GC invocations=14 (full 2):
 PSYoungGen      total 87552K, used 0K [0x00000000d5580000, 0x00000000db780000, 0x0000000100000000)
  eden space 77824K, 0% used [0x00000000d5580000,0x00000000d5580000,0x00000000da180000)
  from space 9728K, 0% used [0x00000000dab80000,0x00000000dab80000,0x00000000db500000)
  to   space 10240K, 0% used [0x00000000da180000,0x00000000da180000,0x00000000dab80000)
 ParOldGen       total 57344K, used 16393K [0x0000000080000000, 0x0000000083800000, 0x00000000d5580000)
  object space 57344K, 28% used [0x0000000080000000,0x00000000810027c0,0x0000000083800000)
 Metaspace       used 34902K, capacity 35344K, committed 35416K, reserved 1079296K
  class space    used 4867K, capacity 4985K, committed 4992K, reserved 1048576K
}
Event: 71.312 GC heap before
{Heap before GC invocations=15 (full 2):
 PSYoungGen      total 87552K, used 77824K [0x00000000d5580000, 0x00000000db780000, 0x0000000100000000)
  eden space 77824K, 100% used [0x00000000d5580000,0x00000000da180000,0x00000000da180000)
  from space 9728K, 0% used [0x00000000dab80000,0x00000000dab80000,0x00000000db500000)
  to   space 10240K, 0% used [0x00000000da180000,0x00000000da180000,0x00000000dab80000)
 ParOldGen       total 57344K, used 16393K [0x0000000080000000, 0x0000000083800000, 0x00000000d5580000)
  object space 57344K, 28% used [0x0000000080000000,0x00000000810027c0,0x0000000083800000)
 Metaspace       used 36618K, capacity 37256K, committed 37336K, reserved 1081344K
  class space    used 5154K, capacity 5366K, committed 5376K, reserved 1048576K
Event: 71.554 GC heap after
Heap after GC invocations=15 (full 2):
 PSYoungGen      total 88064K, used 7845K [0x00000000d5580000, 0x00000000de100000, 0x0000000100000000)
  eden space 77824K, 0% used [0x00000000d5580000,0x00000000d5580000,0x00000000da180000)
  from space 10240K, 76% used [0x00000000da180000,0x00000000da9297c8,0x00000000dab80000)
  to   space 10752K, 0% used [0x00000000dd680000,0x00000000dd680000,0x00000000de100000)
 ParOldGen       total 57344K, used 16401K [0x0000000080000000, 0x0000000083800000, 0x00000000d5580000)
  object space 57344K, 28% used [0x0000000080000000,0x00000000810047c0,0x0000000083800000)
 Metaspace       used 36618K, capacity 37256K, committed 37336K, reserved 1081344K
  class space    used 5154K, capacity 5366K, committed 5376K, reserved 1048576K
}
Event: 82.979 GC heap before
{Heap before GC invocations=16 (full 2):
 PSYoungGen      total 88064K, used 85669K [0x00000000d5580000, 0x00000000de100000, 0x0000000100000000)
  eden space 77824K, 100% used [0x00000000d5580000,0x00000000da180000,0x00000000da180000)
  from space 10240K, 76% used [0x00000000da180000,0x00000000da9297c8,0x00000000dab80000)
  to   space 10752K, 0% used [0x00000000dd680000,0x00000000dd680000,0x00000000de100000)
 ParOldGen       total 57344K, used 16401K [0x0000000080000000, 0x0000000083800000, 0x00000000d5580000)
  object space 57344K, 28% used [0x0000000080000000,0x00000000810047c0,0x0000000083800000)
 Metaspace       used 38859K, capacity 39674K, committed 39768K, reserved 1083392K
  class space    used 5440K, capacity 5676K, committed 5760K, reserved 1048576K
Event: 83.002 GC heap after
Heap after GC invocations=16 (full 2):
 PSYoungGen      total 130048K, used 6955K [0x00000000d5580000, 0x00000000de000000, 0x0000000100000000)
  eden space 120320K, 0% used [0x00000000d5580000,0x00000000d5580000,0x00000000dcb00000)
  from space 9728K, 71% used [0x00000000dd680000,0x00000000ddd4ace0,0x00000000de000000)
  to   space 10752K, 0% used [0x00000000dcb00000,0x00000000dcb00000,0x00000000dd580000)
 ParOldGen       total 57344K, used 23106K [0x0000000080000000, 0x0000000083800000, 0x00000000d5580000)
  object space 57344K, 40% used [0x0000000080000000,0x0000000081690830,0x0000000083800000)
 Metaspace       used 38859K, capacity 39674K, committed 39768K, reserved 1083392K
  class space    used 5440K, capacity 5676K, committed 5760K, reserved 1048576K
}
Event: 108.877 GC heap before
{Heap before GC invocations=17 (full 2):
 PSYoungGen      total 130048K, used 127275K [0x00000000d5580000, 0x00000000de000000, 0x0000000100000000)
  eden space 120320K, 100% used [0x00000000d5580000,0x00000000dcb00000,0x00000000dcb00000)
  from space 9728K, 71% used [0x00000000dd680000,0x00000000ddd4ace0,0x00000000de000000)
  to   space 10752K, 0% used [0x00000000dcb00000,0x00000000dcb00000,0x00000000dd580000)
 ParOldGen       total 57344K, used 23106K [0x0000000080000000, 0x0000000083800000, 0x00000000d5580000)
  object space 57344K, 40% used [0x0000000080000000,0x0000000081690830,0x0000000083800000)
 Metaspace       used 40178K, capacity 42158K, committed 42328K, reserved 1085440K
  class space    used 5590K, capacity 5897K, committed 6016K, reserved 1048576K
Event: 108.915 GC heap after
Heap after GC invocations=17 (full 2):
 PSYoungGen      total 131072K, used 10736K [0x00000000d5580000, 0x00000000e2580000, 0x0000000100000000)
  eden space 120320K, 0% used [0x00000000d5580000,0x00000000d5580000,0x00000000dcb00000)
  from space 10752K, 99% used [0x00000000dcb00000,0x00000000dd57c010,0x00000000dd580000)
  to   space 14848K, 0% used [0x00000000e1700000,0x00000000e1700000,0x00000000e2580000)
 ParOldGen       total 57344K, used 29237K [0x0000000080000000, 0x0000000083800000, 0x00000000d5580000)
  object space 57344K, 50% used [0x0000000080000000,0x0000000081c8d680,0x0000000083800000)
 Metaspace       used 40178K, capacity 42158K, committed 42328K, reserved 1085440K
  class space    used 5590K, capacity 5897K, committed 6016K, reserved 1048576K
}
Event: 129.591 GC heap before
{Heap before GC invocations=18 (full 2):
 PSYoungGen      total 131072K, used 131056K [0x00000000d5580000, 0x00000000e2580000, 0x0000000100000000)
  eden space 120320K, 100% used [0x00000000d5580000,0x00000000dcb00000,0x00000000dcb00000)
  from space 10752K, 99% used [0x00000000dcb00000,0x00000000dd57c010,0x00000000dd580000)
  to   space 14848K, 0% used [0x00000000e1700000,0x00000000e1700000,0x00000000e2580000)
 ParOldGen       total 57344K, used 29237K [0x0000000080000000, 0x0000000083800000, 0x00000000d5580000)
  object space 57344K, 50% used [0x0000000080000000,0x0000000081c8d680,0x0000000083800000)
 Metaspace       used 41007K, capacity 43646K, committed 43864K, reserved 1087488K
  class space    used 5676K, capacity 6012K, committed 6016K, reserved 1048576K
Event: 129.631 GC heap after
Heap after GC invocations=18 (full 2):
 PSYoungGen      total 193024K, used 9136K [0x00000000d5580000, 0x00000000e2300000, 0x0000000100000000)
  eden space 180736K, 0% used [0x00000000d5580000,0x00000000d5580000,0x00000000e0600000)
  from space 12288K, 74% used [0x00000000e1700000,0x00000000e1fec030,0x00000000e2300000)
  to   space 14848K, 0% used [0x00000000e0600000,0x00000000e0600000,0x00000000e1480000)
 ParOldGen       total 57344K, used 38078K [0x0000000080000000, 0x0000000083800000, 0x00000000d5580000)
  object space 57344K, 66% used [0x0000000080000000,0x000000008252fa70,0x0000000083800000)
 Metaspace       used 41007K, capacity 43646K, committed 43864K, reserved 1087488K
  class space    used 5676K, capacity 6012K, committed 6016K, reserved 1048576K
}

