# JRE version: Java(TM) SE Runtime Environment (8.0_121-b13) (build 1.8.0_121-b13)
# Java VM: Java HotSpot(TM) 64-Bit Server VM (25.121-b13 mixed mode windows-amd64 compressed oops)
Heap:
 PSYoungGen      total 151040K, used 104922K [0x00000000d5580000, 0x00000000e2f00000, 0x0000000100000000)
  eden space 133120K, 65% used [0x00000000d5580000,0x00000000daa7abc0,0x00000000dd780000)
  from space 17920K, 99% used [0x00000000dd780000,0x00000000de8fc020,0x00000000de900000)
  to   space 23552K, 0% used [0x00000000e1800000,0x00000000e1800000,0x00000000e2f00000)
 ParOldGen       total 94208K, used 30971K [0x0000000080000000, 0x0000000085c00000, 0x00000000d5580000)
  object space 94208K, 32% used [0x0000000080000000,0x0000000081e3ec28,0x0000000085c00000)
 Metaspace       used 41650K, capacity 44486K, committed 44632K, reserved 1087488K
  class space    used 5818K, capacity 6148K, committed 6272K, reserved 1048576K
GC Heap History (10 events):
Event: 11.091 GC heap before
{Heap before GC invocations=11 (full 1):
 PSYoungGen      total 84480K, used 29211K [0x00000000d5580000, 0x00000000dd280000, 0x0000000100000000)
  eden space 73216K, 24% used [0x00000000d5580000,0x00000000d6709d08,0x00000000d9d00000)
  from space 11264K, 99% used [0x00000000d9d00000,0x00000000da7fd040,0x00000000da800000)
  to   space 13312K, 0% used [0x00000000dc580000,0x00000000dc580000,0x00000000dd280000)
 ParOldGen       total 67072K, used 11533K [0x0000000080000000, 0x0000000084180000, 0x00000000d5580000)
  object space 67072K, 17% used [0x0000000080000000,0x0000000080b43798,0x0000000084180000)
 Metaspace       used 34801K, capacity 35336K, committed 35416K, reserved 1079296K
  class space    used 4861K, capacity 4985K, committed 4992K, reserved 1048576K
Event: 11.112 GC heap after
Heap after GC invocations=11 (full 1):
 PSYoungGen      total 113152K, used 12866K [0x00000000d5580000, 0x00000000ddc00000, 0x0000000100000000)
  eden space 99840K, 0% used [0x00000000d5580000,0x00000000d5580000,0x00000000db700000)
  from space 13312K, 96% used [0x00000000dc580000,0x00000000dd210960,0x00000000dd280000)
  to   space 14848K, 0% used [0x00000000db700000,0x00000000db700000,0x00000000dc580000)
 ParOldGen       total 67072K, used 11541K [0x0000000080000000, 0x0000000084180000, 0x00000000d5580000)
  object space 67072K, 17% used [0x0000000080000000,0x0000000080b45798,0x0000000084180000)
 Metaspace       used 34801K, capacity 35336K, committed 35416K, reserved 1079296K
  class space    used 4861K, capacity 4985K, committed 4992K, reserved 1048576K
}
Event: 11.112 GC heap before
{Heap before GC invocations=12 (full 2):
 PSYoungGen      total 113152K, used 12866K [0x00000000d5580000, 0x00000000ddc00000, 0x0000000100000000)
  eden space 99840K, 0% used [0x00000000d5580000,0x00000000d5580000,0x00000000db700000)
  from space 13312K, 96% used [0x00000000dc580000,0x00000000dd210960,0x00000000dd280000)
  to   space 14848K, 0% used [0x00000000db700000,0x00000000db700000,0x00000000dc580000)
 ParOldGen       total 67072K, used 11541K [0x0000000080000000, 0x0000000084180000, 0x00000000d5580000)
  object space 67072K, 17% used [0x0000000080000000,0x0000000080b45798,0x0000000084180000)
 Metaspace       used 34801K, capacity 35336K, committed 35416K, reserved 1079296K
  class space    used 4861K, capacity 4985K, committed 4992K, reserved 1048576K
Event: 11.267 GC heap after
Heap after GC invocations=12 (full 2):
 PSYoungGen      total 113152K, used 0K [0x00000000d5580000, 0x00000000ddc00000, 0x0000000100000000)
  eden space 99840K, 0% used [0x00000000d5580000,0x00000000d5580000,0x00000000db700000)
  from space 13312K, 0% used [0x00000000dc580000,0x00000000dc580000,0x00000000dd280000)
  to   space 14848K, 0% used [0x00000000db700000,0x00000000db700000,0x00000000dc580000)
 ParOldGen       total 94208K, used 19393K [0x0000000080000000, 0x0000000085c00000, 0x00000000d5580000)
  object space 94208K, 20% used [0x0000000080000000,0x00000000812f0520,0x0000000085c00000)
 Metaspace       used 34801K, capacity 35336K, committed 35416K, reserved 1079296K
  class space    used 4861K, capacity 4985K, committed 4992K, reserved 1048576K
}
Event: 13.604 GC heap before
{Heap before GC invocations=13 (full 2):
 PSYoungGen      total 113152K, used 99840K [0x00000000d5580000, 0x00000000ddc00000, 0x0000000100000000)
  eden space 99840K, 100% used [0x00000000d5580000,0x00000000db700000,0x00000000db700000)
  from space 13312K, 0% used [0x00000000dc580000,0x00000000dc580000,0x00000000dd280000)
  to   space 14848K, 0% used [0x00000000db700000,0x00000000db700000,0x00000000dc580000)
 ParOldGen       total 94208K, used 19393K [0x0000000080000000, 0x0000000085c00000, 0x00000000d5580000)
  object space 94208K, 20% used [0x0000000080000000,0x00000000812f0520,0x0000000085c00000)
 Metaspace       used 36986K, capacity 37650K, committed 37720K, reserved 1081344K
  class space    used 5246K, capacity 5436K, committed 5504K, reserved 1048576K
Event: 13.628 GC heap after
Heap after GC invocations=13 (full 2):
 PSYoungGen      total 114688K, used 9925K [0x00000000d5580000, 0x00000000df780000, 0x0000000100000000)
  eden space 99840K, 0% used [0x00000000d5580000,0x00000000d5580000,0x00000000db700000)
  from space 14848K, 66% used [0x00000000db700000,0x00000000dc0b17d8,0x00000000dc580000)
  to   space 14848K, 0% used [0x00000000de900000,0x00000000de900000,0x00000000df780000)
 ParOldGen       total 94208K, used 19393K [0x0000000080000000, 0x0000000085c00000, 0x00000000d5580000)
  object space 94208K, 20% used [0x0000000080000000,0x00000000812f0520,0x0000000085c00000)
 Metaspace       used 36986K, capacity 37650K, committed 37720K, reserved 1081344K
  class space    used 5246K, capacity 5436K, committed 5504K, reserved 1048576K
}
Event: 17.385 GC heap before
{Heap before GC invocations=14 (full 2):
 PSYoungGen      total 114688K, used 109765K [0x00000000d5580000, 0x00000000df780000, 0x0000000100000000)
  eden space 99840K, 100% used [0x00000000d5580000,0x00000000db700000,0x00000000db700000)
  from space 14848K, 66% used [0x00000000db700000,0x00000000dc0b17d8,0x00000000dc580000)
  to   space 14848K, 0% used [0x00000000de900000,0x00000000de900000,0x00000000df780000)
 ParOldGen       total 94208K, used 19393K [0x0000000080000000, 0x0000000085c00000, 0x00000000d5580000)
  object space 94208K, 20% used [0x0000000080000000,0x00000000812f0520,0x0000000085c00000)
 Metaspace       used 39272K, capacity 40444K, committed 40536K, reserved 1083392K
  class space    used 5480K, capacity 5734K, committed 5760K, reserved 1048576K
Event: 17.414 GC heap after
Heap after GC invocations=14 (full 2):
 PSYoungGen      total 147968K, used 14832K [0x00000000d5580000, 0x00000000dfa80000, 0x0000000100000000)
  eden space 133120K, 0% used [0x00000000d5580000,0x00000000d5580000,0x00000000dd780000)
  from space 14848K, 99% used [0x00000000de900000,0x00000000df77c020,0x00000000df780000)
  to   space 17920K, 0% used [0x00000000dd780000,0x00000000dd780000,0x00000000de900000)
 ParOldGen       total 94208K, used 21953K [0x0000000080000000, 0x0000000085c00000, 0x00000000d5580000)
  object space 94208K, 23% used [0x0000000080000000,0x00000000815707f8,0x0000000085c00000)
 Metaspace       used 39272K, capacity 40444K, committed 40536K, reserved 1083392K
  class space    used 5480K, capacity 5734K, committed 5760K, reserved 1048576K
}
Event: 20.076 GC heap before
{Heap before GC invocations=15 (full 2):
 PSYoungGen      total 147968K, used 147952K [0x00000000d5580000, 0x00000000dfa80000, 0x0000000100000000)
  eden space 133120K, 100% used [0x00000000d5580000,0x00000000dd780000,0x00000000dd780000)
  from space 14848K, 99% used [0x00000000de900000,0x00000000df77c020,0x00000000df780000)
  to   space 17920K, 0% used [0x00000000dd780000,0x00000000dd780000,0x00000000de900000)
 ParOldGen       total 94208K, used 21953K [0x0000000080000000, 0x0000000085c00000, 0x00000000d5580000)
  object space 94208K, 23% used [0x0000000080000000,0x00000000815707f8,0x0000000085c00000)
 Metaspace       used 40631K, capacity 43062K, committed 43096K, reserved 1087488K
  class space    used 5656K, capacity 5995K, committed 6016K, reserved 1048576K
Event: 20.115 GC heap after
Heap after GC invocations=15 (full 2):
 PSYoungGen      total 151040K, used 17904K [0x00000000d5580000, 0x00000000e2f00000, 0x0000000100000000)
  eden space 133120K, 0% used [0x00000000d5580000,0x00000000d5580000,0x00000000dd780000)
  from space 17920K, 99% used [0x00000000dd780000,0x00000000de8fc020,0x00000000de900000)
  to   space 23552K, 0% used [0x00000000e1800000,0x00000000e1800000,0x00000000e2f00000)
 ParOldGen       total 94208K, used 30971K [0x0000000080000000, 0x0000000085c00000, 0x00000000d5580000)
  object space 94208K, 32% used [0x0000000080000000,0x0000000081e3ec28,0x0000000085c00000)
 Metaspace       used 40631K, capacity 43062K, committed 43096K, reserved 1087488K
  class space    used 5656K, capacity 5995K, committed 6016K, reserved 1048576K
}

