# JRE version: Java(TM) SE Runtime Environment (8.0_121-b13) (build 1.8.0_121-b13)
# Java VM: Java HotSpot(TM) 64-Bit Server VM (25.121-b13 mixed mode windows-amd64 compressed oops)
Heap:
 PSYoungGen      total 68608K, used 46623K [0x00000000d5580000, 0x00000000da500000, 0x0000000100000000)
  eden space 57856K, 72% used [0x00000000d5580000,0x00000000d7e2ea60,0x00000000d8e00000)
  from space 10752K, 46% used [0x00000000d9880000,0x00000000d9d591a0,0x00000000da300000)
  to   space 10752K, 0% used [0x00000000d8e00000,0x00000000d8e00000,0x00000000d9880000)
 ParOldGen       total 56320K, used 9648K [0x0000000080000000, 0x0000000083700000, 0x00000000d5580000)
  object space 56320K, 17% used [0x0000000080000000,0x000000008096c1d8,0x0000000083700000)
 Metaspace       used 28882K, capacity 29400K, committed 29568K, reserved 1075200K
  class space    used 4017K, capacity 4162K, committed 4224K, reserved 1048576K
GC Heap History (10 events):
Event: 14.263 GC heap before
{Heap before GC invocations=3 (full 0):
 PSYoungGen      total 38400K, used 38384K [0x00000000d5580000, 0x00000000d8000000, 0x0000000100000000)
  eden space 33280K, 100% used [0x00000000d5580000,0x00000000d7600000,0x00000000d7600000)
  from space 5120K, 99% used [0x00000000d7b00000,0x00000000d7ffc010,0x00000000d8000000)
  to   space 5120K, 0% used [0x00000000d7600000,0x00000000d7600000,0x00000000d7b00000)
 ParOldGen       total 87552K, used 768K [0x0000000080000000, 0x0000000085580000, 0x00000000d5580000)
  object space 87552K, 0% used [0x0000000080000000,0x00000000800c0188,0x0000000085580000)
 Metaspace       used 15783K, capacity 16068K, committed 16256K, reserved 1062912K
  class space    used 2264K, capacity 2346K, committed 2432K, reserved 1048576K
Event: 14.313 GC heap after
Heap after GC invocations=3 (full 0):
 PSYoungGen      total 38400K, used 5106K [0x00000000d5580000, 0x00000000d8000000, 0x0000000100000000)
  eden space 33280K, 0% used [0x00000000d5580000,0x00000000d5580000,0x00000000d7600000)
  from space 5120K, 99% used [0x00000000d7600000,0x00000000d7afc8c8,0x00000000d7b00000)
  to   space 5120K, 0% used [0x00000000d7b00000,0x00000000d7b00000,0x00000000d8000000)
 ParOldGen       total 87552K, used 3223K [0x0000000080000000, 0x0000000085580000, 0x00000000d5580000)
  object space 87552K, 3% used [0x0000000080000000,0x0000000080325f18,0x0000000085580000)
 Metaspace       used 15783K, capacity 16068K, committed 16256K, reserved 1062912K
  class space    used 2264K, capacity 2346K, committed 2432K, reserved 1048576K
}
Event: 16.207 GC heap before
{Heap before GC invocations=4 (full 0):
 PSYoungGen      total 38400K, used 32905K [0x00000000d5580000, 0x00000000d8000000, 0x0000000100000000)
  eden space 33280K, 83% used [0x00000000d5580000,0x00000000d70a5bb0,0x00000000d7600000)
  from space 5120K, 99% used [0x00000000d7600000,0x00000000d7afc8c8,0x00000000d7b00000)
  to   space 5120K, 0% used [0x00000000d7b00000,0x00000000d7b00000,0x00000000d8000000)
 ParOldGen       total 87552K, used 3223K [0x0000000080000000, 0x0000000085580000, 0x00000000d5580000)
  object space 87552K, 3% used [0x0000000080000000,0x0000000080325f18,0x0000000085580000)
 Metaspace       used 20792K, capacity 21098K, committed 21248K, reserved 1067008K
  class space    used 2825K, capacity 2956K, committed 3072K, reserved 1048576K
Event: 16.242 GC heap after
Heap after GC invocations=4 (full 0):
 PSYoungGen      total 38400K, used 5099K [0x00000000d5580000, 0x00000000da080000, 0x0000000100000000)
  eden space 33280K, 0% used [0x00000000d5580000,0x00000000d5580000,0x00000000d7600000)
  from space 5120K, 99% used [0x00000000d7b00000,0x00000000d7ffafc0,0x00000000d8000000)
  to   space 5120K, 0% used [0x00000000d7600000,0x00000000d7600000,0x00000000d7b00000)
 ParOldGen       total 87552K, used 7954K [0x0000000080000000, 0x0000000085580000, 0x00000000d5580000)
  object space 87552K, 9% used [0x0000000080000000,0x00000000807c4ab8,0x0000000085580000)
 Metaspace       used 20792K, capacity 21098K, committed 21248K, reserved 1067008K
  class space    used 2825K, capacity 2956K, committed 3072K, reserved 1048576K
}
Event: 16.242 GC heap before
{Heap before GC invocations=5 (full 1):
 PSYoungGen      total 38400K, used 5099K [0x00000000d5580000, 0x00000000da080000, 0x0000000100000000)
  eden space 33280K, 0% used [0x00000000d5580000,0x00000000d5580000,0x00000000d7600000)
  from space 5120K, 99% used [0x00000000d7b00000,0x00000000d7ffafc0,0x00000000d8000000)
  to   space 5120K, 0% used [0x00000000d7600000,0x00000000d7600000,0x00000000d7b00000)
 ParOldGen       total 87552K, used 7954K [0x0000000080000000, 0x0000000085580000, 0x00000000d5580000)
  object space 87552K, 9% used [0x0000000080000000,0x00000000807c4ab8,0x0000000085580000)
 Metaspace       used 20792K, capacity 21098K, committed 21248K, reserved 1067008K
  class space    used 2825K, capacity 2956K, committed 3072K, reserved 1048576K
Event: 16.299 GC heap after
Heap after GC invocations=5 (full 1):
 PSYoungGen      total 38400K, used 0K [0x00000000d5580000, 0x00000000da080000, 0x0000000100000000)
  eden space 33280K, 0% used [0x00000000d5580000,0x00000000d5580000,0x00000000d7600000)
  from space 5120K, 0% used [0x00000000d7b00000,0x00000000d7b00000,0x00000000d8000000)
  to   space 5120K, 0% used [0x00000000d7600000,0x00000000d7600000,0x00000000d7b00000)
 ParOldGen       total 56320K, used 9632K [0x0000000080000000, 0x0000000083700000, 0x00000000d5580000)
  object space 56320K, 17% used [0x0000000080000000,0x00000000809681d8,0x0000000083700000)
 Metaspace       used 20792K, capacity 21098K, committed 21248K, reserved 1067008K
  class space    used 2825K, capacity 2956K, committed 3072K, reserved 1048576K
}
Event: 18.020 GC heap before
{Heap before GC invocations=6 (full 1):
 PSYoungGen      total 38400K, used 33280K [0x00000000d5580000, 0x00000000da080000, 0x0000000100000000)
  eden space 33280K, 100% used [0x00000000d5580000,0x00000000d7600000,0x00000000d7600000)
  from space 5120K, 0% used [0x00000000d7b00000,0x00000000d7b00000,0x00000000d8000000)
  to   space 5120K, 0% used [0x00000000d7600000,0x00000000d7600000,0x00000000d7b00000)
 ParOldGen       total 56320K, used 9632K [0x0000000080000000, 0x0000000083700000, 0x00000000d5580000)
  object space 56320K, 17% used [0x0000000080000000,0x00000000809681d8,0x0000000083700000)
 Metaspace       used 23922K, capacity 24258K, committed 24448K, reserved 1071104K
  class space    used 3299K, capacity 3410K, committed 3456K, reserved 1048576K
Event: 18.028 GC heap after
Heap after GC invocations=6 (full 1):
 PSYoungGen      total 38400K, used 4397K [0x00000000d5580000, 0x00000000da300000, 0x0000000100000000)
  eden space 33280K, 0% used [0x00000000d5580000,0x00000000d5580000,0x00000000d7600000)
  from space 5120K, 85% used [0x00000000d7600000,0x00000000d7a4b648,0x00000000d7b00000)
  to   space 10752K, 0% used [0x00000000d9880000,0x00000000d9880000,0x00000000da300000)
 ParOldGen       total 56320K, used 9640K [0x0000000080000000, 0x0000000083700000, 0x00000000d5580000)
  object space 56320K, 17% used [0x0000000080000000,0x000000008096a1d8,0x0000000083700000)
 Metaspace       used 23922K, capacity 24258K, committed 24448K, reserved 1071104K
  class space    used 3299K, capacity 3410K, committed 3456K, reserved 1048576K
}
Event: 19.902 GC heap before
{Heap before GC invocations=7 (full 1):
 PSYoungGen      total 38400K, used 37677K [0x00000000d5580000, 0x00000000da300000, 0x0000000100000000)
  eden space 33280K, 100% used [0x00000000d5580000,0x00000000d7600000,0x00000000d7600000)
  from space 5120K, 85% used [0x00000000d7600000,0x00000000d7a4b648,0x00000000d7b00000)
  to   space 10752K, 0% used [0x00000000d9880000,0x00000000d9880000,0x00000000da300000)
 ParOldGen       total 56320K, used 9640K [0x0000000080000000, 0x0000000083700000, 0x00000000d5580000)
  object space 56320K, 17% used [0x0000000080000000,0x000000008096a1d8,0x0000000083700000)
 Metaspace       used 25737K, capacity 26158K, committed 26368K, reserved 1071104K
  class space    used 3628K, capacity 3741K, committed 3840K, reserved 1048576K
Event: 19.942 GC heap after
Heap after GC invocations=7 (full 1):
 PSYoungGen      total 68608K, used 4964K [0x00000000d5580000, 0x00000000da500000, 0x0000000100000000)
  eden space 57856K, 0% used [0x00000000d5580000,0x00000000d5580000,0x00000000d8e00000)
  from space 10752K, 46% used [0x00000000d9880000,0x00000000d9d591a0,0x00000000da300000)
  to   space 10752K, 0% used [0x00000000d8e00000,0x00000000d8e00000,0x00000000d9880000)
 ParOldGen       total 56320K, used 9648K [0x0000000080000000, 0x0000000083700000, 0x00000000d5580000)
  object space 56320K, 17% used [0x0000000080000000,0x000000008096c1d8,0x0000000083700000)
 Metaspace       used 25737K, capacity 26158K, committed 26368K, reserved 1071104K
  class space    used 3628K, capacity 3741K, committed 3840K, reserved 1048576K
}

