# JRE version: Java(TM) SE Runtime Environment (8.0_121-b13) (build 1.8.0_121-b13)
# Java VM: Java HotSpot(TM) 64-Bit Server VM (25.121-b13 mixed mode windows-amd64 compressed oops)
Heap:
 PSYoungGen      total 69632K, used 40586K [0x00000000d5580000, 0x00000000db700000, 0x0000000100000000)
  eden space 59392K, 58% used [0x00000000d5580000,0x00000000d7779100,0x00000000d8f80000)
  from space 10240K, 56% used [0x00000000d8f80000,0x00000000d95297c8,0x00000000d9980000)
  to   space 9728K, 0% used [0x00000000dad80000,0x00000000dad80000,0x00000000db700000)
 ParOldGen       total 97280K, used 19911K [0x0000000080000000, 0x0000000085f00000, 0x00000000d5580000)
  object space 97280K, 20% used [0x0000000080000000,0x0000000081371da8,0x0000000085f00000)
 Metaspace       used 36761K, capacity 37438K, committed 37720K, reserved 1081344K
  class space    used 5200K, capacity 5425K, committed 5504K, reserved 1048576K
GC Heap History (10 events):
Event: 10.104 GC heap before
{Heap before GC invocations=11 (full 1):
 PSYoungGen      total 38400K, used 38368K [0x00000000d5580000, 0x00000000d9500000, 0x0000000100000000)
  eden space 33280K, 100% used [0x00000000d5580000,0x00000000d7600000,0x00000000d7600000)
  from space 5120K, 99% used [0x00000000d7600000,0x00000000d7af8010,0x00000000d7b00000)
  to   space 10752K, 0% used [0x00000000d8a80000,0x00000000d8a80000,0x00000000d9500000)
 ParOldGen       total 67072K, used 15383K [0x0000000080000000, 0x0000000084180000, 0x00000000d5580000)
  object space 67072K, 22% used [0x0000000080000000,0x0000000080f05ef8,0x0000000084180000)
 Metaspace       used 32274K, capacity 32740K, committed 33024K, reserved 1077248K
  class space    used 4456K, capacity 4587K, committed 4608K, reserved 1048576K
Event: 10.116 GC heap after
Heap after GC invocations=11 (full 1):
 PSYoungGen      total 54272K, used 7442K [0x00000000d5580000, 0x00000000d9580000, 0x0000000100000000)
  eden space 43520K, 0% used [0x00000000d5580000,0x00000000d5580000,0x00000000d8000000)
  from space 10752K, 69% used [0x00000000d8a80000,0x00000000d91c4868,0x00000000d9500000)
  to   space 10752K, 0% used [0x00000000d8000000,0x00000000d8000000,0x00000000d8a80000)
 ParOldGen       total 67072K, used 15391K [0x0000000080000000, 0x0000000084180000, 0x00000000d5580000)
  object space 67072K, 22% used [0x0000000080000000,0x0000000080f07ef8,0x0000000084180000)
 Metaspace       used 32274K, capacity 32740K, committed 33024K, reserved 1077248K
  class space    used 4456K, capacity 4587K, committed 4608K, reserved 1048576K
}
Event: 10.597 GC heap before
{Heap before GC invocations=12 (full 1):
 PSYoungGen      total 54272K, used 50962K [0x00000000d5580000, 0x00000000d9580000, 0x0000000100000000)
  eden space 43520K, 100% used [0x00000000d5580000,0x00000000d8000000,0x00000000d8000000)
  from space 10752K, 69% used [0x00000000d8a80000,0x00000000d91c4868,0x00000000d9500000)
  to   space 10752K, 0% used [0x00000000d8000000,0x00000000d8000000,0x00000000d8a80000)
 ParOldGen       total 67072K, used 15391K [0x0000000080000000, 0x0000000084180000, 0x00000000d5580000)
  object space 67072K, 22% used [0x0000000080000000,0x0000000080f07ef8,0x0000000084180000)
 Metaspace       used 34147K, capacity 34626K, committed 34944K, reserved 1079296K
  class space    used 4768K, capacity 4912K, committed 4992K, reserved 1048576K
Event: 10.611 GC heap after
Heap after GC invocations=12 (full 1):
 PSYoungGen      total 54272K, used 6903K [0x00000000d5580000, 0x00000000da380000, 0x0000000100000000)
  eden space 43520K, 0% used [0x00000000d5580000,0x00000000d5580000,0x00000000d8000000)
  from space 10752K, 64% used [0x00000000d8000000,0x00000000d86bdc20,0x00000000d8a80000)
  to   space 10240K, 0% used [0x00000000d9980000,0x00000000d9980000,0x00000000da380000)
 ParOldGen       total 67072K, used 17933K [0x0000000080000000, 0x0000000084180000, 0x00000000d5580000)
  object space 67072K, 26% used [0x0000000080000000,0x00000000811836c8,0x0000000084180000)
 Metaspace       used 34147K, capacity 34626K, committed 34944K, reserved 1079296K
  class space    used 4768K, capacity 4912K, committed 4992K, reserved 1048576K
}
Event: 10.775 GC heap before
{Heap before GC invocations=13 (full 1):
 PSYoungGen      total 54272K, used 18673K [0x00000000d5580000, 0x00000000da380000, 0x0000000100000000)
  eden space 43520K, 27% used [0x00000000d5580000,0x00000000d60fe860,0x00000000d8000000)
  from space 10752K, 64% used [0x00000000d8000000,0x00000000d86bdc20,0x00000000d8a80000)
  to   space 10240K, 0% used [0x00000000d9980000,0x00000000d9980000,0x00000000da380000)
 ParOldGen       total 67072K, used 17933K [0x0000000080000000, 0x0000000084180000, 0x00000000d5580000)
  object space 67072K, 26% used [0x0000000080000000,0x00000000811836c8,0x0000000084180000)
 Metaspace       used 34801K, capacity 35288K, committed 35416K, reserved 1079296K
  class space    used 4861K, capacity 4985K, committed 4992K, reserved 1048576K
Event: 10.787 GC heap after
Heap after GC invocations=13 (full 1):
 PSYoungGen      total 69632K, used 5709K [0x00000000d5580000, 0x00000000da680000, 0x0000000100000000)
  eden space 59392K, 0% used [0x00000000d5580000,0x00000000d5580000,0x00000000d8f80000)
  from space 10240K, 55% used [0x00000000d9980000,0x00000000d9f13518,0x00000000da380000)
  to   space 10240K, 0% used [0x00000000d8f80000,0x00000000d8f80000,0x00000000d9980000)
 ParOldGen       total 67072K, used 19229K [0x0000000080000000, 0x0000000084180000, 0x00000000d5580000)
  object space 67072K, 28% used [0x0000000080000000,0x00000000812c76e8,0x0000000084180000)
 Metaspace       used 34801K, capacity 35288K, committed 35416K, reserved 1079296K
  class space    used 4861K, capacity 4985K, committed 4992K, reserved 1048576K
}
Event: 10.787 GC heap before
{Heap before GC invocations=14 (full 2):
 PSYoungGen      total 69632K, used 5709K [0x00000000d5580000, 0x00000000da680000, 0x0000000100000000)
  eden space 59392K, 0% used [0x00000000d5580000,0x00000000d5580000,0x00000000d8f80000)
  from space 10240K, 55% used [0x00000000d9980000,0x00000000d9f13518,0x00000000da380000)
  to   space 10240K, 0% used [0x00000000d8f80000,0x00000000d8f80000,0x00000000d9980000)
 ParOldGen       total 67072K, used 19229K [0x0000000080000000, 0x0000000084180000, 0x00000000d5580000)
  object space 67072K, 28% used [0x0000000080000000,0x00000000812c76e8,0x0000000084180000)
 Metaspace       used 34801K, capacity 35288K, committed 35416K, reserved 1079296K
  class space    used 4861K, capacity 4985K, committed 4992K, reserved 1048576K
Event: 10.941 GC heap after
Heap after GC invocations=14 (full 2):
 PSYoungGen      total 69632K, used 0K [0x00000000d5580000, 0x00000000da680000, 0x0000000100000000)
  eden space 59392K, 0% used [0x00000000d5580000,0x00000000d5580000,0x00000000d8f80000)
  from space 10240K, 0% used [0x00000000d9980000,0x00000000d9980000,0x00000000da380000)
  to   space 10240K, 0% used [0x00000000d8f80000,0x00000000d8f80000,0x00000000d9980000)
 ParOldGen       total 97280K, used 19903K [0x0000000080000000, 0x0000000085f00000, 0x00000000d5580000)
  object space 97280K, 20% used [0x0000000080000000,0x000000008136fda8,0x0000000085f00000)
 Metaspace       used 34801K, capacity 35288K, committed 35416K, reserved 1079296K
  class space    used 4861K, capacity 4985K, committed 4992K, reserved 1048576K
}
Event: 11.465 GC heap before
{Heap before GC invocations=15 (full 2):
 PSYoungGen      total 69632K, used 59392K [0x00000000d5580000, 0x00000000da680000, 0x0000000100000000)
  eden space 59392K, 100% used [0x00000000d5580000,0x00000000d8f80000,0x00000000d8f80000)
  from space 10240K, 0% used [0x00000000d9980000,0x00000000d9980000,0x00000000da380000)
  to   space 10240K, 0% used [0x00000000d8f80000,0x00000000d8f80000,0x00000000d9980000)
 ParOldGen       total 97280K, used 19903K [0x0000000080000000, 0x0000000085f00000, 0x00000000d5580000)
  object space 97280K, 20% used [0x0000000080000000,0x000000008136fda8,0x0000000085f00000)
 Metaspace       used 36130K, capacity 36672K, committed 36824K, reserved 1081344K
  class space    used 5078K, capacity 5251K, committed 5376K, reserved 1048576K
Event: 11.478 GC heap after
Heap after GC invocations=15 (full 2):
 PSYoungGen      total 69632K, used 5797K [0x00000000d5580000, 0x00000000db700000, 0x0000000100000000)
  eden space 59392K, 0% used [0x00000000d5580000,0x00000000d5580000,0x00000000d8f80000)
  from space 10240K, 56% used [0x00000000d8f80000,0x00000000d95297c8,0x00000000d9980000)
  to   space 9728K, 0% used [0x00000000dad80000,0x00000000dad80000,0x00000000db700000)
 ParOldGen       total 97280K, used 19911K [0x0000000080000000, 0x0000000085f00000, 0x00000000d5580000)
  object space 97280K, 20% used [0x0000000080000000,0x0000000081371da8,0x0000000085f00000)
 Metaspace       used 36130K, capacity 36672K, committed 36824K, reserved 1081344K
  class space    used 5078K, capacity 5251K, committed 5376K, reserved 1048576K
}

