# JRE version: Java(TM) SE Runtime Environment (8.0_121-b13) (build 1.8.0_121-b13)
# Java VM: Java HotSpot(TM) 64-Bit Server VM (25.121-b13 mixed mode windows-amd64 compressed oops)
Heap:
 PSYoungGen      total 150528K, used 17396K [0x00000000d5580000, 0x00000000e1e00000, 0x0000000100000000)
  eden space 133120K, 0% used [0x00000000d5580000,0x00000000d5580000,0x00000000dd780000)
  from space 17408K, 99% used [0x00000000e0d00000,0x00000000e1dfd270,0x00000000e1e00000)
  to   space 16384K, 0% used [0x00000000dd780000,0x00000000dd780000,0x00000000de780000)
 ParOldGen       total 98304K, used 44527K [0x0000000080000000, 0x0000000086000000, 0x00000000d5580000)
  object space 98304K, 45% used [0x0000000080000000,0x0000000082b7bff0,0x0000000086000000)
 Metaspace       used 43456K, capacity 46234K, committed 46296K, reserved 1093632K
  class space    used 6056K, capacity 6378K, committed 6400K, reserved 1048576K
GC Heap History (10 events):
Event: 13.246 GC heap after
Heap after GC invocations=12 (full 2):
 PSYoungGen      total 117248K, used 0K [0x00000000d5580000, 0x00000000dd900000, 0x0000000100000000)
  eden space 103936K, 0% used [0x00000000d5580000,0x00000000d5580000,0x00000000dbb00000)
  from space 13312K, 0% used [0x00000000dc800000,0x00000000dc800000,0x00000000dd500000)
  to   space 13312K, 0% used [0x00000000dbb00000,0x00000000dbb00000,0x00000000dc800000)
 ParOldGen       total 98304K, used 19474K [0x0000000080000000, 0x0000000086000000, 0x00000000d5580000)
  object space 98304K, 19% used [0x0000000080000000,0x0000000081304918,0x0000000086000000)
 Metaspace       used 34811K, capacity 35336K, committed 35416K, reserved 1079296K
  class space    used 4857K, capacity 4985K, committed 4992K, reserved 1048576K
}
Event: 14.788 GC heap before
{Heap before GC invocations=13 (full 2):
 PSYoungGen      total 117248K, used 103936K [0x00000000d5580000, 0x00000000dd900000, 0x0000000100000000)
  eden space 103936K, 100% used [0x00000000d5580000,0x00000000dbb00000,0x00000000dbb00000)
  from space 13312K, 0% used [0x00000000dc800000,0x00000000dc800000,0x00000000dd500000)
  to   space 13312K, 0% used [0x00000000dbb00000,0x00000000dbb00000,0x00000000dc800000)
 ParOldGen       total 98304K, used 19474K [0x0000000080000000, 0x0000000086000000, 0x00000000d5580000)
  object space 98304K, 19% used [0x0000000080000000,0x0000000081304918,0x0000000086000000)
 Metaspace       used 37144K, capacity 37810K, committed 37976K, reserved 1081344K
  class space    used 5267K, capacity 5468K, committed 5504K, reserved 1048576K
Event: 14.814 GC heap after
Heap after GC invocations=13 (full 2):
 PSYoungGen      total 117248K, used 10145K [0x00000000d5580000, 0x00000000df500000, 0x0000000100000000)
  eden space 103936K, 0% used [0x00000000d5580000,0x00000000d5580000,0x00000000dbb00000)
  from space 13312K, 76% used [0x00000000dbb00000,0x00000000dc4e8488,0x00000000dc800000)
  to   space 13824K, 0% used [0x00000000de780000,0x00000000de780000,0x00000000df500000)
 ParOldGen       total 98304K, used 19482K [0x0000000080000000, 0x0000000086000000, 0x00000000d5580000)
  object space 98304K, 19% used [0x0000000080000000,0x0000000081306918,0x0000000086000000)
 Metaspace       used 37144K, capacity 37810K, committed 37976K, reserved 1081344K
  class space    used 5267K, capacity 5468K, committed 5504K, reserved 1048576K
}
Event: 16.919 GC heap before
{Heap before GC invocations=14 (full 2):
 PSYoungGen      total 117248K, used 114081K [0x00000000d5580000, 0x00000000df500000, 0x0000000100000000)
  eden space 103936K, 100% used [0x00000000d5580000,0x00000000dbb00000,0x00000000dbb00000)
  from space 13312K, 76% used [0x00000000dbb00000,0x00000000dc4e8488,0x00000000dc800000)
  to   space 13824K, 0% used [0x00000000de780000,0x00000000de780000,0x00000000df500000)
 ParOldGen       total 98304K, used 19482K [0x0000000080000000, 0x0000000086000000, 0x00000000d5580000)
  object space 98304K, 19% used [0x0000000080000000,0x0000000081306918,0x0000000086000000)
 Metaspace       used 39283K, capacity 40500K, committed 40536K, reserved 1083392K
  class space    used 5478K, capacity 5730K, committed 5760K, reserved 1048576K
Event: 16.963 GC heap after
Heap after GC invocations=14 (full 2):
 PSYoungGen      total 146944K, used 13792K [0x00000000d5580000, 0x00000000dfa00000, 0x0000000100000000)
  eden space 133120K, 0% used [0x00000000d5580000,0x00000000d5580000,0x00000000dd780000)
  from space 13824K, 99% used [0x00000000de780000,0x00000000df4f8030,0x00000000df500000)
  to   space 16384K, 0% used [0x00000000dd780000,0x00000000dd780000,0x00000000de780000)
 ParOldGen       total 98304K, used 22834K [0x0000000080000000, 0x0000000086000000, 0x00000000d5580000)
  object space 98304K, 23% used [0x0000000080000000,0x000000008164cb58,0x0000000086000000)
 Metaspace       used 39283K, capacity 40500K, committed 40536K, reserved 1083392K
  class space    used 5478K, capacity 5730K, committed 5760K, reserved 1048576K
}
Event: 22.122 GC heap before
{Heap before GC invocations=15 (full 2):
 PSYoungGen      total 146944K, used 146912K [0x00000000d5580000, 0x00000000dfa00000, 0x0000000100000000)
  eden space 133120K, 100% used [0x00000000d5580000,0x00000000dd780000,0x00000000dd780000)
  from space 13824K, 99% used [0x00000000de780000,0x00000000df4f8030,0x00000000df500000)
  to   space 16384K, 0% used [0x00000000dd780000,0x00000000dd780000,0x00000000de780000)
 ParOldGen       total 98304K, used 22834K [0x0000000080000000, 0x0000000086000000, 0x00000000d5580000)
  object space 98304K, 23% used [0x0000000080000000,0x000000008164cb58,0x0000000086000000)
 Metaspace       used 40630K, capacity 43182K, committed 43352K, reserved 1087488K
  class space    used 5655K, capacity 5991K, committed 6016K, reserved 1048576K
Event: 22.163 GC heap after
Heap after GC invocations=15 (full 2):
 PSYoungGen      total 149504K, used 12480K [0x00000000d5580000, 0x00000000e1e00000, 0x0000000100000000)
  eden space 133120K, 0% used [0x00000000d5580000,0x00000000d5580000,0x00000000dd780000)
  from space 16384K, 76% used [0x00000000dd780000,0x00000000de3b0040,0x00000000de780000)
  to   space 17408K, 0% used [0x00000000e0d00000,0x00000000e0d00000,0x00000000e1e00000)
 ParOldGen       total 98304K, used 36563K [0x0000000080000000, 0x0000000086000000, 0x00000000d5580000)
  object space 98304K, 37% used [0x0000000080000000,0x00000000823b4ef8,0x0000000086000000)
 Metaspace       used 40630K, capacity 43182K, committed 43352K, reserved 1087488K
  class space    used 5655K, capacity 5991K, committed 6016K, reserved 1048576K
}
Event: 58.085 GC heap before
{Heap before GC invocations=16 (full 2):
 PSYoungGen      total 149504K, used 133563K [0x00000000d5580000, 0x00000000e1e00000, 0x0000000100000000)
  eden space 133120K, 90% used [0x00000000d5580000,0x00000000dcbbed28,0x00000000dd780000)
  from space 16384K, 76% used [0x00000000dd780000,0x00000000de3b0040,0x00000000de780000)
  to   space 17408K, 0% used [0x00000000e0d00000,0x00000000e0d00000,0x00000000e1e00000)
 ParOldGen       total 98304K, used 36563K [0x0000000080000000, 0x0000000086000000, 0x00000000d5580000)
  object space 98304K, 37% used [0x0000000080000000,0x00000000823b4ef8,0x0000000086000000)
 Metaspace       used 43456K, capacity 46234K, committed 46296K, reserved 1093632K
  class space    used 6056K, capacity 6378K, committed 6400K, reserved 1048576K
Event: 58.125 GC heap after
Heap after GC invocations=16 (full 2):
 PSYoungGen      total 150528K, used 17396K [0x00000000d5580000, 0x00000000e1e00000, 0x0000000100000000)
  eden space 133120K, 0% used [0x00000000d5580000,0x00000000d5580000,0x00000000dd780000)
  from space 17408K, 99% used [0x00000000e0d00000,0x00000000e1dfd270,0x00000000e1e00000)
  to   space 16384K, 0% used [0x00000000dd780000,0x00000000dd780000,0x00000000de780000)
 ParOldGen       total 98304K, used 44527K [0x0000000080000000, 0x0000000086000000, 0x00000000d5580000)
  object space 98304K, 45% used [0x0000000080000000,0x0000000082b7bff0,0x0000000086000000)
 Metaspace       used 43456K, capacity 46234K, committed 46296K, reserved 1093632K
  class space    used 6056K, capacity 6378K, committed 6400K, reserved 1048576K
}
Event: 58.125 GC heap before
{Heap before GC invocations=17 (full 3):
 PSYoungGen      total 150528K, used 17396K [0x00000000d5580000, 0x00000000e1e00000, 0x0000000100000000)
  eden space 133120K, 0% used [0x00000000d5580000,0x00000000d5580000,0x00000000dd780000)
  from space 17408K, 99% used [0x00000000e0d00000,0x00000000e1dfd270,0x00000000e1e00000)
  to   space 16384K, 0% used [0x00000000dd780000,0x00000000dd780000,0x00000000de780000)
 ParOldGen       total 98304K, used 44527K [0x0000000080000000, 0x0000000086000000, 0x00000000d5580000)
  object space 98304K, 45% used [0x0000000080000000,0x0000000082b7bff0,0x0000000086000000)
 Metaspace       used 43456K, capacity 46234K, committed 46296K, reserved 1093632K
  class space    used 6056K, capacity 6378K, committed 6400K, reserved 1048576K

