# JRE version: Java(TM) SE Runtime Environment (8.0_121-b13) (build 1.8.0_121-b13)
# Java VM: Java HotSpot(TM) 64-Bit Server VM (25.121-b13 mixed mode windows-amd64 compressed oops)
Heap:
 PSYoungGen      total 84992K, used 9904K [0x00000000d5580000, 0x00000000db780000, 0x0000000100000000)
  eden space 74752K, 13% used [0x00000000d5580000,0x00000000d5f2c2e0,0x00000000d9e80000)
  from space 10240K, 0% used [0x00000000da980000,0x00000000da980000,0x00000000db380000)
  to   space 11264K, 0% used [0x00000000d9e80000,0x00000000d9e80000,0x00000000da980000)
 ParOldGen       total 85504K, used 18873K [0x0000000080000000, 0x0000000085380000, 0x00000000d5580000)
  object space 85504K, 22% used [0x0000000080000000,0x000000008126e7e0,0x0000000085380000)
 Metaspace       used 35207K, capacity 35750K, committed 35800K, reserved 1079296K
  class space    used 4941K, capacity 5117K, committed 5120K, reserved 1048576K
GC Heap History (10 events):
Event: 12.131 GC heap before
{Heap before GC invocations=8 (full 1):
 PSYoungGen      total 61440K, used 55590K [0x00000000d5580000, 0x00000000d9c00000, 0x0000000100000000)
  eden space 50688K, 100% used [0x00000000d5580000,0x00000000d8700000,0x00000000d8700000)
  from space 10752K, 45% used [0x00000000d9180000,0x00000000d9649980,0x00000000d9c00000)
  to   space 10752K, 0% used [0x00000000d8700000,0x00000000d8700000,0x00000000d9180000)
 ParOldGen       total 62976K, used 9513K [0x0000000080000000, 0x0000000083d80000, 0x00000000d5580000)
  object space 62976K, 15% used [0x0000000080000000,0x000000008094a600,0x0000000083d80000)
 Metaspace       used 28838K, capacity 29344K, committed 29568K, reserved 1075200K
  class space    used 4007K, capacity 4162K, committed 4224K, reserved 1048576K
Event: 12.143 GC heap after
Heap after GC invocations=8 (full 1):
 PSYoungGen      total 61440K, used 6779K [0x00000000d5580000, 0x00000000db380000, 0x0000000100000000)
  eden space 50688K, 0% used [0x00000000d5580000,0x00000000d5580000,0x00000000d8700000)
  from space 10752K, 63% used [0x00000000d8700000,0x00000000d8d9ec30,0x00000000d9180000)
  to   space 10240K, 0% used [0x00000000da980000,0x00000000da980000,0x00000000db380000)
 ParOldGen       total 62976K, used 9521K [0x0000000080000000, 0x0000000083d80000, 0x00000000d5580000)
  object space 62976K, 15% used [0x0000000080000000,0x000000008094c600,0x0000000083d80000)
 Metaspace       used 28838K, capacity 29344K, committed 29568K, reserved 1075200K
  class space    used 4007K, capacity 4162K, committed 4224K, reserved 1048576K
}
Event: 13.548 GC heap before
{Heap before GC invocations=9 (full 1):
 PSYoungGen      total 61440K, used 57467K [0x00000000d5580000, 0x00000000db380000, 0x0000000100000000)
  eden space 50688K, 100% used [0x00000000d5580000,0x00000000d8700000,0x00000000d8700000)
  from space 10752K, 63% used [0x00000000d8700000,0x00000000d8d9ec30,0x00000000d9180000)
  to   space 10240K, 0% used [0x00000000da980000,0x00000000da980000,0x00000000db380000)
 ParOldGen       total 62976K, used 9521K [0x0000000080000000, 0x0000000083d80000, 0x00000000d5580000)
  object space 62976K, 15% used [0x0000000080000000,0x000000008094c600,0x0000000083d80000)
 Metaspace       used 30377K, capacity 30874K, committed 30976K, reserved 1075200K
  class space    used 4192K, capacity 4329K, committed 4352K, reserved 1048576K
Event: 13.566 GC heap after
Heap after GC invocations=9 (full 1):
 PSYoungGen      total 84992K, used 9554K [0x00000000d5580000, 0x00000000db780000, 0x0000000100000000)
  eden space 74752K, 0% used [0x00000000d5580000,0x00000000d5580000,0x00000000d9e80000)
  from space 10240K, 93% used [0x00000000da980000,0x00000000db2d4ba8,0x00000000db380000)
  to   space 11264K, 0% used [0x00000000d9e80000,0x00000000d9e80000,0x00000000da980000)
 ParOldGen       total 62976K, used 9529K [0x0000000080000000, 0x0000000083d80000, 0x00000000d5580000)
  object space 62976K, 15% used [0x0000000080000000,0x000000008094e600,0x0000000083d80000)
 Metaspace       used 30377K, capacity 30874K, committed 30976K, reserved 1075200K
  class space    used 4192K, capacity 4329K, committed 4352K, reserved 1048576K
}
Event: 15.293 GC heap before
{Heap before GC invocations=10 (full 1):
 PSYoungGen      total 84992K, used 84306K [0x00000000d5580000, 0x00000000db780000, 0x0000000100000000)
  eden space 74752K, 100% used [0x00000000d5580000,0x00000000d9e80000,0x00000000d9e80000)
  from space 10240K, 93% used [0x00000000da980000,0x00000000db2d4ba8,0x00000000db380000)
  to   space 11264K, 0% used [0x00000000d9e80000,0x00000000d9e80000,0x00000000da980000)
 ParOldGen       total 62976K, used 9529K [0x0000000080000000, 0x0000000083d80000, 0x00000000d5580000)
  object space 62976K, 15% used [0x0000000080000000,0x000000008094e600,0x0000000083d80000)
 Metaspace       used 34204K, capacity 34686K, committed 34944K, reserved 1079296K
  class space    used 4778K, capacity 4912K, committed 4992K, reserved 1048576K
Event: 15.315 GC heap after
Heap after GC invocations=10 (full 1):
 PSYoungGen      total 86016K, used 11248K [0x00000000d5580000, 0x00000000db780000, 0x0000000100000000)
  eden space 74752K, 0% used [0x00000000d5580000,0x00000000d5580000,0x00000000d9e80000)
  from space 11264K, 99% used [0x00000000d9e80000,0x00000000da97c020,0x00000000da980000)
  to   space 10240K, 0% used [0x00000000da980000,0x00000000da980000,0x00000000db380000)
 ParOldGen       total 62976K, used 11343K [0x0000000080000000, 0x0000000083d80000, 0x00000000d5580000)
  object space 62976K, 18% used [0x0000000080000000,0x0000000080b13c10,0x0000000083d80000)
 Metaspace       used 34204K, capacity 34686K, committed 34944K, reserved 1079296K
  class space    used 4778K, capacity 4912K, committed 4992K, reserved 1048576K
}
Event: 15.475 GC heap before
{Heap before GC invocations=11 (full 1):
 PSYoungGen      total 86016K, used 23937K [0x00000000d5580000, 0x00000000db780000, 0x0000000100000000)
  eden space 74752K, 16% used [0x00000000d5580000,0x00000000d61e4480,0x00000000d9e80000)
  from space 11264K, 99% used [0x00000000d9e80000,0x00000000da97c020,0x00000000da980000)
  to   space 10240K, 0% used [0x00000000da980000,0x00000000da980000,0x00000000db380000)
 ParOldGen       total 62976K, used 11343K [0x0000000080000000, 0x0000000083d80000, 0x00000000d5580000)
  object space 62976K, 18% used [0x0000000080000000,0x0000000080b13c10,0x0000000083d80000)
 Metaspace       used 34845K, capacity 35348K, committed 35416K, reserved 1079296K
  class space    used 4866K, capacity 4985K, committed 4992K, reserved 1048576K
Event: 15.493 GC heap after
Heap after GC invocations=11 (full 1):
 PSYoungGen      total 84992K, used 10240K [0x00000000d5580000, 0x00000000db780000, 0x0000000100000000)
  eden space 74752K, 0% used [0x00000000d5580000,0x00000000d5580000,0x00000000d9e80000)
  from space 10240K, 100% used [0x00000000da980000,0x00000000db380000,0x00000000db380000)
  to   space 11264K, 0% used [0x00000000d9e80000,0x00000000d9e80000,0x00000000da980000)
 ParOldGen       total 62976K, used 13458K [0x0000000080000000, 0x0000000083d80000, 0x00000000d5580000)
  object space 62976K, 21% used [0x0000000080000000,0x0000000080d24aa8,0x0000000083d80000)
 Metaspace       used 34845K, capacity 35348K, committed 35416K, reserved 1079296K
  class space    used 4866K, capacity 4985K, committed 4992K, reserved 1048576K
}
Event: 15.494 GC heap before
{Heap before GC invocations=12 (full 2):
 PSYoungGen      total 84992K, used 10240K [0x00000000d5580000, 0x00000000db780000, 0x0000000100000000)
  eden space 74752K, 0% used [0x00000000d5580000,0x00000000d5580000,0x00000000d9e80000)
  from space 10240K, 100% used [0x00000000da980000,0x00000000db380000,0x00000000db380000)
  to   space 11264K, 0% used [0x00000000d9e80000,0x00000000d9e80000,0x00000000da980000)
 ParOldGen       total 62976K, used 13458K [0x0000000080000000, 0x0000000083d80000, 0x00000000d5580000)
  object space 62976K, 21% used [0x0000000080000000,0x0000000080d24aa8,0x0000000083d80000)
 Metaspace       used 34845K, capacity 35348K, committed 35416K, reserved 1079296K
  class space    used 4866K, capacity 4985K, committed 4992K, reserved 1048576K
Event: 15.627 GC heap after
Heap after GC invocations=12 (full 2):
 PSYoungGen      total 84992K, used 0K [0x00000000d5580000, 0x00000000db780000, 0x0000000100000000)
  eden space 74752K, 0% used [0x00000000d5580000,0x00000000d5580000,0x00000000d9e80000)
  from space 10240K, 0% used [0x00000000da980000,0x00000000da980000,0x00000000db380000)
  to   space 11264K, 0% used [0x00000000d9e80000,0x00000000d9e80000,0x00000000da980000)
 ParOldGen       total 85504K, used 18873K [0x0000000080000000, 0x0000000085380000, 0x00000000d5580000)
  object space 85504K, 22% used [0x0000000080000000,0x000000008126e7e0,0x0000000085380000)
 Metaspace       used 34845K, capacity 35348K, committed 35416K, reserved 1079296K
  class space    used 4866K, capacity 4985K, committed 4992K, reserved 1048576K
}

