# JRE version: Java(TM) SE Runtime Environment (8.0_121-b13) (build 1.8.0_121-b13)
# Java VM: Java HotSpot(TM) 64-Bit Server VM (25.121-b13 mixed mode windows-amd64 compressed oops)
Heap:
 PSYoungGen      total 151552K, used 143162K [0x00000000d5580000, 0x00000000e0f80000, 0x0000000100000000)
  eden space 135680K, 93% used [0x00000000d5580000,0x00000000dd1d28b8,0x00000000dda00000)
  from space 15872K, 99% used [0x00000000dee80000,0x00000000dfdfc060,0x00000000dfe00000)
  to   space 20992K, 0% used [0x00000000dda00000,0x00000000dda00000,0x00000000dee80000)
 ParOldGen       total 96256K, used 32862K [0x0000000080000000, 0x0000000085e00000, 0x00000000d5580000)
  object space 96256K, 34% used [0x0000000080000000,0x0000000082017960,0x0000000085e00000)
 Metaspace       used 42382K, capacity 45118K, committed 45144K, reserved 1087488K
  class space    used 5920K, capacity 6246K, committed 6272K, reserved 1048576K
GC Heap History (10 events):
Event: 20.521 GC heap before
{Heap before GC invocations=10 (full 1):
 PSYoungGen      total 97280K, used 91736K [0x00000000d5580000, 0x00000000dc100000, 0x0000000100000000)
  eden space 86528K, 94% used [0x00000000d5580000,0x00000000da5a0b58,0x00000000daa00000)
  from space 10752K, 90% used [0x00000000db600000,0x00000000dbf756d8,0x00000000dc080000)
  to   space 11776K, 0% used [0x00000000daa00000,0x00000000daa00000,0x00000000db580000)
 ParOldGen       total 60416K, used 9732K [0x0000000080000000, 0x0000000083b00000, 0x00000000d5580000)
  object space 60416K, 16% used [0x0000000080000000,0x0000000080981060,0x0000000083b00000)
 Metaspace       used 34889K, capacity 35348K, committed 35416K, reserved 1079296K
  class space    used 4869K, capacity 4985K, committed 4992K, reserved 1048576K
Event: 20.550 GC heap after
Heap after GC invocations=10 (full 1):
 PSYoungGen      total 98304K, used 10706K [0x00000000d5580000, 0x00000000de200000, 0x0000000100000000)
  eden space 86528K, 0% used [0x00000000d5580000,0x00000000d5580000,0x00000000daa00000)
  from space 11776K, 90% used [0x00000000daa00000,0x00000000db474990,0x00000000db580000)
  to   space 12800K, 0% used [0x00000000dd580000,0x00000000dd580000,0x00000000de200000)
 ParOldGen       total 60416K, used 13096K [0x0000000080000000, 0x0000000083b00000, 0x00000000d5580000)
  object space 60416K, 21% used [0x0000000080000000,0x0000000080cca250,0x0000000083b00000)
 Metaspace       used 34889K, capacity 35348K, committed 35416K, reserved 1079296K
  class space    used 4869K, capacity 4985K, committed 4992K, reserved 1048576K
}
Event: 20.550 GC heap before
{Heap before GC invocations=11 (full 2):
 PSYoungGen      total 98304K, used 10706K [0x00000000d5580000, 0x00000000de200000, 0x0000000100000000)
  eden space 86528K, 0% used [0x00000000d5580000,0x00000000d5580000,0x00000000daa00000)
  from space 11776K, 90% used [0x00000000daa00000,0x00000000db474990,0x00000000db580000)
  to   space 12800K, 0% used [0x00000000dd580000,0x00000000dd580000,0x00000000de200000)
 ParOldGen       total 60416K, used 13096K [0x0000000080000000, 0x0000000083b00000, 0x00000000d5580000)
  object space 60416K, 21% used [0x0000000080000000,0x0000000080cca250,0x0000000083b00000)
 Metaspace       used 34889K, capacity 35348K, committed 35416K, reserved 1079296K
  class space    used 4869K, capacity 4985K, committed 4992K, reserved 1048576K
Event: 20.726 GC heap after
Heap after GC invocations=11 (full 2):
 PSYoungGen      total 98304K, used 0K [0x00000000d5580000, 0x00000000de200000, 0x0000000100000000)
  eden space 86528K, 0% used [0x00000000d5580000,0x00000000d5580000,0x00000000daa00000)
  from space 11776K, 0% used [0x00000000daa00000,0x00000000daa00000,0x00000000db580000)
  to   space 12800K, 0% used [0x00000000dd580000,0x00000000dd580000,0x00000000de200000)
 ParOldGen       total 96256K, used 20431K [0x0000000080000000, 0x0000000085e00000, 0x00000000d5580000)
  object space 96256K, 21% used [0x0000000080000000,0x00000000813f3f28,0x0000000085e00000)
 Metaspace       used 34889K, capacity 35348K, committed 35416K, reserved 1079296K
  class space    used 4869K, capacity 4985K, committed 4992K, reserved 1048576K
}
Event: 23.251 GC heap before
{Heap before GC invocations=12 (full 2):
 PSYoungGen      total 98304K, used 86528K [0x00000000d5580000, 0x00000000de200000, 0x0000000100000000)
  eden space 86528K, 100% used [0x00000000d5580000,0x00000000daa00000,0x00000000daa00000)
  from space 11776K, 0% used [0x00000000daa00000,0x00000000daa00000,0x00000000db580000)
  to   space 12800K, 0% used [0x00000000dd580000,0x00000000dd580000,0x00000000de200000)
 ParOldGen       total 96256K, used 20431K [0x0000000080000000, 0x0000000085e00000, 0x00000000d5580000)
  object space 96256K, 21% used [0x0000000080000000,0x00000000813f3f28,0x0000000085e00000)
 Metaspace       used 36742K, capacity 37394K, committed 37720K, reserved 1081344K
  class space    used 5191K, capacity 5390K, committed 5504K, reserved 1048576K
Event: 23.281 GC heap after
Heap after GC invocations=12 (full 2):
 PSYoungGen      total 118784K, used 8677K [0x00000000d5580000, 0x00000000dde00000, 0x0000000100000000)
  eden space 110080K, 0% used [0x00000000d5580000,0x00000000d5580000,0x00000000dc100000)
  from space 8704K, 99% used [0x00000000dd580000,0x00000000dddf97c8,0x00000000dde00000)
  to   space 12800K, 0% used [0x00000000dc500000,0x00000000dc500000,0x00000000dd180000)
 ParOldGen       total 96256K, used 20439K [0x0000000080000000, 0x0000000085e00000, 0x00000000d5580000)
  object space 96256K, 21% used [0x0000000080000000,0x00000000813f5f28,0x0000000085e00000)
 Metaspace       used 36742K, capacity 37394K, committed 37720K, reserved 1081344K
  class space    used 5191K, capacity 5390K, committed 5504K, reserved 1048576K
}
Event: 26.575 GC heap before
{Heap before GC invocations=13 (full 2):
 PSYoungGen      total 118784K, used 118757K [0x00000000d5580000, 0x00000000dde00000, 0x0000000100000000)
  eden space 110080K, 100% used [0x00000000d5580000,0x00000000dc100000,0x00000000dc100000)
  from space 8704K, 99% used [0x00000000dd580000,0x00000000dddf97c8,0x00000000dde00000)
  to   space 12800K, 0% used [0x00000000dc500000,0x00000000dc500000,0x00000000dd180000)
 ParOldGen       total 96256K, used 20439K [0x0000000080000000, 0x0000000085e00000, 0x00000000d5580000)
  object space 96256K, 21% used [0x0000000080000000,0x00000000813f5f28,0x0000000085e00000)
 Metaspace       used 39298K, capacity 40456K, committed 40536K, reserved 1083392K
  class space    used 5480K, capacity 5734K, committed 5760K, reserved 1048576K
Event: 26.614 GC heap after
Heap after GC invocations=13 (full 2):
 PSYoungGen      total 126976K, used 12784K [0x00000000d5580000, 0x00000000dfe00000, 0x0000000100000000)
  eden space 114176K, 0% used [0x00000000d5580000,0x00000000d5580000,0x00000000dc500000)
  from space 12800K, 99% used [0x00000000dc500000,0x00000000dd17c020,0x00000000dd180000)
  to   space 15872K, 0% used [0x00000000dee80000,0x00000000dee80000,0x00000000dfe00000)
 ParOldGen       total 96256K, used 25203K [0x0000000080000000, 0x0000000085e00000, 0x00000000d5580000)
  object space 96256K, 26% used [0x0000000080000000,0x000000008189ccb8,0x0000000085e00000)
 Metaspace       used 39298K, capacity 40456K, committed 40536K, reserved 1083392K
  class space    used 5480K, capacity 5734K, committed 5760K, reserved 1048576K
}
Event: 29.453 GC heap before
{Heap before GC invocations=14 (full 2):
 PSYoungGen      total 126976K, used 126960K [0x00000000d5580000, 0x00000000dfe00000, 0x0000000100000000)
  eden space 114176K, 100% used [0x00000000d5580000,0x00000000dc500000,0x00000000dc500000)
  from space 12800K, 99% used [0x00000000dc500000,0x00000000dd17c020,0x00000000dd180000)
  to   space 15872K, 0% used [0x00000000dee80000,0x00000000dee80000,0x00000000dfe00000)
 ParOldGen       total 96256K, used 25203K [0x0000000080000000, 0x0000000085e00000, 0x00000000d5580000)
  object space 96256K, 26% used [0x0000000080000000,0x000000008189ccb8,0x0000000085e00000)
 Metaspace       used 40466K, capacity 42794K, committed 42840K, reserved 1085440K
  class space    used 5640K, capacity 5974K, committed 6016K, reserved 1048576K
Event: 29.500 GC heap after
Heap after GC invocations=14 (full 2):
 PSYoungGen      total 151552K, used 15856K [0x00000000d5580000, 0x00000000e0f80000, 0x0000000100000000)
  eden space 135680K, 0% used [0x00000000d5580000,0x00000000d5580000,0x00000000dda00000)
  from space 15872K, 99% used [0x00000000dee80000,0x00000000dfdfc060,0x00000000dfe00000)
  to   space 20992K, 0% used [0x00000000dda00000,0x00000000dda00000,0x00000000dee80000)
 ParOldGen       total 96256K, used 32862K [0x0000000080000000, 0x0000000085e00000, 0x00000000d5580000)
  object space 96256K, 34% used [0x0000000080000000,0x0000000082017960,0x0000000085e00000)
 Metaspace       used 40466K, capacity 42794K, committed 42840K, reserved 1085440K
  class space    used 5640K, capacity 5974K, committed 6016K, reserved 1048576K
}

