# JRE version: Java(TM) SE Runtime Environment (8.0_121-b13) (build 1.8.0_121-b13)
# Java VM: Java HotSpot(TM) 64-Bit Server VM (25.121-b13 mixed mode windows-amd64 compressed oops)
Heap:
 PSYoungGen      total 270336K, used 243533K [0x00000000d5580000, 0x00000000e8300000, 0x0000000100000000)
  eden space 239104K, 98% used [0x00000000d5580000,0x00000000e3b78928,0x00000000e3f00000)
  from space 31232K, 25% used [0x00000000e5d00000,0x00000000e64dae58,0x00000000e7b80000)
  to   space 30720K, 50% used [0x00000000e3f00000,0x00000000e4e19588,0x00000000e5d00000)
 ParOldGen       total 105472K, used 92885K [0x0000000080000000, 0x0000000086700000, 0x00000000d5580000)
  object space 105472K, 88% used [0x0000000080000000,0x0000000085ab5600,0x0000000086700000)
 Metaspace       used 54897K, capacity 58946K, committed 59028K, reserved 1103872K
  class space    used 7454K, capacity 8070K, committed 8152K, reserved 1048576K
GC Heap History (10 events):
Event: 30.094 GC heap after
Heap after GC invocations=16 (full 2):
 PSYoungGen      total 175104K, used 24544K [0x00000000d5580000, 0x00000000e2d00000, 0x0000000100000000)
  eden space 150528K, 0% used [0x00000000d5580000,0x00000000d5580000,0x00000000de880000)
  from space 24576K, 99% used [0x00000000e0700000,0x00000000e1ef8030,0x00000000e1f00000)
  to   space 31232K, 0% used [0x00000000de880000,0x00000000de880000,0x00000000e0700000)
 ParOldGen       total 105472K, used 40285K [0x0000000080000000, 0x0000000086700000, 0x00000000d5580000)
  object space 105472K, 38% used [0x0000000080000000,0x00000000827575d8,0x0000000086700000)
 Metaspace       used 48069K, capacity 51128K, committed 51416K, reserved 1093632K
  class space    used 6638K, capacity 7071K, committed 7128K, reserved 1048576K
}
Event: 36.155 GC heap before
{Heap before GC invocations=17 (full 2):
 PSYoungGen      total 175104K, used 175072K [0x00000000d5580000, 0x00000000e2d00000, 0x0000000100000000)
  eden space 150528K, 100% used [0x00000000d5580000,0x00000000de880000,0x00000000de880000)
  from space 24576K, 99% used [0x00000000e0700000,0x00000000e1ef8030,0x00000000e1f00000)
  to   space 31232K, 0% used [0x00000000de880000,0x00000000de880000,0x00000000e0700000)
 ParOldGen       total 105472K, used 40285K [0x0000000080000000, 0x0000000086700000, 0x00000000d5580000)
  object space 105472K, 38% used [0x0000000080000000,0x00000000827575d8,0x0000000086700000)
 Metaspace       used 50907K, capacity 54202K, committed 54232K, reserved 1095680K
  class space    used 6945K, capacity 7371K, committed 7384K, reserved 1048576K
Event: 36.245 GC heap after
Heap after GC invocations=17 (full 2):
 PSYoungGen      total 181760K, used 26606K [0x00000000d5580000, 0x00000000e5c00000, 0x0000000100000000)
  eden space 150528K, 0% used [0x00000000d5580000,0x00000000d5580000,0x00000000de880000)
  from space 31232K, 85% used [0x00000000de880000,0x00000000e027b968,0x00000000e0700000)
  to   space 34304K, 0% used [0x00000000e3a80000,0x00000000e3a80000,0x00000000e5c00000)
 ParOldGen       total 105472K, used 47466K [0x0000000080000000, 0x0000000086700000, 0x00000000d5580000)
  object space 105472K, 45% used [0x0000000080000000,0x0000000082e5a858,0x0000000086700000)
 Metaspace       used 50907K, capacity 54202K, committed 54232K, reserved 1095680K
  class space    used 6945K, capacity 7371K, committed 7384K, reserved 1048576K
}
Event: 48.709 GC heap before
{Heap before GC invocations=18 (full 2):
 PSYoungGen      total 181760K, used 177134K [0x00000000d5580000, 0x00000000e5c00000, 0x0000000100000000)
  eden space 150528K, 100% used [0x00000000d5580000,0x00000000de880000,0x00000000de880000)
  from space 31232K, 85% used [0x00000000de880000,0x00000000e027b968,0x00000000e0700000)
  to   space 34304K, 0% used [0x00000000e3a80000,0x00000000e3a80000,0x00000000e5c00000)
 ParOldGen       total 105472K, used 47466K [0x0000000080000000, 0x0000000086700000, 0x00000000d5580000)
  object space 105472K, 45% used [0x0000000080000000,0x0000000082e5a858,0x0000000086700000)
 Metaspace       used 52047K, capacity 55508K, committed 55768K, reserved 1097728K
  class space    used 7127K, capacity 7619K, committed 7640K, reserved 1048576K
Event: 48.783 GC heap after
Heap after GC invocations=18 (full 2):
 PSYoungGen      total 224256K, used 14153K [0x00000000d5580000, 0x00000000e5580000, 0x0000000100000000)
  eden space 196608K, 0% used [0x00000000d5580000,0x00000000d5580000,0x00000000e1580000)
  from space 27648K, 51% used [0x00000000e3a80000,0x00000000e4852448,0x00000000e5580000)
  to   space 32768K, 0% used [0x00000000e1580000,0x00000000e1580000,0x00000000e3580000)
 ParOldGen       total 105472K, used 64852K [0x0000000080000000, 0x0000000086700000, 0x00000000d5580000)
  object space 105472K, 61% used [0x0000000080000000,0x0000000083f551a8,0x0000000086700000)
 Metaspace       used 52047K, capacity 55508K, committed 55768K, reserved 1097728K
  class space    used 7127K, capacity 7619K, committed 7640K, reserved 1048576K
}
Event: 50.320 GC heap before
{Heap before GC invocations=19 (full 2):
 PSYoungGen      total 224256K, used 210761K [0x00000000d5580000, 0x00000000e5580000, 0x0000000100000000)
  eden space 196608K, 100% used [0x00000000d5580000,0x00000000e1580000,0x00000000e1580000)
  from space 27648K, 51% used [0x00000000e3a80000,0x00000000e4852448,0x00000000e5580000)
  to   space 32768K, 0% used [0x00000000e1580000,0x00000000e1580000,0x00000000e3580000)
 ParOldGen       total 105472K, used 64852K [0x0000000080000000, 0x0000000086700000, 0x00000000d5580000)
  object space 105472K, 61% used [0x0000000080000000,0x0000000083f551a8,0x0000000086700000)
 Metaspace       used 52186K, capacity 55734K, committed 55896K, reserved 1097728K
  class space    used 7143K, capacity 7646K, committed 7768K, reserved 1048576K
Event: 50.348 GC heap after
Heap after GC invocations=19 (full 2):
 PSYoungGen      total 229376K, used 15764K [0x00000000d5580000, 0x00000000e7b80000, 0x0000000100000000)
  eden space 196608K, 0% used [0x00000000d5580000,0x00000000d5580000,0x00000000e1580000)
  from space 32768K, 48% used [0x00000000e1580000,0x00000000e24e50a8,0x00000000e3580000)
  to   space 31232K, 0% used [0x00000000e5d00000,0x00000000e5d00000,0x00000000e7b80000)
 ParOldGen       total 105472K, used 71100K [0x0000000080000000, 0x0000000086700000, 0x00000000d5580000)
  object space 105472K, 67% used [0x0000000080000000,0x000000008456f150,0x0000000086700000)
 Metaspace       used 52186K, capacity 55734K, committed 55896K, reserved 1097728K
  class space    used 7143K, capacity 7646K, committed 7768K, reserved 1048576K
}
Event: 51.755 GC heap before
{Heap before GC invocations=20 (full 2):
 PSYoungGen      total 229376K, used 212372K [0x00000000d5580000, 0x00000000e7b80000, 0x0000000100000000)
  eden space 196608K, 100% used [0x00000000d5580000,0x00000000e1580000,0x00000000e1580000)
  from space 32768K, 48% used [0x00000000e1580000,0x00000000e24e50a8,0x00000000e3580000)
  to   space 31232K, 0% used [0x00000000e5d00000,0x00000000e5d00000,0x00000000e7b80000)
 ParOldGen       total 105472K, used 71100K [0x0000000080000000, 0x0000000086700000, 0x00000000d5580000)
  object space 105472K, 67% used [0x0000000080000000,0x000000008456f150,0x0000000086700000)
 Metaspace       used 52587K, capacity 56054K, committed 56408K, reserved 1097728K
  class space    used 7177K, capacity 7646K, committed 7768K, reserved 1048576K
Event: 51.821 GC heap after
Heap after GC invocations=20 (full 2):
 PSYoungGen      total 270336K, used 8043K [0x00000000d5580000, 0x00000000e8300000, 0x0000000100000000)
  eden space 239104K, 0% used [0x00000000d5580000,0x00000000d5580000,0x00000000e3f00000)
  from space 31232K, 25% used [0x00000000e5d00000,0x00000000e64dae58,0x00000000e7b80000)
  to   space 30720K, 0% used [0x00000000e3f00000,0x00000000e3f00000,0x00000000e5d00000)
 ParOldGen       total 105472K, used 86196K [0x0000000080000000, 0x0000000086700000, 0x00000000d5580000)
  object space 105472K, 81% used [0x0000000080000000,0x000000008542d238,0x0000000086700000)
 Metaspace       used 52587K, capacity 56054K, committed 56408K, reserved 1097728K
  class space    used 7177K, capacity 7646K, committed 7768K, reserved 1048576K
}
Event: 135.109 GC heap before
{Heap before GC invocations=21 (full 2):
 PSYoungGen      total 270336K, used 243533K [0x00000000d5580000, 0x00000000e8300000, 0x0000000100000000)
  eden space 239104K, 98% used [0x00000000d5580000,0x00000000e3b78928,0x00000000e3f00000)
  from space 31232K, 25% used [0x00000000e5d00000,0x00000000e64dae58,0x00000000e7b80000)
  to   space 30720K, 0% used [0x00000000e3f00000,0x00000000e3f00000,0x00000000e5d00000)
 ParOldGen       total 105472K, used 86196K [0x0000000080000000, 0x0000000086700000, 0x00000000d5580000)
  object space 105472K, 81% used [0x0000000080000000,0x000000008542d238,0x0000000086700000)
 Metaspace       used 54897K, capacity 58946K, committed 59028K, reserved 1103872K
  class space    used 7454K, capacity 8070K, committed 8152K, reserved 1048576K

