Heap:
 PSYoungGen      total 176640K, used 129045K [0x00000000d5580000, 0x00000000e3700000, 0x0000000100000000)
  eden space 157184K, 69% used [0x00000000d5580000,0x00000000dc0897a8,0x00000000def00000)
  from space 19456K, 99% used [0x00000000def00000,0x00000000e01fc010,0x00000000e0200000)
  to   space 26112K, 0% used [0x00000000e1d80000,0x00000000e1d80000,0x00000000e3700000)
 ParOldGen       total 117760K, used 37103K [0x0000000080000000, 0x0000000087300000, 0x00000000d5580000)
  object space 117760K, 31% used [0x0000000080000000,0x000000008243bda8,0x0000000087300000)
 Metaspace       used 43151K, capacity 45994K, committed 46296K, reserved 1089536K
  class space    used 5998K, capacity 6313K, committed 6400K, reserved 1048576K
GC Heap History (10 events):
Event: 61.483 GC heap before
{Heap before GC invocations=7 (full 1):
 PSYoungGen      total 132608K, used 103067K [0x00000000d5580000, 0x00000000dec00000, 0x0000000100000000)
  eden space 127488K, 76% used [0x00000000d5580000,0x00000000db529de8,0x00000000dd200000)
  from space 5120K, 99% used [0x00000000dd780000,0x00000000ddc7d020,0x00000000ddc80000)
  to   space 13312K, 0% used [0x00000000ddf00000,0x00000000ddf00000,0x00000000dec00000)
 ParOldGen       total 73728K, used 20046K [0x0000000080000000, 0x0000000084800000, 0x00000000d5580000)
  object space 73728K, 27% used [0x0000000080000000,0x00000000813939d8,0x0000000084800000)
 Metaspace       used 34884K, capacity 35352K, committed 35416K, reserved 1079296K
  class space    used 4864K, capacity 4985K, committed 4992K, reserved 1048576K
Event: 61.532 GC heap after
Heap after GC invocations=7 (full 1):
 PSYoungGen      total 139776K, used 11936K [0x00000000d5580000, 0x00000000e1900000, 0x0000000100000000)
  eden space 126464K, 0% used [0x00000000d5580000,0x00000000d5580000,0x00000000dd100000)
  from space 13312K, 89% used [0x00000000ddf00000,0x00000000deaa8118,0x00000000dec00000)
  to   space 14336K, 0% used [0x00000000dd100000,0x00000000dd100000,0x00000000ddf00000)
 ParOldGen       total 73728K, used 20054K [0x0000000080000000, 0x0000000084800000, 0x00000000d5580000)
  object space 73728K, 27% used [0x0000000080000000,0x00000000813959d8,0x0000000084800000)
 Metaspace       used 34884K, capacity 35352K, committed 35416K, reserved 1079296K
  class space    used 4864K, capacity 4985K, committed 4992K, reserved 1048576K
}
Event: 61.532 GC heap before
{Heap before GC invocations=8 (full 2):
 PSYoungGen      total 139776K, used 11936K [0x00000000d5580000, 0x00000000e1900000, 0x0000000100000000)
  eden space 126464K, 0% used [0x00000000d5580000,0x00000000d5580000,0x00000000dd100000)
  from space 13312K, 89% used [0x00000000ddf00000,0x00000000deaa8118,0x00000000dec00000)
  to   space 14336K, 0% used [0x00000000dd100000,0x00000000dd100000,0x00000000ddf00000)
 ParOldGen       total 73728K, used 20054K [0x0000000080000000, 0x0000000084800000, 0x00000000d5580000)
  object space 73728K, 27% used [0x0000000080000000,0x00000000813959d8,0x0000000084800000)
 Metaspace       used 34884K, capacity 35352K, committed 35416K, reserved 1079296K
  class space    used 4864K, capacity 4985K, committed 4992K, reserved 1048576K
Event: 62.040 GC heap after
Heap after GC invocations=8 (full 2):
 PSYoungGen      total 139776K, used 0K [0x00000000d5580000, 0x00000000e1900000, 0x0000000100000000)
  eden space 126464K, 0% used [0x00000000d5580000,0x00000000d5580000,0x00000000dd100000)
  from space 13312K, 0% used [0x00000000ddf00000,0x00000000ddf00000,0x00000000dec00000)
  to   space 14336K, 0% used [0x00000000dd100000,0x00000000dd100000,0x00000000ddf00000)
 ParOldGen       total 117760K, used 22820K [0x0000000080000000, 0x0000000087300000, 0x00000000d5580000)
  object space 117760K, 19% used [0x0000000080000000,0x00000000816492c8,0x0000000087300000)
 Metaspace       used 34884K, capacity 35352K, committed 35416K, reserved 1079296K
  class space    used 4864K, capacity 4985K, committed 4992K, reserved 1048576K
}
Event: 84.355 GC heap before
{Heap before GC invocations=9 (full 2):
 PSYoungGen      total 139776K, used 126464K [0x00000000d5580000, 0x00000000e1900000, 0x0000000100000000)
  eden space 126464K, 100% used [0x00000000d5580000,0x00000000dd100000,0x00000000dd100000)
  from space 13312K, 0% used [0x00000000ddf00000,0x00000000ddf00000,0x00000000dec00000)
  to   space 14336K, 0% used [0x00000000dd100000,0x00000000dd100000,0x00000000ddf00000)
 ParOldGen       total 117760K, used 22820K [0x0000000080000000, 0x0000000087300000, 0x00000000d5580000)
  object space 117760K, 19% used [0x0000000080000000,0x00000000816492c8,0x0000000087300000)
 Metaspace       used 38322K, capacity 38988K, committed 39128K, reserved 1083392K
  class space    used 5369K, capacity 5571K, committed 5632K, reserved 1048576K
Event: 84.371 GC heap after
Heap after GC invocations=9 (full 2):
 PSYoungGen      total 140800K, used 11912K [0x00000000d5580000, 0x00000000e1200000, 0x0000000100000000)
  eden space 126464K, 0% used [0x00000000d5580000,0x00000000d5580000,0x00000000dd100000)
  from space 14336K, 83% used [0x00000000dd100000,0x00000000ddca2390,0x00000000ddf00000)
  to   space 15360K, 0% used [0x00000000e0300000,0x00000000e0300000,0x00000000e1200000)
 ParOldGen       total 117760K, used 22828K [0x0000000080000000, 0x0000000087300000, 0x00000000d5580000)
  object space 117760K, 19% used [0x0000000080000000,0x000000008164b2c8,0x0000000087300000)
 Metaspace       used 38322K, capacity 38988K, committed 39128K, reserved 1083392K
  class space    used 5369K, capacity 5571K, committed 5632K, reserved 1048576K
}
Event: 110.925 GC heap before
{Heap before GC invocations=10 (full 2):
 PSYoungGen      total 140800K, used 138376K [0x00000000d5580000, 0x00000000e1200000, 0x0000000100000000)
  eden space 126464K, 100% used [0x00000000d5580000,0x00000000dd100000,0x00000000dd100000)
  from space 14336K, 83% used [0x00000000dd100000,0x00000000ddca2390,0x00000000ddf00000)
  to   space 15360K, 0% used [0x00000000e0300000,0x00000000e0300000,0x00000000e1200000)
 ParOldGen       total 117760K, used 22828K [0x0000000080000000, 0x0000000087300000, 0x00000000d5580000)
  object space 117760K, 19% used [0x0000000080000000,0x000000008164b2c8,0x0000000087300000)
 Metaspace       used 39908K, capacity 41526K, committed 41688K, reserved 1085440K
  class space    used 5537K, capacity 5815K, committed 5888K, reserved 1048576K
Event: 110.971 GC heap after
Heap after GC invocations=10 (full 2):
 PSYoungGen      total 172544K, used 15344K [0x00000000d5580000, 0x00000000e1500000, 0x0000000100000000)
  eden space 157184K, 0% used [0x00000000d5580000,0x00000000d5580000,0x00000000def00000)
  from space 15360K, 99% used [0x00000000e0300000,0x00000000e11fc010,0x00000000e1200000)
  to   space 19456K, 0% used [0x00000000def00000,0x00000000def00000,0x00000000e0200000)
 ParOldGen       total 117760K, used 27462K [0x0000000080000000, 0x0000000087300000, 0x00000000d5580000)
  object space 117760K, 23% used [0x0000000080000000,0x0000000081ad1978,0x0000000087300000)
 Metaspace       used 39908K, capacity 41526K, committed 41688K, reserved 1085440K
  class space    used 5537K, capacity 5815K, committed 5888K, reserved 1048576K
}
Event: 150.264 GC heap before
{Heap before GC invocations=11 (full 2):
 PSYoungGen      total 172544K, used 172528K [0x00000000d5580000, 0x00000000e1500000, 0x0000000100000000)
  eden space 157184K, 100% used [0x00000000d5580000,0x00000000def00000,0x00000000def00000)
  from space 15360K, 99% used [0x00000000e0300000,0x00000000e11fc010,0x00000000e1200000)
  to   space 19456K, 0% used [0x00000000def00000,0x00000000def00000,0x00000000e0200000)
 ParOldGen       total 117760K, used 27462K [0x0000000080000000, 0x0000000087300000, 0x00000000d5580000)
  object space 117760K, 23% used [0x0000000080000000,0x0000000081ad1978,0x0000000087300000)
 Metaspace       used 41113K, capacity 43876K, committed 44248K, reserved 1087488K
  class space    used 5680K, capacity 6017K, committed 6144K, reserved 1048576K
Event: 150.410 GC heap after
Heap after GC invocations=11 (full 2):
 PSYoungGen      total 176640K, used 19440K [0x00000000d5580000, 0x00000000e3700000, 0x0000000100000000)
  eden space 157184K, 0% used [0x00000000d5580000,0x00000000d5580000,0x00000000def00000)
  from space 19456K, 99% used [0x00000000def00000,0x00000000e01fc010,0x00000000e0200000)
  to   space 26112K, 0% used [0x00000000e1d80000,0x00000000e1d80000,0x00000000e3700000)
 ParOldGen       total 117760K, used 37103K [0x0000000080000000, 0x0000000087300000, 0x00000000d5580000)
  object space 117760K, 31% used [0x0000000080000000,0x000000008243bda8,0x0000000087300000)
 Metaspace       used 41113K, capacity 43876K, committed 44248K, reserved 1087488K
  class space    used 5680K, capacity 6017K, committed 6144K, reserved 1048576K
}

