# JRE version: Java(TM) SE Runtime Environment (8.0_121-b13) (build 1.8.0_121-b13)
# Java VM: Java HotSpot(TM) 64-Bit Server VM (25.121-b13 mixed mode windows-amd64 compressed oops)
Heap:
 PSYoungGen      total 318464K, used 274242K [0x00000000d5580000, 0x00000000eae00000, 0x0000000100000000)
  eden space 304640K, 89% used [0x00000000d5580000,0x00000000e6100870,0x00000000e7f00000)
  from space 13824K, 2% used [0x00000000ea080000,0x00000000ea0d0000,0x00000000eae00000)
  to   space 24064K, 0% used [0x00000000e7f00000,0x00000000e7f00000,0x00000000e9680000)
 ParOldGen       total 85504K, used 59717K [0x0000000080000000, 0x0000000085380000, 0x00000000d5580000)
  object space 85504K, 69% used [0x0000000080000000,0x0000000083a51690,0x0000000085380000)
 Metaspace       used 43278K, capacity 46060K, committed 46296K, reserved 1089536K
  class space    used 5999K, capacity 6319K, committed 6400K, reserved 1048576K
GC Heap History (10 events):
Event: 10.778 GC heap before
{Heap before GC invocations=10 (full 2):
 PSYoungGen      total 193024K, used 11489K [0x00000000d5580000, 0x00000000e2e80000, 0x0000000100000000)
  eden space 179712K, 0% used [0x00000000d5580000,0x00000000d5580000,0x00000000e0500000)
  from space 13312K, 86% used [0x00000000e1300000,0x00000000e1e38538,0x00000000e2000000)
  to   space 14336K, 0% used [0x00000000e0500000,0x00000000e0500000,0x00000000e1300000)
 ParOldGen       total 60928K, used 16195K [0x0000000080000000, 0x0000000083b80000, 0x00000000d5580000)
  object space 60928K, 26% used [0x0000000080000000,0x0000000080fd0e40,0x0000000083b80000)
 Metaspace       used 34826K, capacity 35340K, committed 35416K, reserved 1079296K
  class space    used 4856K, capacity 4985K, committed 4992K, reserved 1048576K
Event: 10.917 GC heap after
Heap after GC invocations=10 (full 2):
 PSYoungGen      total 193024K, used 0K [0x00000000d5580000, 0x00000000e2e80000, 0x0000000100000000)
  eden space 179712K, 0% used [0x00000000d5580000,0x00000000d5580000,0x00000000e0500000)
  from space 13312K, 0% used [0x00000000e1300000,0x00000000e1300000,0x00000000e2000000)
  to   space 14336K, 0% used [0x00000000e0500000,0x00000000e0500000,0x00000000e1300000)
 ParOldGen       total 85504K, used 18946K [0x0000000080000000, 0x0000000085380000, 0x00000000d5580000)
  object space 85504K, 22% used [0x0000000080000000,0x0000000081280850,0x0000000085380000)
 Metaspace       used 34826K, capacity 35340K, committed 35416K, reserved 1079296K
  class space    used 4856K, capacity 4985K, committed 4992K, reserved 1048576K
}
Event: 15.194 GC heap before
{Heap before GC invocations=11 (full 2):
 PSYoungGen      total 193024K, used 179712K [0x00000000d5580000, 0x00000000e2e80000, 0x0000000100000000)
  eden space 179712K, 100% used [0x00000000d5580000,0x00000000e0500000,0x00000000e0500000)
  from space 13312K, 0% used [0x00000000e1300000,0x00000000e1300000,0x00000000e2000000)
  to   space 14336K, 0% used [0x00000000e0500000,0x00000000e0500000,0x00000000e1300000)
 ParOldGen       total 85504K, used 18946K [0x0000000080000000, 0x0000000085380000, 0x00000000d5580000)
  object space 85504K, 22% used [0x0000000080000000,0x0000000081280850,0x0000000085380000)
 Metaspace       used 39053K, capacity 40010K, committed 40280K, reserved 1083392K
  class space    used 5460K, capacity 5708K, committed 5760K, reserved 1048576K
Event: 15.231 GC heap after
Heap after GC invocations=11 (full 2):
 PSYoungGen      total 194048K, used 14314K [0x00000000d5580000, 0x00000000e6780000, 0x0000000100000000)
  eden space 179712K, 0% used [0x00000000d5580000,0x00000000d5580000,0x00000000e0500000)
  from space 14336K, 99% used [0x00000000e0500000,0x00000000e12faa00,0x00000000e1300000)
  to   space 16896K, 0% used [0x00000000e5700000,0x00000000e5700000,0x00000000e6780000)
 ParOldGen       total 85504K, used 21393K [0x0000000080000000, 0x0000000085380000, 0x00000000d5580000)
  object space 85504K, 25% used [0x0000000080000000,0x00000000814e4728,0x0000000085380000)
 Metaspace       used 39053K, capacity 40010K, committed 40280K, reserved 1083392K
  class space    used 5460K, capacity 5708K, committed 5760K, reserved 1048576K
}
Event: 19.175 GC heap before
{Heap before GC invocations=12 (full 2):
 PSYoungGen      total 194048K, used 194026K [0x00000000d5580000, 0x00000000e6780000, 0x0000000100000000)
  eden space 179712K, 100% used [0x00000000d5580000,0x00000000e0500000,0x00000000e0500000)
  from space 14336K, 99% used [0x00000000e0500000,0x00000000e12faa00,0x00000000e1300000)
  to   space 16896K, 0% used [0x00000000e5700000,0x00000000e5700000,0x00000000e6780000)
 ParOldGen       total 85504K, used 21393K [0x0000000080000000, 0x0000000085380000, 0x00000000d5580000)
  object space 85504K, 25% used [0x0000000080000000,0x00000000814e4728,0x0000000085380000)
 Metaspace       used 40806K, capacity 43496K, committed 43608K, reserved 1087488K
  class space    used 5669K, capacity 6009K, committed 6016K, reserved 1048576K
Event: 19.244 GC heap after
Heap after GC invocations=12 (full 2):
 PSYoungGen      total 256512K, used 16864K [0x00000000d5580000, 0x00000000e7300000, 0x0000000100000000)
  eden space 239616K, 0% used [0x00000000d5580000,0x00000000d5580000,0x00000000e3f80000)
  from space 16896K, 99% used [0x00000000e5700000,0x00000000e6778020,0x00000000e6780000)
  to   space 24064K, 0% used [0x00000000e3f80000,0x00000000e3f80000,0x00000000e5700000)
 ParOldGen       total 85504K, used 34681K [0x0000000080000000, 0x0000000085380000, 0x00000000d5580000)
  object space 85504K, 40% used [0x0000000080000000,0x00000000821de538,0x0000000085380000)
 Metaspace       used 40806K, capacity 43496K, committed 43608K, reserved 1087488K
  class space    used 5669K, capacity 6009K, committed 6016K, reserved 1048576K
}
Event: 903.320 GC heap before
{Heap before GC invocations=13 (full 2):
 PSYoungGen      total 256512K, used 256480K [0x00000000d5580000, 0x00000000e7300000, 0x0000000100000000)
  eden space 239616K, 100% used [0x00000000d5580000,0x00000000e3f80000,0x00000000e3f80000)
  from space 16896K, 99% used [0x00000000e5700000,0x00000000e6778020,0x00000000e6780000)
  to   space 24064K, 0% used [0x00000000e3f80000,0x00000000e3f80000,0x00000000e5700000)
 ParOldGen       total 85504K, used 34681K [0x0000000080000000, 0x0000000085380000, 0x00000000d5580000)
  object space 85504K, 40% used [0x0000000080000000,0x00000000821de538,0x0000000085380000)
 Metaspace       used 43129K, capacity 45868K, committed 46040K, reserved 1089536K
  class space    used 5998K, capacity 6319K, committed 6400K, reserved 1048576K
Event: 903.525 GC heap after
Heap after GC invocations=13 (full 2):
 PSYoungGen      total 263680K, used 13102K [0x00000000d5580000, 0x00000000eb780000, 0x0000000100000000)
  eden space 239616K, 0% used [0x00000000d5580000,0x00000000d5580000,0x00000000e3f80000)
  from space 24064K, 54% used [0x00000000e3f80000,0x00000000e4c4b808,0x00000000e5700000)
  to   space 23552K, 0% used [0x00000000ea080000,0x00000000ea080000,0x00000000eb780000)
 ParOldGen       total 85504K, used 51556K [0x0000000080000000, 0x0000000085380000, 0x00000000d5580000)
  object space 85504K, 60% used [0x0000000080000000,0x0000000083259008,0x0000000085380000)
 Metaspace       used 43129K, capacity 45868K, committed 46040K, reserved 1089536K
  class space    used 5998K, capacity 6319K, committed 6400K, reserved 1048576K
}
Event: 6863.442 GC heap before
{Heap before GC invocations=14 (full 2):
 PSYoungGen      total 263680K, used 252718K [0x00000000d5580000, 0x00000000eb780000, 0x0000000100000000)
  eden space 239616K, 100% used [0x00000000d5580000,0x00000000e3f80000,0x00000000e3f80000)
  from space 24064K, 54% used [0x00000000e3f80000,0x00000000e4c4b808,0x00000000e5700000)
  to   space 23552K, 0% used [0x00000000ea080000,0x00000000ea080000,0x00000000eb780000)
 ParOldGen       total 85504K, used 51556K [0x0000000080000000, 0x0000000085380000, 0x00000000d5580000)
  object space 85504K, 60% used [0x0000000080000000,0x0000000083259008,0x0000000085380000)
 Metaspace       used 43276K, capacity 46060K, committed 46296K, reserved 1089536K
  class space    used 5999K, capacity 6319K, committed 6400K, reserved 1048576K
Event: 6863.773 GC heap after
Heap after GC invocations=14 (full 2):
 PSYoungGen      total 318464K, used 320K [0x00000000d5580000, 0x00000000eae00000, 0x0000000100000000)
  eden space 304640K, 0% used [0x00000000d5580000,0x00000000d5580000,0x00000000e7f00000)
  from space 13824K, 2% used [0x00000000ea080000,0x00000000ea0d0000,0x00000000eae00000)
  to   space 24064K, 0% used [0x00000000e7f00000,0x00000000e7f00000,0x00000000e9680000)
 ParOldGen       total 85504K, used 59717K [0x0000000080000000, 0x0000000085380000, 0x00000000d5580000)
  object space 85504K, 69% used [0x0000000080000000,0x0000000083a51690,0x0000000085380000)
 Metaspace       used 43276K, capacity 46060K, committed 46296K, reserved 1089536K
  class space    used 5999K, capacity 6319K, committed 6400K, reserved 1048576K
}

