# JRE version: Java(TM) SE Runtime Environment (8.0_121-b13) (build 1.8.0_121-b13)
# Java VM: Java HotSpot(TM) 64-Bit Server VM (25.121-b13 mixed mode windows-amd64 compressed oops)
Heap:
 PSYoungGen      total 173056K, used 131932K [0x00000000d5580000, 0x00000000e4f80000, 0x0000000100000000)
  eden space 146432K, 71% used [0x00000000d5580000,0x00000000dbc5b0b8,0x00000000de480000)
  from space 26624K, 99% used [0x00000000de480000,0x00000000dfe7c030,0x00000000dfe80000)
  to   space 31744K, 0% used [0x00000000e3080000,0x00000000e3080000,0x00000000e4f80000)
 ParOldGen       total 99840K, used 37306K [0x0000000080000000, 0x0000000086180000, 0x00000000d5580000)
  object space 99840K, 37% used [0x0000000080000000,0x000000008246ebe0,0x0000000086180000)
 Metaspace       used 43860K, capacity 46652K, committed 46936K, reserved 1089536K
  class space    used 6093K, capacity 6445K, committed 6528K, reserved 1048576K
GC Heap History (10 events):
Event: 11.987 GC heap before
{Heap before GC invocations=13 (full 2):
 PSYoungGen      total 99840K, used 87040K [0x00000000d5580000, 0x00000000dcc00000, 0x0000000100000000)
  eden space 87040K, 100% used [0x00000000d5580000,0x00000000daa80000,0x00000000daa80000)
  from space 12800K, 0% used [0x00000000db880000,0x00000000db880000,0x00000000dc500000)
  to   space 14336K, 0% used [0x00000000daa80000,0x00000000daa80000,0x00000000db880000)
 ParOldGen       total 99840K, used 19016K [0x0000000080000000, 0x0000000086180000, 0x00000000d5580000)
  object space 99840K, 19% used [0x0000000080000000,0x0000000081292030,0x0000000086180000)
 Metaspace       used 36667K, capacity 37318K, committed 37464K, reserved 1081344K
  class space    used 5181K, capacity 5390K, committed 5504K, reserved 1048576K
Event: 12.011 GC heap after
Heap after GC invocations=13 (full 2):
 PSYoungGen      total 101376K, used 8757K [0x00000000d5580000, 0x00000000de400000, 0x0000000100000000)
  eden space 87040K, 0% used [0x00000000d5580000,0x00000000d5580000,0x00000000daa80000)
  from space 14336K, 61% used [0x00000000daa80000,0x00000000db30d7b8,0x00000000db880000)
  to   space 14336K, 0% used [0x00000000dd600000,0x00000000dd600000,0x00000000de400000)
 ParOldGen       total 99840K, used 19024K [0x0000000080000000, 0x0000000086180000, 0x00000000d5580000)
  object space 99840K, 19% used [0x0000000080000000,0x0000000081294030,0x0000000086180000)
 Metaspace       used 36667K, capacity 37318K, committed 37464K, reserved 1081344K
  class space    used 5181K, capacity 5390K, committed 5504K, reserved 1048576K
}
Event: 14.571 GC heap before
{Heap before GC invocations=14 (full 2):
 PSYoungGen      total 101376K, used 95797K [0x00000000d5580000, 0x00000000de400000, 0x0000000100000000)
  eden space 87040K, 100% used [0x00000000d5580000,0x00000000daa80000,0x00000000daa80000)
  from space 14336K, 61% used [0x00000000daa80000,0x00000000db30d7b8,0x00000000db880000)
  to   space 14336K, 0% used [0x00000000dd600000,0x00000000dd600000,0x00000000de400000)
 ParOldGen       total 99840K, used 19024K [0x0000000080000000, 0x0000000086180000, 0x00000000d5580000)
  object space 99840K, 19% used [0x0000000080000000,0x0000000081294030,0x0000000086180000)
 Metaspace       used 38992K, capacity 40006K, committed 40280K, reserved 1083392K
  class space    used 5458K, capacity 5708K, committed 5760K, reserved 1048576K
Event: 14.598 GC heap after
Heap after GC invocations=14 (full 2):
 PSYoungGen      total 129536K, used 14304K [0x00000000d5580000, 0x00000000de600000, 0x0000000100000000)
  eden space 115200K, 0% used [0x00000000d5580000,0x00000000d5580000,0x00000000dc600000)
  from space 14336K, 99% used [0x00000000dd600000,0x00000000de3f8010,0x00000000de400000)
  to   space 16384K, 0% used [0x00000000dc600000,0x00000000dc600000,0x00000000dd600000)
 ParOldGen       total 99840K, used 20346K [0x0000000080000000, 0x0000000086180000, 0x00000000d5580000)
  object space 99840K, 20% used [0x0000000080000000,0x00000000813deb08,0x0000000086180000)
 Metaspace       used 38992K, capacity 40006K, committed 40280K, reserved 1083392K
  class space    used 5458K, capacity 5708K, committed 5760K, reserved 1048576K
}
Event: 16.640 GC heap before
{Heap before GC invocations=15 (full 2):
 PSYoungGen      total 129536K, used 129504K [0x00000000d5580000, 0x00000000de600000, 0x0000000100000000)
  eden space 115200K, 100% used [0x00000000d5580000,0x00000000dc600000,0x00000000dc600000)
  from space 14336K, 99% used [0x00000000dd600000,0x00000000de3f8010,0x00000000de400000)
  to   space 16384K, 0% used [0x00000000dc600000,0x00000000dc600000,0x00000000dd600000)
 ParOldGen       total 99840K, used 20346K [0x0000000080000000, 0x0000000086180000, 0x00000000d5580000)
  object space 99840K, 20% used [0x0000000080000000,0x00000000813deb08,0x0000000086180000)
 Metaspace       used 40195K, capacity 42274K, committed 42584K, reserved 1085440K
  class space    used 5600K, capacity 5915K, committed 6016K, reserved 1048576K
Event: 16.669 GC heap after
Heap after GC invocations=15 (full 2):
 PSYoungGen      total 131584K, used 16368K [0x00000000d5580000, 0x00000000e1380000, 0x0000000100000000)
  eden space 115200K, 0% used [0x00000000d5580000,0x00000000d5580000,0x00000000dc600000)
  from space 16384K, 99% used [0x00000000dc600000,0x00000000dd5fc020,0x00000000dd600000)
  to   space 21504K, 0% used [0x00000000dfe80000,0x00000000dfe80000,0x00000000e1380000)
 ParOldGen       total 99840K, used 28176K [0x0000000080000000, 0x0000000086180000, 0x00000000d5580000)
  object space 99840K, 28% used [0x0000000080000000,0x0000000081b84300,0x0000000086180000)
 Metaspace       used 40195K, capacity 42274K, committed 42584K, reserved 1085440K
  class space    used 5600K, capacity 5915K, committed 6016K, reserved 1048576K
}
Event: 18.098 GC heap before
{Heap before GC invocations=16 (full 2):
 PSYoungGen      total 131584K, used 131568K [0x00000000d5580000, 0x00000000e1380000, 0x0000000100000000)
  eden space 115200K, 100% used [0x00000000d5580000,0x00000000dc600000,0x00000000dc600000)
  from space 16384K, 99% used [0x00000000dc600000,0x00000000dd5fc020,0x00000000dd600000)
  to   space 21504K, 0% used [0x00000000dfe80000,0x00000000dfe80000,0x00000000e1380000)
 ParOldGen       total 99840K, used 28176K [0x0000000080000000, 0x0000000086180000, 0x00000000d5580000)
  object space 99840K, 28% used [0x0000000080000000,0x0000000081b84300,0x0000000086180000)
 Metaspace       used 41158K, capacity 43888K, committed 43992K, reserved 1087488K
  class space    used 5732K, capacity 6076K, committed 6144K, reserved 1048576K
Event: 18.156 GC heap after
Heap after GC invocations=16 (full 2):
 PSYoungGen      total 167936K, used 21488K [0x00000000d5580000, 0x00000000e2180000, 0x0000000100000000)
  eden space 146432K, 0% used [0x00000000d5580000,0x00000000d5580000,0x00000000de480000)
  from space 21504K, 99% used [0x00000000dfe80000,0x00000000e137c020,0x00000000e1380000)
  to   space 26624K, 0% used [0x00000000de480000,0x00000000de480000,0x00000000dfe80000)
 ParOldGen       total 99840K, used 33842K [0x0000000080000000, 0x0000000086180000, 0x00000000d5580000)
  object space 99840K, 33% used [0x0000000080000000,0x000000008210c858,0x0000000086180000)
 Metaspace       used 41158K, capacity 43888K, committed 43992K, reserved 1087488K
  class space    used 5732K, capacity 6076K, committed 6144K, reserved 1048576K
}
Event: 50.858 GC heap before
{Heap before GC invocations=17 (full 2):
 PSYoungGen      total 167936K, used 167920K [0x00000000d5580000, 0x00000000e2180000, 0x0000000100000000)
  eden space 146432K, 100% used [0x00000000d5580000,0x00000000de480000,0x00000000de480000)
  from space 21504K, 99% used [0x00000000dfe80000,0x00000000e137c020,0x00000000e1380000)
  to   space 26624K, 0% used [0x00000000de480000,0x00000000de480000,0x00000000dfe80000)
 ParOldGen       total 99840K, used 33842K [0x0000000080000000, 0x0000000086180000, 0x00000000d5580000)
  object space 99840K, 33% used [0x0000000080000000,0x000000008210c858,0x0000000086180000)
 Metaspace       used 43492K, capacity 46308K, committed 46424K, reserved 1089536K
  class space    used 6079K, capacity 6441K, committed 6528K, reserved 1048576K
Event: 50.907 GC heap after
Heap after GC invocations=17 (full 2):
 PSYoungGen      total 173056K, used 26608K [0x00000000d5580000, 0x00000000e4f80000, 0x0000000100000000)
  eden space 146432K, 0% used [0x00000000d5580000,0x00000000d5580000,0x00000000de480000)
  from space 26624K, 99% used [0x00000000de480000,0x00000000dfe7c030,0x00000000dfe80000)
  to   space 31744K, 0% used [0x00000000e3080000,0x00000000e3080000,0x00000000e4f80000)
 ParOldGen       total 99840K, used 37306K [0x0000000080000000, 0x0000000086180000, 0x00000000d5580000)
  object space 99840K, 37% used [0x0000000080000000,0x000000008246ebe0,0x0000000086180000)
 Metaspace       used 43492K, capacity 46308K, committed 46424K, reserved 1089536K
  class space    used 6079K, capacity 6441K, committed 6528K, reserved 1048576K
}

