# JRE version: Java(TM) SE Runtime Environment (8.0_121-b13) (build 1.8.0_121-b13)
# Java VM: Java HotSpot(TM) 64-Bit Server VM (25.121-b13 mixed mode windows-amd64 compressed oops)
Heap:
 PSYoungGen      total 100864K, used 92127K [0x00000000d5580000, 0x00000000dd980000, 0x0000000100000000)
  eden space 74752K, 94% used [0x00000000d5580000,0x00000000d9aabbf0,0x00000000d9e80000)
  from space 26112K, 81% used [0x00000000dba80000,0x00000000dcf4c040,0x00000000dd400000)
  to   space 28672K, 0% used [0x00000000d9e80000,0x00000000d9e80000,0x00000000dba80000)
 ParOldGen       total 61952K, used 29639K [0x0000000080000000, 0x0000000083c80000, 0x00000000d5580000)
  object space 61952K, 47% used [0x0000000080000000,0x0000000081cf1c20,0x0000000083c80000)
 Metaspace       used 41031K, capacity 43732K, committed 44032K, reserved 1087488K
  class space    used 5713K, capacity 6044K, committed 6144K, reserved 1048576K
GC Heap History (10 events):
Event: 10.223 GC heap before
{Heap before GC invocations=13 (full 3):
 PSYoungGen      total 81408K, used 80979K [0x00000000d5580000, 0x00000000dbd80000, 0x0000000100000000)
  eden space 71680K, 100% used [0x00000000d5580000,0x00000000d9b80000,0x00000000d9b80000)
  from space 9728K, 95% used [0x00000000daa80000,0x00000000db394ed8,0x00000000db400000)
  to   space 9728K, 0% used [0x00000000db400000,0x00000000db400000,0x00000000dbd80000)
 ParOldGen       total 61952K, used 9855K [0x0000000080000000, 0x0000000083c80000, 0x00000000d5580000)
  object space 61952K, 15% used [0x0000000080000000,0x000000008099ffc8,0x0000000083c80000)
 Metaspace       used 35752K, capacity 36272K, committed 36480K, reserved 1081344K
  class space    used 5014K, capacity 5167K, committed 5248K, reserved 1048576K
Event: 10.257 GC heap after
Heap after GC invocations=13 (full 3):
 PSYoungGen      total 83968K, used 9712K [0x00000000d5580000, 0x00000000dbd80000, 0x0000000100000000)
  eden space 74240K, 0% used [0x00000000d5580000,0x00000000d5580000,0x00000000d9e00000)
  from space 9728K, 99% used [0x00000000db400000,0x00000000dbd7c010,0x00000000dbd80000)
  to   space 14848K, 0% used [0x00000000da080000,0x00000000da080000,0x00000000daf00000)
 ParOldGen       total 61952K, used 14207K [0x0000000080000000, 0x0000000083c80000, 0x00000000d5580000)
  object space 61952K, 22% used [0x0000000080000000,0x0000000080ddfdc0,0x0000000083c80000)
 Metaspace       used 35752K, capacity 36272K, committed 36480K, reserved 1081344K
  class space    used 5014K, capacity 5167K, committed 5248K, reserved 1048576K
}
Event: 10.953 GC heap before
{Heap before GC invocations=14 (full 3):
 PSYoungGen      total 83968K, used 83952K [0x00000000d5580000, 0x00000000dbd80000, 0x0000000100000000)
  eden space 74240K, 100% used [0x00000000d5580000,0x00000000d9e00000,0x00000000d9e00000)
  from space 9728K, 99% used [0x00000000db400000,0x00000000dbd7c010,0x00000000dbd80000)
  to   space 14848K, 0% used [0x00000000da080000,0x00000000da080000,0x00000000daf00000)
 ParOldGen       total 61952K, used 14207K [0x0000000080000000, 0x0000000083c80000, 0x00000000d5580000)
  object space 61952K, 22% used [0x0000000080000000,0x0000000080ddfdc0,0x0000000083c80000)
 Metaspace       used 37263K, capacity 37928K, committed 38016K, reserved 1083392K
  class space    used 5269K, capacity 5464K, committed 5504K, reserved 1048576K
Event: 10.996 GC heap after
Heap after GC invocations=14 (full 3):
 PSYoungGen      total 91648K, used 14832K [0x00000000d5580000, 0x00000000dc500000, 0x0000000100000000)
  eden space 76800K, 0% used [0x00000000d5580000,0x00000000d5580000,0x00000000da080000)
  from space 14848K, 99% used [0x00000000da080000,0x00000000daefc020,0x00000000daf00000)
  to   space 17920K, 0% used [0x00000000db380000,0x00000000db380000,0x00000000dc500000)
 ParOldGen       total 61952K, used 16132K [0x0000000080000000, 0x0000000083c80000, 0x00000000d5580000)
  object space 61952K, 26% used [0x0000000080000000,0x0000000080fc1070,0x0000000083c80000)
 Metaspace       used 37263K, capacity 37928K, committed 38016K, reserved 1083392K
  class space    used 5269K, capacity 5464K, committed 5504K, reserved 1048576K
}
Event: 13.029 GC heap before
{Heap before GC invocations=15 (full 3):
 PSYoungGen      total 91648K, used 91632K [0x00000000d5580000, 0x00000000dc500000, 0x0000000100000000)
  eden space 76800K, 100% used [0x00000000d5580000,0x00000000da080000,0x00000000da080000)
  from space 14848K, 99% used [0x00000000da080000,0x00000000daefc020,0x00000000daf00000)
  to   space 17920K, 0% used [0x00000000db380000,0x00000000db380000,0x00000000dc500000)
 ParOldGen       total 61952K, used 16132K [0x0000000080000000, 0x0000000083c80000, 0x00000000d5580000)
  object space 61952K, 26% used [0x0000000080000000,0x0000000080fc1070,0x0000000083c80000)
 Metaspace       used 38829K, capacity 39704K, committed 39936K, reserved 1083392K
  class space    used 5430K, capacity 5609K, committed 5632K, reserved 1048576K
Event: 13.064 GC heap after
Heap after GC invocations=15 (full 3):
 PSYoungGen      total 92160K, used 17888K [0x00000000d5580000, 0x00000000dcf00000, 0x0000000100000000)
  eden space 74240K, 0% used [0x00000000d5580000,0x00000000d5580000,0x00000000d9e00000)
  from space 17920K, 99% used [0x00000000db380000,0x00000000dc4f8030,0x00000000dc500000)
  to   space 22016K, 0% used [0x00000000d9e00000,0x00000000d9e00000,0x00000000db380000)
 ParOldGen       total 61952K, used 19706K [0x0000000080000000, 0x0000000083c80000, 0x00000000d5580000)
  object space 61952K, 31% used [0x0000000080000000,0x000000008133eb10,0x0000000083c80000)
 Metaspace       used 38829K, capacity 39704K, committed 39936K, reserved 1083392K
  class space    used 5430K, capacity 5609K, committed 5632K, reserved 1048576K
}
Event: 14.350 GC heap before
{Heap before GC invocations=16 (full 3):
 PSYoungGen      total 92160K, used 92128K [0x00000000d5580000, 0x00000000dcf00000, 0x0000000100000000)
  eden space 74240K, 100% used [0x00000000d5580000,0x00000000d9e00000,0x00000000d9e00000)
  from space 17920K, 99% used [0x00000000db380000,0x00000000dc4f8030,0x00000000dc500000)
  to   space 22016K, 0% used [0x00000000d9e00000,0x00000000d9e00000,0x00000000db380000)
 ParOldGen       total 61952K, used 19706K [0x0000000080000000, 0x0000000083c80000, 0x00000000d5580000)
  object space 61952K, 31% used [0x0000000080000000,0x000000008133eb10,0x0000000083c80000)
 Metaspace       used 39598K, capacity 41146K, committed 41472K, reserved 1085440K
  class space    used 5517K, capacity 5783K, committed 5888K, reserved 1048576K
Event: 14.378 GC heap after
Heap after GC invocations=16 (full 3):
 PSYoungGen      total 96256K, used 22000K [0x00000000d5580000, 0x00000000dd400000, 0x0000000100000000)
  eden space 74240K, 0% used [0x00000000d5580000,0x00000000d5580000,0x00000000d9e00000)
  from space 22016K, 99% used [0x00000000d9e00000,0x00000000db37c040,0x00000000db380000)
  to   space 26112K, 0% used [0x00000000dba80000,0x00000000dba80000,0x00000000dd400000)
 ParOldGen       total 61952K, used 22030K [0x0000000080000000, 0x0000000083c80000, 0x00000000d5580000)
  object space 61952K, 35% used [0x0000000080000000,0x0000000081583810,0x0000000083c80000)
 Metaspace       used 39598K, capacity 41146K, committed 41472K, reserved 1085440K
  class space    used 5517K, capacity 5783K, committed 5888K, reserved 1048576K
}
Event: 15.553 GC heap before
{Heap before GC invocations=17 (full 3):
 PSYoungGen      total 96256K, used 96240K [0x00000000d5580000, 0x00000000dd400000, 0x0000000100000000)
  eden space 74240K, 100% used [0x00000000d5580000,0x00000000d9e00000,0x00000000d9e00000)
  from space 22016K, 99% used [0x00000000d9e00000,0x00000000db37c040,0x00000000db380000)
  to   space 26112K, 0% used [0x00000000dba80000,0x00000000dba80000,0x00000000dd400000)
 ParOldGen       total 61952K, used 22030K [0x0000000080000000, 0x0000000083c80000, 0x00000000d5580000)
  object space 61952K, 35% used [0x0000000080000000,0x0000000081583810,0x0000000083c80000)
 Metaspace       used 40377K, capacity 42690K, committed 42880K, reserved 1087488K
  class space    used 5630K, capacity 5955K, committed 6016K, reserved 1048576K
Event: 15.602 GC heap after
Heap after GC invocations=17 (full 3):
 PSYoungGen      total 100864K, used 21296K [0x00000000d5580000, 0x00000000dd980000, 0x0000000100000000)
  eden space 74752K, 0% used [0x00000000d5580000,0x00000000d5580000,0x00000000d9e80000)
  from space 26112K, 81% used [0x00000000dba80000,0x00000000dcf4c040,0x00000000dd400000)
  to   space 28672K, 0% used [0x00000000d9e80000,0x00000000d9e80000,0x00000000dba80000)
 ParOldGen       total 61952K, used 29639K [0x0000000080000000, 0x0000000083c80000, 0x00000000d5580000)
  object space 61952K, 47% used [0x0000000080000000,0x0000000081cf1c20,0x0000000083c80000)
 Metaspace       used 40377K, capacity 42690K, committed 42880K, reserved 1087488K
  class space    used 5630K, capacity 5955K, committed 6016K, reserved 1048576K
}

