# JRE version: Java(TM) SE Runtime Environment (8.0_121-b13) (build 1.8.0_121-b13)
# Java VM: Java HotSpot(TM) 64-Bit Server VM (25.121-b13 mixed mode windows-amd64 compressed oops)
Heap:
 PSYoungGen      total 279552K, used 169306K [0x00000000d5580000, 0x00000000eb880000, 0x0000000100000000)
  eden space 243712K, 60% used [0x00000000d5580000,0x00000000de492530,0x00000000e4380000)
  from space 35840K, 63% used [0x00000000e4380000,0x00000000e59c45a0,0x00000000e6680000)
  to   space 35840K, 0% used [0x00000000e9580000,0x00000000e9580000,0x00000000eb880000)
 ParOldGen       total 214528K, used 101672K [0x0000000080000000, 0x000000008d180000, 0x00000000d5580000)
  object space 214528K, 47% used [0x0000000080000000,0x000000008634a300,0x000000008d180000)
 Metaspace       used 54949K, capacity 59212K, committed 59352K, reserved 1099776K
  class space    used 7441K, capacity 8070K, committed 8152K, reserved 1048576K
GC Heap History (10 events):
Event: 51.844 GC heap before
{Heap before GC invocations=18 (full 2):
 PSYoungGen      total 191488K, used 178412K [0x00000000d5580000, 0x00000000e5a80000, 0x0000000100000000)
  eden space 161792K, 100% used [0x00000000d5580000,0x00000000df380000,0x00000000df380000)
  from space 29696K, 55% used [0x00000000df380000,0x00000000e03bb378,0x00000000e1080000)
  to   space 29696K, 0% used [0x00000000e3d80000,0x00000000e3d80000,0x00000000e5a80000)
 ParOldGen       total 98816K, used 68637K [0x0000000080000000, 0x0000000086080000, 0x00000000d5580000)
  object space 98816K, 69% used [0x0000000080000000,0x0000000084307720,0x0000000086080000)
 Metaspace       used 51824K, capacity 55318K, committed 55512K, reserved 1097728K
  class space    used 7091K, capacity 7549K, committed 7640K, reserved 1048576K
Event: 51.905 GC heap after
Heap after GC invocations=18 (full 2):
 PSYoungGen      total 233472K, used 25192K [0x00000000d5580000, 0x00000000e5b80000, 0x0000000100000000)
  eden space 203776K, 0% used [0x00000000d5580000,0x00000000d5580000,0x00000000e1c80000)
  from space 29696K, 84% used [0x00000000e3d80000,0x00000000e561a198,0x00000000e5a80000)
  to   space 32256K, 0% used [0x00000000e1c80000,0x00000000e1c80000,0x00000000e3c00000)
 ParOldGen       total 98816K, used 68645K [0x0000000080000000, 0x0000000086080000, 0x00000000d5580000)
  object space 98816K, 69% used [0x0000000080000000,0x0000000084309720,0x0000000086080000)
 Metaspace       used 51824K, capacity 55318K, committed 55512K, reserved 1097728K
  class space    used 7091K, capacity 7549K, committed 7640K, reserved 1048576K
}
Event: 54.048 GC heap before
{Heap before GC invocations=19 (full 2):
 PSYoungGen      total 233472K, used 228968K [0x00000000d5580000, 0x00000000e5b80000, 0x0000000100000000)
  eden space 203776K, 100% used [0x00000000d5580000,0x00000000e1c80000,0x00000000e1c80000)
  from space 29696K, 84% used [0x00000000e3d80000,0x00000000e561a198,0x00000000e5a80000)
  to   space 32256K, 0% used [0x00000000e1c80000,0x00000000e1c80000,0x00000000e3c00000)
 ParOldGen       total 98816K, used 68645K [0x0000000080000000, 0x0000000086080000, 0x00000000d5580000)
  object space 98816K, 69% used [0x0000000080000000,0x0000000084309720,0x0000000086080000)
 Metaspace       used 51969K, capacity 55538K, committed 55768K, reserved 1097728K
  class space    used 7106K, capacity 7575K, committed 7640K, reserved 1048576K
Event: 54.088 GC heap after
Heap after GC invocations=19 (full 2):
 PSYoungGen      total 236032K, used 32231K [0x00000000d5580000, 0x00000000e8b00000, 0x0000000100000000)
  eden space 203776K, 0% used [0x00000000d5580000,0x00000000d5580000,0x00000000e1c80000)
  from space 32256K, 99% used [0x00000000e1c80000,0x00000000e3bf9d38,0x00000000e3c00000)
  to   space 37376K, 0% used [0x00000000e6680000,0x00000000e6680000,0x00000000e8b00000)
 ParOldGen       total 98816K, used 69933K [0x0000000080000000, 0x0000000086080000, 0x00000000d5580000)
  object space 98816K, 70% used [0x0000000080000000,0x000000008444b720,0x0000000086080000)
 Metaspace       used 51969K, capacity 55538K, committed 55768K, reserved 1097728K
  class space    used 7106K, capacity 7575K, committed 7640K, reserved 1048576K
}
Event: 55.373 GC heap before
{Heap before GC invocations=20 (full 2):
 PSYoungGen      total 236032K, used 236007K [0x00000000d5580000, 0x00000000e8b00000, 0x0000000100000000)
  eden space 203776K, 100% used [0x00000000d5580000,0x00000000e1c80000,0x00000000e1c80000)
  from space 32256K, 99% used [0x00000000e1c80000,0x00000000e3bf9d38,0x00000000e3c00000)
  to   space 37376K, 0% used [0x00000000e6680000,0x00000000e6680000,0x00000000e8b00000)
 ParOldGen       total 98816K, used 69933K [0x0000000080000000, 0x0000000086080000, 0x00000000d5580000)
  object space 98816K, 70% used [0x0000000080000000,0x000000008444b720,0x0000000086080000)
 Metaspace       used 52370K, capacity 55954K, committed 56024K, reserved 1097728K
  class space    used 7140K, capacity 7607K, committed 7640K, reserved 1048576K
Event: 55.427 GC heap after
Heap after GC invocations=20 (full 2):
 PSYoungGen      total 281088K, used 16600K [0x00000000d5580000, 0x00000000e9080000, 0x0000000100000000)
  eden space 243712K, 0% used [0x00000000d5580000,0x00000000d5580000,0x00000000e4380000)
  from space 37376K, 44% used [0x00000000e6680000,0x00000000e76b6000,0x00000000e8b00000)
  to   space 35840K, 0% used [0x00000000e4380000,0x00000000e4380000,0x00000000e6680000)
 ParOldGen       total 98816K, used 93400K [0x0000000080000000, 0x0000000086080000, 0x00000000d5580000)
  object space 98816K, 94% used [0x0000000080000000,0x0000000085b360d8,0x0000000086080000)
 Metaspace       used 52370K, capacity 55954K, committed 56024K, reserved 1097728K
  class space    used 7140K, capacity 7607K, committed 7640K, reserved 1048576K
}
Event: 55.427 GC heap before
{Heap before GC invocations=21 (full 3):
 PSYoungGen      total 281088K, used 16600K [0x00000000d5580000, 0x00000000e9080000, 0x0000000100000000)
  eden space 243712K, 0% used [0x00000000d5580000,0x00000000d5580000,0x00000000e4380000)
  from space 37376K, 44% used [0x00000000e6680000,0x00000000e76b6000,0x00000000e8b00000)
  to   space 35840K, 0% used [0x00000000e4380000,0x00000000e4380000,0x00000000e6680000)
 ParOldGen       total 98816K, used 93400K [0x0000000080000000, 0x0000000086080000, 0x00000000d5580000)
  object space 98816K, 94% used [0x0000000080000000,0x0000000085b360d8,0x0000000086080000)
 Metaspace       used 52370K, capacity 55954K, committed 56024K, reserved 1097728K
  class space    used 7140K, capacity 7607K, committed 7640K, reserved 1048576K
Event: 56.170 GC heap after
Heap after GC invocations=21 (full 3):
 PSYoungGen      total 281088K, used 3223K [0x00000000d5580000, 0x00000000e9080000, 0x0000000100000000)
  eden space 243712K, 0% used [0x00000000d5580000,0x00000000d5580000,0x00000000e4380000)
  from space 37376K, 8% used [0x00000000e6680000,0x00000000e69a5c58,0x00000000e8b00000)
  to   space 35840K, 0% used [0x00000000e4380000,0x00000000e4380000,0x00000000e6680000)
 ParOldGen       total 214528K, used 98560K [0x0000000080000000, 0x000000008d180000, 0x00000000d5580000)
  object space 214528K, 45% used [0x0000000080000000,0x0000000086040300,0x000000008d180000)
 Metaspace       used 52370K, capacity 55954K, committed 56024K, reserved 1097728K
  class space    used 7140K, capacity 7607K, committed 7640K, reserved 1048576K
}
Event: 322.145 GC heap before
{Heap before GC invocations=22 (full 3):
 PSYoungGen      total 281088K, used 246935K [0x00000000d5580000, 0x00000000e9080000, 0x0000000100000000)
  eden space 243712K, 100% used [0x00000000d5580000,0x00000000e4380000,0x00000000e4380000)
  from space 37376K, 8% used [0x00000000e6680000,0x00000000e69a5c58,0x00000000e8b00000)
  to   space 35840K, 0% used [0x00000000e4380000,0x00000000e4380000,0x00000000e6680000)
 ParOldGen       total 214528K, used 98560K [0x0000000080000000, 0x000000008d180000, 0x00000000d5580000)
  object space 214528K, 45% used [0x0000000080000000,0x0000000086040300,0x000000008d180000)
 Metaspace       used 54349K, capacity 58154K, committed 58456K, reserved 1099776K
  class space    used 7355K, capacity 7915K, committed 8024K, reserved 1048576K
Event: 322.226 GC heap after
Heap after GC invocations=22 (full 3):
 PSYoungGen      total 279552K, used 22801K [0x00000000d5580000, 0x00000000eb880000, 0x0000000100000000)
  eden space 243712K, 0% used [0x00000000d5580000,0x00000000d5580000,0x00000000e4380000)
  from space 35840K, 63% used [0x00000000e4380000,0x00000000e59c45a0,0x00000000e6680000)
  to   space 35840K, 0% used [0x00000000e9580000,0x00000000e9580000,0x00000000eb880000)
 ParOldGen       total 214528K, used 101672K [0x0000000080000000, 0x000000008d180000, 0x00000000d5580000)
  object space 214528K, 47% used [0x0000000080000000,0x000000008634a300,0x000000008d180000)
 Metaspace       used 54349K, capacity 58154K, committed 58456K, reserved 1099776K
  class space    used 7355K, capacity 7915K, committed 8024K, reserved 1048576K
}

