# JRE version: Java(TM) SE Runtime Environment (8.0_121-b13) (build 1.8.0_121-b13)
# Java VM: Java HotSpot(TM) 64-Bit Server VM (25.121-b13 mixed mode windows-amd64 compressed oops)
Heap:
 PSYoungGen      total 179712K, used 18169K [0x00000000d5580000, 0x00000000e1700000, 0x0000000100000000)
  eden space 165376K, 2% used [0x00000000d5580000,0x00000000d59424a0,0x00000000df700000)
  from space 14336K, 99% used [0x00000000df700000,0x00000000e04fc010,0x00000000e0500000)
  to   space 13312K, 0% used [0x00000000e0500000,0x00000000e0500000,0x00000000e1200000)
 ParOldGen       total 87040K, used 43635K [0x0000000080000000, 0x0000000085500000, 0x00000000d5580000)
  object space 87040K, 50% used [0x0000000080000000,0x0000000082a9cd18,0x0000000085500000)
 Metaspace       used 45997K, capacity 48855K, committed 48984K, reserved 1091584K
  class space    used 6347K, capacity 6715K, committed 6744K, reserved 1048576K
GC Heap History (10 events):
Event: 24.523 GC heap before
{Heap before GC invocations=11 (full 2):
 PSYoungGen      total 104960K, used 9024K [0x00000000d5580000, 0x00000000deb80000, 0x0000000100000000)
  eden space 92160K, 0% used [0x00000000d5580000,0x00000000d5580000,0x00000000daf80000)
  from space 12800K, 70% used [0x00000000daf80000,0x00000000db8502a8,0x00000000dbc00000)
  to   space 12800K, 0% used [0x00000000ddf00000,0x00000000ddf00000,0x00000000deb80000)
 ParOldGen       total 59392K, used 13148K [0x0000000080000000, 0x0000000083a00000, 0x00000000d5580000)
  object space 59392K, 22% used [0x0000000080000000,0x0000000080cd72d0,0x0000000083a00000)
 Metaspace       used 34737K, capacity 35301K, committed 35416K, reserved 1079296K
  class space    used 4727K, capacity 4897K, committed 4952K, reserved 1048576K
Event: 24.642 GC heap after
Heap after GC invocations=11 (full 2):
 PSYoungGen      total 104960K, used 0K [0x00000000d5580000, 0x00000000deb80000, 0x0000000100000000)
  eden space 92160K, 0% used [0x00000000d5580000,0x00000000d5580000,0x00000000daf80000)
  from space 12800K, 0% used [0x00000000daf80000,0x00000000daf80000,0x00000000dbc00000)
  to   space 12800K, 0% used [0x00000000ddf00000,0x00000000ddf00000,0x00000000deb80000)
 ParOldGen       total 87040K, used 18800K [0x0000000080000000, 0x0000000085500000, 0x00000000d5580000)
  object space 87040K, 21% used [0x0000000080000000,0x000000008125c240,0x0000000085500000)
 Metaspace       used 34737K, capacity 35301K, committed 35416K, reserved 1079296K
  class space    used 4727K, capacity 4897K, committed 4952K, reserved 1048576K
}
Event: 26.637 GC heap before
{Heap before GC invocations=12 (full 2):
 PSYoungGen      total 104960K, used 92160K [0x00000000d5580000, 0x00000000deb80000, 0x0000000100000000)
  eden space 92160K, 100% used [0x00000000d5580000,0x00000000daf80000,0x00000000daf80000)
  from space 12800K, 0% used [0x00000000daf80000,0x00000000daf80000,0x00000000dbc00000)
  to   space 12800K, 0% used [0x00000000ddf00000,0x00000000ddf00000,0x00000000deb80000)
 ParOldGen       total 87040K, used 18800K [0x0000000080000000, 0x0000000085500000, 0x00000000d5580000)
  object space 87040K, 21% used [0x0000000080000000,0x000000008125c240,0x0000000085500000)
 Metaspace       used 39418K, capacity 40095K, committed 40280K, reserved 1083392K
  class space    used 5446K, capacity 5617K, committed 5720K, reserved 1048576K
Event: 26.653 GC heap after
Heap after GC invocations=12 (full 2):
 PSYoungGen      total 131584K, used 6368K [0x00000000d5580000, 0x00000000de680000, 0x0000000100000000)
  eden space 123904K, 0% used [0x00000000d5580000,0x00000000d5580000,0x00000000dce80000)
  from space 7680K, 82% used [0x00000000ddf00000,0x00000000de538088,0x00000000de680000)
  to   space 12288K, 0% used [0x00000000dce80000,0x00000000dce80000,0x00000000dda80000)
 ParOldGen       total 87040K, used 18808K [0x0000000080000000, 0x0000000085500000, 0x00000000d5580000)
  object space 87040K, 21% used [0x0000000080000000,0x000000008125e240,0x0000000085500000)
 Metaspace       used 39418K, capacity 40095K, committed 40280K, reserved 1083392K
  class space    used 5446K, capacity 5617K, committed 5720K, reserved 1048576K
}
Event: 29.622 GC heap before
{Heap before GC invocations=13 (full 2):
 PSYoungGen      total 131584K, used 130272K [0x00000000d5580000, 0x00000000de680000, 0x0000000100000000)
  eden space 123904K, 100% used [0x00000000d5580000,0x00000000dce80000,0x00000000dce80000)
  from space 7680K, 82% used [0x00000000ddf00000,0x00000000de538088,0x00000000de680000)
  to   space 12288K, 0% used [0x00000000dce80000,0x00000000dce80000,0x00000000dda80000)
 ParOldGen       total 87040K, used 18808K [0x0000000080000000, 0x0000000085500000, 0x00000000d5580000)
  object space 87040K, 21% used [0x0000000080000000,0x000000008125e240,0x0000000085500000)
 Metaspace       used 42589K, capacity 43379K, committed 43608K, reserved 1087488K
  class space    used 5898K, capacity 6171K, committed 6232K, reserved 1048576K
Event: 29.648 GC heap after
Heap after GC invocations=13 (full 2):
 PSYoungGen      total 136192K, used 11421K [0x00000000d5580000, 0x00000000e1200000, 0x0000000100000000)
  eden space 123904K, 0% used [0x00000000d5580000,0x00000000d5580000,0x00000000dce80000)
  from space 12288K, 92% used [0x00000000dce80000,0x00000000dd9a7470,0x00000000dda80000)
  to   space 13312K, 0% used [0x00000000e0500000,0x00000000e0500000,0x00000000e1200000)
 ParOldGen       total 87040K, used 22708K [0x0000000080000000, 0x0000000085500000, 0x00000000d5580000)
  object space 87040K, 26% used [0x0000000080000000,0x000000008162d0e0,0x0000000085500000)
 Metaspace       used 42589K, capacity 43379K, committed 43608K, reserved 1087488K
  class space    used 5898K, capacity 6171K, committed 6232K, reserved 1048576K
}
Event: 33.259 GC heap before
{Heap before GC invocations=14 (full 2):
 PSYoungGen      total 136192K, used 135325K [0x00000000d5580000, 0x00000000e1200000, 0x0000000100000000)
  eden space 123904K, 100% used [0x00000000d5580000,0x00000000dce80000,0x00000000dce80000)
  from space 12288K, 92% used [0x00000000dce80000,0x00000000dd9a7470,0x00000000dda80000)
  to   space 13312K, 0% used [0x00000000e0500000,0x00000000e0500000,0x00000000e1200000)
 ParOldGen       total 87040K, used 22708K [0x0000000080000000, 0x0000000085500000, 0x00000000d5580000)
  object space 87040K, 26% used [0x0000000080000000,0x000000008162d0e0,0x0000000085500000)
 Metaspace       used 44074K, capacity 45721K, committed 45784K, reserved 1089536K
  class space    used 6066K, capacity 6353K, committed 6360K, reserved 1048576K
Event: 33.315 GC heap after
Heap after GC invocations=14 (full 2):
 PSYoungGen      total 178688K, used 11738K [0x00000000d5580000, 0x00000000e1700000, 0x0000000100000000)
  eden space 165376K, 0% used [0x00000000d5580000,0x00000000d5580000,0x00000000df700000)
  from space 13312K, 88% used [0x00000000e0500000,0x00000000e1076a00,0x00000000e1200000)
  to   space 14336K, 0% used [0x00000000df700000,0x00000000df700000,0x00000000e0500000)
 ParOldGen       total 87040K, used 31824K [0x0000000080000000, 0x0000000085500000, 0x00000000d5580000)
  object space 87040K, 36% used [0x0000000080000000,0x0000000081f14170,0x0000000085500000)
 Metaspace       used 44074K, capacity 45721K, committed 45784K, reserved 1089536K
  class space    used 6066K, capacity 6353K, committed 6360K, reserved 1048576K
}
Event: 37.301 GC heap before
{Heap before GC invocations=15 (full 2):
 PSYoungGen      total 178688K, used 177114K [0x00000000d5580000, 0x00000000e1700000, 0x0000000100000000)
  eden space 165376K, 100% used [0x00000000d5580000,0x00000000df700000,0x00000000df700000)
  from space 13312K, 88% used [0x00000000e0500000,0x00000000e1076a00,0x00000000e1200000)
  to   space 14336K, 0% used [0x00000000df700000,0x00000000df700000,0x00000000e0500000)
 ParOldGen       total 87040K, used 31824K [0x0000000080000000, 0x0000000085500000, 0x00000000d5580000)
  object space 87040K, 36% used [0x0000000080000000,0x0000000081f14170,0x0000000085500000)
 Metaspace       used 45890K, capacity 48759K, committed 48984K, reserved 1091584K
  class space    used 6330K, capacity 6683K, committed 6744K, reserved 1048576K
Event: 37.345 GC heap after
Heap after GC invocations=15 (full 2):
 PSYoungGen      total 179712K, used 14320K [0x00000000d5580000, 0x00000000e1700000, 0x0000000100000000)
  eden space 165376K, 0% used [0x00000000d5580000,0x00000000d5580000,0x00000000df700000)
  from space 14336K, 99% used [0x00000000df700000,0x00000000e04fc010,0x00000000e0500000)
  to   space 13312K, 0% used [0x00000000e0500000,0x00000000e0500000,0x00000000e1200000)
 ParOldGen       total 87040K, used 43635K [0x0000000080000000, 0x0000000085500000, 0x00000000d5580000)
  object space 87040K, 50% used [0x0000000080000000,0x0000000082a9cd18,0x0000000085500000)
 Metaspace       used 45890K, capacity 48759K, committed 48984K, reserved 1091584K
  class space    used 6330K, capacity 6683K, committed 6744K, reserved 1048576K
}

