# JRE version: Java(TM) SE Runtime Environment (8.0_121-b13) (build 1.8.0_121-b13)
# Java VM: Java HotSpot(TM) 64-Bit Server VM (25.121-b13 mixed mode windows-amd64 compressed oops)
Heap:
 PSYoungGen      total 273920K, used 198735K [0x00000000d5580000, 0x00000000ebe80000, 0x0000000100000000)
  eden space 244736K, 81% used [0x00000000d5580000,0x00000000e1793f38,0x00000000e4480000)
  from space 29184K, 0% used [0x00000000e4480000,0x00000000e4480000,0x00000000e6100000)
  to   space 28160K, 0% used [0x00000000ea300000,0x00000000ea300000,0x00000000ebe80000)
 ParOldGen       total 182272K, used 81445K [0x0000000080000000, 0x000000008b200000, 0x00000000d5580000)
  object space 182272K, 44% used [0x0000000080000000,0x0000000084f89700,0x000000008b200000)
 Metaspace       used 49979K, capacity 53492K, committed 53720K, reserved 1095680K
  class space    used 6857K, capacity 7373K, committed 7384K, reserved 1048576K
GC Heap History (10 events):
Event: 25.846 GC heap before
{Heap before GC invocations=16 (full 2):
 PSYoungGen      total 148992K, used 148960K [0x00000000d5580000, 0x00000000e3500000, 0x0000000100000000)
  eden space 132096K, 100% used [0x00000000d5580000,0x00000000dd680000,0x00000000dd680000)
  from space 16896K, 99% used [0x00000000dd680000,0x00000000de6f8010,0x00000000de700000)
  to   space 22016K, 0% used [0x00000000e1f80000,0x00000000e1f80000,0x00000000e3500000)
 ParOldGen       total 87040K, used 26967K [0x0000000080000000, 0x0000000085500000, 0x00000000d5580000)
  object space 87040K, 30% used [0x0000000080000000,0x0000000081a55ed8,0x0000000085500000)
 Metaspace       used 43146K, capacity 46210K, committed 46424K, reserved 1089536K
  class space    used 5962K, capacity 6401K, committed 6488K, reserved 1048576K
Event: 25.900 GC heap after
Heap after GC invocations=16 (full 2):
 PSYoungGen      total 201216K, used 22000K [0x00000000d5580000, 0x00000000e3e80000, 0x0000000100000000)
  eden space 179200K, 0% used [0x00000000d5580000,0x00000000d5580000,0x00000000e0480000)
  from space 22016K, 99% used [0x00000000e1f80000,0x00000000e34fc030,0x00000000e3500000)
  to   space 27648K, 0% used [0x00000000e0480000,0x00000000e0480000,0x00000000e1f80000)
 ParOldGen       total 87040K, used 34036K [0x0000000080000000, 0x0000000085500000, 0x00000000d5580000)
  object space 87040K, 39% used [0x0000000080000000,0x000000008213d0f0,0x0000000085500000)
 Metaspace       used 43146K, capacity 46210K, committed 46424K, reserved 1089536K
  class space    used 5962K, capacity 6401K, committed 6488K, reserved 1048576K
}
Event: 30.659 GC heap before
{Heap before GC invocations=17 (full 2):
 PSYoungGen      total 201216K, used 201200K [0x00000000d5580000, 0x00000000e3e80000, 0x0000000100000000)
  eden space 179200K, 100% used [0x00000000d5580000,0x00000000e0480000,0x00000000e0480000)
  from space 22016K, 99% used [0x00000000e1f80000,0x00000000e34fc030,0x00000000e3500000)
  to   space 27648K, 0% used [0x00000000e0480000,0x00000000e0480000,0x00000000e1f80000)
 ParOldGen       total 87040K, used 34036K [0x0000000080000000, 0x0000000085500000, 0x00000000d5580000)
  object space 87040K, 39% used [0x0000000080000000,0x000000008213d0f0,0x0000000085500000)
 Metaspace       used 47079K, capacity 50334K, committed 50520K, reserved 1093632K
  class space    used 6490K, capacity 6951K, committed 7000K, reserved 1048576K
Event: 30.713 GC heap after
Heap after GC invocations=17 (full 2):
 PSYoungGen      total 206848K, used 22039K [0x00000000d5580000, 0x00000000e7e00000, 0x0000000100000000)
  eden space 179200K, 0% used [0x00000000d5580000,0x00000000d5580000,0x00000000e0480000)
  from space 27648K, 79% used [0x00000000e0480000,0x00000000e1a05f18,0x00000000e1f80000)
  to   space 29696K, 0% used [0x00000000e6100000,0x00000000e6100000,0x00000000e7e00000)
 ParOldGen       total 87040K, used 45674K [0x0000000080000000, 0x0000000085500000, 0x00000000d5580000)
  object space 87040K, 52% used [0x0000000080000000,0x0000000082c9abe8,0x0000000085500000)
 Metaspace       used 47079K, capacity 50334K, committed 50520K, reserved 1093632K
  class space    used 6490K, capacity 6951K, committed 7000K, reserved 1048576K
}
Event: 32.972 GC heap before
{Heap before GC invocations=18 (full 2):
 PSYoungGen      total 206848K, used 201239K [0x00000000d5580000, 0x00000000e7e00000, 0x0000000100000000)
  eden space 179200K, 100% used [0x00000000d5580000,0x00000000e0480000,0x00000000e0480000)
  from space 27648K, 79% used [0x00000000e0480000,0x00000000e1a05f18,0x00000000e1f80000)
  to   space 29696K, 0% used [0x00000000e6100000,0x00000000e6100000,0x00000000e7e00000)
 ParOldGen       total 87040K, used 45674K [0x0000000080000000, 0x0000000085500000, 0x00000000d5580000)
  object space 87040K, 52% used [0x0000000080000000,0x0000000082c9abe8,0x0000000085500000)
 Metaspace       used 47780K, capacity 51106K, committed 51160K, reserved 1093632K
  class space    used 6601K, capacity 7082K, committed 7128K, reserved 1048576K
Event: 33.043 GC heap after
Heap after GC invocations=18 (full 2):
 PSYoungGen      total 274432K, used 8064K [0x00000000d5580000, 0x00000000e7e80000, 0x0000000100000000)
  eden space 244736K, 0% used [0x00000000d5580000,0x00000000d5580000,0x00000000e4480000)
  from space 29696K, 27% used [0x00000000e6100000,0x00000000e68e0000,0x00000000e7e00000)
  to   space 29184K, 0% used [0x00000000e4480000,0x00000000e4480000,0x00000000e6100000)
 ParOldGen       total 87040K, used 65644K [0x0000000080000000, 0x0000000085500000, 0x00000000d5580000)
  object space 87040K, 75% used [0x0000000080000000,0x000000008401b388,0x0000000085500000)
 Metaspace       used 47780K, capacity 51106K, committed 51160K, reserved 1093632K
  class space    used 6601K, capacity 7082K, committed 7128K, reserved 1048576K
}
Event: 34.499 GC heap before
{Heap before GC invocations=19 (full 2):
 PSYoungGen      total 274432K, used 252800K [0x00000000d5580000, 0x00000000e7e80000, 0x0000000100000000)
  eden space 244736K, 100% used [0x00000000d5580000,0x00000000e4480000,0x00000000e4480000)
  from space 29696K, 27% used [0x00000000e6100000,0x00000000e68e0000,0x00000000e7e00000)
  to   space 29184K, 0% used [0x00000000e4480000,0x00000000e4480000,0x00000000e6100000)
 ParOldGen       total 87040K, used 65644K [0x0000000080000000, 0x0000000085500000, 0x00000000d5580000)
  object space 87040K, 75% used [0x0000000080000000,0x000000008401b388,0x0000000085500000)
 Metaspace       used 47930K, capacity 51378K, committed 51416K, reserved 1093632K
  class space    used 6615K, capacity 7106K, committed 7128K, reserved 1048576K
Event: 34.603 GC heap after
Heap after GC invocations=19 (full 2):
 PSYoungGen      total 273920K, used 10144K [0x00000000d5580000, 0x00000000ebe80000, 0x0000000100000000)
  eden space 244736K, 0% used [0x00000000d5580000,0x00000000d5580000,0x00000000e4480000)
  from space 29184K, 34% used [0x00000000e4480000,0x00000000e4e68000,0x00000000e6100000)
  to   space 28160K, 0% used [0x00000000ea300000,0x00000000ea300000,0x00000000ebe80000)
 ParOldGen       total 87040K, used 73336K [0x0000000080000000, 0x0000000085500000, 0x00000000d5580000)
  object space 87040K, 84% used [0x0000000080000000,0x000000008479e3a8,0x0000000085500000)
 Metaspace       used 47930K, capacity 51378K, committed 51416K, reserved 1093632K
  class space    used 6615K, capacity 7106K, committed 7128K, reserved 1048576K
}
Event: 34.603 GC heap before
{Heap before GC invocations=20 (full 3):
 PSYoungGen      total 273920K, used 10144K [0x00000000d5580000, 0x00000000ebe80000, 0x0000000100000000)
  eden space 244736K, 0% used [0x00000000d5580000,0x00000000d5580000,0x00000000e4480000)
  from space 29184K, 34% used [0x00000000e4480000,0x00000000e4e68000,0x00000000e6100000)
  to   space 28160K, 0% used [0x00000000ea300000,0x00000000ea300000,0x00000000ebe80000)
 ParOldGen       total 87040K, used 73336K [0x0000000080000000, 0x0000000085500000, 0x00000000d5580000)
  object space 87040K, 84% used [0x0000000080000000,0x000000008479e3a8,0x0000000085500000)
 Metaspace       used 47930K, capacity 51378K, committed 51416K, reserved 1093632K
  class space    used 6615K, capacity 7106K, committed 7128K, reserved 1048576K
Event: 36.157 GC heap after
Heap after GC invocations=20 (full 3):
 PSYoungGen      total 273920K, used 0K [0x00000000d5580000, 0x00000000ebe80000, 0x0000000100000000)
  eden space 244736K, 0% used [0x00000000d5580000,0x00000000d5580000,0x00000000e4480000)
  from space 29184K, 0% used [0x00000000e4480000,0x00000000e4480000,0x00000000e6100000)
  to   space 28160K, 0% used [0x00000000ea300000,0x00000000ea300000,0x00000000ebe80000)
 ParOldGen       total 182272K, used 81445K [0x0000000080000000, 0x000000008b200000, 0x00000000d5580000)
  object space 182272K, 44% used [0x0000000080000000,0x0000000084f89700,0x000000008b200000)
 Metaspace       used 47930K, capacity 51378K, committed 51416K, reserved 1093632K
  class space    used 6615K, capacity 7106K, committed 7128K, reserved 1048576K
}

