# JRE version: Java(TM) SE Runtime Environment (8.0_121-b13) (build 1.8.0_121-b13)
# Java VM: Java HotSpot(TM) 64-Bit Server VM (25.121-b13 mixed mode windows-amd64 compressed oops)
Heap:
 PSYoungGen      total 177152K, used 46840K [0x00000000d5580000, 0x00000000e4e80000, 0x0000000100000000)
  eden space 162816K, 19% used [0x00000000d5580000,0x00000000d753ff60,0x00000000df480000)
  from space 14336K, 99% used [0x00000000df480000,0x00000000e027e390,0x00000000e0280000)
  to   space 16384K, 0% used [0x00000000e3e80000,0x00000000e3e80000,0x00000000e4e80000)
 ParOldGen       total 88064K, used 20069K [0x0000000080000000, 0x0000000085600000, 0x00000000d5580000)
  object space 88064K, 22% used [0x0000000080000000,0x00000000813994c0,0x0000000085600000)
 Metaspace       used 39144K, capacity 40248K, committed 40536K, reserved 1083392K
  class space    used 5465K, capacity 5716K, committed 5760K, reserved 1048576K
GC Heap History (10 events):
Event: 9.847 GC heap before
{Heap before GC invocations=7 (full 1):
 PSYoungGen      total 71680K, used 71661K [0x00000000d5580000, 0x00000000dd200000, 0x0000000100000000)
  eden space 66560K, 100% used [0x00000000d5580000,0x00000000d9680000,0x00000000d9680000)
  from space 5120K, 99% used [0x00000000d9680000,0x00000000d9b7b6f0,0x00000000d9b80000)
  to   space 10752K, 0% used [0x00000000dc780000,0x00000000dc780000,0x00000000dd200000)
 ParOldGen       total 61952K, used 12187K [0x0000000080000000, 0x0000000083c80000, 0x00000000d5580000)
  object space 61952K, 19% used [0x0000000080000000,0x0000000080be6f28,0x0000000083c80000)
 Metaspace       used 29003K, capacity 29476K, committed 29568K, reserved 1075200K
  class space    used 4007K, capacity 4162K, committed 4224K, reserved 1048576K
Event: 9.859 GC heap after
Heap after GC invocations=7 (full 1):
 PSYoungGen      total 111616K, used 7320K [0x00000000d5580000, 0x00000000dcf00000, 0x0000000100000000)
  eden space 103936K, 0% used [0x00000000d5580000,0x00000000d5580000,0x00000000dbb00000)
  from space 7680K, 95% used [0x00000000dc780000,0x00000000dcea6260,0x00000000dcf00000)
  to   space 10240K, 0% used [0x00000000dbb00000,0x00000000dbb00000,0x00000000dc500000)
 ParOldGen       total 61952K, used 12259K [0x0000000080000000, 0x0000000083c80000, 0x00000000d5580000)
  object space 61952K, 19% used [0x0000000080000000,0x0000000080bf8f38,0x0000000083c80000)
 Metaspace       used 29003K, capacity 29476K, committed 29568K, reserved 1075200K
  class space    used 4007K, capacity 4162K, committed 4224K, reserved 1048576K
}
Event: 11.485 GC heap before
{Heap before GC invocations=8 (full 1):
 PSYoungGen      total 111616K, used 111256K [0x00000000d5580000, 0x00000000dcf00000, 0x0000000100000000)
  eden space 103936K, 100% used [0x00000000d5580000,0x00000000dbb00000,0x00000000dbb00000)
  from space 7680K, 95% used [0x00000000dc780000,0x00000000dcea6260,0x00000000dcf00000)
  to   space 10240K, 0% used [0x00000000dbb00000,0x00000000dbb00000,0x00000000dc500000)
 ParOldGen       total 61952K, used 12259K [0x0000000080000000, 0x0000000083c80000, 0x00000000d5580000)
  object space 61952K, 19% used [0x0000000080000000,0x0000000080bf8f38,0x0000000083c80000)
 Metaspace       used 33677K, capacity 34146K, committed 34304K, reserved 1079296K
  class space    used 4672K, capacity 4816K, committed 4864K, reserved 1048576K
Event: 11.509 GC heap after
Heap after GC invocations=8 (full 1):
 PSYoungGen      total 114176K, used 10208K [0x00000000d5580000, 0x00000000e0f80000, 0x0000000100000000)
  eden space 103936K, 0% used [0x00000000d5580000,0x00000000d5580000,0x00000000dbb00000)
  from space 10240K, 99% used [0x00000000dbb00000,0x00000000dc4f8010,0x00000000dc500000)
  to   space 13312K, 0% used [0x00000000e0280000,0x00000000e0280000,0x00000000e0f80000)
 ParOldGen       total 61952K, used 15641K [0x0000000080000000, 0x0000000083c80000, 0x00000000d5580000)
  object space 61952K, 25% used [0x0000000080000000,0x0000000080f46690,0x0000000083c80000)
 Metaspace       used 33677K, capacity 34146K, committed 34304K, reserved 1079296K
  class space    used 4672K, capacity 4816K, committed 4864K, reserved 1048576K
}
Event: 11.796 GC heap before
{Heap before GC invocations=9 (full 1):
 PSYoungGen      total 114176K, used 32896K [0x00000000d5580000, 0x00000000e0f80000, 0x0000000100000000)
  eden space 103936K, 21% used [0x00000000d5580000,0x00000000d6ba82e0,0x00000000dbb00000)
  from space 10240K, 99% used [0x00000000dbb00000,0x00000000dc4f8010,0x00000000dc500000)
  to   space 13312K, 0% used [0x00000000e0280000,0x00000000e0280000,0x00000000e0f80000)
 ParOldGen       total 61952K, used 15641K [0x0000000080000000, 0x0000000083c80000, 0x00000000d5580000)
  object space 61952K, 25% used [0x0000000080000000,0x0000000080f46690,0x0000000083c80000)
 Metaspace       used 34826K, capacity 35352K, committed 35416K, reserved 1079296K
  class space    used 4861K, capacity 4985K, committed 4992K, reserved 1048576K
Event: 11.825 GC heap after
Heap after GC invocations=9 (full 1):
 PSYoungGen      total 176128K, used 11974K [0x00000000d5580000, 0x00000000e2600000, 0x0000000100000000)
  eden space 162816K, 0% used [0x00000000d5580000,0x00000000d5580000,0x00000000df480000)
  from space 13312K, 89% used [0x00000000e0280000,0x00000000e0e31960,0x00000000e0f80000)
  to   space 14336K, 0% used [0x00000000df480000,0x00000000df480000,0x00000000e0280000)
 ParOldGen       total 61952K, used 15641K [0x0000000080000000, 0x0000000083c80000, 0x00000000d5580000)
  object space 61952K, 25% used [0x0000000080000000,0x0000000080f46690,0x0000000083c80000)
 Metaspace       used 34826K, capacity 35352K, committed 35416K, reserved 1079296K
  class space    used 4861K, capacity 4985K, committed 4992K, reserved 1048576K
}
Event: 11.825 GC heap before
{Heap before GC invocations=10 (full 2):
 PSYoungGen      total 176128K, used 11974K [0x00000000d5580000, 0x00000000e2600000, 0x0000000100000000)
  eden space 162816K, 0% used [0x00000000d5580000,0x00000000d5580000,0x00000000df480000)
  from space 13312K, 89% used [0x00000000e0280000,0x00000000e0e31960,0x00000000e0f80000)
  to   space 14336K, 0% used [0x00000000df480000,0x00000000df480000,0x00000000e0280000)
 ParOldGen       total 61952K, used 15641K [0x0000000080000000, 0x0000000083c80000, 0x00000000d5580000)
  object space 61952K, 25% used [0x0000000080000000,0x0000000080f46690,0x0000000083c80000)
 Metaspace       used 34826K, capacity 35352K, committed 35416K, reserved 1079296K
  class space    used 4861K, capacity 4985K, committed 4992K, reserved 1048576K
Event: 11.970 GC heap after
Heap after GC invocations=10 (full 2):
 PSYoungGen      total 176128K, used 0K [0x00000000d5580000, 0x00000000e2600000, 0x0000000100000000)
  eden space 162816K, 0% used [0x00000000d5580000,0x00000000d5580000,0x00000000df480000)
  from space 13312K, 0% used [0x00000000e0280000,0x00000000e0280000,0x00000000e0f80000)
  to   space 14336K, 0% used [0x00000000df480000,0x00000000df480000,0x00000000e0280000)
 ParOldGen       total 88064K, used 19180K [0x0000000080000000, 0x0000000085600000, 0x00000000d5580000)
  object space 88064K, 21% used [0x0000000080000000,0x00000000812bb008,0x0000000085600000)
 Metaspace       used 34826K, capacity 35352K, committed 35416K, reserved 1079296K
  class space    used 4861K, capacity 4985K, committed 4992K, reserved 1048576K
}
Event: 14.525 GC heap before
{Heap before GC invocations=11 (full 2):
 PSYoungGen      total 176128K, used 162816K [0x00000000d5580000, 0x00000000e2600000, 0x0000000100000000)
  eden space 162816K, 100% used [0x00000000d5580000,0x00000000df480000,0x00000000df480000)
  from space 13312K, 0% used [0x00000000e0280000,0x00000000e0280000,0x00000000e0f80000)
  to   space 14336K, 0% used [0x00000000df480000,0x00000000df480000,0x00000000e0280000)
 ParOldGen       total 88064K, used 19180K [0x0000000080000000, 0x0000000085600000, 0x00000000d5580000)
  object space 88064K, 21% used [0x0000000080000000,0x00000000812bb008,0x0000000085600000)
 Metaspace       used 38864K, capacity 39734K, committed 39896K, reserved 1083392K
  class space    used 5437K, capacity 5624K, committed 5632K, reserved 1048576K
Event: 14.559 GC heap after
Heap after GC invocations=11 (full 2):
 PSYoungGen      total 177152K, used 14328K [0x00000000d5580000, 0x00000000e4e80000, 0x0000000100000000)
  eden space 162816K, 0% used [0x00000000d5580000,0x00000000d5580000,0x00000000df480000)
  from space 14336K, 99% used [0x00000000df480000,0x00000000e027e390,0x00000000e0280000)
  to   space 16384K, 0% used [0x00000000e3e80000,0x00000000e3e80000,0x00000000e4e80000)
 ParOldGen       total 88064K, used 20069K [0x0000000080000000, 0x0000000085600000, 0x00000000d5580000)
  object space 88064K, 22% used [0x0000000080000000,0x00000000813994c0,0x0000000085600000)
 Metaspace       used 38864K, capacity 39734K, committed 39896K, reserved 1083392K
  class space    used 5437K, capacity 5624K, committed 5632K, reserved 1048576K
}

