# JRE version: Java(TM) SE Runtime Environment (8.0_121-b13) (build 1.8.0_121-b13)
# Java VM: Java HotSpot(TM) 64-Bit Server VM (25.121-b13 mixed mode windows-amd64 compressed oops)
Heap:
 PSYoungGen      total 73728K, used 14084K [0x00000000d5580000, 0x00000000db200000, 0x0000000100000000)
  eden space 61440K, 22% used [0x00000000d5580000,0x00000000d63412f0,0x00000000d9180000)
  from space 12288K, 0% used [0x00000000d9f80000,0x00000000d9f80000,0x00000000dab80000)
  to   space 14336K, 0% used [0x00000000d9180000,0x00000000d9180000,0x00000000d9f80000)
 ParOldGen       total 66560K, used 19705K [0x0000000080000000, 0x0000000084100000, 0x00000000d5580000)
  object space 66560K, 29% used [0x0000000080000000,0x000000008133e5a8,0x0000000084100000)
 Metaspace       used 35568K, capacity 36090K, committed 36440K, reserved 1081344K
  class space    used 4976K, capacity 5149K, committed 5248K, reserved 1048576K
GC Heap History (10 events):
Event: 8.646 GC heap before
{Heap before GC invocations=8 (full 1):
 PSYoungGen      total 58368K, used 52532K [0x00000000d5580000, 0x00000000d9a00000, 0x0000000100000000)
  eden space 47616K, 100% used [0x00000000d5580000,0x00000000d8400000,0x00000000d8400000)
  from space 10752K, 45% used [0x00000000d8e80000,0x00000000d934d190,0x00000000d9900000)
  to   space 10752K, 0% used [0x00000000d8400000,0x00000000d8400000,0x00000000d8e80000)
 ParOldGen       total 66560K, used 9650K [0x0000000080000000, 0x0000000084100000, 0x00000000d5580000)
  object space 66560K, 14% used [0x0000000080000000,0x000000008096cbc0,0x0000000084100000)
 Metaspace       used 28823K, capacity 29332K, committed 29568K, reserved 1075200K
  class space    used 4006K, capacity 4162K, committed 4224K, reserved 1048576K
Event: 8.657 GC heap after
Heap after GC invocations=8 (full 1):
 PSYoungGen      total 58368K, used 7083K [0x00000000d5580000, 0x00000000d9a00000, 0x0000000100000000)
  eden space 47616K, 0% used [0x00000000d5580000,0x00000000d5580000,0x00000000d8400000)
  from space 10752K, 65% used [0x00000000d8400000,0x00000000d8aeac40,0x00000000d8e80000)
  to   space 10752K, 0% used [0x00000000d8e80000,0x00000000d8e80000,0x00000000d9900000)
 ParOldGen       total 66560K, used 9658K [0x0000000080000000, 0x0000000084100000, 0x00000000d5580000)
  object space 66560K, 14% used [0x0000000080000000,0x000000008096ebc0,0x0000000084100000)
 Metaspace       used 28823K, capacity 29332K, committed 29568K, reserved 1075200K
  class space    used 4006K, capacity 4162K, committed 4224K, reserved 1048576K
}
Event: 10.194 GC heap before
{Heap before GC invocations=9 (full 1):
 PSYoungGen      total 58368K, used 54699K [0x00000000d5580000, 0x00000000d9a00000, 0x0000000100000000)
  eden space 47616K, 100% used [0x00000000d5580000,0x00000000d8400000,0x00000000d8400000)
  from space 10752K, 65% used [0x00000000d8400000,0x00000000d8aeac40,0x00000000d8e80000)
  to   space 10752K, 0% used [0x00000000d8e80000,0x00000000d8e80000,0x00000000d9900000)
 ParOldGen       total 66560K, used 9658K [0x0000000080000000, 0x0000000084100000, 0x00000000d5580000)
  object space 66560K, 14% used [0x0000000080000000,0x000000008096ebc0,0x0000000084100000)
 Metaspace       used 29998K, capacity 30536K, committed 30720K, reserved 1075200K
  class space    used 4128K, capacity 4264K, committed 4352K, reserved 1048576K
Event: 10.208 GC heap after
Heap after GC invocations=9 (full 1):
 PSYoungGen      total 58368K, used 8894K [0x00000000d5580000, 0x00000000d9a00000, 0x0000000100000000)
  eden space 47616K, 0% used [0x00000000d5580000,0x00000000d5580000,0x00000000d8400000)
  from space 10752K, 82% used [0x00000000d8e80000,0x00000000d972fa90,0x00000000d9900000)
  to   space 10752K, 0% used [0x00000000d8400000,0x00000000d8400000,0x00000000d8e80000)
 ParOldGen       total 66560K, used 9666K [0x0000000080000000, 0x0000000084100000, 0x00000000d5580000)
  object space 66560K, 14% used [0x0000000080000000,0x0000000080970bc0,0x0000000084100000)
 Metaspace       used 29998K, capacity 30536K, committed 30720K, reserved 1075200K
  class space    used 4128K, capacity 4264K, committed 4352K, reserved 1048576K
}
Event: 11.154 GC heap before
{Heap before GC invocations=10 (full 1):
 PSYoungGen      total 58368K, used 56510K [0x00000000d5580000, 0x00000000d9a00000, 0x0000000100000000)
  eden space 47616K, 100% used [0x00000000d5580000,0x00000000d8400000,0x00000000d8400000)
  from space 10752K, 82% used [0x00000000d8e80000,0x00000000d972fa90,0x00000000d9900000)
  to   space 10752K, 0% used [0x00000000d8400000,0x00000000d8400000,0x00000000d8e80000)
 ParOldGen       total 66560K, used 9666K [0x0000000080000000, 0x0000000084100000, 0x00000000d5580000)
  object space 66560K, 14% used [0x0000000080000000,0x0000000080970bc0,0x0000000084100000)
 Metaspace       used 32401K, capacity 32916K, committed 33024K, reserved 1077248K
  class space    used 4465K, capacity 4587K, committed 4608K, reserved 1048576K
Event: 11.178 GC heap after
Heap after GC invocations=10 (full 1):
 PSYoungGen      total 58368K, used 10722K [0x00000000d5580000, 0x00000000dab80000, 0x0000000100000000)
  eden space 47616K, 0% used [0x00000000d5580000,0x00000000d5580000,0x00000000d8400000)
  from space 10752K, 99% used [0x00000000d8400000,0x00000000d8e788e0,0x00000000d8e80000)
  to   space 12288K, 0% used [0x00000000d9f80000,0x00000000d9f80000,0x00000000dab80000)
 ParOldGen       total 66560K, used 9925K [0x0000000080000000, 0x0000000084100000, 0x00000000d5580000)
  object space 66560K, 14% used [0x0000000080000000,0x00000000809b1778,0x0000000084100000)
 Metaspace       used 32401K, capacity 32916K, committed 33024K, reserved 1077248K
  class space    used 4465K, capacity 4587K, committed 4608K, reserved 1048576K
}
Event: 11.826 GC heap before
{Heap before GC invocations=11 (full 1):
 PSYoungGen      total 58368K, used 54189K [0x00000000d5580000, 0x00000000dab80000, 0x0000000100000000)
  eden space 47616K, 91% used [0x00000000d5580000,0x00000000d7ff2e48,0x00000000d8400000)
  from space 10752K, 99% used [0x00000000d8400000,0x00000000d8e788e0,0x00000000d8e80000)
  to   space 12288K, 0% used [0x00000000d9f80000,0x00000000d9f80000,0x00000000dab80000)
 ParOldGen       total 66560K, used 9925K [0x0000000080000000, 0x0000000084100000, 0x00000000d5580000)
  object space 66560K, 14% used [0x0000000080000000,0x00000000809b1778,0x0000000084100000)
 Metaspace       used 34818K, capacity 35336K, committed 35416K, reserved 1079296K
  class space    used 4861K, capacity 4985K, committed 4992K, reserved 1048576K
Event: 11.849 GC heap after
Heap after GC invocations=11 (full 1):
 PSYoungGen      total 73728K, used 12267K [0x00000000d5580000, 0x00000000db200000, 0x0000000100000000)
  eden space 61440K, 0% used [0x00000000d5580000,0x00000000d5580000,0x00000000d9180000)
  from space 12288K, 99% used [0x00000000d9f80000,0x00000000dab7ac08,0x00000000dab80000)
  to   space 14336K, 0% used [0x00000000d9180000,0x00000000d9180000,0x00000000d9f80000)
 ParOldGen       total 66560K, used 11014K [0x0000000080000000, 0x0000000084100000, 0x00000000d5580000)
  object space 66560K, 16% used [0x0000000080000000,0x0000000080ac1900,0x0000000084100000)
 Metaspace       used 34818K, capacity 35336K, committed 35416K, reserved 1079296K
  class space    used 4861K, capacity 4985K, committed 4992K, reserved 1048576K
}
Event: 11.849 GC heap before
{Heap before GC invocations=12 (full 2):
 PSYoungGen      total 73728K, used 12267K [0x00000000d5580000, 0x00000000db200000, 0x0000000100000000)
  eden space 61440K, 0% used [0x00000000d5580000,0x00000000d5580000,0x00000000d9180000)
  from space 12288K, 99% used [0x00000000d9f80000,0x00000000dab7ac08,0x00000000dab80000)
  to   space 14336K, 0% used [0x00000000d9180000,0x00000000d9180000,0x00000000d9f80000)
 ParOldGen       total 66560K, used 11014K [0x0000000080000000, 0x0000000084100000, 0x00000000d5580000)
  object space 66560K, 16% used [0x0000000080000000,0x0000000080ac1900,0x0000000084100000)
 Metaspace       used 34818K, capacity 35336K, committed 35416K, reserved 1079296K
  class space    used 4861K, capacity 4985K, committed 4992K, reserved 1048576K
Event: 12.003 GC heap after
Heap after GC invocations=12 (full 2):
 PSYoungGen      total 73728K, used 0K [0x00000000d5580000, 0x00000000db200000, 0x0000000100000000)
  eden space 61440K, 0% used [0x00000000d5580000,0x00000000d5580000,0x00000000d9180000)
  from space 12288K, 0% used [0x00000000d9f80000,0x00000000d9f80000,0x00000000dab80000)
  to   space 14336K, 0% used [0x00000000d9180000,0x00000000d9180000,0x00000000d9f80000)
 ParOldGen       total 66560K, used 19705K [0x0000000080000000, 0x0000000084100000, 0x00000000d5580000)
  object space 66560K, 29% used [0x0000000080000000,0x000000008133e5a8,0x0000000084100000)
 Metaspace       used 34818K, capacity 35336K, committed 35416K, reserved 1079296K
  class space    used 4861K, capacity 4985K, committed 4992K, reserved 1048576K
}

