# JRE version: Java(TM) SE Runtime Environment (8.0_121-b13) (build 1.8.0_121-b13)
# Java VM: Java HotSpot(TM) 64-Bit Server VM (25.121-b13 mixed mode windows-amd64 compressed oops)
Heap:
 PSYoungGen      total 246272K, used 182785K [0x00000000eab00000, 0x00000000fb400000, 0x0000000100000000)
  eden space 221184K, 76% used [0x00000000eab00000,0x00000000f4fe4740,0x00000000f8300000)
  from space 25088K, 55% used [0x00000000f8300000,0x00000000f909c050,0x00000000f9b80000)
  to   space 23040K, 0% used [0x00000000f9d80000,0x00000000f9d80000,0x00000000fb400000)
 ParOldGen       total 156672K, used 48604K [0x00000000c0000000, 0x00000000c9900000, 0x00000000eab00000)
  object space 156672K, 31% used [0x00000000c0000000,0x00000000c2f771f0,0x00000000c9900000)
 Metaspace       used 48629K, capacity 52282K, committed 52312K, reserved 1095680K
  class space    used 6514K, capacity 7016K, committed 7040K, reserved 1048576K
GC Heap History (10 events):
Event: 152.590 GC heap before
{Heap before GC invocations=16 (full 2):
 PSYoungGen      total 161280K, used 161248K [0x00000000eab00000, 0x00000000f8080000, 0x0000000100000000)
  eden space 144896K, 100% used [0x00000000eab00000,0x00000000f3880000,0x00000000f3880000)
  from space 16384K, 99% used [0x00000000f3880000,0x00000000f4878040,0x00000000f4880000)
  to   space 20480K, 0% used [0x00000000f6c80000,0x00000000f6c80000,0x00000000f8080000)
 ParOldGen       total 93696K, used 43384K [0x00000000c0000000, 0x00000000c5b80000, 0x00000000eab00000)
  object space 93696K, 46% used [0x00000000c0000000,0x00000000c2a5e0d0,0x00000000c5b80000)
 Metaspace       used 44018K, capacity 47090K, committed 47192K, reserved 1089536K
  class space    used 6127K, capacity 6528K, committed 6528K, reserved 1048576K
Event: 152.643 GC heap after
Heap after GC invocations=16 (full 2):
 PSYoungGen      total 188928K, used 11312K [0x00000000eab00000, 0x00000000f7b80000, 0x0000000100000000)
  eden space 173568K, 0% used [0x00000000eab00000,0x00000000eab00000,0x00000000f5480000)
  from space 15360K, 73% used [0x00000000f6c80000,0x00000000f778c030,0x00000000f7b80000)
  to   space 19968K, 0% used [0x00000000f5480000,0x00000000f5480000,0x00000000f6800000)
 ParOldGen       total 93696K, used 59801K [0x00000000c0000000, 0x00000000c5b80000, 0x00000000eab00000)
  object space 93696K, 63% used [0x00000000c0000000,0x00000000c3a66690,0x00000000c5b80000)
 Metaspace       used 44018K, capacity 47090K, committed 47192K, reserved 1089536K
  class space    used 6127K, capacity 6528K, committed 6528K, reserved 1048576K
}
Event: 155.696 GC heap before
{Heap before GC invocations=17 (full 2):
 PSYoungGen      total 188928K, used 184880K [0x00000000eab00000, 0x00000000f7b80000, 0x0000000100000000)
  eden space 173568K, 100% used [0x00000000eab00000,0x00000000f5480000,0x00000000f5480000)
  from space 15360K, 73% used [0x00000000f6c80000,0x00000000f778c030,0x00000000f7b80000)
  to   space 19968K, 0% used [0x00000000f5480000,0x00000000f5480000,0x00000000f6800000)
 ParOldGen       total 93696K, used 59801K [0x00000000c0000000, 0x00000000c5b80000, 0x00000000eab00000)
  object space 93696K, 63% used [0x00000000c0000000,0x00000000c3a66690,0x00000000c5b80000)
 Metaspace       used 47632K, capacity 51168K, committed 51288K, reserved 1093632K
  class space    used 6476K, capacity 6953K, committed 7040K, reserved 1048576K
Event: 155.771 GC heap after
Heap after GC invocations=17 (full 2):
 PSYoungGen      total 193536K, used 19936K [0x00000000eab00000, 0x00000000fb680000, 0x0000000100000000)
  eden space 173568K, 0% used [0x00000000eab00000,0x00000000eab00000,0x00000000f5480000)
  from space 19968K, 99% used [0x00000000f5480000,0x00000000f67f8040,0x00000000f6800000)
  to   space 25600K, 0% used [0x00000000f9d80000,0x00000000f9d80000,0x00000000fb680000)
 ParOldGen       total 93696K, used 67745K [0x00000000c0000000, 0x00000000c5b80000, 0x00000000eab00000)
  object space 93696K, 72% used [0x00000000c0000000,0x00000000c4228440,0x00000000c5b80000)
 Metaspace       used 47632K, capacity 51168K, committed 51288K, reserved 1093632K
  class space    used 6476K, capacity 6953K, committed 7040K, reserved 1048576K
}
Event: 163.108 GC heap before
{Heap before GC invocations=18 (full 2):
 PSYoungGen      total 193536K, used 193504K [0x00000000eab00000, 0x00000000fb680000, 0x0000000100000000)
  eden space 173568K, 100% used [0x00000000eab00000,0x00000000f5480000,0x00000000f5480000)
  from space 19968K, 99% used [0x00000000f5480000,0x00000000f67f8040,0x00000000f6800000)
  to   space 25600K, 0% used [0x00000000f9d80000,0x00000000f9d80000,0x00000000fb680000)
 ParOldGen       total 93696K, used 67745K [0x00000000c0000000, 0x00000000c5b80000, 0x00000000eab00000)
  object space 93696K, 72% used [0x00000000c0000000,0x00000000c4228440,0x00000000c5b80000)
 Metaspace       used 48021K, capacity 51692K, committed 51800K, reserved 1093632K
  class space    used 6500K, capacity 7003K, committed 7040K, reserved 1048576K
Event: 163.166 GC heap after
Heap after GC invocations=18 (full 2):
 PSYoungGen      total 244224K, used 14032K [0x00000000eab00000, 0x00000000fb400000, 0x0000000100000000)
  eden space 221184K, 0% used [0x00000000eab00000,0x00000000eab00000,0x00000000f8300000)
  from space 23040K, 60% used [0x00000000f9d80000,0x00000000fab34030,0x00000000fb400000)
  to   space 25088K, 0% used [0x00000000f8300000,0x00000000f8300000,0x00000000f9b80000)
 ParOldGen       total 93696K, used 86261K [0x00000000c0000000, 0x00000000c5b80000, 0x00000000eab00000)
  object space 93696K, 92% used [0x00000000c0000000,0x00000000c543d558,0x00000000c5b80000)
 Metaspace       used 48021K, capacity 51692K, committed 51800K, reserved 1093632K
  class space    used 6500K, capacity 7003K, committed 7040K, reserved 1048576K
}
Event: 163.166 GC heap before
{Heap before GC invocations=19 (full 3):
 PSYoungGen      total 244224K, used 14032K [0x00000000eab00000, 0x00000000fb400000, 0x0000000100000000)
  eden space 221184K, 0% used [0x00000000eab00000,0x00000000eab00000,0x00000000f8300000)
  from space 23040K, 60% used [0x00000000f9d80000,0x00000000fab34030,0x00000000fb400000)
  to   space 25088K, 0% used [0x00000000f8300000,0x00000000f8300000,0x00000000f9b80000)
 ParOldGen       total 93696K, used 86261K [0x00000000c0000000, 0x00000000c5b80000, 0x00000000eab00000)
  object space 93696K, 92% used [0x00000000c0000000,0x00000000c543d558,0x00000000c5b80000)
 Metaspace       used 48021K, capacity 51692K, committed 51800K, reserved 1093632K
  class space    used 6500K, capacity 7003K, committed 7040K, reserved 1048576K
Event: 163.608 GC heap after
Heap after GC invocations=19 (full 3):
 PSYoungGen      total 244224K, used 0K [0x00000000eab00000, 0x00000000fb400000, 0x0000000100000000)
  eden space 221184K, 0% used [0x00000000eab00000,0x00000000eab00000,0x00000000f8300000)
  from space 23040K, 0% used [0x00000000f9d80000,0x00000000f9d80000,0x00000000fb400000)
  to   space 25088K, 0% used [0x00000000f8300000,0x00000000f8300000,0x00000000f9b80000)
 ParOldGen       total 156672K, used 48596K [0x00000000c0000000, 0x00000000c9900000, 0x00000000eab00000)
  object space 156672K, 31% used [0x00000000c0000000,0x00000000c2f751f0,0x00000000c9900000)
 Metaspace       used 48021K, capacity 51692K, committed 51800K, reserved 1093632K
  class space    used 6500K, capacity 7003K, committed 7040K, reserved 1048576K
}
Event: 300.842 GC heap before
{Heap before GC invocations=20 (full 3):
 PSYoungGen      total 244224K, used 221184K [0x00000000eab00000, 0x00000000fb400000, 0x0000000100000000)
  eden space 221184K, 100% used [0x00000000eab00000,0x00000000f8300000,0x00000000f8300000)
  from space 23040K, 0% used [0x00000000f9d80000,0x00000000f9d80000,0x00000000fb400000)
  to   space 25088K, 0% used [0x00000000f8300000,0x00000000f8300000,0x00000000f9b80000)
 ParOldGen       total 156672K, used 48596K [0x00000000c0000000, 0x00000000c9900000, 0x00000000eab00000)
  object space 156672K, 31% used [0x00000000c0000000,0x00000000c2f751f0,0x00000000c9900000)
 Metaspace       used 48475K, capacity 52090K, committed 52312K, reserved 1095680K
  class space    used 6514K, capacity 7016K, committed 7040K, reserved 1048576K
Event: 300.871 GC heap after
Heap after GC invocations=20 (full 3):
 PSYoungGen      total 246272K, used 13936K [0x00000000eab00000, 0x00000000fb400000, 0x0000000100000000)
  eden space 221184K, 0% used [0x00000000eab00000,0x00000000eab00000,0x00000000f8300000)
  from space 25088K, 55% used [0x00000000f8300000,0x00000000f909c050,0x00000000f9b80000)
  to   space 23040K, 0% used [0x00000000f9d80000,0x00000000f9d80000,0x00000000fb400000)
 ParOldGen       total 156672K, used 48604K [0x00000000c0000000, 0x00000000c9900000, 0x00000000eab00000)
  object space 156672K, 31% used [0x00000000c0000000,0x00000000c2f771f0,0x00000000c9900000)
 Metaspace       used 48475K, capacity 52090K, committed 52312K, reserved 1095680K
  class space    used 6514K, capacity 7016K, committed 7040K, reserved 1048576K
}

