# JRE version: Java(TM) SE Runtime Environment (8.0_121-b13) (build 1.8.0_121-b13)
# Java VM: Java HotSpot(TM) 64-Bit Server VM (25.121-b13 mixed mode windows-amd64 compressed oops)
Heap:
 PSYoungGen      total 111616K, used 27911K [0x00000000eab00000, 0x00000000f2900000, 0x0000000100000000)
  eden space 100352K, 19% used [0x00000000eab00000,0x00000000ebe5c028,0x00000000f0d00000)
  from space 11264K, 71% used [0x00000000f1800000,0x00000000f1fe5ec0,0x00000000f2300000)
  to   space 11264K, 0% used [0x00000000f0d00000,0x00000000f0d00000,0x00000000f1800000)
 ParOldGen       total 99328K, used 31114K [0x00000000c0000000, 0x00000000c6100000, 0x00000000eab00000)
  object space 99328K, 31% used [0x00000000c0000000,0x00000000c1e62be8,0x00000000c6100000)
 Metaspace       used 39729K, capacity 41370K, committed 41688K, reserved 1085440K
  class space    used 5538K, capacity 5813K, committed 5888K, reserved 1048576K
GC Heap History (10 events):
Event: 14.048 GC heap before
{Heap before GC invocations=12 (full 1):
 PSYoungGen      total 70144K, used 40619K [0x00000000eab00000, 0x00000000ef900000, 0x0000000100000000)
  eden space 60416K, 56% used [0x00000000eab00000,0x00000000ecc93880,0x00000000ee600000)
  from space 9728K, 64% used [0x00000000eef00000,0x00000000ef517750,0x00000000ef880000)
  to   space 9216K, 0% used [0x00000000ee600000,0x00000000ee600000,0x00000000eef00000)
 ParOldGen       total 64512K, used 14667K [0x00000000c0000000, 0x00000000c3f00000, 0x00000000eab00000)
  object space 64512K, 22% used [0x00000000c0000000,0x00000000c0e52d80,0x00000000c3f00000)
 Metaspace       used 34858K, capacity 35336K, committed 35416K, reserved 1079296K
  class space    used 4863K, capacity 4985K, committed 4992K, reserved 1048576K
Event: 14.066 GC heap after
Heap after GC invocations=12 (full 1):
 PSYoungGen      total 69632K, used 2756K [0x00000000eab00000, 0x00000000f1200000, 0x0000000100000000)
  eden space 60416K, 0% used [0x00000000eab00000,0x00000000eab00000,0x00000000ee600000)
  from space 9216K, 29% used [0x00000000ee600000,0x00000000ee8b1230,0x00000000eef00000)
  to   space 9728K, 0% used [0x00000000f0880000,0x00000000f0880000,0x00000000f1200000)
 ParOldGen       total 64512K, used 20019K [0x00000000c0000000, 0x00000000c3f00000, 0x00000000eab00000)
  object space 64512K, 31% used [0x00000000c0000000,0x00000000c138cc80,0x00000000c3f00000)
 Metaspace       used 34858K, capacity 35336K, committed 35416K, reserved 1079296K
  class space    used 4863K, capacity 4985K, committed 4992K, reserved 1048576K
}
Event: 14.066 GC heap before
{Heap before GC invocations=13 (full 2):
 PSYoungGen      total 69632K, used 2756K [0x00000000eab00000, 0x00000000f1200000, 0x0000000100000000)
  eden space 60416K, 0% used [0x00000000eab00000,0x00000000eab00000,0x00000000ee600000)
  from space 9216K, 29% used [0x00000000ee600000,0x00000000ee8b1230,0x00000000eef00000)
  to   space 9728K, 0% used [0x00000000f0880000,0x00000000f0880000,0x00000000f1200000)
 ParOldGen       total 64512K, used 20019K [0x00000000c0000000, 0x00000000c3f00000, 0x00000000eab00000)
  object space 64512K, 31% used [0x00000000c0000000,0x00000000c138cc80,0x00000000c3f00000)
 Metaspace       used 34858K, capacity 35336K, committed 35416K, reserved 1079296K
  class space    used 4863K, capacity 4985K, committed 4992K, reserved 1048576K
Event: 14.246 GC heap after
Heap after GC invocations=13 (full 2):
 PSYoungGen      total 69632K, used 0K [0x00000000eab00000, 0x00000000f1200000, 0x0000000100000000)
  eden space 60416K, 0% used [0x00000000eab00000,0x00000000eab00000,0x00000000ee600000)
  from space 9216K, 0% used [0x00000000ee600000,0x00000000ee600000,0x00000000eef00000)
  to   space 9728K, 0% used [0x00000000f0880000,0x00000000f0880000,0x00000000f1200000)
 ParOldGen       total 99328K, used 19268K [0x00000000c0000000, 0x00000000c6100000, 0x00000000eab00000)
  object space 99328K, 19% used [0x00000000c0000000,0x00000000c12d11d0,0x00000000c6100000)
 Metaspace       used 34858K, capacity 35336K, committed 35416K, reserved 1079296K
  class space    used 4863K, capacity 4985K, committed 4992K, reserved 1048576K
}
Event: 15.079 GC heap before
{Heap before GC invocations=14 (full 2):
 PSYoungGen      total 69632K, used 60416K [0x00000000eab00000, 0x00000000f1200000, 0x0000000100000000)
  eden space 60416K, 100% used [0x00000000eab00000,0x00000000ee600000,0x00000000ee600000)
  from space 9216K, 0% used [0x00000000ee600000,0x00000000ee600000,0x00000000eef00000)
  to   space 9728K, 0% used [0x00000000f0880000,0x00000000f0880000,0x00000000f1200000)
 ParOldGen       total 99328K, used 19268K [0x00000000c0000000, 0x00000000c6100000, 0x00000000eab00000)
  object space 99328K, 19% used [0x00000000c0000000,0x00000000c12d11d0,0x00000000c6100000)
 Metaspace       used 36201K, capacity 36784K, committed 37080K, reserved 1081344K
  class space    used 5081K, capacity 5251K, committed 5376K, reserved 1048576K
Event: 15.090 GC heap after
Heap after GC invocations=14 (full 2):
 PSYoungGen      total 83968K, used 5901K [0x00000000eab00000, 0x00000000f0e80000, 0x0000000100000000)
  eden space 77824K, 0% used [0x00000000eab00000,0x00000000eab00000,0x00000000ef700000)
  from space 6144K, 96% used [0x00000000f0880000,0x00000000f0e43440,0x00000000f0e80000)
  to   space 9216K, 0% used [0x00000000efc80000,0x00000000efc80000,0x00000000f0580000)
 ParOldGen       total 99328K, used 19276K [0x00000000c0000000, 0x00000000c6100000, 0x00000000eab00000)
  object space 99328K, 19% used [0x00000000c0000000,0x00000000c12d31d0,0x00000000c6100000)
 Metaspace       used 36201K, capacity 36784K, committed 37080K, reserved 1081344K
  class space    used 5081K, capacity 5251K, committed 5376K, reserved 1048576K
}
Event: 16.435 GC heap before
{Heap before GC invocations=15 (full 2):
 PSYoungGen      total 83968K, used 83725K [0x00000000eab00000, 0x00000000f0e80000, 0x0000000100000000)
  eden space 77824K, 100% used [0x00000000eab00000,0x00000000ef700000,0x00000000ef700000)
  from space 6144K, 96% used [0x00000000f0880000,0x00000000f0e43440,0x00000000f0e80000)
  to   space 9216K, 0% used [0x00000000efc80000,0x00000000efc80000,0x00000000f0580000)
 ParOldGen       total 99328K, used 19276K [0x00000000c0000000, 0x00000000c6100000, 0x00000000eab00000)
  object space 99328K, 19% used [0x00000000c0000000,0x00000000c12d31d0,0x00000000c6100000)
 Metaspace       used 38526K, capacity 39350K, committed 39512K, reserved 1083392K
  class space    used 5420K, capacity 5634K, committed 5760K, reserved 1048576K
Event: 16.457 GC heap after
Heap after GC invocations=15 (full 2):
 PSYoungGen      total 92672K, used 9200K [0x00000000eab00000, 0x00000000f2300000, 0x0000000100000000)
  eden space 83456K, 0% used [0x00000000eab00000,0x00000000eab00000,0x00000000efc80000)
  from space 9216K, 99% used [0x00000000efc80000,0x00000000f057c020,0x00000000f0580000)
  to   space 11264K, 0% used [0x00000000f1800000,0x00000000f1800000,0x00000000f2300000)
 ParOldGen       total 99328K, used 21914K [0x00000000c0000000, 0x00000000c6100000, 0x00000000eab00000)
  object space 99328K, 22% used [0x00000000c0000000,0x00000000c1566b48,0x00000000c6100000)
 Metaspace       used 38526K, capacity 39350K, committed 39512K, reserved 1083392K
  class space    used 5420K, capacity 5634K, committed 5760K, reserved 1048576K
}
Event: 18.876 GC heap before
{Heap before GC invocations=16 (full 2):
 PSYoungGen      total 92672K, used 92656K [0x00000000eab00000, 0x00000000f2300000, 0x0000000100000000)
  eden space 83456K, 100% used [0x00000000eab00000,0x00000000efc80000,0x00000000efc80000)
  from space 9216K, 99% used [0x00000000efc80000,0x00000000f057c020,0x00000000f0580000)
  to   space 11264K, 0% used [0x00000000f1800000,0x00000000f1800000,0x00000000f2300000)
 ParOldGen       total 99328K, used 21914K [0x00000000c0000000, 0x00000000c6100000, 0x00000000eab00000)
  object space 99328K, 22% used [0x00000000c0000000,0x00000000c1566b48,0x00000000c6100000)
 Metaspace       used 39598K, capacity 41166K, committed 41432K, reserved 1085440K
  class space    used 5522K, capacity 5794K, committed 5888K, reserved 1048576K
Event: 18.906 GC heap after
Heap after GC invocations=16 (full 2):
 PSYoungGen      total 111616K, used 8087K [0x00000000eab00000, 0x00000000f2900000, 0x0000000100000000)
  eden space 100352K, 0% used [0x00000000eab00000,0x00000000eab00000,0x00000000f0d00000)
  from space 11264K, 71% used [0x00000000f1800000,0x00000000f1fe5ec0,0x00000000f2300000)
  to   space 11264K, 0% used [0x00000000f0d00000,0x00000000f0d00000,0x00000000f1800000)
 ParOldGen       total 99328K, used 31114K [0x00000000c0000000, 0x00000000c6100000, 0x00000000eab00000)
  object space 99328K, 31% used [0x00000000c0000000,0x00000000c1e62be8,0x00000000c6100000)
 Metaspace       used 39598K, capacity 41166K, committed 41432K, reserved 1085440K
  class space    used 5522K, capacity 5794K, committed 5888K, reserved 1048576K
}

