# JRE version: Java(TM) SE Runtime Environment (8.0_121-b13) (build 1.8.0_121-b13)
# Java VM: Java HotSpot(TM) 64-Bit Server VM (25.121-b13 mixed mode windows-amd64 compressed oops)
Heap:
 PSYoungGen      total 114176K, used 22372K [0x00000000eab00000, 0x00000000f5580000, 0x0000000100000000)
  eden space 103424K, 11% used [0x00000000eab00000,0x00000000eb6d9078,0x00000000f1000000)
  from space 10752K, 95% used [0x00000000f1000000,0x00000000f1a00040,0x00000000f1a80000)
  to   space 16896K, 0% used [0x00000000f4500000,0x00000000f4500000,0x00000000f5580000)
 ParOldGen       total 85504K, used 36576K [0x00000000c0000000, 0x00000000c5380000, 0x00000000eab00000)
  object space 85504K, 42% used [0x00000000c0000000,0x00000000c23b80d0,0x00000000c5380000)
 Metaspace       used 40542K, capacity 42950K, committed 43096K, reserved 1087488K
  class space    used 5644K, capacity 5976K, committed 6016K, reserved 1048576K
GC Heap History (10 events):
Event: 10.136 GC heap before
{Heap before GC invocations=9 (full 1):
 PSYoungGen      total 114176K, used 22267K [0x00000000eab00000, 0x00000000f2500000, 0x0000000100000000)
  eden space 103424K, 11% used [0x00000000eab00000,0x00000000eb642e80,0x00000000f1000000)
  from space 10752K, 99% used [0x00000000f1000000,0x00000000f1a7c020,0x00000000f1a80000)
  to   space 10752K, 0% used [0x00000000f1a80000,0x00000000f1a80000,0x00000000f2500000)
 ParOldGen       total 62976K, used 15739K [0x00000000c0000000, 0x00000000c3d80000, 0x00000000eab00000)
  object space 62976K, 24% used [0x00000000c0000000,0x00000000c0f5ef58,0x00000000c3d80000)
 Metaspace       used 34867K, capacity 35348K, committed 35416K, reserved 1079296K
  class space    used 4863K, capacity 4985K, committed 4992K, reserved 1048576K
Event: 10.164 GC heap after
Heap after GC invocations=9 (full 1):
 PSYoungGen      total 114176K, used 10720K [0x00000000eab00000, 0x00000000f2500000, 0x0000000100000000)
  eden space 103424K, 0% used [0x00000000eab00000,0x00000000eab00000,0x00000000f1000000)
  from space 10752K, 99% used [0x00000000f1a80000,0x00000000f24f8010,0x00000000f2500000)
  to   space 10752K, 0% used [0x00000000f1000000,0x00000000f1000000,0x00000000f1a80000)
 ParOldGen       total 62976K, used 16748K [0x00000000c0000000, 0x00000000c3d80000, 0x00000000eab00000)
  object space 62976K, 26% used [0x00000000c0000000,0x00000000c105b280,0x00000000c3d80000)
 Metaspace       used 34867K, capacity 35348K, committed 35416K, reserved 1079296K
  class space    used 4863K, capacity 4985K, committed 4992K, reserved 1048576K
}
Event: 10.164 GC heap before
{Heap before GC invocations=10 (full 2):
 PSYoungGen      total 114176K, used 10720K [0x00000000eab00000, 0x00000000f2500000, 0x0000000100000000)
  eden space 103424K, 0% used [0x00000000eab00000,0x00000000eab00000,0x00000000f1000000)
  from space 10752K, 99% used [0x00000000f1a80000,0x00000000f24f8010,0x00000000f2500000)
  to   space 10752K, 0% used [0x00000000f1000000,0x00000000f1000000,0x00000000f1a80000)
 ParOldGen       total 62976K, used 16748K [0x00000000c0000000, 0x00000000c3d80000, 0x00000000eab00000)
  object space 62976K, 26% used [0x00000000c0000000,0x00000000c105b280,0x00000000c3d80000)
 Metaspace       used 34867K, capacity 35348K, committed 35416K, reserved 1079296K
  class space    used 4863K, capacity 4985K, committed 4992K, reserved 1048576K
Event: 10.317 GC heap after
Heap after GC invocations=10 (full 2):
 PSYoungGen      total 114176K, used 0K [0x00000000eab00000, 0x00000000f2500000, 0x0000000100000000)
  eden space 103424K, 0% used [0x00000000eab00000,0x00000000eab00000,0x00000000f1000000)
  from space 10752K, 0% used [0x00000000f1a80000,0x00000000f1a80000,0x00000000f2500000)
  to   space 10752K, 0% used [0x00000000f1000000,0x00000000f1000000,0x00000000f1a80000)
 ParOldGen       total 85504K, used 18644K [0x00000000c0000000, 0x00000000c5380000, 0x00000000eab00000)
  object space 85504K, 21% used [0x00000000c0000000,0x00000000c1235048,0x00000000c5380000)
 Metaspace       used 34867K, capacity 35348K, committed 35416K, reserved 1079296K
  class space    used 4863K, capacity 4985K, committed 4992K, reserved 1048576K
}
Event: 11.655 GC heap before
{Heap before GC invocations=11 (full 2):
 PSYoungGen      total 114176K, used 103424K [0x00000000eab00000, 0x00000000f2500000, 0x0000000100000000)
  eden space 103424K, 100% used [0x00000000eab00000,0x00000000f1000000,0x00000000f1000000)
  from space 10752K, 0% used [0x00000000f1a80000,0x00000000f1a80000,0x00000000f2500000)
  to   space 10752K, 0% used [0x00000000f1000000,0x00000000f1000000,0x00000000f1a80000)
 ParOldGen       total 85504K, used 18644K [0x00000000c0000000, 0x00000000c5380000, 0x00000000eab00000)
  object space 85504K, 21% used [0x00000000c0000000,0x00000000c1235048,0x00000000c5380000)
 Metaspace       used 37156K, capacity 37822K, committed 37976K, reserved 1081344K
  class space    used 5263K, capacity 5468K, committed 5504K, reserved 1048576K
Event: 11.668 GC heap after
Heap after GC invocations=11 (full 2):
 PSYoungGen      total 114176K, used 10097K [0x00000000eab00000, 0x00000000f2500000, 0x0000000100000000)
  eden space 103424K, 0% used [0x00000000eab00000,0x00000000eab00000,0x00000000f1000000)
  from space 10752K, 93% used [0x00000000f1000000,0x00000000f19dc498,0x00000000f1a80000)
  to   space 10752K, 0% used [0x00000000f1a80000,0x00000000f1a80000,0x00000000f2500000)
 ParOldGen       total 85504K, used 18652K [0x00000000c0000000, 0x00000000c5380000, 0x00000000eab00000)
  object space 85504K, 21% used [0x00000000c0000000,0x00000000c1237048,0x00000000c5380000)
 Metaspace       used 37156K, capacity 37822K, committed 37976K, reserved 1081344K
  class space    used 5263K, capacity 5468K, committed 5504K, reserved 1048576K
}
Event: 13.819 GC heap before
{Heap before GC invocations=12 (full 2):
 PSYoungGen      total 114176K, used 113521K [0x00000000eab00000, 0x00000000f2500000, 0x0000000100000000)
  eden space 103424K, 100% used [0x00000000eab00000,0x00000000f1000000,0x00000000f1000000)
  from space 10752K, 93% used [0x00000000f1000000,0x00000000f19dc498,0x00000000f1a80000)
  to   space 10752K, 0% used [0x00000000f1a80000,0x00000000f1a80000,0x00000000f2500000)
 ParOldGen       total 85504K, used 18652K [0x00000000c0000000, 0x00000000c5380000, 0x00000000eab00000)
  object space 85504K, 21% used [0x00000000c0000000,0x00000000c1237048,0x00000000c5380000)
 Metaspace       used 39352K, capacity 40648K, committed 40792K, reserved 1085440K
  class space    used 5486K, capacity 5742K, committed 5760K, reserved 1048576K
Event: 13.847 GC heap after
Heap after GC invocations=12 (full 2):
 PSYoungGen      total 114176K, used 10720K [0x00000000eab00000, 0x00000000f2500000, 0x0000000100000000)
  eden space 103424K, 0% used [0x00000000eab00000,0x00000000eab00000,0x00000000f1000000)
  from space 10752K, 99% used [0x00000000f1a80000,0x00000000f24f8010,0x00000000f2500000)
  to   space 10752K, 0% used [0x00000000f1000000,0x00000000f1000000,0x00000000f1a80000)
 ParOldGen       total 85504K, used 25789K [0x00000000c0000000, 0x00000000c5380000, 0x00000000eab00000)
  object space 85504K, 30% used [0x00000000c0000000,0x00000000c192f628,0x00000000c5380000)
 Metaspace       used 39352K, capacity 40648K, committed 40792K, reserved 1085440K
  class space    used 5486K, capacity 5742K, committed 5760K, reserved 1048576K
}
Event: 15.530 GC heap before
{Heap before GC invocations=13 (full 2):
 PSYoungGen      total 114176K, used 114144K [0x00000000eab00000, 0x00000000f2500000, 0x0000000100000000)
  eden space 103424K, 100% used [0x00000000eab00000,0x00000000f1000000,0x00000000f1000000)
  from space 10752K, 99% used [0x00000000f1a80000,0x00000000f24f8010,0x00000000f2500000)
  to   space 10752K, 0% used [0x00000000f1000000,0x00000000f1000000,0x00000000f1a80000)
 ParOldGen       total 85504K, used 25789K [0x00000000c0000000, 0x00000000c5380000, 0x00000000eab00000)
  object space 85504K, 30% used [0x00000000c0000000,0x00000000c192f628,0x00000000c5380000)
 Metaspace       used 40493K, capacity 42862K, committed 43096K, reserved 1087488K
  class space    used 5642K, capacity 5972K, committed 6016K, reserved 1048576K
Event: 15.566 GC heap after
Heap after GC invocations=13 (full 2):
 PSYoungGen      total 114176K, used 10240K [0x00000000eab00000, 0x00000000f5580000, 0x0000000100000000)
  eden space 103424K, 0% used [0x00000000eab00000,0x00000000eab00000,0x00000000f1000000)
  from space 10752K, 95% used [0x00000000f1000000,0x00000000f1a00040,0x00000000f1a80000)
  to   space 16896K, 0% used [0x00000000f4500000,0x00000000f4500000,0x00000000f5580000)
 ParOldGen       total 85504K, used 36576K [0x00000000c0000000, 0x00000000c5380000, 0x00000000eab00000)
  object space 85504K, 42% used [0x00000000c0000000,0x00000000c23b80d0,0x00000000c5380000)
 Metaspace       used 40493K, capacity 42862K, committed 43096K, reserved 1087488K
  class space    used 5642K, capacity 5972K, committed 6016K, reserved 1048576K
}

