# JRE version: Java(TM) SE Runtime Environment (8.0_121-b13) (build 1.8.0_121-b13)
# Java VM: Java HotSpot(TM) 64-Bit Server VM (25.121-b13 mixed mode windows-amd64 compressed oops)
Heap:
 PSYoungGen      total 199168K, used 162786K [0x00000000eab00000, 0x00000000fdb00000, 0x0000000100000000)
  eden space 184832K, 80% used [0x00000000eab00000,0x00000000f3bfc8e8,0x00000000f5f80000)
  from space 14336K, 99% used [0x00000000f5f80000,0x00000000f6d7c020,0x00000000f6d80000)
  to   space 17408K, 0% used [0x00000000fca00000,0x00000000fca00000,0x00000000fdb00000)
 ParOldGen       total 72704K, used 21213K [0x00000000c0000000, 0x00000000c4700000, 0x00000000eab00000)
  object space 72704K, 29% used [0x00000000c0000000,0x00000000c14b7738,0x00000000c4700000)
 Metaspace       used 40728K, capacity 43238K, committed 43352K, reserved 1087488K
  class space    used 5655K, capacity 5983K, committed 6016K, reserved 1048576K
GC Heap History (10 events):
Event: 28.107 GC heap before
{Heap before GC invocations=7 (full 1):
 PSYoungGen      total 71680K, used 71672K [0x00000000eab00000, 0x00000000f2f00000, 0x0000000100000000)
  eden space 66560K, 100% used [0x00000000eab00000,0x00000000eec00000,0x00000000eec00000)
  from space 5120K, 99% used [0x00000000eec00000,0x00000000ef0fe338,0x00000000ef100000)
  to   space 10752K, 0% used [0x00000000f2480000,0x00000000f2480000,0x00000000f2f00000)
 ParOldGen       total 57344K, used 12382K [0x00000000c0000000, 0x00000000c3800000, 0x00000000eab00000)
  object space 57344K, 21% used [0x00000000c0000000,0x00000000c0c17ae8,0x00000000c3800000)
 Metaspace       used 29150K, capacity 29668K, committed 29824K, reserved 1075200K
  class space    used 4018K, capacity 4162K, committed 4224K, reserved 1048576K
Event: 28.127 GC heap after
Heap after GC invocations=7 (full 1):
 PSYoungGen      total 120320K, used 7581K [0x00000000eab00000, 0x00000000f2d00000, 0x0000000100000000)
  eden space 111616K, 0% used [0x00000000eab00000,0x00000000eab00000,0x00000000f1800000)
  from space 8704K, 87% used [0x00000000f2480000,0x00000000f2be74f0,0x00000000f2d00000)
  to   space 10752K, 0% used [0x00000000f1800000,0x00000000f1800000,0x00000000f2280000)
 ParOldGen       total 57344K, used 12390K [0x00000000c0000000, 0x00000000c3800000, 0x00000000eab00000)
  object space 57344K, 21% used [0x00000000c0000000,0x00000000c0c19ae8,0x00000000c3800000)
 Metaspace       used 29150K, capacity 29668K, committed 29824K, reserved 1075200K
  class space    used 4018K, capacity 4162K, committed 4224K, reserved 1048576K
}
Event: 33.893 GC heap before
{Heap before GC invocations=8 (full 1):
 PSYoungGen      total 120320K, used 119197K [0x00000000eab00000, 0x00000000f2d00000, 0x0000000100000000)
  eden space 111616K, 100% used [0x00000000eab00000,0x00000000f1800000,0x00000000f1800000)
  from space 8704K, 87% used [0x00000000f2480000,0x00000000f2be74f0,0x00000000f2d00000)
  to   space 10752K, 0% used [0x00000000f1800000,0x00000000f1800000,0x00000000f2280000)
 ParOldGen       total 57344K, used 12390K [0x00000000c0000000, 0x00000000c3800000, 0x00000000eab00000)
  object space 57344K, 21% used [0x00000000c0000000,0x00000000c0c19ae8,0x00000000c3800000)
 Metaspace       used 34819K, capacity 35352K, committed 35416K, reserved 1079296K
  class space    used 4857K, capacity 4985K, committed 4992K, reserved 1048576K
Event: 33.939 GC heap after
Heap after GC invocations=8 (full 1):
 PSYoungGen      total 122368K, used 10724K [0x00000000eab00000, 0x00000000f7b00000, 0x0000000100000000)
  eden space 111616K, 0% used [0x00000000eab00000,0x00000000eab00000,0x00000000f1800000)
  from space 10752K, 99% used [0x00000000f1800000,0x00000000f2279050,0x00000000f2280000)
  to   space 13824K, 0% used [0x00000000f6d80000,0x00000000f6d80000,0x00000000f7b00000)
 ParOldGen       total 57344K, used 16690K [0x00000000c0000000, 0x00000000c3800000, 0x00000000eab00000)
  object space 57344K, 29% used [0x00000000c0000000,0x00000000c104c8e0,0x00000000c3800000)
 Metaspace       used 34819K, capacity 35352K, committed 35416K, reserved 1079296K
  class space    used 4857K, capacity 4985K, committed 4992K, reserved 1048576K
}
Event: 33.981 GC heap before
{Heap before GC invocations=9 (full 1):
 PSYoungGen      total 122368K, used 13046K [0x00000000eab00000, 0x00000000f7b00000, 0x0000000100000000)
  eden space 111616K, 2% used [0x00000000eab00000,0x00000000ead447c0,0x00000000f1800000)
  from space 10752K, 99% used [0x00000000f1800000,0x00000000f2279050,0x00000000f2280000)
  to   space 13824K, 0% used [0x00000000f6d80000,0x00000000f6d80000,0x00000000f7b00000)
 ParOldGen       total 57344K, used 16690K [0x00000000c0000000, 0x00000000c3800000, 0x00000000eab00000)
  object space 57344K, 29% used [0x00000000c0000000,0x00000000c104c8e0,0x00000000c3800000)
 Metaspace       used 34903K, capacity 35352K, committed 35416K, reserved 1079296K
  class space    used 4869K, capacity 4985K, committed 4992K, reserved 1048576K
Event: 34.043 GC heap after
Heap after GC invocations=9 (full 1):
 PSYoungGen      total 198656K, used 10884K [0x00000000eab00000, 0x00000000f9e00000, 0x0000000100000000)
  eden space 184832K, 0% used [0x00000000eab00000,0x00000000eab00000,0x00000000f5f80000)
  from space 13824K, 78% used [0x00000000f6d80000,0x00000000f7821050,0x00000000f7b00000)
  to   space 14336K, 0% used [0x00000000f5f80000,0x00000000f5f80000,0x00000000f6d80000)
 ParOldGen       total 57344K, used 16698K [0x00000000c0000000, 0x00000000c3800000, 0x00000000eab00000)
  object space 57344K, 29% used [0x00000000c0000000,0x00000000c104e8e0,0x00000000c3800000)
 Metaspace       used 34903K, capacity 35352K, committed 35416K, reserved 1079296K
  class space    used 4869K, capacity 4985K, committed 4992K, reserved 1048576K
}
Event: 34.043 GC heap before
{Heap before GC invocations=10 (full 2):
 PSYoungGen      total 198656K, used 10884K [0x00000000eab00000, 0x00000000f9e00000, 0x0000000100000000)
  eden space 184832K, 0% used [0x00000000eab00000,0x00000000eab00000,0x00000000f5f80000)
  from space 13824K, 78% used [0x00000000f6d80000,0x00000000f7821050,0x00000000f7b00000)
  to   space 14336K, 0% used [0x00000000f5f80000,0x00000000f5f80000,0x00000000f6d80000)
 ParOldGen       total 57344K, used 16698K [0x00000000c0000000, 0x00000000c3800000, 0x00000000eab00000)
  object space 57344K, 29% used [0x00000000c0000000,0x00000000c104e8e0,0x00000000c3800000)
 Metaspace       used 34903K, capacity 35352K, committed 35416K, reserved 1079296K
  class space    used 4869K, capacity 4985K, committed 4992K, reserved 1048576K
Event: 34.761 GC heap after
Heap after GC invocations=10 (full 2):
 PSYoungGen      total 198656K, used 0K [0x00000000eab00000, 0x00000000f9e00000, 0x0000000100000000)
  eden space 184832K, 0% used [0x00000000eab00000,0x00000000eab00000,0x00000000f5f80000)
  from space 13824K, 0% used [0x00000000f6d80000,0x00000000f6d80000,0x00000000f7b00000)
  to   space 14336K, 0% used [0x00000000f5f80000,0x00000000f5f80000,0x00000000f6d80000)
 ParOldGen       total 72704K, used 18228K [0x00000000c0000000, 0x00000000c4700000, 0x00000000eab00000)
  object space 72704K, 25% used [0x00000000c0000000,0x00000000c11cd380,0x00000000c4700000)
 Metaspace       used 34903K, capacity 35352K, committed 35416K, reserved 1079296K
  class space    used 4869K, capacity 4985K, committed 4992K, reserved 1048576K
}
Event: 45.061 GC heap before
{Heap before GC invocations=11 (full 2):
 PSYoungGen      total 198656K, used 184832K [0x00000000eab00000, 0x00000000f9e00000, 0x0000000100000000)
  eden space 184832K, 100% used [0x00000000eab00000,0x00000000f5f80000,0x00000000f5f80000)
  from space 13824K, 0% used [0x00000000f6d80000,0x00000000f6d80000,0x00000000f7b00000)
  to   space 14336K, 0% used [0x00000000f5f80000,0x00000000f5f80000,0x00000000f6d80000)
 ParOldGen       total 72704K, used 18228K [0x00000000c0000000, 0x00000000c4700000, 0x00000000eab00000)
  object space 72704K, 25% used [0x00000000c0000000,0x00000000c11cd380,0x00000000c4700000)
 Metaspace       used 39143K, capacity 40218K, committed 40280K, reserved 1083392K
  class space    used 5466K, capacity 5706K, committed 5760K, reserved 1048576K
Event: 45.127 GC heap after
Heap after GC invocations=11 (full 2):
 PSYoungGen      total 199168K, used 14320K [0x00000000eab00000, 0x00000000fdb00000, 0x0000000100000000)
  eden space 184832K, 0% used [0x00000000eab00000,0x00000000eab00000,0x00000000f5f80000)
  from space 14336K, 99% used [0x00000000f5f80000,0x00000000f6d7c020,0x00000000f6d80000)
  to   space 17408K, 0% used [0x00000000fca00000,0x00000000fca00000,0x00000000fdb00000)
 ParOldGen       total 72704K, used 21213K [0x00000000c0000000, 0x00000000c4700000, 0x00000000eab00000)
  object space 72704K, 29% used [0x00000000c0000000,0x00000000c14b7738,0x00000000c4700000)
 Metaspace       used 39143K, capacity 40218K, committed 40280K, reserved 1083392K
  class space    used 5466K, capacity 5706K, committed 5760K, reserved 1048576K
}

