# JRE version: Java(TM) SE Runtime Environment (8.0_121-b13) (build 1.8.0_121-b13)
# Java VM: Java HotSpot(TM) 64-Bit Server VM (25.121-b13 mixed mode windows-amd64 compressed oops)
Heap:
 PSYoungGen      total 91136K, used 55064K [0x00000000d5580000, 0x00000000dbb00000, 0x0000000100000000)
  eden space 80896K, 57% used [0x00000000d5580000,0x00000000d82b1d48,0x00000000da480000)
  from space 10240K, 85% used [0x00000000daf00000,0x00000000db794338,0x00000000db900000)
  to   space 10752K, 0% used [0x00000000da480000,0x00000000da480000,0x00000000daf00000)
 ParOldGen       total 66560K, used 9679K [0x0000000080000000, 0x0000000084100000, 0x00000000d5580000)
  object space 66560K, 14% used [0x0000000080000000,0x0000000080973cb8,0x0000000084100000)
 Metaspace       used 32495K, capacity 32988K, committed 33280K, reserved 1077248K
  class space    used 4474K, capacity 4587K, committed 4608K, reserved 1048576K
GC Heap History (10 events):
Event: 14.097 GC heap before
{Heap before GC invocations=5 (full 1):
 PSYoungGen      total 38400K, used 5099K [0x00000000d5580000, 0x00000000d8000000, 0x0000000100000000)
  eden space 33280K, 0% used [0x00000000d5580000,0x00000000d5580000,0x00000000d7600000)
  from space 5120K, 99% used [0x00000000d7b00000,0x00000000d7ffafe0,0x00000000d8000000)
  to   space 5120K, 0% used [0x00000000d7600000,0x00000000d7600000,0x00000000d7b00000)
 ParOldGen       total 87552K, used 7947K [0x0000000080000000, 0x0000000085580000, 0x00000000d5580000)
  object space 87552K, 9% used [0x0000000080000000,0x00000000807c2e70,0x0000000085580000)
 Metaspace       used 20820K, capacity 21102K, committed 21248K, reserved 1067008K
  class space    used 2826K, capacity 2956K, committed 3072K, reserved 1048576K
Event: 14.182 GC heap after
Heap after GC invocations=5 (full 1):
 PSYoungGen      total 38400K, used 0K [0x00000000d5580000, 0x00000000d8000000, 0x0000000100000000)
  eden space 33280K, 0% used [0x00000000d5580000,0x00000000d5580000,0x00000000d7600000)
  from space 5120K, 0% used [0x00000000d7b00000,0x00000000d7b00000,0x00000000d8000000)
  to   space 5120K, 0% used [0x00000000d7600000,0x00000000d7600000,0x00000000d7b00000)
 ParOldGen       total 66560K, used 9591K [0x0000000080000000, 0x0000000084100000, 0x00000000d5580000)
  object space 66560K, 14% used [0x0000000080000000,0x000000008095dca8,0x0000000084100000)
 Metaspace       used 20820K, capacity 21102K, committed 21248K, reserved 1067008K
  class space    used 2826K, capacity 2956K, committed 3072K, reserved 1048576K
}
Event: 18.160 GC heap before
{Heap before GC invocations=6 (full 1):
 PSYoungGen      total 38400K, used 33280K [0x00000000d5580000, 0x00000000d8000000, 0x0000000100000000)
  eden space 33280K, 100% used [0x00000000d5580000,0x00000000d7600000,0x00000000d7600000)
  from space 5120K, 0% used [0x00000000d7b00000,0x00000000d7b00000,0x00000000d8000000)
  to   space 5120K, 0% used [0x00000000d7600000,0x00000000d7600000,0x00000000d7b00000)
 ParOldGen       total 66560K, used 9591K [0x0000000080000000, 0x0000000084100000, 0x00000000d5580000)
  object space 66560K, 14% used [0x0000000080000000,0x000000008095dca8,0x0000000084100000)
 Metaspace       used 23919K, capacity 24256K, committed 24448K, reserved 1071104K
  class space    used 3298K, capacity 3409K, committed 3456K, reserved 1048576K
Event: 18.178 GC heap after
Heap after GC invocations=6 (full 1):
 PSYoungGen      total 38400K, used 4374K [0x00000000d5580000, 0x00000000d9a00000, 0x0000000100000000)
  eden space 33280K, 0% used [0x00000000d5580000,0x00000000d5580000,0x00000000d7600000)
  from space 5120K, 85% used [0x00000000d7600000,0x00000000d7a45920,0x00000000d7b00000)
  to   space 10752K, 0% used [0x00000000d8f80000,0x00000000d8f80000,0x00000000d9a00000)
 ParOldGen       total 66560K, used 9599K [0x0000000080000000, 0x0000000084100000, 0x00000000d5580000)
  object space 66560K, 14% used [0x0000000080000000,0x000000008095fca8,0x0000000084100000)
 Metaspace       used 23919K, capacity 24256K, committed 24448K, reserved 1071104K
  class space    used 3298K, capacity 3409K, committed 3456K, reserved 1048576K
}
Event: 19.390 GC heap before
{Heap before GC invocations=7 (full 1):
 PSYoungGen      total 38400K, used 37654K [0x00000000d5580000, 0x00000000d9a00000, 0x0000000100000000)
  eden space 33280K, 100% used [0x00000000d5580000,0x00000000d7600000,0x00000000d7600000)
  from space 5120K, 85% used [0x00000000d7600000,0x00000000d7a45920,0x00000000d7b00000)
  to   space 10752K, 0% used [0x00000000d8f80000,0x00000000d8f80000,0x00000000d9a00000)
 ParOldGen       total 66560K, used 9599K [0x0000000080000000, 0x0000000084100000, 0x00000000d5580000)
  object space 66560K, 14% used [0x0000000080000000,0x000000008095fca8,0x0000000084100000)
 Metaspace       used 25754K, capacity 26162K, committed 26368K, reserved 1071104K
  class space    used 3628K, capacity 3741K, committed 3840K, reserved 1048576K
Event: 19.440 GC heap after
Heap after GC invocations=7 (full 1):
 PSYoungGen      total 59392K, used 4910K [0x00000000d5580000, 0x00000000da200000, 0x0000000100000000)
  eden space 48640K, 0% used [0x00000000d5580000,0x00000000d5580000,0x00000000d8500000)
  from space 10752K, 45% used [0x00000000d8f80000,0x00000000d944bb70,0x00000000d9a00000)
  to   space 10752K, 0% used [0x00000000d8500000,0x00000000d8500000,0x00000000d8f80000)
 ParOldGen       total 66560K, used 9599K [0x0000000080000000, 0x0000000084100000, 0x00000000d5580000)
  object space 66560K, 14% used [0x0000000080000000,0x000000008095fca8,0x0000000084100000)
 Metaspace       used 25754K, capacity 26162K, committed 26368K, reserved 1071104K
  class space    used 3628K, capacity 3741K, committed 3840K, reserved 1048576K
}
Event: 22.307 GC heap before
{Heap before GC invocations=8 (full 1):
 PSYoungGen      total 59392K, used 53550K [0x00000000d5580000, 0x00000000da200000, 0x0000000100000000)
  eden space 48640K, 100% used [0x00000000d5580000,0x00000000d8500000,0x00000000d8500000)
  from space 10752K, 45% used [0x00000000d8f80000,0x00000000d944bb70,0x00000000d9a00000)
  to   space 10752K, 0% used [0x00000000d8500000,0x00000000d8500000,0x00000000d8f80000)
 ParOldGen       total 66560K, used 9599K [0x0000000080000000, 0x0000000084100000, 0x00000000d5580000)
  object space 66560K, 14% used [0x0000000080000000,0x000000008095fca8,0x0000000084100000)
 Metaspace       used 28917K, capacity 29468K, committed 29568K, reserved 1075200K
  class space    used 4017K, capacity 4162K, committed 4224K, reserved 1048576K
Event: 22.330 GC heap after
Heap after GC invocations=8 (full 1):
 PSYoungGen      total 59392K, used 6747K [0x00000000d5580000, 0x00000000db900000, 0x0000000100000000)
  eden space 48640K, 0% used [0x00000000d5580000,0x00000000d5580000,0x00000000d8500000)
  from space 10752K, 62% used [0x00000000d8500000,0x00000000d8b96c30,0x00000000d8f80000)
  to   space 10240K, 0% used [0x00000000daf00000,0x00000000daf00000,0x00000000db900000)
 ParOldGen       total 66560K, used 9607K [0x0000000080000000, 0x0000000084100000, 0x00000000d5580000)
  object space 66560K, 14% used [0x0000000080000000,0x0000000080961ca8,0x0000000084100000)
 Metaspace       used 28917K, capacity 29468K, committed 29568K, reserved 1075200K
  class space    used 4017K, capacity 4162K, committed 4224K, reserved 1048576K
}
Event: 25.061 GC heap before
{Heap before GC invocations=9 (full 1):
 PSYoungGen      total 59392K, used 55387K [0x00000000d5580000, 0x00000000db900000, 0x0000000100000000)
  eden space 48640K, 100% used [0x00000000d5580000,0x00000000d8500000,0x00000000d8500000)
  from space 10752K, 62% used [0x00000000d8500000,0x00000000d8b96c30,0x00000000d8f80000)
  to   space 10240K, 0% used [0x00000000daf00000,0x00000000daf00000,0x00000000db900000)
 ParOldGen       total 66560K, used 9607K [0x0000000080000000, 0x0000000084100000, 0x00000000d5580000)
  object space 66560K, 14% used [0x0000000080000000,0x0000000080961ca8,0x0000000084100000)
 Metaspace       used 30275K, capacity 30704K, committed 30976K, reserved 1075200K
  class space    used 4174K, capacity 4296K, committed 4352K, reserved 1048576K
Event: 25.106 GC heap after
Heap after GC invocations=9 (full 1):
 PSYoungGen      total 91136K, used 8784K [0x00000000d5580000, 0x00000000dbb00000, 0x0000000100000000)
  eden space 80896K, 0% used [0x00000000d5580000,0x00000000d5580000,0x00000000da480000)
  from space 10240K, 85% used [0x00000000daf00000,0x00000000db794338,0x00000000db900000)
  to   space 10752K, 0% used [0x00000000da480000,0x00000000da480000,0x00000000daf00000)
 ParOldGen       total 66560K, used 9679K [0x0000000080000000, 0x0000000084100000, 0x00000000d5580000)
  object space 66560K, 14% used [0x0000000080000000,0x0000000080973cb8,0x0000000084100000)
 Metaspace       used 30275K, capacity 30704K, committed 30976K, reserved 1075200K
  class space    used 4174K, capacity 4296K, committed 4352K, reserved 1048576K
}

