# JRE version: Java(TM) SE Runtime Environment (8.0_121-b13) (build 1.8.0_121-b13)
# Java VM: Java HotSpot(TM) 64-Bit Server VM (25.121-b13 mixed mode windows-amd64 compressed oops)
Heap:
 PSYoungGen      total 187904K, used 67622K [0x00000000d5580000, 0x00000000e4800000, 0x0000000100000000)
  eden space 174080K, 31% used [0x00000000d5580000,0x00000000d8a737d8,0x00000000dff80000)
  from space 13824K, 96% used [0x00000000e3a80000,0x00000000e47960a0,0x00000000e4800000)
  to   space 27136K, 0% used [0x00000000e1300000,0x00000000e1300000,0x00000000e2d80000)
 ParOldGen       total 98304K, used 46294K [0x0000000080000000, 0x0000000086000000, 0x00000000d5580000)
  object space 98304K, 47% used [0x0000000080000000,0x0000000082d35868,0x0000000086000000)
 Metaspace       used 43743K, capacity 46580K, committed 46808K, reserved 1089536K
  class space    used 6063K, capacity 6386K, committed 6400K, reserved 1048576K
GC Heap History (10 events):
Event: 16.063 GC heap before
{Heap before GC invocations=16 (full 2):
 PSYoungGen      total 130048K, used 130016K [0x00000000d5580000, 0x00000000e1100000, 0x0000000100000000)
  eden space 113664K, 100% used [0x00000000d5580000,0x00000000dc480000,0x00000000dc480000)
  from space 16384K, 99% used [0x00000000dc480000,0x00000000dd478030,0x00000000dd480000)
  to   space 21504K, 0% used [0x00000000dfc00000,0x00000000dfc00000,0x00000000e1100000)
 ParOldGen       total 98304K, used 27780K [0x0000000080000000, 0x0000000086000000, 0x00000000d5580000)
  object space 98304K, 28% used [0x0000000080000000,0x0000000081b21330,0x0000000086000000)
 Metaspace       used 41105K, capacity 43824K, committed 43992K, reserved 1087488K
  class space    used 5732K, capacity 6076K, committed 6144K, reserved 1048576K
Event: 16.121 GC heap after
Heap after GC invocations=16 (full 2):
 PSYoungGen      total 165376K, used 21472K [0x00000000d5580000, 0x00000000e1e80000, 0x0000000100000000)
  eden space 143872K, 0% used [0x00000000d5580000,0x00000000d5580000,0x00000000de200000)
  from space 21504K, 99% used [0x00000000dfc00000,0x00000000e10f8010,0x00000000e1100000)
  to   space 26624K, 0% used [0x00000000de200000,0x00000000de200000,0x00000000dfc00000)
 ParOldGen       total 98304K, used 33189K [0x0000000080000000, 0x0000000086000000, 0x00000000d5580000)
  object space 98304K, 33% used [0x0000000080000000,0x0000000082069630,0x0000000086000000)
 Metaspace       used 41105K, capacity 43824K, committed 43992K, reserved 1087488K
  class space    used 5732K, capacity 6076K, committed 6144K, reserved 1048576K
}
Event: 3163.188 GC heap before
{Heap before GC invocations=17 (full 2):
 PSYoungGen      total 165376K, used 165344K [0x00000000d5580000, 0x00000000e1e80000, 0x0000000100000000)
  eden space 143872K, 100% used [0x00000000d5580000,0x00000000de200000,0x00000000de200000)
  from space 21504K, 99% used [0x00000000dfc00000,0x00000000e10f8010,0x00000000e1100000)
  to   space 26624K, 0% used [0x00000000de200000,0x00000000de200000,0x00000000dfc00000)
 ParOldGen       total 98304K, used 33189K [0x0000000080000000, 0x0000000086000000, 0x00000000d5580000)
  object space 98304K, 33% used [0x0000000080000000,0x0000000082069630,0x0000000086000000)
 Metaspace       used 43705K, capacity 46516K, committed 46552K, reserved 1089536K
  class space    used 6061K, capacity 6386K, committed 6400K, reserved 1048576K
Event: 3163.519 GC heap after
Heap after GC invocations=17 (full 2):
 PSYoungGen      total 170496K, used 26600K [0x00000000d5580000, 0x00000000e4980000, 0x0000000100000000)
  eden space 143872K, 0% used [0x00000000d5580000,0x00000000d5580000,0x00000000de200000)
  from space 26624K, 99% used [0x00000000de200000,0x00000000dfbfa0c0,0x00000000dfc00000)
  to   space 31744K, 0% used [0x00000000e2a80000,0x00000000e2a80000,0x00000000e4980000)
 ParOldGen       total 98304K, used 36707K [0x0000000080000000, 0x0000000086000000, 0x00000000d5580000)
  object space 98304K, 37% used [0x0000000080000000,0x00000000823d8ea0,0x0000000086000000)
 Metaspace       used 43705K, capacity 46516K, committed 46552K, reserved 1089536K
  class space    used 6061K, capacity 6386K, committed 6400K, reserved 1048576K
}
Event: 9753.675 GC heap before
{Heap before GC invocations=18 (full 2):
 PSYoungGen      total 170496K, used 170472K [0x00000000d5580000, 0x00000000e4980000, 0x0000000100000000)
  eden space 143872K, 100% used [0x00000000d5580000,0x00000000de200000,0x00000000de200000)
  from space 26624K, 99% used [0x00000000de200000,0x00000000dfbfa0c0,0x00000000dfc00000)
  to   space 31744K, 0% used [0x00000000e2a80000,0x00000000e2a80000,0x00000000e4980000)
 ParOldGen       total 98304K, used 36707K [0x0000000080000000, 0x0000000086000000, 0x00000000d5580000)
  object space 98304K, 37% used [0x0000000080000000,0x00000000823d8ea0,0x0000000086000000)
 Metaspace       used 43729K, capacity 46580K, committed 46808K, reserved 1089536K
  class space    used 6061K, capacity 6386K, committed 6400K, reserved 1048576K
Event: 9754.167 GC heap after
Heap after GC invocations=18 (full 2):
 PSYoungGen      total 202752K, used 13336K [0x00000000d5580000, 0x00000000e4080000, 0x0000000100000000)
  eden space 180224K, 0% used [0x00000000d5580000,0x00000000d5580000,0x00000000e0580000)
  from space 22528K, 59% used [0x00000000e2a80000,0x00000000e37860a0,0x00000000e4080000)
  to   space 30208K, 0% used [0x00000000e0580000,0x00000000e0580000,0x00000000e2300000)
 ParOldGen       total 98304K, used 46286K [0x0000000080000000, 0x0000000086000000, 0x00000000d5580000)
  object space 98304K, 47% used [0x0000000080000000,0x0000000082d33868,0x0000000086000000)
 Metaspace       used 43729K, capacity 46580K, committed 46808K, reserved 1089536K
  class space    used 6061K, capacity 6386K, committed 6400K, reserved 1048576K
}
Event: 17192.372 GC heap before
{Heap before GC invocations=19 (full 2):
 PSYoungGen      total 202752K, used 193560K [0x00000000d5580000, 0x00000000e4080000, 0x0000000100000000)
  eden space 180224K, 100% used [0x00000000d5580000,0x00000000e0580000,0x00000000e0580000)
  from space 22528K, 59% used [0x00000000e2a80000,0x00000000e37860a0,0x00000000e4080000)
  to   space 30208K, 0% used [0x00000000e0580000,0x00000000e0580000,0x00000000e2300000)
 ParOldGen       total 98304K, used 46286K [0x0000000080000000, 0x0000000086000000, 0x00000000d5580000)
  object space 98304K, 47% used [0x0000000080000000,0x0000000082d33868,0x0000000086000000)
 Metaspace       used 43741K, capacity 46580K, committed 46808K, reserved 1089536K
  class space    used 6061K, capacity 6386K, committed 6400K, reserved 1048576K
Event: 17192.850 GC heap after
Heap after GC invocations=19 (full 2):
 PSYoungGen      total 210432K, used 13384K [0x00000000d5580000, 0x00000000e5680000, 0x0000000100000000)
  eden space 180224K, 0% used [0x00000000d5580000,0x00000000d5580000,0x00000000e0580000)
  from space 30208K, 44% used [0x00000000e0580000,0x00000000e1292090,0x00000000e2300000)
  to   space 28672K, 0% used [0x00000000e3a80000,0x00000000e3a80000,0x00000000e5680000)
 ParOldGen       total 98304K, used 46294K [0x0000000080000000, 0x0000000086000000, 0x00000000d5580000)
  object space 98304K, 47% used [0x0000000080000000,0x0000000082d35868,0x0000000086000000)
 Metaspace       used 43741K, capacity 46580K, committed 46808K, reserved 1089536K
  class space    used 6061K, capacity 6386K, committed 6400K, reserved 1048576K
}
Event: 24473.874 GC heap before
{Heap before GC invocations=20 (full 2):
 PSYoungGen      total 210432K, used 193608K [0x00000000d5580000, 0x00000000e5680000, 0x0000000100000000)
  eden space 180224K, 100% used [0x00000000d5580000,0x00000000e0580000,0x00000000e0580000)
  from space 30208K, 44% used [0x00000000e0580000,0x00000000e1292090,0x00000000e2300000)
  to   space 28672K, 0% used [0x00000000e3a80000,0x00000000e3a80000,0x00000000e5680000)
 ParOldGen       total 98304K, used 46294K [0x0000000080000000, 0x0000000086000000, 0x00000000d5580000)
  object space 98304K, 47% used [0x0000000080000000,0x0000000082d35868,0x0000000086000000)
 Metaspace       used 43743K, capacity 46580K, committed 46808K, reserved 1089536K
  class space    used 6062K, capacity 6386K, committed 6400K, reserved 1048576K
Event: 24473.947 GC heap after
Heap after GC invocations=20 (full 2):
 PSYoungGen      total 187904K, used 13400K [0x00000000d5580000, 0x00000000e4800000, 0x0000000100000000)
  eden space 174080K, 0% used [0x00000000d5580000,0x00000000d5580000,0x00000000dff80000)
  from space 13824K, 96% used [0x00000000e3a80000,0x00000000e47960a0,0x00000000e4800000)
  to   space 27136K, 0% used [0x00000000e1300000,0x00000000e1300000,0x00000000e2d80000)
 ParOldGen       total 98304K, used 46294K [0x0000000080000000, 0x0000000086000000, 0x00000000d5580000)
  object space 98304K, 47% used [0x0000000080000000,0x0000000082d35868,0x0000000086000000)
 Metaspace       used 43743K, capacity 46580K, committed 46808K, reserved 1089536K
  class space    used 6062K, capacity 6386K, committed 6400K, reserved 1048576K
}

