# JRE version: Java(TM) SE Runtime Environment (8.0_121-b13) (build 1.8.0_121-b13)
# Java VM: Java HotSpot(TM) 64-Bit Server VM (25.121-b13 mixed mode windows-amd64 compressed oops)
Heap:
 PSYoungGen      total 112640K, used 44540K [0x00000000eab00000, 0x00000000f3400000, 0x0000000100000000)
  eden space 98816K, 45% used [0x00000000eab00000,0x00000000ed67f3b0,0x00000000f0b80000)
  from space 13824K, 0% used [0x00000000f1a00000,0x00000000f1a00000,0x00000000f2780000)
  to   space 14848K, 0% used [0x00000000f0b80000,0x00000000f0b80000,0x00000000f1a00000)
 ParOldGen       total 87040K, used 18438K [0x00000000c0000000, 0x00000000c5500000, 0x00000000eab00000)
  object space 87040K, 21% used [0x00000000c0000000,0x00000000c1201a50,0x00000000c5500000)
 Metaspace       used 36058K, capacity 36570K, committed 36696K, reserved 1081344K
  class space    used 5062K, capacity 5242K, committed 5248K, reserved 1048576K
GC Heap History (10 events):
Event: 8.223 GC heap before
{Heap before GC invocations=8 (full 1):
 PSYoungGen      total 60416K, used 54052K [0x00000000eab00000, 0x00000000ef180000, 0x0000000100000000)
  eden space 49152K, 100% used [0x00000000eab00000,0x00000000edb00000,0x00000000edb00000)
  from space 11264K, 43% used [0x00000000ee580000,0x00000000eea491a0,0x00000000ef080000)
  to   space 10752K, 0% used [0x00000000edb00000,0x00000000edb00000,0x00000000ee580000)
 ParOldGen       total 66048K, used 9775K [0x00000000c0000000, 0x00000000c4080000, 0x00000000eab00000)
  object space 66048K, 14% used [0x00000000c0000000,0x00000000c098be40,0x00000000c4080000)
 Metaspace       used 28903K, capacity 29404K, committed 29568K, reserved 1075200K
  class space    used 4010K, capacity 4162K, committed 4224K, reserved 1048576K
Event: 8.236 GC heap after
Heap after GC invocations=8 (full 1):
 PSYoungGen      total 59904K, used 6902K [0x00000000eab00000, 0x00000000f0880000, 0x0000000100000000)
  eden space 49152K, 0% used [0x00000000eab00000,0x00000000eab00000,0x00000000edb00000)
  from space 10752K, 64% used [0x00000000edb00000,0x00000000ee1bd8f0,0x00000000ee580000)
  to   space 10752K, 0% used [0x00000000efe00000,0x00000000efe00000,0x00000000f0880000)
 ParOldGen       total 66048K, used 9783K [0x00000000c0000000, 0x00000000c4080000, 0x00000000eab00000)
  object space 66048K, 14% used [0x00000000c0000000,0x00000000c098de40,0x00000000c4080000)
 Metaspace       used 28903K, capacity 29404K, committed 29568K, reserved 1075200K
  class space    used 4010K, capacity 4162K, committed 4224K, reserved 1048576K
}
Event: 9.623 GC heap before
{Heap before GC invocations=9 (full 1):
 PSYoungGen      total 59904K, used 56054K [0x00000000eab00000, 0x00000000f0880000, 0x0000000100000000)
  eden space 49152K, 100% used [0x00000000eab00000,0x00000000edb00000,0x00000000edb00000)
  from space 10752K, 64% used [0x00000000edb00000,0x00000000ee1bd8f0,0x00000000ee580000)
  to   space 10752K, 0% used [0x00000000efe00000,0x00000000efe00000,0x00000000f0880000)
 ParOldGen       total 66048K, used 9783K [0x00000000c0000000, 0x00000000c4080000, 0x00000000eab00000)
  object space 66048K, 14% used [0x00000000c0000000,0x00000000c098de40,0x00000000c4080000)
 Metaspace       used 31657K, capacity 32156K, committed 32512K, reserved 1077248K
  class space    used 4378K, capacity 4523K, committed 4608K, reserved 1048576K
Event: 9.641 GC heap after
Heap after GC invocations=9 (full 1):
 PSYoungGen      total 83968K, used 9897K [0x00000000eab00000, 0x00000000f0b00000, 0x0000000100000000)
  eden space 73216K, 0% used [0x00000000eab00000,0x00000000eab00000,0x00000000ef280000)
  from space 10752K, 92% used [0x00000000efe00000,0x00000000f07aa728,0x00000000f0880000)
  to   space 11776K, 0% used [0x00000000ef280000,0x00000000ef280000,0x00000000efe00000)
 ParOldGen       total 66048K, used 9791K [0x00000000c0000000, 0x00000000c4080000, 0x00000000eab00000)
  object space 66048K, 14% used [0x00000000c0000000,0x00000000c098fe40,0x00000000c4080000)
 Metaspace       used 31657K, capacity 32156K, committed 32512K, reserved 1077248K
  class space    used 4378K, capacity 4523K, committed 4608K, reserved 1048576K
}
Event: 10.522 GC heap before
{Heap before GC invocations=10 (full 1):
 PSYoungGen      total 83968K, used 83113K [0x00000000eab00000, 0x00000000f0b00000, 0x0000000100000000)
  eden space 73216K, 100% used [0x00000000eab00000,0x00000000ef280000,0x00000000ef280000)
  from space 10752K, 92% used [0x00000000efe00000,0x00000000f07aa728,0x00000000f0880000)
  to   space 11776K, 0% used [0x00000000ef280000,0x00000000ef280000,0x00000000efe00000)
 ParOldGen       total 66048K, used 9791K [0x00000000c0000000, 0x00000000c4080000, 0x00000000eab00000)
  object space 66048K, 14% used [0x00000000c0000000,0x00000000c098fe40,0x00000000c4080000)
 Metaspace       used 34552K, capacity 35146K, committed 35416K, reserved 1079296K
  class space    used 4820K, capacity 4984K, committed 4992K, reserved 1048576K
Event: 10.547 GC heap after
Heap after GC invocations=10 (full 1):
 PSYoungGen      total 84992K, used 11760K [0x00000000eab00000, 0x00000000f2780000, 0x0000000100000000)
  eden space 73216K, 0% used [0x00000000eab00000,0x00000000eab00000,0x00000000ef280000)
  from space 11776K, 99% used [0x00000000ef280000,0x00000000efdfc020,0x00000000efe00000)
  to   space 13824K, 0% used [0x00000000f1a00000,0x00000000f1a00000,0x00000000f2780000)
 ParOldGen       total 66048K, used 11201K [0x00000000c0000000, 0x00000000c4080000, 0x00000000eab00000)
  object space 66048K, 16% used [0x00000000c0000000,0x00000000c0af07b8,0x00000000c4080000)
 Metaspace       used 34552K, capacity 35146K, committed 35416K, reserved 1079296K
  class space    used 4820K, capacity 4984K, committed 4992K, reserved 1048576K
}
Event: 10.644 GC heap before
{Heap before GC invocations=11 (full 1):
 PSYoungGen      total 84992K, used 17451K [0x00000000eab00000, 0x00000000f2780000, 0x0000000100000000)
  eden space 73216K, 7% used [0x00000000eab00000,0x00000000eb08ef68,0x00000000ef280000)
  from space 11776K, 99% used [0x00000000ef280000,0x00000000efdfc020,0x00000000efe00000)
  to   space 13824K, 0% used [0x00000000f1a00000,0x00000000f1a00000,0x00000000f2780000)
 ParOldGen       total 66048K, used 11201K [0x00000000c0000000, 0x00000000c4080000, 0x00000000eab00000)
  object space 66048K, 16% used [0x00000000c0000000,0x00000000c0af07b8,0x00000000c4080000)
 Metaspace       used 34859K, capacity 35344K, committed 35416K, reserved 1079296K
  class space    used 4864K, capacity 4985K, committed 4992K, reserved 1048576K
Event: 10.664 GC heap after
Heap after GC invocations=11 (full 1):
 PSYoungGen      total 112640K, used 11974K [0x00000000eab00000, 0x00000000f3400000, 0x0000000100000000)
  eden space 98816K, 0% used [0x00000000eab00000,0x00000000eab00000,0x00000000f0b80000)
  from space 13824K, 86% used [0x00000000f1a00000,0x00000000f25b1980,0x00000000f2780000)
  to   space 14848K, 0% used [0x00000000f0b80000,0x00000000f0b80000,0x00000000f1a00000)
 ParOldGen       total 66048K, used 11209K [0x00000000c0000000, 0x00000000c4080000, 0x00000000eab00000)
  object space 66048K, 16% used [0x00000000c0000000,0x00000000c0af27b8,0x00000000c4080000)
 Metaspace       used 34859K, capacity 35344K, committed 35416K, reserved 1079296K
  class space    used 4864K, capacity 4985K, committed 4992K, reserved 1048576K
}
Event: 10.664 GC heap before
{Heap before GC invocations=12 (full 2):
 PSYoungGen      total 112640K, used 11974K [0x00000000eab00000, 0x00000000f3400000, 0x0000000100000000)
  eden space 98816K, 0% used [0x00000000eab00000,0x00000000eab00000,0x00000000f0b80000)
  from space 13824K, 86% used [0x00000000f1a00000,0x00000000f25b1980,0x00000000f2780000)
  to   space 14848K, 0% used [0x00000000f0b80000,0x00000000f0b80000,0x00000000f1a00000)
 ParOldGen       total 66048K, used 11209K [0x00000000c0000000, 0x00000000c4080000, 0x00000000eab00000)
  object space 66048K, 16% used [0x00000000c0000000,0x00000000c0af27b8,0x00000000c4080000)
 Metaspace       used 34859K, capacity 35344K, committed 35416K, reserved 1079296K
  class space    used 4864K, capacity 4985K, committed 4992K, reserved 1048576K
Event: 10.816 GC heap after
Heap after GC invocations=12 (full 2):
 PSYoungGen      total 112640K, used 0K [0x00000000eab00000, 0x00000000f3400000, 0x0000000100000000)
  eden space 98816K, 0% used [0x00000000eab00000,0x00000000eab00000,0x00000000f0b80000)
  from space 13824K, 0% used [0x00000000f1a00000,0x00000000f1a00000,0x00000000f2780000)
  to   space 14848K, 0% used [0x00000000f0b80000,0x00000000f0b80000,0x00000000f1a00000)
 ParOldGen       total 87040K, used 18438K [0x00000000c0000000, 0x00000000c5500000, 0x00000000eab00000)
  object space 87040K, 21% used [0x00000000c0000000,0x00000000c1201a50,0x00000000c5500000)
 Metaspace       used 34859K, capacity 35344K, committed 35416K, reserved 1079296K
  class space    used 4864K, capacity 4985K, committed 4992K, reserved 1048576K
}

