# JRE version: Java(TM) SE Runtime Environment (8.0_121-b13) (build 1.8.0_121-b13)
# Java VM: Java HotSpot(TM) 64-Bit Server VM (25.121-b13 mixed mode windows-amd64 compressed oops)
Heap:
 PSYoungGen      total 175616K, used 93403K [0x00000000d5580000, 0x00000000e6180000, 0x0000000100000000)
  eden space 161792K, 49% used [0x00000000d5580000,0x00000000da33ee98,0x00000000df380000)
  from space 13824K, 99% used [0x00000000df380000,0x00000000e00f8040,0x00000000e0100000)
  to   space 19456K, 0% used [0x00000000e4e80000,0x00000000e4e80000,0x00000000e6180000)
 ParOldGen       total 79872K, used 37000K [0x0000000080000000, 0x0000000084e00000, 0x00000000d5580000)
  object space 79872K, 46% used [0x0000000080000000,0x0000000082422358,0x0000000084e00000)
 Metaspace       used 43560K, capacity 46394K, committed 46680K, reserved 1089536K
  class space    used 6060K, capacity 6410K, committed 6528K, reserved 1048576K
GC Heap History (10 events):
Event: 16.480 GC heap before
{Heap before GC invocations=11 (full 1):
 PSYoungGen      total 92160K, used 15996K [0x00000000d5580000, 0x00000000ddb00000, 0x0000000100000000)
  eden space 80896K, 5% used [0x00000000d5580000,0x00000000d5a270f8,0x00000000da480000)
  from space 11264K, 99% used [0x00000000da480000,0x00000000daf78068,0x00000000daf80000)
  to   space 13824K, 0% used [0x00000000dcd80000,0x00000000dcd80000,0x00000000ddb00000)
 ParOldGen       total 64000K, used 12193K [0x0000000080000000, 0x0000000083e80000, 0x00000000d5580000)
  object space 64000K, 19% used [0x0000000080000000,0x0000000080be86f0,0x0000000083e80000)
 Metaspace       used 34912K, capacity 35336K, committed 35416K, reserved 1079296K
  class space    used 4866K, capacity 4985K, committed 4992K, reserved 1048576K
Event: 16.493 GC heap after
Heap after GC invocations=11 (full 1):
 PSYoungGen      total 123392K, used 7360K [0x00000000d5580000, 0x00000000de800000, 0x0000000100000000)
  eden space 109568K, 0% used [0x00000000d5580000,0x00000000d5580000,0x00000000dc080000)
  from space 13824K, 53% used [0x00000000dcd80000,0x00000000dd4b0000,0x00000000ddb00000)
  to   space 13312K, 0% used [0x00000000dc080000,0x00000000dc080000,0x00000000dcd80000)
 ParOldGen       total 64000K, used 15578K [0x0000000080000000, 0x0000000083e80000, 0x00000000d5580000)
  object space 64000K, 24% used [0x0000000080000000,0x0000000080f368c0,0x0000000083e80000)
 Metaspace       used 34912K, capacity 35336K, committed 35416K, reserved 1079296K
  class space    used 4866K, capacity 4985K, committed 4992K, reserved 1048576K
}
Event: 16.493 GC heap before
{Heap before GC invocations=12 (full 2):
 PSYoungGen      total 123392K, used 7360K [0x00000000d5580000, 0x00000000de800000, 0x0000000100000000)
  eden space 109568K, 0% used [0x00000000d5580000,0x00000000d5580000,0x00000000dc080000)
  from space 13824K, 53% used [0x00000000dcd80000,0x00000000dd4b0000,0x00000000ddb00000)
  to   space 13312K, 0% used [0x00000000dc080000,0x00000000dc080000,0x00000000dcd80000)
 ParOldGen       total 64000K, used 15578K [0x0000000080000000, 0x0000000083e80000, 0x00000000d5580000)
  object space 64000K, 24% used [0x0000000080000000,0x0000000080f368c0,0x0000000083e80000)
 Metaspace       used 34912K, capacity 35336K, committed 35416K, reserved 1079296K
  class space    used 4866K, capacity 4985K, committed 4992K, reserved 1048576K
Event: 16.610 GC heap after
Heap after GC invocations=12 (full 2):
 PSYoungGen      total 123392K, used 0K [0x00000000d5580000, 0x00000000de800000, 0x0000000100000000)
  eden space 109568K, 0% used [0x00000000d5580000,0x00000000d5580000,0x00000000dc080000)
  from space 13824K, 0% used [0x00000000dcd80000,0x00000000dcd80000,0x00000000ddb00000)
  to   space 13312K, 0% used [0x00000000dc080000,0x00000000dc080000,0x00000000dcd80000)
 ParOldGen       total 79872K, used 18517K [0x0000000080000000, 0x0000000084e00000, 0x00000000d5580000)
  object space 79872K, 23% used [0x0000000080000000,0x00000000812154d8,0x0000000084e00000)
 Metaspace       used 34912K, capacity 35336K, committed 35416K, reserved 1079296K
  class space    used 4866K, capacity 4985K, committed 4992K, reserved 1048576K
}
Event: 18.329 GC heap before
{Heap before GC invocations=13 (full 2):
 PSYoungGen      total 123392K, used 109568K [0x00000000d5580000, 0x00000000de800000, 0x0000000100000000)
  eden space 109568K, 100% used [0x00000000d5580000,0x00000000dc080000,0x00000000dc080000)
  from space 13824K, 0% used [0x00000000dcd80000,0x00000000dcd80000,0x00000000ddb00000)
  to   space 13312K, 0% used [0x00000000dc080000,0x00000000dc080000,0x00000000dcd80000)
 ParOldGen       total 79872K, used 18517K [0x0000000080000000, 0x0000000084e00000, 0x00000000d5580000)
  object space 79872K, 23% used [0x0000000080000000,0x00000000812154d8,0x0000000084e00000)
 Metaspace       used 37600K, capacity 38354K, committed 38488K, reserved 1083392K
  class space    used 5319K, capacity 5500K, committed 5504K, reserved 1048576K
Event: 18.349 GC heap after
Heap after GC invocations=13 (full 2):
 PSYoungGen      total 122880K, used 10561K [0x00000000d5580000, 0x00000000e1100000, 0x0000000100000000)
  eden space 109568K, 0% used [0x00000000d5580000,0x00000000d5580000,0x00000000dc080000)
  from space 13312K, 79% used [0x00000000dc080000,0x00000000dcad0488,0x00000000dcd80000)
  to   space 13824K, 0% used [0x00000000e0380000,0x00000000e0380000,0x00000000e1100000)
 ParOldGen       total 79872K, used 18525K [0x0000000080000000, 0x0000000084e00000, 0x00000000d5580000)
  object space 79872K, 23% used [0x0000000080000000,0x00000000812174d8,0x0000000084e00000)
 Metaspace       used 37600K, capacity 38354K, committed 38488K, reserved 1083392K
  class space    used 5319K, capacity 5500K, committed 5504K, reserved 1048576K
}
Event: 20.742 GC heap before
{Heap before GC invocations=14 (full 2):
 PSYoungGen      total 122880K, used 120129K [0x00000000d5580000, 0x00000000e1100000, 0x0000000100000000)
  eden space 109568K, 100% used [0x00000000d5580000,0x00000000dc080000,0x00000000dc080000)
  from space 13312K, 79% used [0x00000000dc080000,0x00000000dcad0488,0x00000000dcd80000)
  to   space 13824K, 0% used [0x00000000e0380000,0x00000000e0380000,0x00000000e1100000)
 ParOldGen       total 79872K, used 18525K [0x0000000080000000, 0x0000000084e00000, 0x00000000d5580000)
  object space 79872K, 23% used [0x0000000080000000,0x00000000812174d8,0x0000000084e00000)
 Metaspace       used 39611K, capacity 41160K, committed 41432K, reserved 1085440K
  class space    used 5522K, capacity 5793K, committed 5888K, reserved 1048576K
Event: 20.772 GC heap after
Heap after GC invocations=14 (full 2):
 PSYoungGen      total 173056K, used 10102K [0x00000000d5580000, 0x00000000e0e80000, 0x0000000100000000)
  eden space 161792K, 0% used [0x00000000d5580000,0x00000000d5580000,0x00000000df380000)
  from space 11264K, 89% used [0x00000000e0380000,0x00000000e0d5d9e8,0x00000000e0e80000)
  to   space 13824K, 0% used [0x00000000df380000,0x00000000df380000,0x00000000e0100000)
 ParOldGen       total 79872K, used 27169K [0x0000000080000000, 0x0000000084e00000, 0x00000000d5580000)
  object space 79872K, 34% used [0x0000000080000000,0x0000000081a88568,0x0000000084e00000)
 Metaspace       used 39611K, capacity 41160K, committed 41432K, reserved 1085440K
  class space    used 5522K, capacity 5793K, committed 5888K, reserved 1048576K
}
Event: 23.166 GC heap before
{Heap before GC invocations=15 (full 2):
 PSYoungGen      total 173056K, used 171894K [0x00000000d5580000, 0x00000000e0e80000, 0x0000000100000000)
  eden space 161792K, 100% used [0x00000000d5580000,0x00000000df380000,0x00000000df380000)
  from space 11264K, 89% used [0x00000000e0380000,0x00000000e0d5d9e8,0x00000000e0e80000)
  to   space 13824K, 0% used [0x00000000df380000,0x00000000df380000,0x00000000e0100000)
 ParOldGen       total 79872K, used 27169K [0x0000000080000000, 0x0000000084e00000, 0x00000000d5580000)
  object space 79872K, 34% used [0x0000000080000000,0x0000000081a88568,0x0000000084e00000)
 Metaspace       used 40941K, capacity 43722K, committed 43864K, reserved 1087488K
  class space    used 5680K, capacity 6015K, committed 6016K, reserved 1048576K
Event: 23.199 GC heap after
Heap after GC invocations=15 (full 2):
 PSYoungGen      total 175616K, used 13792K [0x00000000d5580000, 0x00000000e6180000, 0x0000000100000000)
  eden space 161792K, 0% used [0x00000000d5580000,0x00000000d5580000,0x00000000df380000)
  from space 13824K, 99% used [0x00000000df380000,0x00000000e00f8040,0x00000000e0100000)
  to   space 19456K, 0% used [0x00000000e4e80000,0x00000000e4e80000,0x00000000e6180000)
 ParOldGen       total 79872K, used 37000K [0x0000000080000000, 0x0000000084e00000, 0x00000000d5580000)
  object space 79872K, 46% used [0x0000000080000000,0x0000000082422358,0x0000000084e00000)
 Metaspace       used 40941K, capacity 43722K, committed 43864K, reserved 1087488K
  class space    used 5680K, capacity 6015K, committed 6016K, reserved 1048576K
}

