# JRE version: Java(TM) SE Runtime Environment (8.0_121-b13) (build 1.8.0_121-b13)
# Java VM: Java HotSpot(TM) 64-Bit Server VM (25.121-b13 mixed mode windows-amd64 compressed oops)
Heap:
 PSYoungGen      total 204288K, used 17614K [0x00000000d5580000, 0x00000000e3100000, 0x0000000100000000)
  eden space 192000K, 2% used [0x00000000d5580000,0x00000000d5af6c60,0x00000000e1100000)
  from space 12288K, 97% used [0x00000000e2500000,0x00000000e30bcd10,0x00000000e3100000)
  to   space 15360K, 0% used [0x00000000e1300000,0x00000000e1300000,0x00000000e2200000)
 ParOldGen       total 88576K, used 47623K [0x0000000080000000, 0x0000000085680000, 0x00000000d5580000)
  object space 88576K, 53% used [0x0000000080000000,0x0000000082e81d38,0x0000000085680000)
 Metaspace       used 43083K, capacity 45922K, committed 46040K, reserved 1089536K
  class space    used 5995K, capacity 6313K, committed 6400K, reserved 1048576K
GC Heap History (10 events):
Event: 10.824 GC heap before
{Heap before GC invocations=12 (full 2):
 PSYoungGen      total 116736K, used 7738K [0x00000000d5580000, 0x00000000ddd00000, 0x0000000100000000)
  eden space 103424K, 0% used [0x00000000d5580000,0x00000000d5580000,0x00000000dba80000)
  from space 13312K, 58% used [0x00000000dc700000,0x00000000dce8ebd8,0x00000000dd400000)
  to   space 12800K, 0% used [0x00000000dba80000,0x00000000dba80000,0x00000000dc700000)
 ParOldGen       total 65024K, used 14803K [0x0000000080000000, 0x0000000083f80000, 0x00000000d5580000)
  object space 65024K, 22% used [0x0000000080000000,0x0000000080e74eb0,0x0000000083f80000)
 Metaspace       used 34809K, capacity 35344K, committed 35416K, reserved 1079296K
  class space    used 4859K, capacity 4985K, committed 4992K, reserved 1048576K
Event: 10.959 GC heap after
Heap after GC invocations=12 (full 2):
 PSYoungGen      total 116736K, used 0K [0x00000000d5580000, 0x00000000ddd00000, 0x0000000100000000)
  eden space 103424K, 0% used [0x00000000d5580000,0x00000000d5580000,0x00000000dba80000)
  from space 13312K, 0% used [0x00000000dc700000,0x00000000dc700000,0x00000000dd400000)
  to   space 12800K, 0% used [0x00000000dba80000,0x00000000dba80000,0x00000000dc700000)
 ParOldGen       total 88576K, used 18858K [0x0000000080000000, 0x0000000085680000, 0x00000000d5580000)
  object space 88576K, 21% used [0x0000000080000000,0x000000008126a880,0x0000000085680000)
 Metaspace       used 34809K, capacity 35344K, committed 35416K, reserved 1079296K
  class space    used 4859K, capacity 4985K, committed 4992K, reserved 1048576K
}
Event: 12.153 GC heap before
{Heap before GC invocations=13 (full 2):
 PSYoungGen      total 116736K, used 103424K [0x00000000d5580000, 0x00000000ddd00000, 0x0000000100000000)
  eden space 103424K, 100% used [0x00000000d5580000,0x00000000dba80000,0x00000000dba80000)
  from space 13312K, 0% used [0x00000000dc700000,0x00000000dc700000,0x00000000dd400000)
  to   space 12800K, 0% used [0x00000000dba80000,0x00000000dba80000,0x00000000dc700000)
 ParOldGen       total 88576K, used 18858K [0x0000000080000000, 0x0000000085680000, 0x00000000d5580000)
  object space 88576K, 21% used [0x0000000080000000,0x000000008126a880,0x0000000085680000)
 Metaspace       used 37119K, capacity 37818K, committed 37976K, reserved 1081344K
  class space    used 5261K, capacity 5468K, committed 5504K, reserved 1048576K
Event: 12.173 GC heap after
Heap after GC invocations=13 (full 2):
 PSYoungGen      total 116224K, used 10129K [0x00000000d5580000, 0x00000000dfd80000, 0x0000000100000000)
  eden space 103424K, 0% used [0x00000000d5580000,0x00000000d5580000,0x00000000dba80000)
  from space 12800K, 79% used [0x00000000dba80000,0x00000000dc464498,0x00000000dc700000)
  to   space 13312K, 0% used [0x00000000df080000,0x00000000df080000,0x00000000dfd80000)
 ParOldGen       total 88576K, used 18866K [0x0000000080000000, 0x0000000085680000, 0x00000000d5580000)
  object space 88576K, 21% used [0x0000000080000000,0x000000008126c880,0x0000000085680000)
 Metaspace       used 37119K, capacity 37818K, committed 37976K, reserved 1081344K
  class space    used 5261K, capacity 5468K, committed 5504K, reserved 1048576K
}
Event: 14.278 GC heap before
{Heap before GC invocations=14 (full 2):
 PSYoungGen      total 116224K, used 113553K [0x00000000d5580000, 0x00000000dfd80000, 0x0000000100000000)
  eden space 103424K, 100% used [0x00000000d5580000,0x00000000dba80000,0x00000000dba80000)
  from space 12800K, 79% used [0x00000000dba80000,0x00000000dc464498,0x00000000dc700000)
  to   space 13312K, 0% used [0x00000000df080000,0x00000000df080000,0x00000000dfd80000)
 ParOldGen       total 88576K, used 18866K [0x0000000080000000, 0x0000000085680000, 0x00000000d5580000)
  object space 88576K, 21% used [0x0000000080000000,0x000000008126c880,0x0000000085680000)
 Metaspace       used 39273K, capacity 40508K, committed 40792K, reserved 1085440K
  class space    used 5477K, capacity 5730K, committed 5760K, reserved 1048576K
Event: 14.320 GC heap after
Heap after GC invocations=14 (full 2):
 PSYoungGen      total 155648K, used 8639K [0x00000000d5580000, 0x00000000dfc00000, 0x0000000100000000)
  eden space 143872K, 0% used [0x00000000d5580000,0x00000000d5580000,0x00000000de200000)
  from space 11776K, 73% used [0x00000000df080000,0x00000000df8efda8,0x00000000dfc00000)
  to   space 13312K, 0% used [0x00000000de200000,0x00000000de200000,0x00000000def00000)
 ParOldGen       total 88576K, used 27486K [0x0000000080000000, 0x0000000085680000, 0x00000000d5580000)
  object space 88576K, 31% used [0x0000000080000000,0x0000000081ad78f0,0x0000000085680000)
 Metaspace       used 39273K, capacity 40508K, committed 40792K, reserved 1085440K
  class space    used 5477K, capacity 5730K, committed 5760K, reserved 1048576K
}
Event: 16.671 GC heap before
{Heap before GC invocations=15 (full 2):
 PSYoungGen      total 155648K, used 152511K [0x00000000d5580000, 0x00000000dfc00000, 0x0000000100000000)
  eden space 143872K, 100% used [0x00000000d5580000,0x00000000de200000,0x00000000de200000)
  from space 11776K, 73% used [0x00000000df080000,0x00000000df8efda8,0x00000000dfc00000)
  to   space 13312K, 0% used [0x00000000de200000,0x00000000de200000,0x00000000def00000)
 ParOldGen       total 88576K, used 27486K [0x0000000080000000, 0x0000000085680000, 0x00000000d5580000)
  object space 88576K, 31% used [0x0000000080000000,0x0000000081ad78f0,0x0000000085680000)
 Metaspace       used 40706K, capacity 43410K, committed 43608K, reserved 1087488K
  class space    used 5663K, capacity 5999K, committed 6016K, reserved 1048576K
Event: 16.711 GC heap after
Heap after GC invocations=15 (full 2):
 PSYoungGen      total 157184K, used 13136K [0x00000000d5580000, 0x00000000e3380000, 0x0000000100000000)
  eden space 143872K, 0% used [0x00000000d5580000,0x00000000d5580000,0x00000000de200000)
  from space 13312K, 98% used [0x00000000de200000,0x00000000deed4050,0x00000000def00000)
  to   space 14848K, 0% used [0x00000000e2500000,0x00000000e2500000,0x00000000e3380000)
 ParOldGen       total 88576K, used 34707K [0x0000000080000000, 0x0000000085680000, 0x00000000d5580000)
  object space 88576K, 39% used [0x0000000080000000,0x00000000821e4c60,0x0000000085680000)
 Metaspace       used 40706K, capacity 43410K, committed 43608K, reserved 1087488K
  class space    used 5663K, capacity 5999K, committed 6016K, reserved 1048576K
}
Event: 2439.679 GC heap before
{Heap before GC invocations=16 (full 2):
 PSYoungGen      total 157184K, used 157008K [0x00000000d5580000, 0x00000000e3380000, 0x0000000100000000)
  eden space 143872K, 100% used [0x00000000d5580000,0x00000000de200000,0x00000000de200000)
  from space 13312K, 98% used [0x00000000de200000,0x00000000deed4050,0x00000000def00000)
  to   space 14848K, 0% used [0x00000000e2500000,0x00000000e2500000,0x00000000e3380000)
 ParOldGen       total 88576K, used 34707K [0x0000000080000000, 0x0000000085680000, 0x00000000d5580000)
  object space 88576K, 39% used [0x0000000080000000,0x00000000821e4c60,0x0000000085680000)
 Metaspace       used 43078K, capacity 45922K, committed 46040K, reserved 1089536K
  class space    used 5995K, capacity 6313K, committed 6400K, reserved 1048576K
Event: 2439.824 GC heap after
Heap after GC invocations=16 (full 2):
 PSYoungGen      total 204288K, used 12019K [0x00000000d5580000, 0x00000000e3100000, 0x0000000100000000)
  eden space 192000K, 0% used [0x00000000d5580000,0x00000000d5580000,0x00000000e1100000)
  from space 12288K, 97% used [0x00000000e2500000,0x00000000e30bcd10,0x00000000e3100000)
  to   space 15360K, 0% used [0x00000000e1300000,0x00000000e1300000,0x00000000e2200000)
 ParOldGen       total 88576K, used 47623K [0x0000000080000000, 0x0000000085680000, 0x00000000d5580000)
  object space 88576K, 53% used [0x0000000080000000,0x0000000082e81d38,0x0000000085680000)
 Metaspace       used 43078K, capacity 45922K, committed 46040K, reserved 1089536K
  class space    used 5995K, capacity 6313K, committed 6400K, reserved 1048576K
}

