# JRE version: Java(TM) SE Runtime Environment (8.0_121-b13) (build 1.8.0_121-b13)
# Java VM: Java HotSpot(TM) 64-Bit Server VM (25.121-b13 mixed mode windows-amd64 compressed oops)
Heap:
 PSYoungGen      total 170496K, used 76950K [0x00000000eab00000, 0x00000000f7700000, 0x0000000100000000)
  eden space 157184K, 48% used [0x00000000eab00000,0x00000000ef625a88,0x00000000f4480000)
  from space 13312K, 0% used [0x00000000f5280000,0x00000000f5280000,0x00000000f5f80000)
  to   space 14336K, 0% used [0x00000000f4480000,0x00000000f4480000,0x00000000f5280000)
 ParOldGen       total 89088K, used 18521K [0x00000000c0000000, 0x00000000c5700000, 0x00000000eab00000)
  object space 89088K, 20% used [0x00000000c0000000,0x00000000c12166b8,0x00000000c5700000)
 Metaspace       used 36391K, capacity 37044K, committed 37336K, reserved 1081344K
  class space    used 5125K, capacity 5299K, committed 5376K, reserved 1048576K
GC Heap History (10 events):
Event: 8.497 GC heap before
{Heap before GC invocations=6 (full 1):
 PSYoungGen      total 71680K, used 66560K [0x00000000eab00000, 0x00000000ef600000, 0x0000000100000000)
  eden space 66560K, 100% used [0x00000000eab00000,0x00000000eec00000,0x00000000eec00000)
  from space 5120K, 0% used [0x00000000ef100000,0x00000000ef100000,0x00000000ef600000)
  to   space 5120K, 0% used [0x00000000eec00000,0x00000000eec00000,0x00000000ef100000)
 ParOldGen       total 62976K, used 9625K [0x00000000c0000000, 0x00000000c3d80000, 0x00000000eab00000)
  object space 62976K, 15% used [0x00000000c0000000,0x00000000c09667a0,0x00000000c3d80000)
 Metaspace       used 25677K, capacity 26090K, committed 26368K, reserved 1071104K
  class space    used 3611K, capacity 3741K, committed 3840K, reserved 1048576K
Event: 8.514 GC heap after
Heap after GC invocations=6 (full 1):
 PSYoungGen      total 71680K, used 5092K [0x00000000eab00000, 0x00000000f2500000, 0x0000000100000000)
  eden space 66560K, 0% used [0x00000000eab00000,0x00000000eab00000,0x00000000eec00000)
  from space 5120K, 99% used [0x00000000eec00000,0x00000000ef0f9190,0x00000000ef100000)
  to   space 10752K, 0% used [0x00000000f1a80000,0x00000000f1a80000,0x00000000f2500000)
 ParOldGen       total 62976K, used 12107K [0x00000000c0000000, 0x00000000c3d80000, 0x00000000eab00000)
  object space 62976K, 19% used [0x00000000c0000000,0x00000000c0bd2ff8,0x00000000c3d80000)
 Metaspace       used 25677K, capacity 26090K, committed 26368K, reserved 1071104K
  class space    used 3611K, capacity 3741K, committed 3840K, reserved 1048576K
}
Event: 10.755 GC heap before
{Heap before GC invocations=7 (full 1):
 PSYoungGen      total 71680K, used 71652K [0x00000000eab00000, 0x00000000f2500000, 0x0000000100000000)
  eden space 66560K, 100% used [0x00000000eab00000,0x00000000eec00000,0x00000000eec00000)
  from space 5120K, 99% used [0x00000000eec00000,0x00000000ef0f9190,0x00000000ef100000)
  to   space 10752K, 0% used [0x00000000f1a80000,0x00000000f1a80000,0x00000000f2500000)
 ParOldGen       total 62976K, used 12107K [0x00000000c0000000, 0x00000000c3d80000, 0x00000000eab00000)
  object space 62976K, 19% used [0x00000000c0000000,0x00000000c0bd2ff8,0x00000000c3d80000)
 Metaspace       used 29095K, capacity 29652K, committed 29824K, reserved 1075200K
  class space    used 4010K, capacity 4162K, committed 4224K, reserved 1048576K
Event: 10.782 GC heap after
Heap after GC invocations=7 (full 1):
 PSYoungGen      total 112128K, used 7606K [0x00000000eab00000, 0x00000000f2380000, 0x0000000100000000)
  eden space 102912K, 0% used [0x00000000eab00000,0x00000000eab00000,0x00000000f0f80000)
  from space 9216K, 82% used [0x00000000f1a80000,0x00000000f21ed8d0,0x00000000f2380000)
  to   space 10240K, 0% used [0x00000000f0f80000,0x00000000f0f80000,0x00000000f1980000)
 ParOldGen       total 62976K, used 12115K [0x00000000c0000000, 0x00000000c3d80000, 0x00000000eab00000)
  object space 62976K, 19% used [0x00000000c0000000,0x00000000c0bd4ff8,0x00000000c3d80000)
 Metaspace       used 29095K, capacity 29652K, committed 29824K, reserved 1075200K
  class space    used 4010K, capacity 4162K, committed 4224K, reserved 1048576K
}
Event: 12.926 GC heap before
{Heap before GC invocations=8 (full 1):
 PSYoungGen      total 112128K, used 110518K [0x00000000eab00000, 0x00000000f2380000, 0x0000000100000000)
  eden space 102912K, 100% used [0x00000000eab00000,0x00000000f0f80000,0x00000000f0f80000)
  from space 9216K, 82% used [0x00000000f1a80000,0x00000000f21ed8d0,0x00000000f2380000)
  to   space 10240K, 0% used [0x00000000f0f80000,0x00000000f0f80000,0x00000000f1980000)
 ParOldGen       total 62976K, used 12115K [0x00000000c0000000, 0x00000000c3d80000, 0x00000000eab00000)
  object space 62976K, 19% used [0x00000000c0000000,0x00000000c0bd4ff8,0x00000000c3d80000)
 Metaspace       used 34247K, capacity 34738K, committed 34944K, reserved 1079296K
  class space    used 4775K, capacity 4912K, committed 4992K, reserved 1048576K
Event: 12.953 GC heap after
Heap after GC invocations=8 (full 1):
 PSYoungGen      total 113152K, used 10228K [0x00000000eab00000, 0x00000000f5f80000, 0x0000000100000000)
  eden space 102912K, 0% used [0x00000000eab00000,0x00000000eab00000,0x00000000f0f80000)
  from space 10240K, 99% used [0x00000000f0f80000,0x00000000f197d020,0x00000000f1980000)
  to   space 13312K, 0% used [0x00000000f5280000,0x00000000f5280000,0x00000000f5f80000)
 ParOldGen       total 62976K, used 15764K [0x00000000c0000000, 0x00000000c3d80000, 0x00000000eab00000)
  object space 62976K, 25% used [0x00000000c0000000,0x00000000c0f650f8,0x00000000c3d80000)
 Metaspace       used 34247K, capacity 34738K, committed 34944K, reserved 1079296K
  class space    used 4775K, capacity 4912K, committed 4992K, reserved 1048576K
}
Event: 13.145 GC heap before
{Heap before GC invocations=9 (full 1):
 PSYoungGen      total 113152K, used 23225K [0x00000000eab00000, 0x00000000f5f80000, 0x0000000100000000)
  eden space 102912K, 12% used [0x00000000eab00000,0x00000000eb7b1530,0x00000000f0f80000)
  from space 10240K, 99% used [0x00000000f0f80000,0x00000000f197d020,0x00000000f1980000)
  to   space 13312K, 0% used [0x00000000f5280000,0x00000000f5280000,0x00000000f5f80000)
 ParOldGen       total 62976K, used 15764K [0x00000000c0000000, 0x00000000c3d80000, 0x00000000eab00000)
  object space 62976K, 25% used [0x00000000c0000000,0x00000000c0f650f8,0x00000000c3d80000)
 Metaspace       used 34849K, capacity 35336K, committed 35416K, reserved 1079296K
  class space    used 4863K, capacity 4985K, committed 4992K, reserved 1048576K
Event: 13.164 GC heap after
Heap after GC invocations=9 (full 1):
 PSYoungGen      total 170496K, used 11341K [0x00000000eab00000, 0x00000000f7700000, 0x0000000100000000)
  eden space 157184K, 0% used [0x00000000eab00000,0x00000000eab00000,0x00000000f4480000)
  from space 13312K, 85% used [0x00000000f5280000,0x00000000f5d93528,0x00000000f5f80000)
  to   space 14336K, 0% used [0x00000000f4480000,0x00000000f4480000,0x00000000f5280000)
 ParOldGen       total 62976K, used 15772K [0x00000000c0000000, 0x00000000c3d80000, 0x00000000eab00000)
  object space 62976K, 25% used [0x00000000c0000000,0x00000000c0f670f8,0x00000000c3d80000)
 Metaspace       used 34849K, capacity 35336K, committed 35416K, reserved 1079296K
  class space    used 4863K, capacity 4985K, committed 4992K, reserved 1048576K
}
Event: 13.164 GC heap before
{Heap before GC invocations=10 (full 2):
 PSYoungGen      total 170496K, used 11341K [0x00000000eab00000, 0x00000000f7700000, 0x0000000100000000)
  eden space 157184K, 0% used [0x00000000eab00000,0x00000000eab00000,0x00000000f4480000)
  from space 13312K, 85% used [0x00000000f5280000,0x00000000f5d93528,0x00000000f5f80000)
  to   space 14336K, 0% used [0x00000000f4480000,0x00000000f4480000,0x00000000f5280000)
 ParOldGen       total 62976K, used 15772K [0x00000000c0000000, 0x00000000c3d80000, 0x00000000eab00000)
  object space 62976K, 25% used [0x00000000c0000000,0x00000000c0f670f8,0x00000000c3d80000)
 Metaspace       used 34849K, capacity 35336K, committed 35416K, reserved 1079296K
  class space    used 4863K, capacity 4985K, committed 4992K, reserved 1048576K
Event: 13.343 GC heap after
Heap after GC invocations=10 (full 2):
 PSYoungGen      total 170496K, used 0K [0x00000000eab00000, 0x00000000f7700000, 0x0000000100000000)
  eden space 157184K, 0% used [0x00000000eab00000,0x00000000eab00000,0x00000000f4480000)
  from space 13312K, 0% used [0x00000000f5280000,0x00000000f5280000,0x00000000f5f80000)
  to   space 14336K, 0% used [0x00000000f4480000,0x00000000f4480000,0x00000000f5280000)
 ParOldGen       total 89088K, used 18521K [0x00000000c0000000, 0x00000000c5700000, 0x00000000eab00000)
  object space 89088K, 20% used [0x00000000c0000000,0x00000000c12166b8,0x00000000c5700000)
 Metaspace       used 34849K, capacity 35336K, committed 35416K, reserved 1079296K
  class space    used 4863K, capacity 4985K, committed 4992K, reserved 1048576K
}

